#
# There is insufficient memory for the Java Runtime Environment to continue.
# Native memory allocation (malloc) failed to allocate 199248 bytes for Chunk::new
# Possible reasons:
#   The system is out of physical RAM or swap space
#   The process is running with CompressedOops enabled, and the Java Heap may be blocking the growth of the native heap
# Possible solutions:
#   Reduce memory load on the system
#   Increase physical memory or swap space
#   Check if swap backing store is full
#   Decrease Java heap size (-Xmx/-Xms)
#   Decrease number of Java threads
#   Decrease Java thread stack sizes (-Xss)
#   Set larger code cache with -XX:ReservedCodeCacheSize=
#   JVM is running with Unscaled Compressed Oops mode in which the Java heap is
#     placed in the first 4GB address space. The Java Heap base address is the
#     maximum limit for the native heap growth. Please use -XX:HeapBaseMinAddress
#     to set the Java Heap base and to place the Java Heap above 4GB virtual address.
# This output file may be truncated or incomplete.
#
#  Out of Memory Error (arena.cpp:189), pid=5308, tid=18488
#
# JRE version: OpenJDK Runtime Environment (17.0.6) (build 17.0.6+0-b2043.56-10027231)
# Java VM: OpenJDK 64-Bit Server VM (17.0.6+0-b2043.56-10027231, mixed mode, tiered, compressed oops, compressed class ptrs, g1 gc, windows-amd64)
# No core dump will be written. Minidumps are not enabled by default on client versions of Windows
#

---------------  S U M M A R Y ------------

Command Line: --add-opens=java.base/java.util=ALL-UNNAMED --add-opens=java.base/java.lang=ALL-UNNAMED --add-opens=java.base/java.lang.invoke=ALL-UNNAMED --add-opens=java.prefs/java.util.prefs=ALL-UNNAMED --add-opens=java.base/java.nio.charset=ALL-UNNAMED --add-opens=java.base/java.net=ALL-UNNAMED --add-opens=java.base/java.util.concurrent.atomic=ALL-UNNAMED -Xmx2048m -Dfile.encoding=UTF-8 -Duser.country=US -Duser.language=en -Duser.variant org.gradle.launcher.daemon.bootstrap.GradleDaemon 8.0

Host: AMD Ryzen 3 5300U with Radeon Graphics         , 8 cores, 7G,  Windows 11 , 64 bit Build 22621 (10.0.22621.2506)
Time: Thu Feb  8 11:40:50 2024 W. Central Africa Standard Time elapsed time: 812.378463 seconds (0d 0h 13m 32s)

---------------  T H R E A D  ---------------

Current thread (0x00000214b5328680):  JavaThread "C2 CompilerThread1" daemon [_thread_in_native, id=18488, stack(0x000000f64e600000,0x000000f64e700000)]


Current CompileTask:
C2: 812378 21984       4       org.gradle.internal.service.DefaultServiceRegistry$OwnServices::putServiceType (48 bytes)

Stack: [0x000000f64e600000,0x000000f64e700000]
Native frames: (J=compiled Java code, j=interpreted, Vv=VM code, C=native code)
V  [jvm.dll+0x683c9a]
V  [jvm.dll+0x8427a4]
V  [jvm.dll+0x843f9e]
V  [jvm.dll+0x844603]
V  [jvm.dll+0x249b75]
V  [jvm.dll+0xabcac]
V  [jvm.dll+0xac27c]
V  [jvm.dll+0x368857]
V  [jvm.dll+0x1bced2]
V  [jvm.dll+0x21c359]
V  [jvm.dll+0x21b621]
V  [jvm.dll+0x1a4fdd]
V  [jvm.dll+0x22b098]
V  [jvm.dll+0x229159]
V  [jvm.dll+0x7f81ec]
V  [jvm.dll+0x7f274a]
V  [jvm.dll+0x682ad5]
C  [ucrtbase.dll+0x29363]
C  [KERNEL32.DLL+0x1257d]
C  [ntdll.dll+0x5aa58]


---------------  P R O C E S S  ---------------

Threads class SMR info:
_java_thread_list=0x00000214b91feb90, length=60, elements={
0x0000021492d8e700, 0x00000214ad813260, 0x00000214acbce770, 0x00000214acc02de0,
0x00000214acc03990, 0x00000214acc06450, 0x00000214acc06e00, 0x00000214ad8253b0,
0x00000214ad829e80, 0x00000214ad834c90, 0x00000214ad98d900, 0x00000214ad9c1870,
0x00000214b02bc120, 0x00000214affcbb20, 0x00000214afd35680, 0x00000214ae696b10,
0x00000214ae693fc0, 0x00000214ae693150, 0x00000214ae694490, 0x00000214ae695ca0,
0x00000214b2b8b080, 0x00000214b2b88530, 0x00000214b2b8f3e0, 0x00000214b2b8ba20,
0x00000214b2b8a210, 0x00000214b2b89d40, 0x00000214b2b88ed0, 0x00000214b2b893a0,
0x00000214b5781dc0, 0x00000214b5785780, 0x00000214b57865f0, 0x00000214b6f02d70,
0x00000214b6efe540, 0x00000214b8ead660, 0x00000214addf89a0, 0x00000214af114950,
0x00000214af1152f0, 0x00000214addf8000, 0x00000214b332b930, 0x00000214af0df990,
0x00000214addf1ad0, 0x00000214b932b2d0, 0x00000214b6f028a0, 0x00000214b26be800,
0x00000214addf37b0, 0x00000214b6f04a50, 0x00000214ae7bca00, 0x00000214b6f04f20,
0x00000214b04ffa70, 0x00000214b6f006f0, 0x00000214b6f00bc0, 0x00000214b6efeee0,
0x00000214b6f04580, 0x00000214b26bc650, 0x00000214b5328680, 0x00000214b6eff3b0,
0x00000214b6eff880, 0x00000214b8eae000, 0x00000214b26bd990, 0x00000214b8eae4d0
}

Java Threads: ( => current thread )
  0x0000021492d8e700 JavaThread "main" [_thread_blocked, id=18752, stack(0x000000f64c700000,0x000000f64c800000)]
  0x00000214ad813260 JavaThread "Reference Handler" daemon [_thread_blocked, id=21920, stack(0x000000f64ce00000,0x000000f64cf00000)]
  0x00000214acbce770 JavaThread "Finalizer" daemon [_thread_blocked, id=12644, stack(0x000000f64cf00000,0x000000f64d000000)]
  0x00000214acc02de0 JavaThread "Signal Dispatcher" daemon [_thread_blocked, id=10424, stack(0x000000f64d000000,0x000000f64d100000)]
  0x00000214acc03990 JavaThread "Attach Listener" daemon [_thread_blocked, id=11796, stack(0x000000f64d100000,0x000000f64d200000)]
  0x00000214acc06450 JavaThread "Service Thread" daemon [_thread_blocked, id=11336, stack(0x000000f64d200000,0x000000f64d300000)]
  0x00000214acc06e00 JavaThread "Monitor Deflation Thread" daemon [_thread_blocked, id=21212, stack(0x000000f64d300000,0x000000f64d400000)]
  0x00000214ad8253b0 JavaThread "C2 CompilerThread0" daemon [_thread_blocked, id=7404, stack(0x000000f64d400000,0x000000f64d500000)]
  0x00000214ad829e80 JavaThread "C1 CompilerThread0" daemon [_thread_blocked, id=7652, stack(0x000000f64d500000,0x000000f64d600000)]
  0x00000214ad834c90 JavaThread "Sweeper thread" daemon [_thread_blocked, id=5276, stack(0x000000f64d600000,0x000000f64d700000)]
  0x00000214ad98d900 JavaThread "Common-Cleaner" daemon [_thread_blocked, id=6128, stack(0x000000f64d700000,0x000000f64d800000)]
  0x00000214ad9c1870 JavaThread "Notification Thread" daemon [_thread_blocked, id=16636, stack(0x000000f64d800000,0x000000f64d900000)]
  0x00000214b02bc120 JavaThread "Daemon health stats" [_thread_blocked, id=19196, stack(0x000000f64df00000,0x000000f64e000000)]
  0x00000214affcbb20 JavaThread "Incoming local TCP Connector on port 50707" [_thread_in_native, id=10792, stack(0x000000f64e000000,0x000000f64e100000)]
  0x00000214afd35680 JavaThread "Daemon periodic checks" [_thread_blocked, id=2144, stack(0x000000f64e100000,0x000000f64e200000)]
  0x00000214ae696b10 JavaThread "Cache worker for journal cache (C:\Users\23480\.gradle\caches\journal-1)" [_thread_blocked, id=16376, stack(0x000000f64ed00000,0x000000f64ee00000)]
  0x00000214ae693fc0 JavaThread "File lock request listener" [_thread_in_native, id=12924, stack(0x000000f64ee00000,0x000000f64ef00000)]
  0x00000214ae693150 JavaThread "Cache worker for file hash cache (C:\Users\23480\.gradle\caches\8.0\fileHashes)" [_thread_blocked, id=6516, stack(0x000000f64ef00000,0x000000f64f000000)]
  0x00000214ae694490 JavaThread "File watcher server" daemon [_thread_in_native, id=12404, stack(0x000000f64f100000,0x000000f64f200000)]
  0x00000214ae695ca0 JavaThread "File watcher consumer" daemon [_thread_blocked, id=11200, stack(0x000000f64f200000,0x000000f64f300000)]
  0x00000214b2b8b080 JavaThread "Cache worker for file content cache (C:\Users\23480\.gradle\caches\8.0\fileContent)" [_thread_blocked, id=12296, stack(0x000000f64f500000,0x000000f64f600000)]
  0x00000214b2b88530 JavaThread "Cache worker for execution history cache (C:\Users\23480\.gradle\caches\8.0\executionHistory)" [_thread_blocked, id=17896, stack(0x000000f64f800000,0x000000f64f900000)]
  0x00000214b2b8f3e0 JavaThread "jar transforms" [_thread_blocked, id=1652, stack(0x000000f64f000000,0x000000f64f100000)]
  0x00000214b2b8ba20 JavaThread "jar transforms Thread 2" [_thread_blocked, id=20756, stack(0x000000f64f900000,0x000000f64fa00000)]
  0x00000214b2b8a210 JavaThread "Cache worker for kotlin-dsl (C:\Users\23480\.gradle\caches\8.0\kotlin-dsl)" [_thread_blocked, id=6020, stack(0x000000f64fb00000,0x000000f64fc00000)]
  0x00000214b2b89d40 JavaThread "jar transforms Thread 3" [_thread_blocked, id=9948, stack(0x000000f64fc00000,0x000000f64fd00000)]
  0x00000214b2b88ed0 JavaThread "jar transforms Thread 4" [_thread_blocked, id=19816, stack(0x000000f64fd00000,0x000000f64fe00000)]
  0x00000214b2b893a0 JavaThread "jar transforms Thread 5" [_thread_blocked, id=5704, stack(0x000000f650000000,0x000000f650100000)]
  0x00000214b5781dc0 JavaThread "jar transforms Thread 6" [_thread_blocked, id=2544, stack(0x000000f655100000,0x000000f655200000)]
  0x00000214b5785780 JavaThread "jar transforms Thread 7" [_thread_blocked, id=16248, stack(0x000000f655200000,0x000000f655300000)]
  0x00000214b57865f0 JavaThread "jar transforms Thread 8" [_thread_blocked, id=11844, stack(0x000000f655300000,0x000000f655400000)]
  0x00000214b6f02d70 JavaThread "Memory manager" [_thread_blocked, id=12184, stack(0x000000f655600000,0x000000f655700000)]
  0x00000214b6efe540 JavaThread "pool-3-thread-1" [_thread_blocked, id=17688, stack(0x000000f655700000,0x000000f655800000)]
  0x00000214b8ead660 JavaThread "RMI Scheduler(0)" daemon [_thread_blocked, id=3820, stack(0x000000f64da00000,0x000000f64db00000)]
  0x00000214addf89a0 JavaThread "RMI GC Daemon" daemon [_thread_blocked, id=1672, stack(0x000000f656e00000,0x000000f656f00000)]
  0x00000214af114950 JavaThread "RMI TCP Accept-0" daemon [_thread_in_native, id=20304, stack(0x000000f656f00000,0x000000f657000000)]
  0x00000214af1152f0 JavaThread "RMI Reaper" [_thread_blocked, id=19904, stack(0x000000f657000000,0x000000f657100000)]
  0x00000214addf8000 JavaThread "Daemon Thread 2" [_thread_blocked, id=9272, stack(0x000000f64c400000,0x000000f64c500000)]
  0x00000214b332b930 JavaThread "Daemon worker Thread 2" [_thread_in_native, id=3244, stack(0x000000f64e200000,0x000000f64e300000)]
  0x00000214af0df990 JavaThread "pool-8-thread-1" [_thread_blocked, id=12668, stack(0x000000f655000000,0x000000f655100000)]
  0x00000214addf1ad0 JavaThread "included builds" [_thread_blocked, id=7900, stack(0x000000f655800000,0x000000f655900000)]
  0x00000214b932b2d0 JavaThread "RMI TCP Connection(idle)" daemon [_thread_blocked, id=2872, stack(0x000000f656c00000,0x000000f656d00000)]
  0x00000214b6f028a0 JavaThread "ForkJoinPool.commonPool-worker-8" daemon [_thread_blocked, id=10716, stack(0x000000f656b00000,0x000000f656c00000)]
  0x00000214b26be800 JavaThread "ForkJoinPool.commonPool-worker-9" daemon [_thread_blocked, id=20688, stack(0x000000f657400000,0x000000f657500000)]
  0x00000214addf37b0 JavaThread "ForkJoinPool.commonPool-worker-10" daemon [_thread_blocked, id=20156, stack(0x000000f657500000,0x000000f657600000)]
  0x00000214b6f04a50 JavaThread "ForkJoinPool.commonPool-worker-11" daemon [_thread_blocked, id=21492, stack(0x000000f657600000,0x000000f657700000)]
  0x00000214ae7bca00 JavaThread "ForkJoinPool.commonPool-worker-12" daemon [_thread_blocked, id=4924, stack(0x000000f657700000,0x000000f657800000)]
  0x00000214b6f04f20 JavaThread "ForkJoinPool.commonPool-worker-13" daemon [_thread_blocked, id=20276, stack(0x000000f657800000,0x000000f657900000)]
  0x00000214b04ffa70 JavaThread "ForkJoinPool.commonPool-worker-14" daemon [_thread_blocked, id=12600, stack(0x000000f657900000,0x000000f657a00000)]
  0x00000214b6f006f0 JavaThread "Handler for socket connection from /127.0.0.1:50707 to /127.0.0.1:50879" [_thread_in_native, id=17568, stack(0x000000f64c500000,0x000000f64c600000)]
  0x00000214b6f00bc0 JavaThread "Cancel handler" [_thread_blocked, id=1424, stack(0x000000f64c600000,0x000000f64c700000)]
  0x00000214b6efeee0 JavaThread "Asynchronous log dispatcher for DefaultDaemonConnection: socket connection from /127.0.0.1:50707 to /127.0.0.1:50879" [_thread_blocked, id=4380, stack(0x000000f64e300000,0x000000f64e400000)]
  0x00000214b6f04580 JavaThread "Stdin handler" [_thread_blocked, id=22176, stack(0x000000f64e400000,0x000000f64e500000)]
  0x00000214b26bc650 JavaThread "Daemon client event forwarder" [_thread_blocked, id=15720, stack(0x000000f64e500000,0x000000f64e600000)]
=>0x00000214b5328680 JavaThread "C2 CompilerThread1" daemon [_thread_in_native, id=18488, stack(0x000000f64e600000,0x000000f64e700000)]
  0x00000214b6eff3b0 JavaThread "Cache worker for checksums cache (C:\Users\23480\Documents\androidproject\OpeyemisChat\.gradle\8.0\checksums)" [_thread_blocked, id=15516, stack(0x000000f64e700000,0x000000f64e800000)]
  0x00000214b6eff880 JavaThread "Cache worker for cache directory md-rule (C:\Users\23480\.gradle\caches\8.0\md-rule)" [_thread_blocked, id=2900, stack(0x000000f64e800000,0x000000f64e900000)]
  0x00000214b8eae000 JavaThread "Cache worker for file hash cache (C:\Users\23480\Documents\androidproject\OpeyemisChat\.gradle\8.0\fileHashes)" [_thread_blocked, id=9668, stack(0x000000f64f300000,0x000000f64f400000)]
  0x00000214b26bd990 JavaThread "Cache worker for cache directory md-supplier (C:\Users\23480\.gradle\caches\8.0\md-supplier)" [_thread_blocked, id=13800, stack(0x000000f64f400000,0x000000f64f500000)]
  0x00000214b8eae4d0 JavaThread "Cache worker for dependencies-accessors (C:\Users\23480\Documents\androidproject\OpeyemisChat\.gradle\8.0\dependencies-accessors)" [_thread_blocked, id=2004, stack(0x000000f64f600000,0x000000f64f700000)]

Other Threads:
  0x00000214acbeb410 VMThread "VM Thread" [stack: 0x000000f64cd00000,0x000000f64ce00000] [id=21668]
  0x0000021492e15b80 WatcherThread [stack: 0x000000f64d900000,0x000000f64da00000] [id=1392]
  0x0000021492deb280 GCTaskThread "GC Thread#0" [stack: 0x000000f64c800000,0x000000f64c900000] [id=20496]
  0x00000214ae0eccd0 GCTaskThread "GC Thread#1" [stack: 0x000000f64db00000,0x000000f64dc00000] [id=19348]
  0x00000214ae58df90 GCTaskThread "GC Thread#2" [stack: 0x000000f64dc00000,0x000000f64dd00000] [id=17440]
  0x00000214ae6abaa0 GCTaskThread "GC Thread#3" [stack: 0x000000f64dd00000,0x000000f64de00000] [id=17920]
  0x00000214ae70c840 GCTaskThread "GC Thread#4" [stack: 0x000000f64de00000,0x000000f64df00000] [id=21680]
  0x00000214afea6040 GCTaskThread "GC Thread#5" [stack: 0x000000f64e900000,0x000000f64ea00000] [id=1348]
  0x00000214afea62f0 GCTaskThread "GC Thread#6" [stack: 0x000000f64ea00000,0x000000f64eb00000] [id=11428]
  0x00000214afe4b030 GCTaskThread "GC Thread#7" [stack: 0x000000f64eb00000,0x000000f64ec00000] [id=17684]
  0x0000021492dfc1c0 ConcurrentGCThread "G1 Main Marker" [stack: 0x000000f64c900000,0x000000f64ca00000] [id=21472]
  0x0000021492dfcbd0 ConcurrentGCThread "G1 Conc#0" [stack: 0x000000f64ca00000,0x000000f64cb00000] [id=17196]
  0x00000214af23bf00 ConcurrentGCThread "G1 Conc#1" [stack: 0x000000f64ec00000,0x000000f64ed00000] [id=14780]
  0x0000021492e4e3f0 ConcurrentGCThread "G1 Refine#0" [stack: 0x000000f64cb00000,0x000000f64cc00000] [id=20912]
  0x00000214b3af8520 ConcurrentGCThread "G1 Refine#1" [stack: 0x000000f655400000,0x000000f655500000] [id=2096]
  0x00000214b53db340 ConcurrentGCThread "G1 Refine#2" [stack: 0x000000f656200000,0x000000f656300000] [id=4932]
  0x00000214b556bc70 ConcurrentGCThread "G1 Refine#3" [stack: 0x000000f656300000,0x000000f656400000] [id=20500]
  0x00000214b3af5a00 ConcurrentGCThread "G1 Refine#4" [stack: 0x000000f656400000,0x000000f656500000] [id=20432]
  0x00000214aca360d0 ConcurrentGCThread "G1 Service" [stack: 0x000000f64cc00000,0x000000f64cd00000] [id=7032]

Threads with active compile tasks:
C2 CompilerThread1   812455 21984       4       org.gradle.internal.service.DefaultServiceRegistry$OwnServices::putServiceType (48 bytes)

VM state: not at safepoint (normal execution)

VM Mutex/Monitor currently owned by a thread: None

Heap address: 0x0000000080000000, size: 2048 MB, Compressed Oops mode: 32-bit

CDS archive(s) not mapped
Compressed class space mapped at: 0x0000000100000000-0x0000000140000000, reserved size: 1073741824
Narrow klass base: 0x0000000000000000, Narrow klass shift: 3, Narrow klass range: 0x140000000

GC Precious Log:
 CPUs: 8 total, 8 available
 Memory: 7502M
 Large Page Support: Disabled
 NUMA Support: Disabled
 Compressed Oops: Enabled (32-bit)
 Heap Region Size: 1M
 Heap Min Capacity: 8M
 Heap Initial Capacity: 118M
 Heap Max Capacity: 2G
 Pre-touch: Disabled
 Parallel Workers: 8
 Concurrent Workers: 2
 Concurrent Refinement Workers: 8
 Periodic GC: Disabled

Heap:
 garbage-first heap   total 358400K, used 238345K [0x0000000080000000, 0x0000000100000000)
  region size 1024K, 39 young (39936K), 7 survivors (7168K)
 Metaspace       used 141084K, committed 142080K, reserved 1171456K
  class space    used 18881K, committed 19392K, reserved 1048576K

Heap Regions: E=young(eden), S=young(survivor), O=old, HS=humongous(starts), HC=humongous(continues), CS=collection set, F=free, OA=open archive, CA=closed archive, TAMS=top-at-mark-start (previous, next)
|   0|0x0000000080000000, 0x0000000080100000, 0x0000000080100000|100%|HS|  |TAMS 0x0000000080100000, 0x0000000080000000| Complete 
|   1|0x0000000080100000, 0x0000000080200000, 0x0000000080200000|100%|HC|  |TAMS 0x0000000080200000, 0x0000000080100000| Complete 
|   2|0x0000000080200000, 0x0000000080300000, 0x0000000080300000|100%|HC|  |TAMS 0x0000000080300000, 0x0000000080200000| Complete 
|   3|0x0000000080300000, 0x0000000080400000, 0x0000000080400000|100%|HC|  |TAMS 0x0000000080400000, 0x0000000080300000| Complete 
|   4|0x0000000080400000, 0x0000000080500000, 0x0000000080500000|100%| O|  |TAMS 0x0000000080500000, 0x0000000080400000| Untracked 
|   5|0x0000000080500000, 0x0000000080600000, 0x0000000080600000|100%| O|  |TAMS 0x0000000080600000, 0x0000000080500000| Untracked 
|   6|0x0000000080600000, 0x0000000080700000, 0x0000000080700000|100%| O|  |TAMS 0x0000000080700000, 0x0000000080600000| Untracked 
|   7|0x0000000080700000, 0x0000000080800000, 0x0000000080800000|100%| O|  |TAMS 0x0000000080800000, 0x0000000080700000| Untracked 
|   8|0x0000000080800000, 0x0000000080900000, 0x0000000080900000|100%| O|  |TAMS 0x0000000080900000, 0x0000000080800000| Untracked 
|   9|0x0000000080900000, 0x0000000080a00000, 0x0000000080a00000|100%| O|  |TAMS 0x0000000080a00000, 0x0000000080900000| Untracked 
|  10|0x0000000080a00000, 0x0000000080b00000, 0x0000000080b00000|100%| O|  |TAMS 0x0000000080b00000, 0x0000000080a00000| Untracked 
|  11|0x0000000080b00000, 0x0000000080c00000, 0x0000000080c00000|100%| O|  |TAMS 0x0000000080c00000, 0x0000000080b00000| Untracked 
|  12|0x0000000080c00000, 0x0000000080d00000, 0x0000000080d00000|100%|HS|  |TAMS 0x0000000080d00000, 0x0000000080c00000| Complete 
|  13|0x0000000080d00000, 0x0000000080e00000, 0x0000000080e00000|100%| O|  |TAMS 0x0000000080e00000, 0x0000000080d00000| Untracked 
|  14|0x0000000080e00000, 0x0000000080f00000, 0x0000000080f00000|100%| O|  |TAMS 0x0000000080f00000, 0x0000000080e00000| Untracked 
|  15|0x0000000080f00000, 0x0000000081000000, 0x0000000081000000|100%| O|  |TAMS 0x0000000081000000, 0x0000000080f00000| Untracked 
|  16|0x0000000081000000, 0x0000000081100000, 0x0000000081100000|100%| O|  |TAMS 0x0000000081100000, 0x0000000081000000| Untracked 
|  17|0x0000000081100000, 0x0000000081200000, 0x0000000081200000|100%| O|  |TAMS 0x0000000081200000, 0x0000000081100000| Untracked 
|  18|0x0000000081200000, 0x0000000081300000, 0x0000000081300000|100%| O|  |TAMS 0x0000000081300000, 0x0000000081200000| Untracked 
|  19|0x0000000081300000, 0x0000000081400000, 0x0000000081400000|100%| O|  |TAMS 0x0000000081400000, 0x0000000081300000| Untracked 
|  20|0x0000000081400000, 0x0000000081500000, 0x0000000081500000|100%| O|  |TAMS 0x0000000081500000, 0x0000000081400000| Untracked 
|  21|0x0000000081500000, 0x0000000081600000, 0x0000000081600000|100%| O|  |TAMS 0x0000000081600000, 0x0000000081500000| Untracked 
|  22|0x0000000081600000, 0x0000000081700000, 0x0000000081700000|100%| O|  |TAMS 0x0000000081700000, 0x0000000081600000| Untracked 
|  23|0x0000000081700000, 0x0000000081800000, 0x0000000081800000|100%| O|  |TAMS 0x0000000081800000, 0x0000000081700000| Untracked 
|  24|0x0000000081800000, 0x0000000081900000, 0x0000000081900000|100%| O|  |TAMS 0x0000000081900000, 0x0000000081800000| Untracked 
|  25|0x0000000081900000, 0x0000000081a00000, 0x0000000081a00000|100%| O|  |TAMS 0x0000000081a00000, 0x0000000081900000| Untracked 
|  26|0x0000000081a00000, 0x0000000081b00000, 0x0000000081b00000|100%| O|  |TAMS 0x0000000081b00000, 0x0000000081a00000| Untracked 
|  27|0x0000000081b00000, 0x0000000081c00000, 0x0000000081c00000|100%| O|  |TAMS 0x0000000081c00000, 0x0000000081b00000| Untracked 
|  28|0x0000000081c00000, 0x0000000081d00000, 0x0000000081d00000|100%| O|  |TAMS 0x0000000081d00000, 0x0000000081c00000| Untracked 
|  29|0x0000000081d00000, 0x0000000081e00000, 0x0000000081e00000|100%|HS|  |TAMS 0x0000000081e00000, 0x0000000081d00000| Complete 
|  30|0x0000000081e00000, 0x0000000081f00000, 0x0000000081f00000|100%|HS|  |TAMS 0x0000000081f00000, 0x0000000081e00000| Complete 
|  31|0x0000000081f00000, 0x0000000082000000, 0x0000000082000000|100%|HC|  |TAMS 0x0000000082000000, 0x0000000081f00000| Complete 
|  32|0x0000000082000000, 0x0000000082100000, 0x0000000082100000|100%|HS|  |TAMS 0x0000000082100000, 0x0000000082000000| Complete 
|  33|0x0000000082100000, 0x0000000082200000, 0x0000000082200000|100%|HS|  |TAMS 0x0000000082200000, 0x0000000082100000| Complete 
|  34|0x0000000082200000, 0x0000000082300000, 0x0000000082300000|100%|HC|  |TAMS 0x0000000082300000, 0x0000000082200000| Complete 
|  35|0x0000000082300000, 0x0000000082400000, 0x0000000082400000|100%|HC|  |TAMS 0x0000000082400000, 0x0000000082300000| Complete 
|  36|0x0000000082400000, 0x0000000082500000, 0x0000000082500000|100%|HC|  |TAMS 0x0000000082500000, 0x0000000082400000| Complete 
|  37|0x0000000082500000, 0x0000000082600000, 0x0000000082600000|100%| O|  |TAMS 0x0000000082600000, 0x0000000082500000| Untracked 
|  38|0x0000000082600000, 0x0000000082700000, 0x0000000082700000|100%| O|  |TAMS 0x0000000082700000, 0x0000000082600000| Untracked 
|  39|0x0000000082700000, 0x0000000082800000, 0x0000000082800000|100%| O|  |TAMS 0x0000000082800000, 0x0000000082700000| Untracked 
|  40|0x0000000082800000, 0x0000000082900000, 0x0000000082900000|100%| O|  |TAMS 0x0000000082900000, 0x0000000082800000| Untracked 
|  41|0x0000000082900000, 0x0000000082a00000, 0x0000000082a00000|100%| O|  |TAMS 0x0000000082a00000, 0x0000000082900000| Untracked 
|  42|0x0000000082a00000, 0x0000000082b00000, 0x0000000082b00000|100%| O|  |TAMS 0x0000000082b00000, 0x0000000082a00000| Untracked 
|  43|0x0000000082b00000, 0x0000000082c00000, 0x0000000082c00000|100%| O|  |TAMS 0x0000000082c00000, 0x0000000082b00000| Untracked 
|  44|0x0000000082c00000, 0x0000000082d00000, 0x0000000082d00000|100%| O|  |TAMS 0x0000000082d00000, 0x0000000082c00000| Untracked 
|  45|0x0000000082d00000, 0x0000000082e00000, 0x0000000082e00000|100%| O|  |TAMS 0x0000000082e00000, 0x0000000082d00000| Untracked 
|  46|0x0000000082e00000, 0x0000000082f00000, 0x0000000082f00000|100%| O|  |TAMS 0x0000000082f00000, 0x0000000082e00000| Untracked 
|  47|0x0000000082f00000, 0x0000000083000000, 0x0000000083000000|100%| O|  |TAMS 0x0000000083000000, 0x0000000082f00000| Untracked 
|  48|0x0000000083000000, 0x0000000083100000, 0x0000000083100000|100%| O|  |TAMS 0x0000000083100000, 0x0000000083000000| Untracked 
|  49|0x0000000083100000, 0x0000000083200000, 0x0000000083200000|100%| O|  |TAMS 0x0000000083200000, 0x0000000083100000| Untracked 
|  50|0x0000000083200000, 0x0000000083300000, 0x0000000083300000|100%| O|  |TAMS 0x0000000083300000, 0x0000000083200000| Untracked 
|  51|0x0000000083300000, 0x0000000083400000, 0x0000000083400000|100%| O|  |TAMS 0x0000000083400000, 0x0000000083300000| Untracked 
|  52|0x0000000083400000, 0x0000000083500000, 0x0000000083500000|100%| O|  |TAMS 0x0000000083500000, 0x0000000083400000| Untracked 
|  53|0x0000000083500000, 0x0000000083600000, 0x0000000083600000|100%| O|  |TAMS 0x0000000083600000, 0x0000000083500000| Untracked 
|  54|0x0000000083600000, 0x0000000083700000, 0x0000000083700000|100%| O|  |TAMS 0x0000000083700000, 0x0000000083600000| Untracked 
|  55|0x0000000083700000, 0x0000000083800000, 0x0000000083800000|100%| O|  |TAMS 0x0000000083800000, 0x0000000083700000| Untracked 
|  56|0x0000000083800000, 0x0000000083900000, 0x0000000083900000|100%| O|  |TAMS 0x0000000083800000, 0x0000000083800000| Untracked 
|  57|0x0000000083900000, 0x0000000083a00000, 0x0000000083a00000|100%| O|  |TAMS 0x0000000083900000, 0x0000000083900000| Untracked 
|  58|0x0000000083a00000, 0x0000000083b00000, 0x0000000083b00000|100%| O|  |TAMS 0x0000000083a00000, 0x0000000083a00000| Untracked 
|  59|0x0000000083b00000, 0x0000000083c00000, 0x0000000083c00000|100%| O|  |TAMS 0x0000000083c00000, 0x0000000083b00000| Untracked 
|  60|0x0000000083c00000, 0x0000000083d00000, 0x0000000083d00000|100%| O|  |TAMS 0x0000000083d00000, 0x0000000083c00000| Untracked 
|  61|0x0000000083d00000, 0x0000000083e00000, 0x0000000083e00000|100%| O|  |TAMS 0x0000000083e00000, 0x0000000083d00000| Untracked 
|  62|0x0000000083e00000, 0x0000000083f00000, 0x0000000083f00000|100%| O|  |TAMS 0x0000000083f00000, 0x0000000083e00000| Untracked 
|  63|0x0000000083f00000, 0x0000000084000000, 0x0000000084000000|100%| O|  |TAMS 0x0000000084000000, 0x0000000083f00000| Untracked 
|  64|0x0000000084000000, 0x0000000084100000, 0x0000000084100000|100%| O|  |TAMS 0x0000000084100000, 0x0000000084000000| Untracked 
|  65|0x0000000084100000, 0x0000000084200000, 0x0000000084200000|100%| O|  |TAMS 0x0000000084200000, 0x0000000084100000| Untracked 
|  66|0x0000000084200000, 0x0000000084300000, 0x0000000084300000|100%| O|  |TAMS 0x0000000084300000, 0x0000000084200000| Untracked 
|  67|0x0000000084300000, 0x0000000084400000, 0x0000000084400000|100%| O|  |TAMS 0x0000000084400000, 0x0000000084300000| Untracked 
|  68|0x0000000084400000, 0x0000000084500000, 0x0000000084500000|100%| O|  |TAMS 0x0000000084500000, 0x0000000084400000| Untracked 
|  69|0x0000000084500000, 0x0000000084600000, 0x0000000084600000|100%| O|  |TAMS 0x0000000084600000, 0x0000000084500000| Untracked 
|  70|0x0000000084600000, 0x0000000084700000, 0x0000000084700000|100%| O|  |TAMS 0x0000000084700000, 0x0000000084600000| Untracked 
|  71|0x0000000084700000, 0x0000000084800000, 0x0000000084800000|100%| O|  |TAMS 0x0000000084800000, 0x0000000084700000| Untracked 
|  72|0x0000000084800000, 0x0000000084900000, 0x0000000084900000|100%| O|  |TAMS 0x0000000084900000, 0x0000000084800000| Untracked 
|  73|0x0000000084900000, 0x0000000084a00000, 0x0000000084a00000|100%| O|  |TAMS 0x0000000084a00000, 0x0000000084900000| Untracked 
|  74|0x0000000084a00000, 0x0000000084b00000, 0x0000000084b00000|100%| O|  |TAMS 0x0000000084b00000, 0x0000000084a00000| Untracked 
|  75|0x0000000084b00000, 0x0000000084c00000, 0x0000000084c00000|100%| O|  |TAMS 0x0000000084c00000, 0x0000000084b00000| Untracked 
|  76|0x0000000084c00000, 0x0000000084d00000, 0x0000000084d00000|100%| O|  |TAMS 0x0000000084d00000, 0x0000000084c00000| Untracked 
|  77|0x0000000084d00000, 0x0000000084e00000, 0x0000000084e00000|100%| O|  |TAMS 0x0000000084e00000, 0x0000000084d00000| Untracked 
|  78|0x0000000084e00000, 0x0000000084f00000, 0x0000000084f00000|100%| O|  |TAMS 0x0000000084f00000, 0x0000000084e00000| Untracked 
|  79|0x0000000084f00000, 0x0000000085000000, 0x0000000085000000|100%| O|  |TAMS 0x0000000085000000, 0x0000000084f00000| Untracked 
|  80|0x0000000085000000, 0x0000000085100000, 0x0000000085100000|100%| O|  |TAMS 0x0000000085100000, 0x0000000085000000| Untracked 
|  81|0x0000000085100000, 0x0000000085200000, 0x0000000085200000|100%| O|  |TAMS 0x0000000085200000, 0x0000000085100000| Untracked 
|  82|0x0000000085200000, 0x0000000085300000, 0x0000000085300000|100%| O|  |TAMS 0x0000000085300000, 0x0000000085200000| Untracked 
|  83|0x0000000085300000, 0x0000000085400000, 0x0000000085400000|100%| O|  |TAMS 0x0000000085400000, 0x0000000085300000| Untracked 
|  84|0x0000000085400000, 0x0000000085500000, 0x0000000085500000|100%| O|  |TAMS 0x0000000085500000, 0x0000000085400000| Untracked 
|  85|0x0000000085500000, 0x0000000085600000, 0x0000000085600000|100%| O|  |TAMS 0x0000000085600000, 0x0000000085500000| Untracked 
|  86|0x0000000085600000, 0x0000000085700000, 0x0000000085700000|100%| O|  |TAMS 0x0000000085700000, 0x0000000085600000| Untracked 
|  87|0x0000000085700000, 0x0000000085800000, 0x0000000085800000|100%| O|  |TAMS 0x0000000085800000, 0x0000000085700000| Untracked 
|  88|0x0000000085800000, 0x0000000085900000, 0x0000000085900000|100%| O|  |TAMS 0x0000000085900000, 0x0000000085800000| Untracked 
|  89|0x0000000085900000, 0x0000000085a00000, 0x0000000085a00000|100%| O|  |TAMS 0x0000000085a00000, 0x0000000085900000| Untracked 
|  90|0x0000000085a00000, 0x0000000085b00000, 0x0000000085b00000|100%| O|  |TAMS 0x0000000085b00000, 0x0000000085a00000| Untracked 
|  91|0x0000000085b00000, 0x0000000085c00000, 0x0000000085c00000|100%| O|  |TAMS 0x0000000085bdec00, 0x0000000085b00000| Untracked 
|  92|0x0000000085c00000, 0x0000000085d00000, 0x0000000085d00000|100%|HS|  |TAMS 0x0000000085c00000, 0x0000000085c00000| Complete 
|  93|0x0000000085d00000, 0x0000000085e00000, 0x0000000085e00000|100%|HC|  |TAMS 0x0000000085d00000, 0x0000000085d00000| Complete 
|  94|0x0000000085e00000, 0x0000000085f00000, 0x0000000085f00000|100%| O|  |TAMS 0x0000000085e00000, 0x0000000085e00000| Untracked 
|  95|0x0000000085f00000, 0x0000000086000000, 0x0000000086000000|100%| O|  |TAMS 0x0000000085f00000, 0x0000000085f00000| Untracked 
|  96|0x0000000086000000, 0x0000000086100000, 0x0000000086100000|100%| O|  |TAMS 0x0000000086000000, 0x0000000086000000| Untracked 
|  97|0x0000000086100000, 0x0000000086200000, 0x0000000086200000|100%| O|  |TAMS 0x0000000086100000, 0x0000000086100000| Untracked 
|  98|0x0000000086200000, 0x0000000086300000, 0x0000000086300000|100%| O|  |TAMS 0x0000000086200000, 0x0000000086200000| Untracked 
|  99|0x0000000086300000, 0x0000000086400000, 0x0000000086400000|100%| O|  |TAMS 0x0000000086300000, 0x0000000086300000| Untracked 
| 100|0x0000000086400000, 0x0000000086500000, 0x0000000086500000|100%| O|  |TAMS 0x0000000086400000, 0x0000000086400000| Untracked 
| 101|0x0000000086500000, 0x0000000086600000, 0x0000000086600000|100%| O|  |TAMS 0x0000000086500000, 0x0000000086500000| Untracked 
| 102|0x0000000086600000, 0x0000000086700000, 0x0000000086700000|100%| O|  |TAMS 0x0000000086600000, 0x0000000086600000| Untracked 
| 103|0x0000000086700000, 0x0000000086800000, 0x0000000086800000|100%| O|  |TAMS 0x0000000086700000, 0x0000000086700000| Untracked 
| 104|0x0000000086800000, 0x0000000086900000, 0x0000000086900000|100%|HS|  |TAMS 0x0000000086800000, 0x0000000086800000| Complete 
| 105|0x0000000086900000, 0x0000000086a00000, 0x0000000086a00000|100%|HC|  |TAMS 0x0000000086900000, 0x0000000086900000| Complete 
| 106|0x0000000086a00000, 0x0000000086b00000, 0x0000000086b00000|100%| O|  |TAMS 0x0000000086a00000, 0x0000000086a00000| Untracked 
| 107|0x0000000086b00000, 0x0000000086c00000, 0x0000000086c00000|100%| O|  |TAMS 0x0000000086b00000, 0x0000000086b00000| Untracked 
| 108|0x0000000086c00000, 0x0000000086d00000, 0x0000000086d00000|100%| O|  |TAMS 0x0000000086c00000, 0x0000000086c00000| Untracked 
| 109|0x0000000086d00000, 0x0000000086e00000, 0x0000000086e00000|100%| O|  |TAMS 0x0000000086d00000, 0x0000000086d00000| Untracked 
| 110|0x0000000086e00000, 0x0000000086f00000, 0x0000000086f00000|100%| O|  |TAMS 0x0000000086e00000, 0x0000000086e00000| Untracked 
| 111|0x0000000086f00000, 0x0000000087000000, 0x0000000087000000|100%| O|  |TAMS 0x0000000086f00000, 0x0000000086f00000| Untracked 
| 112|0x0000000087000000, 0x0000000087100000, 0x0000000087100000|100%| O|  |TAMS 0x0000000087000000, 0x0000000087000000| Untracked 
| 113|0x0000000087100000, 0x0000000087200000, 0x0000000087200000|100%| O|  |TAMS 0x0000000087100000, 0x0000000087100000| Untracked 
| 114|0x0000000087200000, 0x0000000087300000, 0x0000000087300000|100%| O|  |TAMS 0x0000000087200000, 0x0000000087200000| Untracked 
| 115|0x0000000087300000, 0x0000000087400000, 0x0000000087400000|100%| O|  |TAMS 0x0000000087300000, 0x0000000087300000| Untracked 
| 116|0x0000000087400000, 0x0000000087500000, 0x0000000087500000|100%| O|  |TAMS 0x0000000087400000, 0x0000000087400000| Untracked 
| 117|0x0000000087500000, 0x0000000087600000, 0x0000000087600000|100%| O|  |TAMS 0x0000000087500000, 0x0000000087500000| Untracked 
| 118|0x0000000087600000, 0x0000000087700000, 0x0000000087700000|100%| O|  |TAMS 0x0000000087600000, 0x0000000087600000| Untracked 
| 119|0x0000000087700000, 0x0000000087800000, 0x0000000087800000|100%| O|  |TAMS 0x0000000087700000, 0x0000000087700000| Untracked 
| 120|0x0000000087800000, 0x0000000087900000, 0x0000000087900000|100%| O|  |TAMS 0x0000000087800000, 0x0000000087800000| Untracked 
| 121|0x0000000087900000, 0x0000000087a00000, 0x0000000087a00000|100%| O|  |TAMS 0x0000000087900000, 0x0000000087900000| Untracked 
| 122|0x0000000087a00000, 0x0000000087b00000, 0x0000000087b00000|100%| O|  |TAMS 0x0000000087a00000, 0x0000000087a00000| Untracked 
| 123|0x0000000087b00000, 0x0000000087c00000, 0x0000000087c00000|100%| O|  |TAMS 0x0000000087b00000, 0x0000000087b00000| Untracked 
| 124|0x0000000087c00000, 0x0000000087d00000, 0x0000000087d00000|100%| O|  |TAMS 0x0000000087c00000, 0x0000000087c00000| Untracked 
| 125|0x0000000087d00000, 0x0000000087e00000, 0x0000000087e00000|100%| O|  |TAMS 0x0000000087d00000, 0x0000000087d00000| Untracked 
| 126|0x0000000087e00000, 0x0000000087f00000, 0x0000000087f00000|100%| O|  |TAMS 0x0000000087e00000, 0x0000000087e00000| Untracked 
| 127|0x0000000087f00000, 0x0000000088000000, 0x0000000088000000|100%|HS|  |TAMS 0x0000000087f00000, 0x0000000087f00000| Complete 
| 128|0x0000000088000000, 0x0000000088100000, 0x0000000088100000|100%| O|  |TAMS 0x0000000088000000, 0x0000000088000000| Untracked 
| 129|0x0000000088100000, 0x0000000088200000, 0x0000000088200000|100%| O|  |TAMS 0x0000000088100000, 0x0000000088100000| Untracked 
| 130|0x0000000088200000, 0x0000000088300000, 0x0000000088300000|100%| O|  |TAMS 0x0000000088200000, 0x0000000088200000| Untracked 
| 131|0x0000000088300000, 0x0000000088400000, 0x0000000088400000|100%| O|  |TAMS 0x0000000088300000, 0x0000000088300000| Untracked 
| 132|0x0000000088400000, 0x0000000088500000, 0x0000000088500000|100%| O|  |TAMS 0x0000000088400000, 0x0000000088400000| Untracked 
| 133|0x0000000088500000, 0x0000000088600000, 0x0000000088600000|100%| O|  |TAMS 0x0000000088500000, 0x0000000088500000| Untracked 
| 134|0x0000000088600000, 0x0000000088700000, 0x0000000088700000|100%| O|  |TAMS 0x0000000088600000, 0x0000000088600000| Untracked 
| 135|0x0000000088700000, 0x0000000088800000, 0x0000000088800000|100%| O|  |TAMS 0x0000000088700000, 0x0000000088700000| Untracked 
| 136|0x0000000088800000, 0x0000000088900000, 0x0000000088900000|100%| O|  |TAMS 0x0000000088800000, 0x0000000088800000| Untracked 
| 137|0x0000000088900000, 0x0000000088a00000, 0x0000000088a00000|100%| O|  |TAMS 0x0000000088900000, 0x0000000088900000| Untracked 
| 138|0x0000000088a00000, 0x0000000088b00000, 0x0000000088b00000|100%| O|  |TAMS 0x0000000088a00000, 0x0000000088a00000| Untracked 
| 139|0x0000000088b00000, 0x0000000088c00000, 0x0000000088c00000|100%| O|  |TAMS 0x0000000088b00000, 0x0000000088b00000| Untracked 
| 140|0x0000000088c00000, 0x0000000088d00000, 0x0000000088d00000|100%| O|  |TAMS 0x0000000088c00000, 0x0000000088c00000| Untracked 
| 141|0x0000000088d00000, 0x0000000088e00000, 0x0000000088e00000|100%| O|  |TAMS 0x0000000088d00000, 0x0000000088d00000| Untracked 
| 142|0x0000000088e00000, 0x0000000088f00000, 0x0000000088f00000|100%| O|  |TAMS 0x0000000088e00000, 0x0000000088e00000| Untracked 
| 143|0x0000000088f00000, 0x0000000089000000, 0x0000000089000000|100%| O|  |TAMS 0x0000000088f00000, 0x0000000088f00000| Untracked 
| 144|0x0000000089000000, 0x0000000089100000, 0x0000000089100000|100%| O|  |TAMS 0x0000000089000000, 0x0000000089000000| Untracked 
| 145|0x0000000089100000, 0x0000000089200000, 0x0000000089200000|100%|HS|  |TAMS 0x0000000089100000, 0x0000000089100000| Complete 
| 146|0x0000000089200000, 0x0000000089300000, 0x0000000089300000|100%|HC|  |TAMS 0x0000000089200000, 0x0000000089200000| Complete 
| 147|0x0000000089300000, 0x0000000089400000, 0x0000000089400000|100%| O|  |TAMS 0x0000000089300000, 0x0000000089300000| Untracked 
| 148|0x0000000089400000, 0x0000000089500000, 0x0000000089500000|100%| O|  |TAMS 0x0000000089400000, 0x0000000089400000| Untracked 
| 149|0x0000000089500000, 0x0000000089600000, 0x0000000089600000|100%| O|  |TAMS 0x0000000089500000, 0x0000000089500000| Untracked 
| 150|0x0000000089600000, 0x0000000089700000, 0x0000000089700000|100%| O|  |TAMS 0x0000000089600000, 0x0000000089600000| Untracked 
| 151|0x0000000089700000, 0x0000000089800000, 0x0000000089800000|100%| O|  |TAMS 0x0000000089700000, 0x0000000089700000| Untracked 
| 152|0x0000000089800000, 0x0000000089900000, 0x0000000089900000|100%| O|  |TAMS 0x0000000089800000, 0x0000000089800000| Untracked 
| 153|0x0000000089900000, 0x0000000089a00000, 0x0000000089a00000|100%| O|  |TAMS 0x0000000089900000, 0x0000000089900000| Untracked 
| 154|0x0000000089a00000, 0x0000000089b00000, 0x0000000089b00000|100%| O|  |TAMS 0x0000000089a00000, 0x0000000089a00000| Untracked 
| 155|0x0000000089b00000, 0x0000000089c00000, 0x0000000089c00000|100%| O|  |TAMS 0x0000000089b00000, 0x0000000089b00000| Untracked 
| 156|0x0000000089c00000, 0x0000000089d00000, 0x0000000089d00000|100%| O|  |TAMS 0x0000000089c00000, 0x0000000089c00000| Untracked 
| 157|0x0000000089d00000, 0x0000000089e00000, 0x0000000089e00000|100%| O|  |TAMS 0x0000000089d00000, 0x0000000089d00000| Untracked 
| 158|0x0000000089e00000, 0x0000000089f00000, 0x0000000089f00000|100%| O|  |TAMS 0x0000000089e00000, 0x0000000089e00000| Untracked 
| 159|0x0000000089f00000, 0x000000008a000000, 0x000000008a000000|100%| O|  |TAMS 0x0000000089f00000, 0x0000000089f00000| Untracked 
| 160|0x000000008a000000, 0x000000008a100000, 0x000000008a100000|100%| O|  |TAMS 0x000000008a000000, 0x000000008a000000| Untracked 
| 161|0x000000008a100000, 0x000000008a1c2400, 0x000000008a200000| 75%| O|  |TAMS 0x000000008a100000, 0x000000008a100000| Untracked 
| 162|0x000000008a200000, 0x000000008a300000, 0x000000008a300000|100%|HS|  |TAMS 0x000000008a200000, 0x000000008a200000| Complete 
| 163|0x000000008a300000, 0x000000008a400000, 0x000000008a400000|100%| O|  |TAMS 0x000000008a300000, 0x000000008a300000| Untracked 
| 164|0x000000008a400000, 0x000000008a500000, 0x000000008a500000|100%|HS|  |TAMS 0x000000008a400000, 0x000000008a400000| Complete 
| 165|0x000000008a500000, 0x000000008a600000, 0x000000008a600000|100%|HC|  |TAMS 0x000000008a500000, 0x000000008a500000| Complete 
| 166|0x000000008a600000, 0x000000008a700000, 0x000000008a700000|100%|HC|  |TAMS 0x000000008a600000, 0x000000008a600000| Complete 
| 167|0x000000008a700000, 0x000000008a800000, 0x000000008a800000|100%|HC|  |TAMS 0x000000008a700000, 0x000000008a700000| Complete 
| 168|0x000000008a800000, 0x000000008a900000, 0x000000008a900000|100%|HC|  |TAMS 0x000000008a800000, 0x000000008a800000| Complete 
| 169|0x000000008a900000, 0x000000008aa00000, 0x000000008aa00000|100%|HC|  |TAMS 0x000000008a900000, 0x000000008a900000| Complete 
| 170|0x000000008aa00000, 0x000000008ab00000, 0x000000008ab00000|100%|HC|  |TAMS 0x000000008aa00000, 0x000000008aa00000| Complete 
| 171|0x000000008ab00000, 0x000000008ac00000, 0x000000008ac00000|100%|HC|  |TAMS 0x000000008ab00000, 0x000000008ab00000| Complete 
| 172|0x000000008ac00000, 0x000000008ad00000, 0x000000008ad00000|100%|HC|  |TAMS 0x000000008ac00000, 0x000000008ac00000| Complete 
| 173|0x000000008ad00000, 0x000000008ae00000, 0x000000008ae00000|100%|HC|  |TAMS 0x000000008ad00000, 0x000000008ad00000| Complete 
| 174|0x000000008ae00000, 0x000000008af00000, 0x000000008af00000|100%|HS|  |TAMS 0x000000008ae00000, 0x000000008ae00000| Complete 
| 175|0x000000008af00000, 0x000000008b000000, 0x000000008b000000|100%|HS|  |TAMS 0x000000008af00000, 0x000000008af00000| Complete 
| 176|0x000000008b000000, 0x000000008b100000, 0x000000008b100000|100%|HC|  |TAMS 0x000000008b000000, 0x000000008b000000| Complete 
| 177|0x000000008b100000, 0x000000008b200000, 0x000000008b200000|100%|HC|  |TAMS 0x000000008b100000, 0x000000008b100000| Complete 
| 178|0x000000008b200000, 0x000000008b300000, 0x000000008b300000|100%|HC|  |TAMS 0x000000008b200000, 0x000000008b200000| Complete 
| 179|0x000000008b300000, 0x000000008b400000, 0x000000008b400000|100%|HC|  |TAMS 0x000000008b300000, 0x000000008b300000| Complete 
| 180|0x000000008b400000, 0x000000008b500000, 0x000000008b500000|100%|HC|  |TAMS 0x000000008b400000, 0x000000008b400000| Complete 
| 181|0x000000008b500000, 0x000000008b600000, 0x000000008b600000|100%|HC|  |TAMS 0x000000008b500000, 0x000000008b500000| Complete 
| 182|0x000000008b600000, 0x000000008b700000, 0x000000008b700000|100%|HC|  |TAMS 0x000000008b600000, 0x000000008b600000| Complete 
| 183|0x000000008b700000, 0x000000008b800000, 0x000000008b800000|100%|HC|  |TAMS 0x000000008b700000, 0x000000008b700000| Complete 
| 184|0x000000008b800000, 0x000000008b900000, 0x000000008b900000|100%|HC|  |TAMS 0x000000008b800000, 0x000000008b800000| Complete 
| 185|0x000000008b900000, 0x000000008ba00000, 0x000000008ba00000|100%|HS|  |TAMS 0x000000008b900000, 0x000000008b900000| Complete 
| 186|0x000000008ba00000, 0x000000008bb00000, 0x000000008bb00000|100%|HC|  |TAMS 0x000000008ba00000, 0x000000008ba00000| Complete 
| 187|0x000000008bb00000, 0x000000008bc00000, 0x000000008bc00000|100%|HS|  |TAMS 0x000000008bb00000, 0x000000008bb00000| Complete 
| 188|0x000000008bc00000, 0x000000008bd00000, 0x000000008bd00000|100%|HC|  |TAMS 0x000000008bc00000, 0x000000008bc00000| Complete 
| 189|0x000000008bd00000, 0x000000008be00000, 0x000000008be00000|100%|HS|  |TAMS 0x000000008bd00000, 0x000000008bd00000| Complete 
| 190|0x000000008be00000, 0x000000008bf00000, 0x000000008bf00000|100%|HC|  |TAMS 0x000000008be00000, 0x000000008be00000| Complete 
| 191|0x000000008bf00000, 0x000000008c000000, 0x000000008c000000|100%|HS|  |TAMS 0x000000008bf00000, 0x000000008bf00000| Complete 
| 192|0x000000008c000000, 0x000000008c100000, 0x000000008c100000|100%|HC|  |TAMS 0x000000008c000000, 0x000000008c000000| Complete 
| 193|0x000000008c100000, 0x000000008c200000, 0x000000008c200000|100%|HS|  |TAMS 0x000000008c100000, 0x000000008c100000| Complete 
| 194|0x000000008c200000, 0x000000008c300000, 0x000000008c300000|100%|HC|  |TAMS 0x000000008c200000, 0x000000008c200000| Complete 
| 195|0x000000008c300000, 0x000000008c400000, 0x000000008c400000|100%|HS|  |TAMS 0x000000008c300000, 0x000000008c300000| Complete 
| 196|0x000000008c400000, 0x000000008c400000, 0x000000008c500000|  0%| F|  |TAMS 0x000000008c400000, 0x000000008c400000| Untracked 
| 197|0x000000008c500000, 0x000000008c500000, 0x000000008c600000|  0%| F|  |TAMS 0x000000008c500000, 0x000000008c500000| Untracked 
| 198|0x000000008c600000, 0x000000008c600000, 0x000000008c700000|  0%| F|  |TAMS 0x000000008c600000, 0x000000008c600000| Untracked 
| 199|0x000000008c700000, 0x000000008c700000, 0x000000008c800000|  0%| F|  |TAMS 0x000000008c700000, 0x000000008c700000| Untracked 
| 200|0x000000008c800000, 0x000000008c800000, 0x000000008c900000|  0%| F|  |TAMS 0x000000008c800000, 0x000000008c800000| Untracked 
| 201|0x000000008c900000, 0x000000008c900000, 0x000000008ca00000|  0%| F|  |TAMS 0x000000008c900000, 0x000000008c900000| Untracked 
| 202|0x000000008ca00000, 0x000000008ca00000, 0x000000008cb00000|  0%| F|  |TAMS 0x000000008ca00000, 0x000000008ca00000| Untracked 
| 203|0x000000008cb00000, 0x000000008cb00000, 0x000000008cc00000|  0%| F|  |TAMS 0x000000008cb00000, 0x000000008cb00000| Untracked 
| 204|0x000000008cc00000, 0x000000008cc00000, 0x000000008cd00000|  0%| F|  |TAMS 0x000000008cc00000, 0x000000008cc00000| Untracked 
| 205|0x000000008cd00000, 0x000000008cd00000, 0x000000008ce00000|  0%| F|  |TAMS 0x000000008cd00000, 0x000000008cd00000| Untracked 
| 206|0x000000008ce00000, 0x000000008ce00000, 0x000000008cf00000|  0%| F|  |TAMS 0x000000008ce00000, 0x000000008ce00000| Untracked 
| 207|0x000000008cf00000, 0x000000008cf00000, 0x000000008d000000|  0%| F|  |TAMS 0x000000008cf00000, 0x000000008cf00000| Untracked 
| 208|0x000000008d000000, 0x000000008d000000, 0x000000008d100000|  0%| F|  |TAMS 0x000000008d000000, 0x000000008d000000| Untracked 
| 209|0x000000008d100000, 0x000000008d100000, 0x000000008d200000|  0%| F|  |TAMS 0x000000008d100000, 0x000000008d100000| Untracked 
| 210|0x000000008d200000, 0x000000008d200000, 0x000000008d300000|  0%| F|  |TAMS 0x000000008d200000, 0x000000008d200000| Untracked 
| 211|0x000000008d300000, 0x000000008d300000, 0x000000008d400000|  0%| F|  |TAMS 0x000000008d300000, 0x000000008d300000| Untracked 
| 212|0x000000008d400000, 0x000000008d400000, 0x000000008d500000|  0%| F|  |TAMS 0x000000008d400000, 0x000000008d400000| Untracked 
| 213|0x000000008d500000, 0x000000008d500000, 0x000000008d600000|  0%| F|  |TAMS 0x000000008d500000, 0x000000008d500000| Untracked 
| 214|0x000000008d600000, 0x000000008d600000, 0x000000008d700000|  0%| F|  |TAMS 0x000000008d600000, 0x000000008d600000| Untracked 
| 215|0x000000008d700000, 0x000000008d700000, 0x000000008d800000|  0%| F|  |TAMS 0x000000008d700000, 0x000000008d700000| Untracked 
| 216|0x000000008d800000, 0x000000008d800000, 0x000000008d900000|  0%| F|  |TAMS 0x000000008d800000, 0x000000008d800000| Untracked 
| 217|0x000000008d900000, 0x000000008d900000, 0x000000008da00000|  0%| F|  |TAMS 0x000000008d900000, 0x000000008d900000| Untracked 
| 218|0x000000008da00000, 0x000000008da00000, 0x000000008db00000|  0%| F|  |TAMS 0x000000008da00000, 0x000000008da00000| Untracked 
| 219|0x000000008db00000, 0x000000008db00000, 0x000000008dc00000|  0%| F|  |TAMS 0x000000008db00000, 0x000000008db00000| Untracked 
| 220|0x000000008dc00000, 0x000000008dc00000, 0x000000008dd00000|  0%| F|  |TAMS 0x000000008dc00000, 0x000000008dc00000| Untracked 
| 221|0x000000008dd00000, 0x000000008dd00000, 0x000000008de00000|  0%| F|  |TAMS 0x000000008dd00000, 0x000000008dd00000| Untracked 
| 222|0x000000008de00000, 0x000000008de00000, 0x000000008df00000|  0%| F|  |TAMS 0x000000008de00000, 0x000000008de00000| Untracked 
| 223|0x000000008df00000, 0x000000008df00000, 0x000000008e000000|  0%| F|  |TAMS 0x000000008df00000, 0x000000008df00000| Untracked 
| 224|0x000000008e000000, 0x000000008e000000, 0x000000008e100000|  0%| F|  |TAMS 0x000000008e000000, 0x000000008e000000| Untracked 
| 225|0x000000008e100000, 0x000000008e200000, 0x000000008e200000|100%| S|CS|TAMS 0x000000008e100000, 0x000000008e100000| Complete 
| 226|0x000000008e200000, 0x000000008e300000, 0x000000008e300000|100%| S|CS|TAMS 0x000000008e200000, 0x000000008e200000| Complete 
| 227|0x000000008e300000, 0x000000008e400000, 0x000000008e400000|100%| S|CS|TAMS 0x000000008e300000, 0x000000008e300000| Complete 
| 228|0x000000008e400000, 0x000000008e500000, 0x000000008e500000|100%| S|CS|TAMS 0x000000008e400000, 0x000000008e400000| Complete 
| 229|0x000000008e500000, 0x000000008e600000, 0x000000008e600000|100%| S|CS|TAMS 0x000000008e500000, 0x000000008e500000| Complete 
| 230|0x000000008e600000, 0x000000008e700000, 0x000000008e700000|100%| S|CS|TAMS 0x000000008e600000, 0x000000008e600000| Complete 
| 231|0x000000008e700000, 0x000000008e800000, 0x000000008e800000|100%| S|CS|TAMS 0x000000008e700000, 0x000000008e700000| Complete 
| 232|0x000000008e800000, 0x000000008e800000, 0x000000008e900000|  0%| F|  |TAMS 0x000000008e800000, 0x000000008e800000| Untracked 
| 233|0x000000008e900000, 0x000000008e900000, 0x000000008ea00000|  0%| F|  |TAMS 0x000000008e900000, 0x000000008e900000| Untracked 
| 234|0x000000008ea00000, 0x000000008ea00000, 0x000000008eb00000|  0%| F|  |TAMS 0x000000008ea00000, 0x000000008ea00000| Untracked 
| 235|0x000000008eb00000, 0x000000008eb00000, 0x000000008ec00000|  0%| F|  |TAMS 0x000000008eb00000, 0x000000008eb00000| Untracked 
| 236|0x000000008ec00000, 0x000000008ec00000, 0x000000008ed00000|  0%| F|  |TAMS 0x000000008ec00000, 0x000000008ec00000| Untracked 
| 237|0x000000008ed00000, 0x000000008ed00000, 0x000000008ee00000|  0%| F|  |TAMS 0x000000008ed00000, 0x000000008ed00000| Untracked 
| 238|0x000000008ee00000, 0x000000008ee00000, 0x000000008ef00000|  0%| F|  |TAMS 0x000000008ee00000, 0x000000008ee00000| Untracked 
| 239|0x000000008ef00000, 0x000000008ef00000, 0x000000008f000000|  0%| F|  |TAMS 0x000000008ef00000, 0x000000008ef00000| Untracked 
| 240|0x000000008f000000, 0x000000008f000000, 0x000000008f100000|  0%| F|  |TAMS 0x000000008f000000, 0x000000008f000000| Untracked 
| 241|0x000000008f100000, 0x000000008f100000, 0x000000008f200000|  0%| F|  |TAMS 0x000000008f100000, 0x000000008f100000| Untracked 
| 242|0x000000008f200000, 0x000000008f200000, 0x000000008f300000|  0%| F|  |TAMS 0x000000008f200000, 0x000000008f200000| Untracked 
| 243|0x000000008f300000, 0x000000008f300000, 0x000000008f400000|  0%| F|  |TAMS 0x000000008f300000, 0x000000008f300000| Untracked 
| 244|0x000000008f400000, 0x000000008f400000, 0x000000008f500000|  0%| F|  |TAMS 0x000000008f400000, 0x000000008f400000| Untracked 
| 245|0x000000008f500000, 0x000000008f500000, 0x000000008f600000|  0%| F|  |TAMS 0x000000008f500000, 0x000000008f500000| Untracked 
| 246|0x000000008f600000, 0x000000008f600000, 0x000000008f700000|  0%| F|  |TAMS 0x000000008f600000, 0x000000008f600000| Untracked 
| 247|0x000000008f700000, 0x000000008f700000, 0x000000008f800000|  0%| F|  |TAMS 0x000000008f700000, 0x000000008f700000| Untracked 
| 248|0x000000008f800000, 0x000000008f800000, 0x000000008f900000|  0%| F|  |TAMS 0x000000008f800000, 0x000000008f800000| Untracked 
| 249|0x000000008f900000, 0x000000008f900000, 0x000000008fa00000|  0%| F|  |TAMS 0x000000008f900000, 0x000000008f900000| Untracked 
| 250|0x000000008fa00000, 0x000000008fa00000, 0x000000008fb00000|  0%| F|  |TAMS 0x000000008fa00000, 0x000000008fa00000| Untracked 
| 251|0x000000008fb00000, 0x000000008fb00000, 0x000000008fc00000|  0%| F|  |TAMS 0x000000008fb00000, 0x000000008fb00000| Untracked 
| 252|0x000000008fc00000, 0x000000008fc00000, 0x000000008fd00000|  0%| F|  |TAMS 0x000000008fc00000, 0x000000008fc00000| Untracked 
| 253|0x000000008fd00000, 0x000000008fd00000, 0x000000008fe00000|  0%| F|  |TAMS 0x000000008fd00000, 0x000000008fd00000| Untracked 
| 254|0x000000008fe00000, 0x000000008fe00000, 0x000000008ff00000|  0%| F|  |TAMS 0x000000008fe00000, 0x000000008fe00000| Untracked 
| 255|0x000000008ff00000, 0x000000008ff00000, 0x0000000090000000|  0%| F|  |TAMS 0x000000008ff00000, 0x000000008ff00000| Untracked 
| 256|0x0000000090000000, 0x0000000090000000, 0x0000000090100000|  0%| F|  |TAMS 0x0000000090000000, 0x0000000090000000| Untracked 
| 257|0x0000000090100000, 0x0000000090100000, 0x0000000090200000|  0%| F|  |TAMS 0x0000000090100000, 0x0000000090100000| Untracked 
| 258|0x0000000090200000, 0x0000000090200000, 0x0000000090300000|  0%| F|  |TAMS 0x0000000090200000, 0x0000000090200000| Untracked 
| 259|0x0000000090300000, 0x0000000090300000, 0x0000000090400000|  0%| F|  |TAMS 0x0000000090300000, 0x0000000090300000| Untracked 
| 260|0x0000000090400000, 0x0000000090400000, 0x0000000090500000|  0%| F|  |TAMS 0x0000000090400000, 0x0000000090400000| Untracked 
| 261|0x0000000090500000, 0x0000000090500000, 0x0000000090600000|  0%| F|  |TAMS 0x0000000090500000, 0x0000000090500000| Untracked 
| 262|0x0000000090600000, 0x0000000090600000, 0x0000000090700000|  0%| F|  |TAMS 0x0000000090600000, 0x0000000090600000| Untracked 
| 263|0x0000000090700000, 0x0000000090700000, 0x0000000090800000|  0%| F|  |TAMS 0x0000000090700000, 0x0000000090700000| Untracked 
| 264|0x0000000090800000, 0x0000000090800000, 0x0000000090900000|  0%| F|  |TAMS 0x0000000090800000, 0x0000000090800000| Untracked 
| 265|0x0000000090900000, 0x0000000090900000, 0x0000000090a00000|  0%| F|  |TAMS 0x0000000090900000, 0x0000000090900000| Untracked 
| 266|0x0000000090a00000, 0x0000000090a00000, 0x0000000090b00000|  0%| F|  |TAMS 0x0000000090a00000, 0x0000000090a00000| Untracked 
| 267|0x0000000090b00000, 0x0000000090b00000, 0x0000000090c00000|  0%| F|  |TAMS 0x0000000090b00000, 0x0000000090b00000| Untracked 
| 268|0x0000000090c00000, 0x0000000090c00000, 0x0000000090d00000|  0%| F|  |TAMS 0x0000000090c00000, 0x0000000090c00000| Untracked 
| 269|0x0000000090d00000, 0x0000000090d00000, 0x0000000090e00000|  0%| F|  |TAMS 0x0000000090d00000, 0x0000000090d00000| Untracked 
| 270|0x0000000090e00000, 0x0000000090e00000, 0x0000000090f00000|  0%| F|  |TAMS 0x0000000090e00000, 0x0000000090e00000| Untracked 
| 271|0x0000000090f00000, 0x0000000090f00000, 0x0000000091000000|  0%| F|  |TAMS 0x0000000090f00000, 0x0000000090f00000| Untracked 
| 272|0x0000000091000000, 0x0000000091000000, 0x0000000091100000|  0%| F|  |TAMS 0x0000000091000000, 0x0000000091000000| Untracked 
| 273|0x0000000091100000, 0x0000000091100000, 0x0000000091200000|  0%| F|  |TAMS 0x0000000091100000, 0x0000000091100000| Untracked 
| 274|0x0000000091200000, 0x0000000091200000, 0x0000000091300000|  0%| F|  |TAMS 0x0000000091200000, 0x0000000091200000| Untracked 
| 275|0x0000000091300000, 0x0000000091300000, 0x0000000091400000|  0%| F|  |TAMS 0x0000000091300000, 0x0000000091300000| Untracked 
| 276|0x0000000091400000, 0x0000000091400000, 0x0000000091500000|  0%| F|  |TAMS 0x0000000091400000, 0x0000000091400000| Untracked 
| 277|0x0000000091500000, 0x0000000091500000, 0x0000000091600000|  0%| F|  |TAMS 0x0000000091500000, 0x0000000091500000| Untracked 
| 278|0x0000000091600000, 0x0000000091600000, 0x0000000091700000|  0%| F|  |TAMS 0x0000000091600000, 0x0000000091600000| Untracked 
| 279|0x0000000091700000, 0x0000000091700000, 0x0000000091800000|  0%| F|  |TAMS 0x0000000091700000, 0x0000000091700000| Untracked 
| 280|0x0000000091800000, 0x0000000091800000, 0x0000000091900000|  0%| F|  |TAMS 0x0000000091800000, 0x0000000091800000| Untracked 
| 281|0x0000000091900000, 0x0000000091900000, 0x0000000091a00000|  0%| F|  |TAMS 0x0000000091900000, 0x0000000091900000| Untracked 
| 282|0x0000000091a00000, 0x0000000091a00000, 0x0000000091b00000|  0%| F|  |TAMS 0x0000000091a00000, 0x0000000091a00000| Untracked 
| 283|0x0000000091b00000, 0x0000000091b00000, 0x0000000091c00000|  0%| F|  |TAMS 0x0000000091b00000, 0x0000000091b00000| Untracked 
| 284|0x0000000091c00000, 0x0000000091c00000, 0x0000000091d00000|  0%| F|  |TAMS 0x0000000091c00000, 0x0000000091c00000| Untracked 
| 285|0x0000000091d00000, 0x0000000091d00000, 0x0000000091e00000|  0%| F|  |TAMS 0x0000000091d00000, 0x0000000091d00000| Untracked 
| 286|0x0000000091e00000, 0x0000000091e00000, 0x0000000091f00000|  0%| F|  |TAMS 0x0000000091e00000, 0x0000000091e00000| Untracked 
| 287|0x0000000091f00000, 0x0000000091f00000, 0x0000000092000000|  0%| F|  |TAMS 0x0000000091f00000, 0x0000000091f00000| Untracked 
| 288|0x0000000092000000, 0x0000000092000000, 0x0000000092100000|  0%| F|  |TAMS 0x0000000092000000, 0x0000000092000000| Untracked 
| 289|0x0000000092100000, 0x0000000092100000, 0x0000000092200000|  0%| F|  |TAMS 0x0000000092100000, 0x0000000092100000| Untracked 
| 290|0x0000000092200000, 0x0000000092200000, 0x0000000092300000|  0%| F|  |TAMS 0x0000000092200000, 0x0000000092200000| Untracked 
| 291|0x0000000092300000, 0x0000000092300000, 0x0000000092400000|  0%| F|  |TAMS 0x0000000092300000, 0x0000000092300000| Untracked 
| 292|0x0000000092400000, 0x0000000092400000, 0x0000000092500000|  0%| F|  |TAMS 0x0000000092400000, 0x0000000092400000| Untracked 
| 293|0x0000000092500000, 0x0000000092500000, 0x0000000092600000|  0%| F|  |TAMS 0x0000000092500000, 0x0000000092500000| Untracked 
| 294|0x0000000092600000, 0x0000000092600000, 0x0000000092700000|  0%| F|  |TAMS 0x0000000092600000, 0x0000000092600000| Untracked 
| 295|0x0000000092700000, 0x0000000092700000, 0x0000000092800000|  0%| F|  |TAMS 0x0000000092700000, 0x0000000092700000| Untracked 
| 296|0x0000000092800000, 0x0000000092800000, 0x0000000092900000|  0%| F|  |TAMS 0x0000000092800000, 0x0000000092800000| Untracked 
| 297|0x0000000092900000, 0x0000000092900000, 0x0000000092a00000|  0%| F|  |TAMS 0x0000000092900000, 0x0000000092900000| Untracked 
| 298|0x0000000092a00000, 0x0000000092a00000, 0x0000000092b00000|  0%| F|  |TAMS 0x0000000092a00000, 0x0000000092a00000| Untracked 
| 299|0x0000000092b00000, 0x0000000092b00000, 0x0000000092c00000|  0%| F|  |TAMS 0x0000000092b00000, 0x0000000092b00000| Untracked 
| 300|0x0000000092c00000, 0x0000000092c00000, 0x0000000092d00000|  0%| F|  |TAMS 0x0000000092c00000, 0x0000000092c00000| Untracked 
| 301|0x0000000092d00000, 0x0000000092d00000, 0x0000000092e00000|  0%| F|  |TAMS 0x0000000092d00000, 0x0000000092d00000| Untracked 
| 302|0x0000000092e00000, 0x0000000092e00000, 0x0000000092f00000|  0%| F|  |TAMS 0x0000000092e00000, 0x0000000092e00000| Untracked 
| 303|0x0000000092f00000, 0x0000000092f00000, 0x0000000093000000|  0%| F|  |TAMS 0x0000000092f00000, 0x0000000092f00000| Untracked 
| 304|0x0000000093000000, 0x0000000093000000, 0x0000000093100000|  0%| F|  |TAMS 0x0000000093000000, 0x0000000093000000| Untracked 
| 305|0x0000000093100000, 0x0000000093100000, 0x0000000093200000|  0%| F|  |TAMS 0x0000000093100000, 0x0000000093100000| Untracked 
| 306|0x0000000093200000, 0x0000000093200000, 0x0000000093300000|  0%| F|  |TAMS 0x0000000093200000, 0x0000000093200000| Untracked 
| 307|0x0000000093300000, 0x0000000093300000, 0x0000000093400000|  0%| F|  |TAMS 0x0000000093300000, 0x0000000093300000| Untracked 
| 308|0x0000000093400000, 0x0000000093400000, 0x0000000093500000|  0%| F|  |TAMS 0x0000000093400000, 0x0000000093400000| Untracked 
| 309|0x0000000093500000, 0x0000000093500000, 0x0000000093600000|  0%| F|  |TAMS 0x0000000093500000, 0x0000000093500000| Untracked 
| 310|0x0000000093600000, 0x0000000093600000, 0x0000000093700000|  0%| F|  |TAMS 0x0000000093600000, 0x0000000093600000| Untracked 
| 311|0x0000000093700000, 0x0000000093700000, 0x0000000093800000|  0%| F|  |TAMS 0x0000000093700000, 0x0000000093700000| Untracked 
| 312|0x0000000093800000, 0x0000000093800000, 0x0000000093900000|  0%| F|  |TAMS 0x0000000093800000, 0x0000000093800000| Untracked 
| 313|0x0000000093900000, 0x0000000093900000, 0x0000000093a00000|  0%| F|  |TAMS 0x0000000093900000, 0x0000000093900000| Untracked 
| 314|0x0000000093a00000, 0x0000000093a00000, 0x0000000093b00000|  0%| F|  |TAMS 0x0000000093a00000, 0x0000000093a00000| Untracked 
| 315|0x0000000093b00000, 0x0000000093b00000, 0x0000000093c00000|  0%| F|  |TAMS 0x0000000093b00000, 0x0000000093b00000| Untracked 
| 316|0x0000000093c00000, 0x0000000093c00000, 0x0000000093d00000|  0%| F|  |TAMS 0x0000000093c00000, 0x0000000093c00000| Untracked 
| 317|0x0000000093d00000, 0x0000000093dda098, 0x0000000093e00000| 85%| E|  |TAMS 0x0000000093d00000, 0x0000000093d00000| Complete 
| 318|0x0000000093e00000, 0x0000000093f00000, 0x0000000093f00000|100%| E|CS|TAMS 0x0000000093e00000, 0x0000000093e00000| Complete 
| 319|0x0000000093f00000, 0x0000000094000000, 0x0000000094000000|100%| E|CS|TAMS 0x0000000093f00000, 0x0000000093f00000| Complete 
| 320|0x0000000094000000, 0x0000000094100000, 0x0000000094100000|100%| E|CS|TAMS 0x0000000094000000, 0x0000000094000000| Complete 
| 321|0x0000000094100000, 0x0000000094200000, 0x0000000094200000|100%| E|CS|TAMS 0x0000000094100000, 0x0000000094100000| Complete 
| 322|0x0000000094200000, 0x0000000094300000, 0x0000000094300000|100%| E|CS|TAMS 0x0000000094200000, 0x0000000094200000| Complete 
| 323|0x0000000094300000, 0x0000000094400000, 0x0000000094400000|100%| E|CS|TAMS 0x0000000094300000, 0x0000000094300000| Complete 
| 324|0x0000000094400000, 0x0000000094500000, 0x0000000094500000|100%| E|CS|TAMS 0x0000000094400000, 0x0000000094400000| Complete 
| 325|0x0000000094500000, 0x0000000094600000, 0x0000000094600000|100%| E|CS|TAMS 0x0000000094500000, 0x0000000094500000| Complete 
| 326|0x0000000094600000, 0x0000000094700000, 0x0000000094700000|100%| E|CS|TAMS 0x0000000094600000, 0x0000000094600000| Complete 
| 327|0x0000000094700000, 0x0000000094800000, 0x0000000094800000|100%| E|CS|TAMS 0x0000000094700000, 0x0000000094700000| Complete 
| 328|0x0000000094800000, 0x0000000094900000, 0x0000000094900000|100%| E|CS|TAMS 0x0000000094800000, 0x0000000094800000| Complete 
| 329|0x0000000094900000, 0x0000000094a00000, 0x0000000094a00000|100%| E|CS|TAMS 0x0000000094900000, 0x0000000094900000| Complete 
| 330|0x0000000094a00000, 0x0000000094b00000, 0x0000000094b00000|100%| E|CS|TAMS 0x0000000094a00000, 0x0000000094a00000| Complete 
| 331|0x0000000094b00000, 0x0000000094c00000, 0x0000000094c00000|100%| E|CS|TAMS 0x0000000094b00000, 0x0000000094b00000| Complete 
| 332|0x0000000094c00000, 0x0000000094d00000, 0x0000000094d00000|100%| E|CS|TAMS 0x0000000094c00000, 0x0000000094c00000| Complete 
| 333|0x0000000094d00000, 0x0000000094e00000, 0x0000000094e00000|100%| E|CS|TAMS 0x0000000094d00000, 0x0000000094d00000| Complete 
| 334|0x0000000094e00000, 0x0000000094f00000, 0x0000000094f00000|100%| E|CS|TAMS 0x0000000094e00000, 0x0000000094e00000| Complete 
| 335|0x0000000094f00000, 0x0000000095000000, 0x0000000095000000|100%| E|CS|TAMS 0x0000000094f00000, 0x0000000094f00000| Complete 
| 336|0x0000000095000000, 0x0000000095100000, 0x0000000095100000|100%| E|CS|TAMS 0x0000000095000000, 0x0000000095000000| Complete 
| 337|0x0000000095100000, 0x0000000095200000, 0x0000000095200000|100%| E|CS|TAMS 0x0000000095100000, 0x0000000095100000| Complete 
| 338|0x0000000095200000, 0x0000000095300000, 0x0000000095300000|100%| E|CS|TAMS 0x0000000095200000, 0x0000000095200000| Complete 
| 339|0x0000000095300000, 0x0000000095400000, 0x0000000095400000|100%| E|CS|TAMS 0x0000000095300000, 0x0000000095300000| Complete 
| 340|0x0000000095400000, 0x0000000095500000, 0x0000000095500000|100%| E|CS|TAMS 0x0000000095400000, 0x0000000095400000| Complete 
| 341|0x0000000095500000, 0x0000000095600000, 0x0000000095600000|100%| E|CS|TAMS 0x0000000095500000, 0x0000000095500000| Complete 
| 342|0x0000000095600000, 0x0000000095700000, 0x0000000095700000|100%| E|CS|TAMS 0x0000000095600000, 0x0000000095600000| Complete 
| 343|0x0000000095700000, 0x0000000095800000, 0x0000000095800000|100%| E|CS|TAMS 0x0000000095700000, 0x0000000095700000| Complete 
| 344|0x0000000095800000, 0x0000000095900000, 0x0000000095900000|100%| E|CS|TAMS 0x0000000095800000, 0x0000000095800000| Complete 
| 345|0x0000000095900000, 0x0000000095a00000, 0x0000000095a00000|100%| E|  |TAMS 0x0000000095900000, 0x0000000095900000| Complete 
| 346|0x0000000095a00000, 0x0000000095b00000, 0x0000000095b00000|100%| E|CS|TAMS 0x0000000095a00000, 0x0000000095a00000| Complete 
| 347|0x0000000095b00000, 0x0000000095c00000, 0x0000000095c00000|100%| E|CS|TAMS 0x0000000095b00000, 0x0000000095b00000| Complete 
| 348|0x0000000095c00000, 0x0000000095d00000, 0x0000000095d00000|100%| E|CS|TAMS 0x0000000095c00000, 0x0000000095c00000| Complete 
| 349|0x0000000095d00000, 0x0000000095e00000, 0x0000000095e00000|100%| E|CS|TAMS 0x0000000095d00000, 0x0000000095d00000| Complete 

Card table byte_map: [0x00000214a5990000,0x00000214a5d90000] _byte_map_base: 0x00000214a5590000

Marking Bits (Prev, Next): (CMBitMap*) 0x0000021492deb8d0, (CMBitMap*) 0x0000021492deb890
 Prev Bits: [0x00000214a8190000, 0x00000214aa190000)
 Next Bits: [0x00000214a6190000, 0x00000214a8190000)

Polling page: 0x0000021490cd0000

Metaspace:

Usage:
  Non-class:    119.34 MB used.
      Class:     18.44 MB used.
       Both:    137.78 MB used.

Virtual space:
  Non-class space:      120.00 MB reserved,     119.81 MB (>99%) committed,  15 nodes.
      Class space:        1.00 GB reserved,      18.94 MB (  2%) committed,  1 nodes.
             Both:        1.12 GB reserved,     138.75 MB ( 12%) committed. 

Chunk freelists:
   Non-Class:  91.00 KB
       Class:  1.01 MB
        Both:  1.10 MB

MaxMetaspaceSize: unlimited
CompressedClassSpaceSize: 1.00 GB
Initial GC threshold: 21.00 MB
Current GC threshold: 160.75 MB
CDS: off
MetaspaceReclaimPolicy: balanced
 - commit_granule_bytes: 65536.
 - commit_granule_words: 8192.
 - virtual_space_node_default_size: 1048576.
 - enlarge_chunks_in_place: 1.
 - new_chunks_are_fully_committed: 0.
 - uncommit_free_chunks: 1.
 - use_allocation_guard: 0.
 - handle_deallocations: 1.


Internal statistics:

num_allocs_failed_limit: 9.
num_arena_births: 1710.
num_arena_deaths: 0.
num_vsnodes_births: 16.
num_vsnodes_deaths: 0.
num_space_committed: 2217.
num_space_uncommitted: 0.
num_chunks_returned_to_freelist: 9.
num_chunks_taken_from_freelist: 7180.
num_chunk_merges: 9.
num_chunk_splits: 4802.
num_chunks_enlarged: 3218.
num_purges: 0.
num_inconsistent_stats: 0.

CodeHeap 'non-profiled nmethods': size=120000Kb used=10730Kb max_used=10730Kb free=109269Kb
 bounds [0x000002149dd20000, 0x000002149e7a0000, 0x00000214a5250000]
CodeHeap 'profiled nmethods': size=120000Kb used=34844Kb max_used=34844Kb free=85156Kb
 bounds [0x0000021496250000, 0x0000021498460000, 0x000002149d780000]
CodeHeap 'non-nmethods': size=5760Kb used=2481Kb max_used=2539Kb free=3278Kb
 bounds [0x000002149d780000, 0x000002149da10000, 0x000002149dd20000]
 total_blobs=18891 nmethods=17859 adapters=943
 compilation: enabled
              stopped_count=0, restarted_count=0
 full_count=0

Compilation events (20 events):
Event: 812.356 Thread 0x00000214ad829e80 22001       3       org.gradle.internal.event.DefaultListenerManager$EventBroadcast::ensureAllWithLoggerInitialized (45 bytes)
Event: 812.357 Thread 0x00000214ad829e80 nmethod 22001 0x0000021496999790 code [0x0000021496999960, 0x0000021496999d78]
Event: 812.357 Thread 0x00000214ad829e80 21999       3       org.gradle.internal.event.DefaultListenerManager$EventBroadcast::<init> (135 bytes)
Event: 812.358 Thread 0x00000214ad829e80 nmethod 21999 0x0000021498448190 code [0x0000021498448500, 0x0000021498449bd8]
Event: 812.358 Thread 0x00000214ad829e80 22002       3       jdk.internal.reflect.ClassFileAssembler::opc_aload_2 (24 bytes)
Event: 812.359 Thread 0x00000214ad829e80 nmethod 22002 0x0000021496999110 code [0x00000214969992e0, 0x0000021496999628]
Event: 812.363 Thread 0x00000214ad8253b0 22003       4       jdk.internal.reflect.ClassFileAssembler::emitConstantPoolClass (23 bytes)
Event: 812.366 Thread 0x00000214ad829e80 22004  s    3       jdk.internal.reflect.MethodAccessorGenerator::generateName (101 bytes)
Event: 812.367 Thread 0x00000214ad829e80 nmethod 22004 0x000002149844a310 code [0x000002149844a640, 0x000002149844b608]
Event: 812.367 Thread 0x00000214ad829e80 22005       3       jdk.internal.reflect.ClassFileAssembler::opc_aload_0 (24 bytes)
Event: 812.368 Thread 0x00000214ad829e80 nmethod 22005 0x0000021496998a90 code [0x0000021496998c60, 0x0000021496998fa8]
Event: 812.368 Thread 0x00000214ad829e80 22006       3       jdk.internal.reflect.ClassFileAssembler::opc_return (12 bytes)
Event: 812.368 Thread 0x00000214ad829e80 nmethod 22006 0x000002149844ba90 code [0x000002149844bc40, 0x000002149844bf08]
Event: 812.368 Thread 0x00000214ad829e80 22007       3       jdk.internal.reflect.ClassFileAssembler::opc_arraylength (7 bytes)
Event: 812.369 Thread 0x00000214ad829e80 nmethod 22007 0x000002149844c090 code [0x000002149844c240, 0x000002149844c428]
Event: 812.369 Thread 0x00000214ad829e80 22008       3       jdk.internal.reflect.ClassFileAssembler::opc_areturn (12 bytes)
Event: 812.369 Thread 0x00000214ad829e80 nmethod 22008 0x000002149844c590 code [0x000002149844c740, 0x000002149844ca08]
Event: 812.369 Thread 0x00000214ad829e80 22009       3       jdk.internal.reflect.ClassDefiner::defineClass (33 bytes)
Event: 812.370 Thread 0x00000214ad829e80 nmethod 22009 0x000002149844cb90 code [0x000002149844cdc0, 0x000002149844d578]
Event: 812.370 Thread 0x00000214ad8253b0 nmethod 22003 0x000002149e627f90 code [0x000002149e628160, 0x000002149e6284c8]

GC Heap History (20 events):
Event: 13.956 GC heap before
{Heap before GC invocations=27 (full 0):
 garbage-first heap   total 179200K, used 104739K [0x0000000080000000, 0x0000000100000000)
  region size 1024K, 8 young (8192K), 4 survivors (4096K)
 Metaspace       used 100214K, committed 100992K, reserved 1138688K
  class space    used 13587K, committed 13952K, reserved 1048576K
}
Event: 13.961 GC heap after
{Heap after GC invocations=28 (full 0):
 garbage-first heap   total 179200K, used 103142K [0x0000000080000000, 0x0000000100000000)
  region size 1024K, 1 young (1024K), 1 survivors (1024K)
 Metaspace       used 100214K, committed 100992K, reserved 1138688K
  class space    used 13587K, committed 13952K, reserved 1048576K
}
Event: 14.494 GC heap before
{Heap before GC invocations=28 (full 0):
 garbage-first heap   total 179200K, used 151270K [0x0000000080000000, 0x0000000100000000)
  region size 1024K, 41 young (41984K), 1 survivors (1024K)
 Metaspace       used 101859K, committed 102656K, reserved 1138688K
  class space    used 13762K, committed 14144K, reserved 1048576K
}
Event: 14.504 GC heap after
{Heap after GC invocations=29 (full 0):
 garbage-first heap   total 179200K, used 122093K [0x0000000080000000, 0x0000000100000000)
  region size 1024K, 6 young (6144K), 6 survivors (6144K)
 Metaspace       used 101859K, committed 102656K, reserved 1138688K
  class space    used 13762K, committed 14144K, reserved 1048576K
}
Event: 14.592 GC heap before
{Heap before GC invocations=29 (full 0):
 garbage-first heap   total 179200K, used 146669K [0x0000000080000000, 0x0000000100000000)
  region size 1024K, 30 young (30720K), 6 survivors (6144K)
 Metaspace       used 101861K, committed 102656K, reserved 1138688K
  class space    used 13762K, committed 14144K, reserved 1048576K
}
Event: 14.599 GC heap after
{Heap after GC invocations=30 (full 0):
 garbage-first heap   total 358400K, used 126422K [0x0000000080000000, 0x0000000100000000)
  region size 1024K, 4 young (4096K), 4 survivors (4096K)
 Metaspace       used 101861K, committed 102656K, reserved 1138688K
  class space    used 13762K, committed 14144K, reserved 1048576K
}
Event: 15.630 GC heap before
{Heap before GC invocations=30 (full 0):
 garbage-first heap   total 358400K, used 253398K [0x0000000080000000, 0x0000000100000000)
  region size 1024K, 112 young (114688K), 4 survivors (4096K)
 Metaspace       used 105446K, committed 106176K, reserved 1146880K
  class space    used 14084K, committed 14464K, reserved 1048576K
}
Event: 15.641 GC heap after
{Heap after GC invocations=31 (full 0):
 garbage-first heap   total 358400K, used 135735K [0x0000000080000000, 0x0000000100000000)
  region size 1024K, 13 young (13312K), 13 survivors (13312K)
 Metaspace       used 105446K, committed 106176K, reserved 1146880K
  class space    used 14084K, committed 14464K, reserved 1048576K
}
Event: 18.148 GC heap before
{Heap before GC invocations=31 (full 0):
 garbage-first heap   total 358400K, used 249399K [0x0000000080000000, 0x0000000100000000)
  region size 1024K, 125 young (128000K), 13 survivors (13312K)
 Metaspace       used 109014K, committed 109824K, reserved 1146880K
  class space    used 14419K, committed 14848K, reserved 1048576K
}
Event: 18.161 GC heap after
{Heap after GC invocations=32 (full 0):
 garbage-first heap   total 358400K, used 139878K [0x0000000080000000, 0x0000000100000000)
  region size 1024K, 10 young (10240K), 10 survivors (10240K)
 Metaspace       used 109014K, committed 109824K, reserved 1146880K
  class space    used 14419K, committed 14848K, reserved 1048576K
}
Event: 27.919 GC heap before
{Heap before GC invocations=32 (full 0):
 garbage-first heap   total 358400K, used 266854K [0x0000000080000000, 0x0000000100000000)
  region size 1024K, 133 young (136192K), 10 survivors (10240K)
 Metaspace       used 118718K, committed 119616K, reserved 1155072K
  class space    used 15796K, committed 16256K, reserved 1048576K
}
Event: 27.933 GC heap after
{Heap after GC invocations=33 (full 0):
 garbage-first heap   total 358400K, used 149355K [0x0000000080000000, 0x0000000100000000)
  region size 1024K, 12 young (12288K), 12 survivors (12288K)
 Metaspace       used 118718K, committed 119616K, reserved 1155072K
  class space    used 15796K, committed 16256K, reserved 1048576K
}
Event: 29.401 GC heap before
{Heap before GC invocations=33 (full 0):
 garbage-first heap   total 358400K, used 269163K [0x0000000080000000, 0x0000000100000000)
  region size 1024K, 129 young (132096K), 12 survivors (12288K)
 Metaspace       used 130611K, committed 131520K, reserved 1163264K
  class space    used 17717K, committed 18176K, reserved 1048576K
}
Event: 29.411 GC heap after
{Heap after GC invocations=34 (full 0):
 garbage-first heap   total 358400K, used 150005K [0x0000000080000000, 0x0000000100000000)
  region size 1024K, 4 young (4096K), 4 survivors (4096K)
 Metaspace       used 130611K, committed 131520K, reserved 1163264K
  class space    used 17717K, committed 18176K, reserved 1048576K
}
Event: 766.532 GC heap before
{Heap before GC invocations=34 (full 0):
 garbage-first heap   total 358400K, used 292341K [0x0000000080000000, 0x0000000100000000)
  region size 1024K, 126 young (129024K), 4 survivors (4096K)
 Metaspace       used 138844K, committed 139776K, reserved 1171456K
  class space    used 18707K, committed 19136K, reserved 1048576K
}
Event: 766.547 GC heap after
{Heap after GC invocations=35 (full 0):
 garbage-first heap   total 358400K, used 153933K [0x0000000080000000, 0x0000000100000000)
  region size 1024K, 7 young (7168K), 7 survivors (7168K)
 Metaspace       used 138844K, committed 139776K, reserved 1171456K
  class space    used 18707K, committed 19136K, reserved 1048576K
}
Event: 772.253 GC heap before
{Heap before GC invocations=35 (full 0):
 garbage-first heap   total 358400K, used 301389K [0x0000000080000000, 0x0000000100000000)
  region size 1024K, 133 young (136192K), 7 survivors (7168K)
 Metaspace       used 140286K, committed 141312K, reserved 1171456K
  class space    used 18841K, committed 19328K, reserved 1048576K
}
Event: 772.272 GC heap after
{Heap after GC invocations=36 (full 0):
 garbage-first heap   total 358400K, used 164964K [0x0000000080000000, 0x0000000100000000)
  region size 1024K, 17 young (17408K), 17 survivors (17408K)
 Metaspace       used 140286K, committed 141312K, reserved 1171456K
  class space    used 18841K, committed 19328K, reserved 1048576K
}
Event: 777.284 GC heap before
{Heap before GC invocations=36 (full 0):
 garbage-first heap   total 358400K, used 287844K [0x0000000080000000, 0x0000000100000000)
  region size 1024K, 135 young (138240K), 17 survivors (17408K)
 Metaspace       used 140797K, committed 141824K, reserved 1171456K
  class space    used 18846K, committed 19392K, reserved 1048576K
}
Event: 777.306 GC heap after
{Heap after GC invocations=37 (full 0):
 garbage-first heap   total 358400K, used 170761K [0x0000000080000000, 0x0000000100000000)
  region size 1024K, 7 young (7168K), 7 survivors (7168K)
 Metaspace       used 140797K, committed 141824K, reserved 1171456K
  class space    used 18846K, committed 19392K, reserved 1048576K
}

Dll operation events (2 events):
Event: 0.009 Loaded shared library C:\Program Files\Android\Android Studio\jbr\bin\java.dll
Event: 0.504 Loaded shared library C:\Program Files\Android\Android Studio\jbr\bin\verify.dll

Deoptimization events (20 events):
Event: 778.149 Thread 0x00000214b332b930 DEOPT PACKING pc=0x0000021498291bc7 sp=0x000000f64e2fb380
Event: 778.149 Thread 0x00000214b332b930 DEOPT UNPACKING pc=0x000002149d7d7143 sp=0x000000f64e2fa898 mode 0
Event: 778.151 Thread 0x00000214b8fca800 Uncommon trap: trap_request=0xffffff45 fr.pc=0x000002149e4e0e60 relative=0x0000000000000a60
Event: 778.151 Thread 0x00000214b8fca800 Uncommon trap: reason=unstable_if action=reinterpret pc=0x000002149e4e0e60 method=java.lang.Thread.interrupted()Z @ 10 c2
Event: 778.151 Thread 0x00000214b8fca800 DEOPT PACKING pc=0x000002149e4e0e60 sp=0x000000f6567ff280
Event: 778.151 Thread 0x00000214b8fca800 DEOPT UNPACKING pc=0x000002149d7d69a3 sp=0x000000f6567ff198 mode 2
Event: 778.183 Thread 0x00000214b332b930 Uncommon trap: trap_request=0xffffffc6 fr.pc=0x000002149e067868 relative=0x0000000000000788
Event: 778.183 Thread 0x00000214b332b930 Uncommon trap: reason=bimorphic_or_optimized_type_check action=maybe_recompile pc=0x000002149e067868 method=java.util.stream.MatchOps$MatchOp.evaluateSequential(Ljava/util/stream/PipelineHelper;Ljava/util/Spliterator;)Ljava/lang/Boolean; @ 14 c2
Event: 778.183 Thread 0x00000214b332b930 DEOPT PACKING pc=0x000002149e067868 sp=0x000000f64e2fc2d0
Event: 778.183 Thread 0x00000214b332b930 DEOPT UNPACKING pc=0x000002149d7d69a3 sp=0x000000f64e2fc208 mode 2
Event: 778.251 Thread 0x00000214b332b460 Uncommon trap: trap_request=0xffffff45 fr.pc=0x000002149e3d1fec relative=0x000000000000066c
Event: 778.251 Thread 0x00000214b332b460 Uncommon trap: reason=unstable_if action=reinterpret pc=0x000002149e3d1fec method=com.esotericsoftware.kryo.io.Input.require(I)I @ 180 c2
Event: 778.251 Thread 0x00000214b332b460 DEOPT PACKING pc=0x000002149e3d1fec sp=0x000000f64c5ff290
Event: 778.251 Thread 0x00000214b332b460 DEOPT UNPACKING pc=0x000002149d7d69a3 sp=0x000000f64c5ff1c8 mode 2
Event: 812.304 Thread 0x00000214b332b930 Uncommon trap: trap_request=0xffffffc6 fr.pc=0x000002149e067868 relative=0x0000000000000788
Event: 812.304 Thread 0x00000214b332b930 Uncommon trap: reason=bimorphic_or_optimized_type_check action=maybe_recompile pc=0x000002149e067868 method=java.util.stream.MatchOps$MatchOp.evaluateSequential(Ljava/util/stream/PipelineHelper;Ljava/util/Spliterator;)Ljava/lang/Boolean; @ 14 c2
Event: 812.304 Thread 0x00000214b332b930 DEOPT PACKING pc=0x000002149e067868 sp=0x000000f64e2fbab0
Event: 812.304 Thread 0x00000214b332b930 DEOPT UNPACKING pc=0x000002149d7d69a3 sp=0x000000f64e2fb9e8 mode 2
Event: 812.318 Thread 0x00000214b332b930 DEOPT PACKING pc=0x000002149752a402 sp=0x000000f64e2fb3d0
Event: 812.318 Thread 0x00000214b332b930 DEOPT UNPACKING pc=0x000002149d7d7143 sp=0x000000f64e2fa8b0 mode 0

Classes unloaded (0 events):
No events

Classes redefined (0 events):
No events

Internal exceptions (20 events):
Event: 776.340 Thread 0x00000214addf1ad0 Exception <a 'sun/nio/fs/WindowsException'{0x0000000094439068}> (0x0000000094439068) 
thrown [s\src\hotspot\share\prims\jni.cpp, line 517]
Event: 777.189 Thread 0x00000214b8eae000 Exception <a 'sun/nio/fs/WindowsException'{0x000000008f9182e0}> (0x000000008f9182e0) 
thrown [s\src\hotspot\share\prims\jni.cpp, line 517]
Event: 777.189 Thread 0x00000214b8eae000 Exception <a 'sun/nio/fs/WindowsException'{0x000000008f9186f0}> (0x000000008f9186f0) 
thrown [s\src\hotspot\share\prims\jni.cpp, line 517]
Event: 777.198 Thread 0x00000214b8eae000 Exception <a 'sun/nio/fs/WindowsException'{0x000000008f946cb0}> (0x000000008f946cb0) 
thrown [s\src\hotspot\share\prims\jni.cpp, line 517]
Event: 777.199 Thread 0x00000214b8eae000 Exception <a 'sun/nio/fs/WindowsException'{0x000000008f9470c0}> (0x000000008f9470c0) 
thrown [s\src\hotspot\share\prims\jni.cpp, line 517]
Event: 777.205 Thread 0x00000214ae7bc530 Exception <a 'sun/nio/fs/WindowsException'{0x000000008f8cef20}> (0x000000008f8cef20) 
thrown [s\src\hotspot\share\prims\jni.cpp, line 517]
Event: 777.206 Thread 0x00000214b7936660 Exception <a 'sun/nio/fs/WindowsException'{0x000000008f86bcb8}> (0x000000008f86bcb8) 
thrown [s\src\hotspot\share\prims\jni.cpp, line 517]
Event: 777.218 Thread 0x00000214b7936660 Exception <a 'sun/nio/fs/WindowsException'{0x000000008f4dd0d0}> (0x000000008f4dd0d0) 
thrown [s\src\hotspot\share\prims\jni.cpp, line 517]
Event: 777.452 Thread 0x00000214ae7bc530 Exception <a 'sun/nio/fs/WindowsException'{0x00000000956a23e8}> (0x00000000956a23e8) 
thrown [s\src\hotspot\share\prims\jni.cpp, line 517]
Event: 777.502 Thread 0x00000214addf1ad0 Exception <a 'sun/nio/fs/WindowsException'{0x0000000095561c00}> (0x0000000095561c00) 
thrown [s\src\hotspot\share\prims\jni.cpp, line 517]
Event: 777.502 Thread 0x00000214addf1ad0 Exception <a 'sun/nio/fs/WindowsException'{0x0000000095562d38}> (0x0000000095562d38) 
thrown [s\src\hotspot\share\prims\jni.cpp, line 517]
Event: 777.502 Thread 0x00000214addf1ad0 Exception <a 'sun/nio/fs/WindowsException'{0x0000000095562da8}> (0x0000000095562da8) 
thrown [s\src\hotspot\share\prims\jni.cpp, line 517]
Event: 777.503 Thread 0x00000214addf1ad0 Exception <a 'sun/nio/fs/WindowsException'{0x0000000095563160}> (0x0000000095563160) 
thrown [s\src\hotspot\share\prims\jni.cpp, line 517]
Event: 777.617 Thread 0x00000214b7936190 Exception <a 'sun/nio/fs/WindowsException'{0x0000000095100478}> (0x0000000095100478) 
thrown [s\src\hotspot\share\prims\jni.cpp, line 517]
Event: 777.617 Thread 0x00000214b7936190 Exception <a 'sun/nio/fs/WindowsException'{0x0000000095100a70}> (0x0000000095100a70) 
thrown [s\src\hotspot\share\prims\jni.cpp, line 517]
Event: 778.053 Thread 0x00000214b7936190 Exception <a 'java/lang/NoSuchMethodError'{0x0000000094f56e50}: 'java.lang.Object java.lang.invoke.DirectMethodHandle$Holder.invokeVirtual(java.lang.Object, java.lang.Object, int)'> (0x0000000094f56e50) 
thrown [s\src\hotspot\share\interpreter\linkResolver.cpp, line 771]
Event: 778.140 Thread 0x00000214b332b930 Exception <a 'sun/nio/fs/WindowsException'{0x0000000094e08418}> (0x0000000094e08418) 
thrown [s\src\hotspot\share\prims\jni.cpp, line 517]
Event: 778.141 Thread 0x00000214b332b930 Exception <a 'sun/nio/fs/WindowsException'{0x0000000094e08808}> (0x0000000094e08808) 
thrown [s\src\hotspot\share\prims\jni.cpp, line 517]
Event: 778.141 Thread 0x00000214b332b930 Exception <a 'sun/nio/fs/WindowsException'{0x0000000094e0a710}> (0x0000000094e0a710) 
thrown [s\src\hotspot\share\prims\jni.cpp, line 517]
Event: 778.153 Thread 0x00000214b99dda30 Exception <a 'sun/nio/fs/WindowsException'{0x0000000094e58be8}> (0x0000000094e58be8) 
thrown [s\src\hotspot\share\prims\jni.cpp, line 517]

VM Operations (20 events):
Event: 772.168 Executing VM operation: HandshakeAllThreads
Event: 772.168 Executing VM operation: HandshakeAllThreads done
Event: 772.253 Executing VM operation: G1CollectForAllocation
Event: 772.272 Executing VM operation: G1CollectForAllocation done
Event: 774.272 Executing VM operation: Cleanup
Event: 774.272 Executing VM operation: Cleanup done
Event: 776.273 Executing VM operation: Cleanup
Event: 776.273 Executing VM operation: Cleanup done
Event: 776.895 Executing VM operation: ICBufferFull
Event: 776.896 Executing VM operation: ICBufferFull done
Event: 777.284 Executing VM operation: G1CollectForAllocation
Event: 777.306 Executing VM operation: G1CollectForAllocation done
Event: 778.306 Executing VM operation: Cleanup
Event: 778.307 Executing VM operation: Cleanup done
Event: 788.311 Executing VM operation: Cleanup
Event: 788.311 Executing VM operation: Cleanup done
Event: 803.327 Executing VM operation: Cleanup
Event: 803.327 Executing VM operation: Cleanup done
Event: 812.333 Executing VM operation: Cleanup
Event: 812.334 Executing VM operation: Cleanup done

Events (20 events):
Event: 778.227 Thread 0x00000214b5782760 Thread exited: 0x00000214b5782760
Event: 778.227 Thread 0x00000214b5784de0 Thread exited: 0x00000214b5784de0
Event: 778.227 Thread 0x00000214b91dd520 Thread exited: 0x00000214b91dd520
Event: 778.227 Thread 0x00000214af115c90 Thread exited: 0x00000214af115c90
Event: 778.230 Thread 0x00000214addf84d0 Thread exited: 0x00000214addf84d0
Event: 778.231 Thread 0x00000214b26bf670 Thread exited: 0x00000214b26bf670
Event: 778.241 Thread 0x00000214b332be00 Thread exited: 0x00000214b332be00
Event: 778.251 Thread 0x00000214b332af90 Thread exited: 0x00000214b332af90
Event: 778.252 Thread 0x00000214b332b460 Thread exited: 0x00000214b332b460
Event: 783.251 Thread 0x00000214b4aabce0 Thread exited: 0x00000214b4aabce0
Event: 812.265 Thread 0x00000214b6f006f0 Thread added: 0x00000214b6f006f0
Event: 812.274 Thread 0x00000214b6f00bc0 Thread added: 0x00000214b6f00bc0
Event: 812.287 Thread 0x00000214b6efeee0 Thread added: 0x00000214b6efeee0
Event: 812.288 Thread 0x00000214b6f04580 Thread added: 0x00000214b6f04580
Event: 812.289 Thread 0x00000214b26bc650 Thread added: 0x00000214b26bc650
Event: 812.318 Thread 0x00000214b5328680 Thread added: 0x00000214b5328680
Event: 812.327 Thread 0x00000214b6eff3b0 Thread added: 0x00000214b6eff3b0
Event: 812.333 Thread 0x00000214b6eff880 Thread added: 0x00000214b6eff880
Event: 812.340 Thread 0x00000214b8eae000 Thread added: 0x00000214b8eae000
Event: 812.345 Thread 0x00000214b26bd990 Thread added: 0x00000214b26bd990


Dynamic libraries:
0x00007ff780a10000 - 0x00007ff780a1a000 	C:\Program Files\Android\Android Studio\jbr\bin\java.exe
0x00007fff90990000 - 0x00007fff90ba7000 	C:\WINDOWS\SYSTEM32\ntdll.dll
0x00007fff8fb40000 - 0x00007fff8fc04000 	C:\WINDOWS\System32\KERNEL32.DLL
0x00007fff8e0a0000 - 0x00007fff8e446000 	C:\WINDOWS\System32\KERNELBASE.dll
0x00007fff8ddc0000 - 0x00007fff8ded1000 	C:\WINDOWS\System32\ucrtbase.dll
0x00007fff4a7e0000 - 0x00007fff4a7f7000 	C:\Program Files\Android\Android Studio\jbr\bin\jli.dll
0x00007fff89540000 - 0x00007fff8955b000 	C:\Program Files\Android\Android Studio\jbr\bin\VCRUNTIME140.dll
0x00007fff90720000 - 0x00007fff908ce000 	C:\WINDOWS\System32\USER32.dll
0x00007fff8e070000 - 0x00007fff8e096000 	C:\WINDOWS\System32\win32u.dll
0x00007fff902d0000 - 0x00007fff902f9000 	C:\WINDOWS\System32\GDI32.dll
0x00007fff819f0000 - 0x00007fff81c83000 	C:\WINDOWS\WinSxS\amd64_microsoft.windows.common-controls_6595b64144ccf1df_6.0.22621.2506_none_270c5ae97388e100\COMCTL32.dll
0x00007fff8e5c0000 - 0x00007fff8e6d8000 	C:\WINDOWS\System32\gdi32full.dll
0x00007fff8dfd0000 - 0x00007fff8e06a000 	C:\WINDOWS\System32\msvcp_win.dll
0x00007fff8f970000 - 0x00007fff8fa17000 	C:\WINDOWS\System32\msvcrt.dll
0x00007fff8f690000 - 0x00007fff8f6c1000 	C:\WINDOWS\System32\IMM32.DLL
0x00007fff891c0000 - 0x00007fff891cc000 	C:\Program Files\Android\Android Studio\jbr\bin\vcruntime140_1.dll
0x00007fff64c50000 - 0x00007fff64cdd000 	C:\Program Files\Android\Android Studio\jbr\bin\msvcp140.dll
0x00007fff20c90000 - 0x00007fff218fe000 	C:\Program Files\Android\Android Studio\jbr\bin\server\jvm.dll
0x00007fff8f410000 - 0x00007fff8f4c3000 	C:\WINDOWS\System32\ADVAPI32.dll
0x00007fff90550000 - 0x00007fff905f8000 	C:\WINDOWS\System32\sechost.dll
0x00007fff8dfa0000 - 0x00007fff8dfc8000 	C:\WINDOWS\System32\bcrypt.dll
0x00007fff8f6d0000 - 0x00007fff8f7e7000 	C:\WINDOWS\System32\RPCRT4.dll
0x00007fff71c00000 - 0x00007fff71c09000 	C:\WINDOWS\SYSTEM32\WSOCK32.dll
0x00007fff85ba0000 - 0x00007fff85baa000 	C:\WINDOWS\SYSTEM32\VERSION.dll
0x00007fff85a30000 - 0x00007fff85a64000 	C:\WINDOWS\SYSTEM32\WINMM.dll
0x00007fff8f7f0000 - 0x00007fff8f861000 	C:\WINDOWS\System32\WS2_32.dll
0x00007fff8cd70000 - 0x00007fff8cd88000 	C:\WINDOWS\SYSTEM32\kernel.appcore.dll
0x00007fff6c600000 - 0x00007fff6c60a000 	C:\Program Files\Android\Android Studio\jbr\bin\jimage.dll
0x00007fff7b2d0000 - 0x00007fff7b503000 	C:\WINDOWS\SYSTEM32\DBGHELP.DLL
0x00007fff8feb0000 - 0x00007fff90239000 	C:\WINDOWS\System32\combase.dll
0x00007fff8fa40000 - 0x00007fff8fb17000 	C:\WINDOWS\System32\OLEAUT32.dll
0x00007fff7b290000 - 0x00007fff7b2c2000 	C:\WINDOWS\SYSTEM32\dbgcore.DLL
0x00007fff8dd40000 - 0x00007fff8ddba000 	C:\WINDOWS\System32\bcryptPrimitives.dll
0x00007fff55570000 - 0x00007fff55595000 	C:\Program Files\Android\Android Studio\jbr\bin\java.dll
0x00007fff55500000 - 0x00007fff55518000 	C:\Program Files\Android\Android Studio\jbr\bin\zip.dll
0x00007fff8ebb0000 - 0x00007fff8f40a000 	C:\WINDOWS\System32\SHELL32.dll
0x00007fff8bc20000 - 0x00007fff8c516000 	C:\WINDOWS\SYSTEM32\windows.storage.dll
0x00007fff8bae0000 - 0x00007fff8bc1e000 	C:\WINDOWS\SYSTEM32\wintypes.dll
0x00007fff90300000 - 0x00007fff903f3000 	C:\WINDOWS\System32\SHCORE.dll
0x00007fff8fdc0000 - 0x00007fff8fe1e000 	C:\WINDOWS\System32\shlwapi.dll
0x00007fff8dc00000 - 0x00007fff8dc26000 	C:\WINDOWS\SYSTEM32\profapi.dll
0x00007fff4e310000 - 0x00007fff4e329000 	C:\Program Files\Android\Android Studio\jbr\bin\net.dll
0x00007fff87660000 - 0x00007fff87797000 	C:\WINDOWS\SYSTEM32\WINHTTP.dll
0x00007fff8d1f0000 - 0x00007fff8d259000 	C:\WINDOWS\system32\mswsock.dll
0x00007fff4e1d0000 - 0x00007fff4e1e6000 	C:\Program Files\Android\Android Studio\jbr\bin\nio.dll
0x00007fff5c4c0000 - 0x00007fff5c4d0000 	C:\Program Files\Android\Android Studio\jbr\bin\verify.dll
0x00007fff1b0c0000 - 0x00007fff1b0e7000 	C:\Users\23480\.gradle\native\68d5fa5c4cc2d200863cafc0d521ce42e7d3e7ee720ec0a83991735586a16f82\windows-amd64\native-platform.dll
0x00007fff57120000 - 0x00007fff57264000 	C:\Users\23480\.gradle\native\e376f236ea51e6404a007f0833ffe2c6e607c4080706a723a18a27aeea778392\windows-amd64\native-platform-file-events.dll
0x00007fff55300000 - 0x00007fff55309000 	C:\Program Files\Android\Android Studio\jbr\bin\management.dll
0x00007fff4d630000 - 0x00007fff4d63b000 	C:\Program Files\Android\Android Studio\jbr\bin\management_ext.dll
0x00007fff8fa20000 - 0x00007fff8fa28000 	C:\WINDOWS\System32\PSAPI.DLL
0x00007fff8d470000 - 0x00007fff8d48b000 	C:\WINDOWS\SYSTEM32\CRYPTSP.dll
0x00007fff8cc60000 - 0x00007fff8cc95000 	C:\WINDOWS\system32\rsaenh.dll
0x00007fff8d2e0000 - 0x00007fff8d30c000 	C:\WINDOWS\SYSTEM32\USERENV.dll
0x00007fff8d490000 - 0x00007fff8d49c000 	C:\WINDOWS\SYSTEM32\CRYPTBASE.dll
0x00007fff8c780000 - 0x00007fff8c7ad000 	C:\WINDOWS\SYSTEM32\IPHLPAPI.DLL
0x00007fff8fa30000 - 0x00007fff8fa39000 	C:\WINDOWS\System32\NSI.dll
0x00007fff86ba0000 - 0x00007fff86bb9000 	C:\WINDOWS\SYSTEM32\dhcpcsvc6.DLL
0x00007fff86020000 - 0x00007fff8603f000 	C:\WINDOWS\SYSTEM32\dhcpcsvc.DLL
0x00007fff8c7b0000 - 0x00007fff8c8a9000 	C:\WINDOWS\SYSTEM32\DNSAPI.dll
0x00007fff4d280000 - 0x00007fff4d288000 	C:\WINDOWS\system32\wshunix.dll
0x00007fff5c710000 - 0x00007fff5c727000 	C:\WINDOWS\system32\napinsp.dll
0x00007fff5c6f0000 - 0x00007fff5c70b000 	C:\WINDOWS\system32\pnrpnsp.dll
0x00007fff5c6d0000 - 0x00007fff5c6e1000 	C:\WINDOWS\System32\winrnr.dll
0x00007fff843c0000 - 0x00007fff843d5000 	C:\WINDOWS\system32\wshbth.dll
0x00007fff5c6a0000 - 0x00007fff5c6c1000 	C:\WINDOWS\system32\nlansp_c.dll
0x000000005a270000 - 0x000000005a296000 	C:\Program Files\Bonjour\mdnsNSP.dll
0x00007fff81d40000 - 0x00007fff81d4a000 	C:\Windows\System32\rasadhlp.dll
0x00007fff844f0000 - 0x00007fff84573000 	C:\WINDOWS\System32\fwpuclnt.dll
0x00007fff8cd90000 - 0x00007fff8cdc4000 	C:\WINDOWS\SYSTEM32\ntmarta.dll
0x00007fff79490000 - 0x00007fff794ae000 	C:\Users\23480\AppData\Local\Temp\native-platform3795822939046099918dir\native-platform.dll
0x00007fff79a90000 - 0x00007fff79a97000 	C:\Program Files\Android\Android Studio\jbr\bin\rmi.dll

dbghelp: loaded successfully - version: 4.0.5 - missing functions: none
symbol engine: initialized successfully - sym options: 0x614 - pdb path: .;C:\Program Files\Android\Android Studio\jbr\bin;C:\WINDOWS\SYSTEM32;C:\WINDOWS\WinSxS\amd64_microsoft.windows.common-controls_6595b64144ccf1df_6.0.22621.2506_none_270c5ae97388e100;C:\Program Files\Android\Android Studio\jbr\bin\server;C:\Users\23480\.gradle\native\68d5fa5c4cc2d200863cafc0d521ce42e7d3e7ee720ec0a83991735586a16f82\windows-amd64;C:\Users\23480\.gradle\native\e376f236ea51e6404a007f0833ffe2c6e607c4080706a723a18a27aeea778392\windows-amd64;C:\Program Files\Bonjour;C:\Users\23480\AppData\Local\Temp\native-platform3795822939046099918dir

VM Arguments:
jvm_args: --add-opens=java.base/java.util=ALL-UNNAMED --add-opens=java.base/java.lang=ALL-UNNAMED --add-opens=java.base/java.lang.invoke=ALL-UNNAMED --add-opens=java.prefs/java.util.prefs=ALL-UNNAMED --add-opens=java.base/java.nio.charset=ALL-UNNAMED --add-opens=java.base/java.net=ALL-UNNAMED --add-opens=java.base/java.util.concurrent.atomic=ALL-UNNAMED -Xmx2048m -Dfile.encoding=UTF-8 -Duser.country=US -Duser.language=en -Duser.variant 
java_command: org.gradle.launcher.daemon.bootstrap.GradleDaemon 8.0
java_class_path (initial): C:\Users\23480\.gradle\wrapper\dists\gradle-8.0-bin\ca5e32bp14vu59qr306oxotwh\gradle-8.0\lib\gradle-launcher-8.0.jar
Launcher Type: SUN_STANDARD

[Global flags]
     intx CICompilerCount                          = 4                                         {product} {ergonomic}
     uint ConcGCThreads                            = 2                                         {product} {ergonomic}
     uint G1ConcRefinementThreads                  = 8                                         {product} {ergonomic}
   size_t G1HeapRegionSize                         = 1048576                                   {product} {ergonomic}
    uintx GCDrainStackTargetSize                   = 64                                        {product} {ergonomic}
   size_t InitialHeapSize                          = 123731968                                 {product} {ergonomic}
   size_t MarkStackSize                            = 4194304                                   {product} {ergonomic}
   size_t MaxHeapSize                              = 2147483648                                {product} {command line}
   size_t MaxNewSize                               = 1287651328                                {product} {ergonomic}
   size_t MinHeapDeltaBytes                        = 1048576                                   {product} {ergonomic}
   size_t MinHeapSize                              = 8388608                                   {product} {ergonomic}
    uintx NonNMethodCodeHeapSize                   = 5839372                                {pd product} {ergonomic}
    uintx NonProfiledCodeHeapSize                  = 122909434                              {pd product} {ergonomic}
    uintx ProfiledCodeHeapSize                     = 122909434                              {pd product} {ergonomic}
    uintx ReservedCodeCacheSize                    = 251658240                              {pd product} {ergonomic}
     bool SegmentedCodeCache                       = true                                      {product} {ergonomic}
   size_t SoftMaxHeapSize                          = 2147483648                             {manageable} {ergonomic}
     bool UseCompressedClassPointers               = true                           {product lp64_product} {ergonomic}
     bool UseCompressedOops                        = true                           {product lp64_product} {ergonomic}
     bool UseG1GC                                  = true                                      {product} {ergonomic}
     bool UseLargePagesIndividualAllocation        = false                                  {pd product} {ergonomic}

Logging:
Log output configuration:
 #0: stdout all=warning uptime,level,tags
 #1: stderr all=off uptime,level,tags

Environment Variables:
PATH=C:\WINDOWS\system32;C:\WINDOWS;C:\WINDOWS\System32\Wbem;C:\WINDOWS\System32\WindowsPowerShell\v1.0\;C:\WINDOWS\System32\OpenSSH\;C:\Program Files\nodejs\;C:\Program Files\Git\cmd;C:\Users\23480\AppData\Local\Programs\Python\Python311\Scripts\;C:\Users\23480\AppData\Local\Programs\Python\Python311\;C:\Users\23480\AppData\Local\Microsoft\WindowsApps;C:\Users\23480\AppData\Local\atom\bin;C:\Users\23480\AppData\Local\Programs\Microsoft VS Code\bin;C:\Users\23480\AppData\Local\Microsoft\WindowsApps;;C:\Program Files\JetBrains\IntelliJ IDEA Community Edition 2023.2.1\bin;;C:\Users\23480\AppData\Roaming\npm
USERNAME=23480
OS=Windows_NT
PROCESSOR_IDENTIFIER=AMD64 Family 23 Model 104 Stepping 1, AuthenticAMD
TMP=C:\Users\23480\AppData\Local\Temp
TEMP=C:\Users\23480\AppData\Local\Temp


JNI global refs:
JNI global refs: 27, weak refs: 0

JNI global refs memory usage: 843, weak refs: 841


---------------  S Y S T E M  ---------------

OS:
 Windows 11 , 64 bit Build 22621 (10.0.22621.2506)
OS uptime: 0 days 1:07 hours

CPU: total 8 (initial active 8) (8 cores per cpu, 2 threads per core) family 23 model 104 stepping 1 microcode 0x0, cx8, cmov, fxsr, ht, mmx, 3dnowpref, sse, sse2, sse3, ssse3, sse4a, sse4.1, sse4.2, popcnt, lzcnt, tsc, tscinvbit, avx, avx2, aes, clmul, bmi1, bmi2, adx, sha, fma, vzeroupper, clflush, clflushopt

Memory: 4k page, system-wide physical 7502M (410M free)
TotalPageFile size 11571M (AvailPageFile size 1M)
current process WorkingSet (physical memory assigned to process): 506M, peak: 709M
current process commit charge ("private bytes"): 728M, peak: 760M

vm_info: OpenJDK 64-Bit Server VM (17.0.6+0-b2043.56-10027231) for windows-amd64 JRE (17.0.6+0-b2043.56-10027231), built on Apr 28 2023 00:43:19 by "androidbuild" with MS VC++ 16.10 / 16.11 (VS2019)

END.
