#
# There is insufficient memory for the Java Runtime Environment to continue.
# Native memory allocation (malloc) failed to allocate 1500064 bytes for Chunk::new
# Possible reasons:
#   The system is out of physical RAM or swap space
#   The process is running with CompressedOops enabled, and the Java Heap may be blocking the growth of the native heap
# Possible solutions:
#   Reduce memory load on the system
#   Increase physical memory or swap space
#   Check if swap backing store is full
#   Decrease Java heap size (-Xmx/-Xms)
#   Decrease number of Java threads
#   Decrease Java thread stack sizes (-Xss)
#   Set larger code cache with -XX:ReservedCodeCacheSize=
#   JVM is running with Unscaled Compressed Oops mode in which the Java heap is
#     placed in the first 4GB address space. The Java Heap base address is the
#     maximum limit for the native heap growth. Please use -XX:HeapBaseMinAddress
#     to set the Java Heap base and to place the Java Heap above 4GB virtual address.
# This output file may be truncated or incomplete.
#
#  Out of Memory Error (arena.cpp:191), pid=5356, tid=9604
#
# JRE version: OpenJDK Runtime Environment (17.0.10) (build 17.0.10+0--11609105)
# Java VM: OpenJDK 64-Bit Server VM (17.0.10+0--11609105, mixed mode, tiered, compressed oops, compressed class ptrs, g1 gc, windows-amd64)
# No core dump will be written. Minidumps are not enabled by default on client versions of Windows
#

---------------  S U M M A R Y ------------

Command Line: --add-opens=java.base/java.util=ALL-UNNAMED --add-opens=java.base/java.lang=ALL-UNNAMED --add-opens=java.base/java.lang.invoke=ALL-UNNAMED --add-opens=java.prefs/java.util.prefs=ALL-UNNAMED --add-opens=java.base/java.nio.charset=ALL-UNNAMED --add-opens=java.base/java.net=ALL-UNNAMED --add-opens=java.base/java.util.concurrent.atomic=ALL-UNNAMED -Xmx2048m -Dfile.encoding=UTF-8 -Duser.country=US -Duser.language=en -Duser.variant org.gradle.launcher.daemon.bootstrap.GradleDaemon 8.0

Host: AMD Ryzen 3 5300U with Radeon Graphics         , 8 cores, 7G,  Windows 11 , 64 bit Build 22621 (10.0.22621.3672)
Time: Thu Aug  8 15:39:22 2024 W. Central Africa Standard Time elapsed time: 5.140644 seconds (0d 0h 0m 5s)

---------------  T H R E A D  ---------------

Current thread (0x00000179ab4d7270):  JavaThread "C2 CompilerThread1" daemon [_thread_in_native, id=9604, stack(0x0000001819c00000,0x0000001819d00000)]


Current CompileTask:
C2:   5140 3879       4       java.net.URLClassLoader$1::run (5 bytes)

Stack: [0x0000001819c00000,0x0000001819d00000]
Native frames: (J=compiled Java code, j=interpreted, Vv=VM code, C=native code)
V  [jvm.dll+0x688de9]
V  [jvm.dll+0x8423da]
V  [jvm.dll+0x84401e]
V  [jvm.dll+0x844683]
V  [jvm.dll+0x24be0f]
V  [jvm.dll+0xac524]
V  [jvm.dll+0xacb6c]
V  [jvm.dll+0x36bd67]
V  [jvm.dll+0x1be002]
V  [jvm.dll+0x21dbf9]
V  [jvm.dll+0x21cec1]
V  [jvm.dll+0x1a60ad]
V  [jvm.dll+0x22cd78]
V  [jvm.dll+0x22aeb0]
V  [jvm.dll+0x7f6877]
V  [jvm.dll+0x7f0c7a]
V  [jvm.dll+0x687c65]
C  [ucrtbase.dll+0x29333]
C  [KERNEL32.DLL+0x1257d]
C  [ntdll.dll+0x5af28]


---------------  P R O C E S S  ---------------

Threads class SMR info:
_java_thread_list=0x00000179b37ab500, length=38, elements={
0x000001799114c330, 0x00000179aaf9d1d0, 0x00000179aaf9e050, 0x00000179ab11e6d0,
0x00000179ab11f1a0, 0x00000179ab11fd60, 0x00000179ab125270, 0x00000179ab126370,
0x00000179ab12e270, 0x00000179ab132790, 0x00000179ab2b0960, 0x00000179ab2b3e60,
0x00000179ab4d7270, 0x00000179b0e22270, 0x00000179b1153440, 0x00000179b090e030,
0x00000179b0975af0, 0x00000179b039e290, 0x00000179b0366ac0, 0x00000179b12b8e50,
0x00000179b0571080, 0x00000179b0574830, 0x00000179b0571590, 0x00000179b0571fb0,
0x00000179b0573900, 0x00000179b05729d0, 0x00000179b0572ee0, 0x00000179b05733f0,
0x00000179b0574320, 0x00000179b30cb770, 0x00000179b30cd5d0, 0x00000179b30ccbb0,
0x00000179b30cc6a0, 0x00000179b30cdff0, 0x00000179b30cef20, 0x00000179b30cc190,
0x00000179b30cf430, 0x00000179b30cbc80
}

Java Threads: ( => current thread )
  0x000001799114c330 JavaThread "main" [_thread_blocked, id=17124, stack(0x0000001818900000,0x0000001818a00000)]
  0x00000179aaf9d1d0 JavaThread "Reference Handler" daemon [_thread_blocked, id=17604, stack(0x0000001819000000,0x0000001819100000)]
  0x00000179aaf9e050 JavaThread "Finalizer" daemon [_thread_blocked, id=7192, stack(0x0000001819100000,0x0000001819200000)]
  0x00000179ab11e6d0 JavaThread "Signal Dispatcher" daemon [_thread_blocked, id=9568, stack(0x0000001819200000,0x0000001819300000)]
  0x00000179ab11f1a0 JavaThread "Attach Listener" daemon [_thread_blocked, id=8148, stack(0x0000001819300000,0x0000001819400000)]
  0x00000179ab11fd60 JavaThread "Service Thread" daemon [_thread_blocked, id=17140, stack(0x0000001819400000,0x0000001819500000)]
  0x00000179ab125270 JavaThread "Monitor Deflation Thread" daemon [_thread_blocked, id=12320, stack(0x0000001819500000,0x0000001819600000)]
  0x00000179ab126370 JavaThread "C2 CompilerThread0" daemon [_thread_in_native, id=7948, stack(0x0000001819600000,0x0000001819700000)]
  0x00000179ab12e270 JavaThread "C1 CompilerThread0" daemon [_thread_blocked, id=10004, stack(0x0000001819700000,0x0000001819800000)]
  0x00000179ab132790 JavaThread "Sweeper thread" daemon [_thread_blocked, id=5516, stack(0x0000001819800000,0x0000001819900000)]
  0x00000179ab2b0960 JavaThread "Common-Cleaner" daemon [_thread_blocked, id=8596, stack(0x0000001819900000,0x0000001819a00000)]
  0x00000179ab2b3e60 JavaThread "Notification Thread" daemon [_thread_blocked, id=7992, stack(0x0000001819a00000,0x0000001819b00000)]
=>0x00000179ab4d7270 JavaThread "C2 CompilerThread1" daemon [_thread_in_native, id=9604, stack(0x0000001819c00000,0x0000001819d00000)]
  0x00000179b0e22270 JavaThread "Daemon health stats" [_thread_blocked, id=11104, stack(0x000000181a100000,0x000000181a200000)]
  0x00000179b1153440 JavaThread "Incoming local TCP Connector on port 50450" [_thread_in_native, id=2404, stack(0x000000181a200000,0x000000181a300000)]
  0x00000179b090e030 JavaThread "Daemon periodic checks" [_thread_blocked, id=1448, stack(0x000000181a300000,0x000000181a400000)]
  0x00000179b0975af0 JavaThread "Daemon" [_thread_blocked, id=5152, stack(0x000000181a400000,0x000000181a500000)]
  0x00000179b039e290 JavaThread "Handler for socket connection from /127.0.0.1:50450 to /127.0.0.1:50451" [_thread_in_native, id=1340, stack(0x000000181a500000,0x000000181a600000)]
  0x00000179b0366ac0 JavaThread "Cancel handler" [_thread_blocked, id=11396, stack(0x000000181a600000,0x000000181a700000)]
  0x00000179b12b8e50 JavaThread "Daemon worker" [_thread_in_vm, id=16456, stack(0x000000181a700000,0x000000181a800000)]
  0x00000179b0571080 JavaThread "Asynchronous log dispatcher for DefaultDaemonConnection: socket connection from /127.0.0.1:50450 to /127.0.0.1:50451" [_thread_blocked, id=5200, stack(0x000000181a800000,0x000000181a900000)]
  0x00000179b0574830 JavaThread "Stdin handler" [_thread_blocked, id=17812, stack(0x000000181a900000,0x000000181aa00000)]
  0x00000179b0571590 JavaThread "Daemon client event forwarder" [_thread_blocked, id=6360, stack(0x000000181aa00000,0x000000181ab00000)]
  0x00000179b0571fb0 JavaThread "Cache worker for journal cache (C:\Users\23480\.gradle\caches\journal-1)" [_thread_blocked, id=5160, stack(0x000000181af00000,0x000000181b000000)]
  0x00000179b0573900 JavaThread "File lock request listener" [_thread_in_native, id=5112, stack(0x000000181b000000,0x000000181b100000)]
  0x00000179b05729d0 JavaThread "Cache worker for file hash cache (C:\Users\23480\.gradle\caches\8.0\fileHashes)" [_thread_blocked, id=1276, stack(0x000000181b100000,0x000000181b200000)]
  0x00000179b0572ee0 JavaThread "File watcher server" daemon [_thread_in_native, id=5400, stack(0x000000181b200000,0x000000181b300000)]
  0x00000179b05733f0 JavaThread "File watcher consumer" daemon [_thread_blocked, id=12644, stack(0x000000181b300000,0x000000181b400000)]
  0x00000179b0574320 JavaThread "Cache worker for checksums cache (C:\Users\23480\Documents\androidproject\OpeyemisChat\.gradle\8.0\checksums)" [_thread_blocked, id=13140, stack(0x000000181b400000,0x000000181b500000)]
  0x00000179b30cb770 JavaThread "Cache worker for cache directory md-rule (C:\Users\23480\.gradle\caches\8.0\md-rule)" [_thread_blocked, id=16396, stack(0x000000181b500000,0x000000181b600000)]
  0x00000179b30cd5d0 JavaThread "Cache worker for file content cache (C:\Users\23480\.gradle\caches\8.0\fileContent)" [_thread_blocked, id=12304, stack(0x000000181b600000,0x000000181b700000)]
  0x00000179b30ccbb0 JavaThread "Cache worker for file hash cache (C:\Users\23480\Documents\androidproject\OpeyemisChat\.gradle\8.0\fileHashes)" [_thread_blocked, id=10916, stack(0x000000181b700000,0x000000181b800000)]
  0x00000179b30cc6a0 JavaThread "Cache worker for cache directory md-supplier (C:\Users\23480\.gradle\caches\8.0\md-supplier)" [_thread_blocked, id=12548, stack(0x000000181b800000,0x000000181b900000)]
  0x00000179b30cdff0 JavaThread "Cache worker for execution history cache (C:\Users\23480\.gradle\caches\8.0\executionHistory)" [_thread_blocked, id=6948, stack(0x000000181b900000,0x000000181ba00000)]
  0x00000179b30cef20 JavaThread "Cache worker for kotlin-dsl (C:\Users\23480\.gradle\caches\8.0\kotlin-dsl)" [_thread_blocked, id=5132, stack(0x000000181ba00000,0x000000181bb00000)]
  0x00000179b30cc190 JavaThread "jar transforms" [_thread_blocked, id=6748, stack(0x000000181bb00000,0x000000181bc00000)]
  0x00000179b30cf430 JavaThread "jar transforms Thread 2" [_thread_blocked, id=2396, stack(0x000000181bc00000,0x000000181bd00000)]
  0x00000179b30cbc80 JavaThread "Cache worker for dependencies-accessors (C:\Users\23480\Documents\androidproject\OpeyemisChat\.gradle\8.0\dependencies-accessors)" [_thread_blocked, id=18144, stack(0x000000181bd00000,0x000000181be00000)]

Other Threads:
  0x00000179aaf994b0 VMThread "VM Thread" [stack: 0x0000001818f00000,0x0000001819000000] [id=1816]
  0x00000179ab2a25c0 WatcherThread [stack: 0x0000001819b00000,0x0000001819c00000] [id=3108]
  0x00000179911a54b0 GCTaskThread "GC Thread#0" [stack: 0x0000001818a00000,0x0000001818b00000] [id=11544]
  0x00000179b009b9a0 GCTaskThread "GC Thread#1" [stack: 0x0000001819d00000,0x0000001819e00000] [id=9192]
  0x00000179b024ca20 GCTaskThread "GC Thread#2" [stack: 0x0000001819e00000,0x0000001819f00000] [id=11404]
  0x00000179b023ee00 GCTaskThread "GC Thread#3" [stack: 0x0000001819f00000,0x000000181a000000] [id=18172]
  0x00000179b0a128d0 GCTaskThread "GC Thread#4" [stack: 0x000000181a000000,0x000000181a100000] [id=10680]
  0x00000179b18ff060 GCTaskThread "GC Thread#5" [stack: 0x000000181ab00000,0x000000181ac00000] [id=17764]
  0x00000179b0ca8420 GCTaskThread "GC Thread#6" [stack: 0x000000181ac00000,0x000000181ad00000] [id=7060]
  0x00000179b1b2f490 GCTaskThread "GC Thread#7" [stack: 0x000000181ad00000,0x000000181ae00000] [id=17796]
  0x00000179911b6400 ConcurrentGCThread "G1 Main Marker" [stack: 0x0000001818b00000,0x0000001818c00000] [id=17416]
  0x00000179911b6e20 ConcurrentGCThread "G1 Conc#0" [stack: 0x0000001818c00000,0x0000001818d00000] [id=17624]
  0x00000179b1180200 ConcurrentGCThread "G1 Conc#1" [stack: 0x000000181ae00000,0x000000181af00000] [id=1344]
  0x00000179aae03500 ConcurrentGCThread "G1 Refine#0" [stack: 0x0000001818d00000,0x0000001818e00000] [id=18152]
  0x00000179911fbd60 ConcurrentGCThread "G1 Service" [stack: 0x0000001818e00000,0x0000001818f00000] [id=16484]

Threads with active compile tasks:
C2 CompilerThread0     5166 3938   !   4       java.net.URLClassLoader::findClass (47 bytes)
C2 CompilerThread1     5166 3879       4       java.net.URLClassLoader$1::run (5 bytes)

VM state: not at safepoint (normal execution)

VM Mutex/Monitor currently owned by a thread: None

Heap address: 0x0000000080000000, size: 2048 MB, Compressed Oops mode: 32-bit

CDS archive(s) not mapped
Compressed class space mapped at: 0x0000000100000000-0x0000000140000000, reserved size: 1073741824
Narrow klass base: 0x0000000000000000, Narrow klass shift: 3, Narrow klass range: 0x140000000

GC Precious Log:
 CPUs: 8 total, 8 available
 Memory: 7502M
 Large Page Support: Disabled
 NUMA Support: Disabled
 Compressed Oops: Enabled (32-bit)
 Heap Region Size: 1M
 Heap Min Capacity: 8M
 Heap Initial Capacity: 118M
 Heap Max Capacity: 2G
 Pre-touch: Disabled
 Parallel Workers: 8
 Concurrent Workers: 2
 Concurrent Refinement Workers: 8
 Periodic GC: Disabled

Heap:
 garbage-first heap   total 82944K, used 58747K [0x0000000080000000, 0x0000000100000000)
  region size 1024K, 32 young (32768K), 2 survivors (2048K)
 Metaspace       used 46151K, committed 46528K, reserved 1114112K
  class space    used 6206K, committed 6400K, reserved 1048576K

Heap Regions: E=young(eden), S=young(survivor), O=old, HS=humongous(starts), HC=humongous(continues), CS=collection set, F=free, OA=open archive, CA=closed archive, TAMS=top-at-mark-start (previous, next)
|   0|0x0000000080000000, 0x0000000080100000, 0x0000000080100000|100%|HS|  |TAMS 0x0000000080100000, 0x0000000080000000| Complete 
|   1|0x0000000080100000, 0x0000000080200000, 0x0000000080200000|100%|HC|  |TAMS 0x0000000080200000, 0x0000000080100000| Complete 
|   2|0x0000000080200000, 0x0000000080300000, 0x0000000080300000|100%|HC|  |TAMS 0x0000000080300000, 0x0000000080200000| Complete 
|   3|0x0000000080300000, 0x0000000080400000, 0x0000000080400000|100%|HC|  |TAMS 0x0000000080400000, 0x0000000080300000| Complete 
|   4|0x0000000080400000, 0x0000000080500000, 0x0000000080500000|100%| O|  |TAMS 0x0000000080500000, 0x0000000080400000| Untracked 
|   5|0x0000000080500000, 0x0000000080600000, 0x0000000080600000|100%| O|  |TAMS 0x0000000080600000, 0x0000000080500000| Untracked 
|   6|0x0000000080600000, 0x0000000080700000, 0x0000000080700000|100%| O|  |TAMS 0x0000000080700000, 0x0000000080600000| Untracked 
|   7|0x0000000080700000, 0x0000000080800000, 0x0000000080800000|100%| O|  |TAMS 0x0000000080800000, 0x0000000080700000| Untracked 
|   8|0x0000000080800000, 0x0000000080900000, 0x0000000080900000|100%| O|  |TAMS 0x0000000080900000, 0x0000000080800000| Untracked 
|   9|0x0000000080900000, 0x0000000080a00000, 0x0000000080a00000|100%| O|  |TAMS 0x0000000080a00000, 0x0000000080900000| Untracked 
|  10|0x0000000080a00000, 0x0000000080aec000, 0x0000000080b00000| 92%| O|  |TAMS 0x0000000080aec000, 0x0000000080a00000| Untracked 
|  11|0x0000000080b00000, 0x0000000080c00000, 0x0000000080c00000|100%| O|  |TAMS 0x0000000080c00000, 0x0000000080b00000| Untracked 
|  12|0x0000000080c00000, 0x0000000080d00000, 0x0000000080d00000|100%| O|  |TAMS 0x0000000080d00000, 0x0000000080c00000| Untracked 
|  13|0x0000000080d00000, 0x0000000080e00000, 0x0000000080e00000|100%| O|  |TAMS 0x0000000080e00000, 0x0000000080d00000| Untracked 
|  14|0x0000000080e00000, 0x0000000080f00000, 0x0000000080f00000|100%| O|  |TAMS 0x0000000080f00000, 0x0000000080e00000| Untracked 
|  15|0x0000000080f00000, 0x0000000081000000, 0x0000000081000000|100%| O|  |TAMS 0x0000000081000000, 0x0000000080f00000| Untracked 
|  16|0x0000000081000000, 0x0000000081100000, 0x0000000081100000|100%| O|  |TAMS 0x0000000081000000, 0x0000000081000000| Untracked 
|  17|0x0000000081100000, 0x0000000081200000, 0x0000000081200000|100%| O|  |TAMS 0x0000000081100000, 0x0000000081100000| Untracked 
|  18|0x0000000081200000, 0x0000000081200000, 0x0000000081300000|  0%| F|  |TAMS 0x0000000081200000, 0x0000000081200000| Untracked 
|  19|0x0000000081300000, 0x0000000081400000, 0x0000000081400000|100%| O|  |TAMS 0x0000000081300000, 0x0000000081300000| Untracked 
|  20|0x0000000081400000, 0x0000000081500000, 0x0000000081500000|100%| O|  |TAMS 0x0000000081400000, 0x0000000081400000| Untracked 
|  21|0x0000000081500000, 0x0000000081600000, 0x0000000081600000|100%| O|  |TAMS 0x0000000081500000, 0x0000000081500000| Untracked 
|  22|0x0000000081600000, 0x00000000816a4600, 0x0000000081700000| 64%| O|  |TAMS 0x0000000081600000, 0x0000000081600000| Untracked 
|  23|0x0000000081700000, 0x0000000081800000, 0x0000000081800000|100%| O|  |TAMS 0x0000000081800000, 0x0000000081700000| Untracked 
|  24|0x0000000081800000, 0x0000000081900000, 0x0000000081900000|100%| O|  |TAMS 0x0000000081900000, 0x0000000081800000| Untracked 
|  25|0x0000000081900000, 0x0000000081a00000, 0x0000000081a00000|100%| O|  |TAMS 0x0000000081a00000, 0x0000000081900000| Untracked 
|  26|0x0000000081a00000, 0x0000000081b00000, 0x0000000081b00000|100%| O|  |TAMS 0x0000000081b00000, 0x0000000081a00000| Untracked 
|  27|0x0000000081b00000, 0x0000000081c00000, 0x0000000081c00000|100%| O|  |TAMS 0x0000000081b21c00, 0x0000000081b00000| Untracked 
|  28|0x0000000081c00000, 0x0000000081c00000, 0x0000000081d00000|  0%| F|  |TAMS 0x0000000081c00000, 0x0000000081c00000| Untracked 
|  29|0x0000000081d00000, 0x0000000081d00000, 0x0000000081e00000|  0%| F|  |TAMS 0x0000000081d00000, 0x0000000081d00000| Untracked 
|  30|0x0000000081e00000, 0x0000000081e00000, 0x0000000081f00000|  0%| F|  |TAMS 0x0000000081e00000, 0x0000000081e00000| Untracked 
|  31|0x0000000081f00000, 0x0000000081f00000, 0x0000000082000000|  0%| F|  |TAMS 0x0000000081f00000, 0x0000000081f00000| Untracked 
|  32|0x0000000082000000, 0x0000000082000000, 0x0000000082100000|  0%| F|  |TAMS 0x0000000082000000, 0x0000000082000000| Untracked 
|  33|0x0000000082100000, 0x0000000082100000, 0x0000000082200000|  0%| F|  |TAMS 0x0000000082100000, 0x0000000082100000| Untracked 
|  34|0x0000000082200000, 0x0000000082200000, 0x0000000082300000|  0%| F|  |TAMS 0x0000000082200000, 0x0000000082200000| Untracked 
|  35|0x0000000082300000, 0x0000000082300000, 0x0000000082400000|  0%| F|  |TAMS 0x0000000082300000, 0x0000000082300000| Untracked 
|  36|0x0000000082400000, 0x0000000082400000, 0x0000000082500000|  0%| F|  |TAMS 0x0000000082400000, 0x0000000082400000| Untracked 
|  37|0x0000000082500000, 0x0000000082500000, 0x0000000082600000|  0%| F|  |TAMS 0x0000000082500000, 0x0000000082500000| Untracked 
|  38|0x0000000082600000, 0x0000000082600000, 0x0000000082700000|  0%| F|  |TAMS 0x0000000082600000, 0x0000000082600000| Untracked 
|  39|0x0000000082700000, 0x0000000082700000, 0x0000000082800000|  0%| F|  |TAMS 0x0000000082700000, 0x0000000082700000| Untracked 
|  40|0x0000000082800000, 0x0000000082800000, 0x0000000082900000|  0%| F|  |TAMS 0x0000000082800000, 0x0000000082800000| Untracked 
|  41|0x0000000082900000, 0x00000000829ce960, 0x0000000082a00000| 80%| S|CS|TAMS 0x0000000082900000, 0x0000000082900000| Complete 
|  42|0x0000000082a00000, 0x0000000082b00000, 0x0000000082b00000|100%| S|CS|TAMS 0x0000000082a00000, 0x0000000082a00000| Complete 
|  43|0x0000000082b00000, 0x0000000082b00000, 0x0000000082c00000|  0%| F|  |TAMS 0x0000000082b00000, 0x0000000082b00000| Untracked 
|  44|0x0000000082c00000, 0x0000000082c00000, 0x0000000082d00000|  0%| F|  |TAMS 0x0000000082c00000, 0x0000000082c00000| Untracked 
|  45|0x0000000082d00000, 0x0000000082d00000, 0x0000000082e00000|  0%| F|  |TAMS 0x0000000082d00000, 0x0000000082d00000| Untracked 
|  46|0x0000000082e00000, 0x0000000082e00000, 0x0000000082f00000|  0%| F|  |TAMS 0x0000000082e00000, 0x0000000082e00000| Untracked 
|  47|0x0000000082f00000, 0x0000000082f00000, 0x0000000083000000|  0%| F|  |TAMS 0x0000000082f00000, 0x0000000082f00000| Untracked 
|  48|0x0000000083000000, 0x0000000083000000, 0x0000000083100000|  0%| F|  |TAMS 0x0000000083000000, 0x0000000083000000| Untracked 
|  49|0x0000000083100000, 0x0000000083100000, 0x0000000083200000|  0%| F|  |TAMS 0x0000000083100000, 0x0000000083100000| Untracked 
|  50|0x0000000083200000, 0x0000000083200000, 0x0000000083300000|  0%| F|  |TAMS 0x0000000083200000, 0x0000000083200000| Untracked 
|  51|0x0000000083300000, 0x0000000083380800, 0x0000000083400000| 50%| E|  |TAMS 0x0000000083300000, 0x0000000083300000| Complete 
|  52|0x0000000083400000, 0x0000000083500000, 0x0000000083500000|100%| E|CS|TAMS 0x0000000083400000, 0x0000000083400000| Complete 
|  53|0x0000000083500000, 0x0000000083600000, 0x0000000083600000|100%| E|CS|TAMS 0x0000000083500000, 0x0000000083500000| Complete 
|  54|0x0000000083600000, 0x0000000083700000, 0x0000000083700000|100%| E|CS|TAMS 0x0000000083600000, 0x0000000083600000| Complete 
|  55|0x0000000083700000, 0x0000000083800000, 0x0000000083800000|100%| E|CS|TAMS 0x0000000083700000, 0x0000000083700000| Complete 
|  56|0x0000000083800000, 0x0000000083900000, 0x0000000083900000|100%| E|CS|TAMS 0x0000000083800000, 0x0000000083800000| Complete 
|  57|0x0000000083900000, 0x0000000083a00000, 0x0000000083a00000|100%| E|CS|TAMS 0x0000000083900000, 0x0000000083900000| Complete 
|  58|0x0000000083a00000, 0x0000000083b00000, 0x0000000083b00000|100%| E|CS|TAMS 0x0000000083a00000, 0x0000000083a00000| Complete 
|  59|0x0000000083b00000, 0x0000000083c00000, 0x0000000083c00000|100%| E|CS|TAMS 0x0000000083b00000, 0x0000000083b00000| Complete 
|  60|0x0000000083c00000, 0x0000000083d00000, 0x0000000083d00000|100%| E|CS|TAMS 0x0000000083c00000, 0x0000000083c00000| Complete 
|  61|0x0000000083d00000, 0x0000000083e00000, 0x0000000083e00000|100%| E|CS|TAMS 0x0000000083d00000, 0x0000000083d00000| Complete 
|  62|0x0000000083e00000, 0x0000000083f00000, 0x0000000083f00000|100%| E|CS|TAMS 0x0000000083e00000, 0x0000000083e00000| Complete 
|  63|0x0000000083f00000, 0x0000000084000000, 0x0000000084000000|100%| E|CS|TAMS 0x0000000083f00000, 0x0000000083f00000| Complete 
|  64|0x0000000084000000, 0x0000000084100000, 0x0000000084100000|100%| E|CS|TAMS 0x0000000084000000, 0x0000000084000000| Complete 
|  65|0x0000000084100000, 0x0000000084200000, 0x0000000084200000|100%| E|CS|TAMS 0x0000000084100000, 0x0000000084100000| Complete 
|  66|0x0000000084200000, 0x0000000084300000, 0x0000000084300000|100%| E|CS|TAMS 0x0000000084200000, 0x0000000084200000| Complete 
|  67|0x0000000084300000, 0x0000000084400000, 0x0000000084400000|100%| E|CS|TAMS 0x0000000084300000, 0x0000000084300000| Complete 
|  68|0x0000000084400000, 0x0000000084500000, 0x0000000084500000|100%| E|CS|TAMS 0x0000000084400000, 0x0000000084400000| Complete 
|  69|0x0000000084500000, 0x0000000084600000, 0x0000000084600000|100%| E|CS|TAMS 0x0000000084500000, 0x0000000084500000| Complete 
|  70|0x0000000084600000, 0x0000000084700000, 0x0000000084700000|100%| E|CS|TAMS 0x0000000084600000, 0x0000000084600000| Complete 
|  71|0x0000000084700000, 0x0000000084800000, 0x0000000084800000|100%| E|CS|TAMS 0x0000000084700000, 0x0000000084700000| Complete 
|  72|0x0000000084800000, 0x0000000084900000, 0x0000000084900000|100%| E|CS|TAMS 0x0000000084800000, 0x0000000084800000| Complete 
|  73|0x0000000084900000, 0x0000000084a00000, 0x0000000084a00000|100%| E|CS|TAMS 0x0000000084900000, 0x0000000084900000| Complete 
|  74|0x0000000084a00000, 0x0000000084b00000, 0x0000000084b00000|100%| E|CS|TAMS 0x0000000084a00000, 0x0000000084a00000| Complete 
|  75|0x0000000084b00000, 0x0000000084c00000, 0x0000000084c00000|100%| E|CS|TAMS 0x0000000084b00000, 0x0000000084b00000| Complete 
|  76|0x0000000084c00000, 0x0000000084d00000, 0x0000000084d00000|100%| E|CS|TAMS 0x0000000084c00000, 0x0000000084c00000| Complete 
|  77|0x0000000084d00000, 0x0000000084e00000, 0x0000000084e00000|100%| E|CS|TAMS 0x0000000084d00000, 0x0000000084d00000| Complete 
|  78|0x0000000084e00000, 0x0000000084f00000, 0x0000000084f00000|100%| E|CS|TAMS 0x0000000084e00000, 0x0000000084e00000| Complete 
|  79|0x0000000084f00000, 0x0000000085000000, 0x0000000085000000|100%| E|CS|TAMS 0x0000000084f00000, 0x0000000084f00000| Complete 
| 117|0x0000000087500000, 0x0000000087600000, 0x0000000087600000|100%| E|CS|TAMS 0x0000000087500000, 0x0000000087500000| Complete 

Card table byte_map: [0x00000179a3d50000,0x00000179a4150000] _byte_map_base: 0x00000179a3950000

Marking Bits (Prev, Next): (CMBitMap*) 0x00000179911a5ad0, (CMBitMap*) 0x00000179911a5b10
 Prev Bits: [0x00000179a4550000, 0x00000179a6550000)
 Next Bits: [0x00000179a6550000, 0x00000179a8550000)

Polling page: 0x0000017990900000

Metaspace:

Usage:
  Non-class:     39.04 MB used.
      Class:      6.06 MB used.
       Both:     45.10 MB used.

Virtual space:
  Non-class space:       64.00 MB reserved,      39.25 MB ( 61%) committed,  1 nodes.
      Class space:        1.00 GB reserved,       6.25 MB ( <1%) committed,  1 nodes.
             Both:        1.06 GB reserved,      45.50 MB (  4%) committed. 

Chunk freelists:
   Non-Class:  8.72 MB
       Class:  9.67 MB
        Both:  18.39 MB

MaxMetaspaceSize: unlimited
CompressedClassSpaceSize: 1.00 GB
Initial GC threshold: 21.00 MB
Current GC threshold: 59.00 MB
CDS: off
MetaspaceReclaimPolicy: balanced
 - commit_granule_bytes: 65536.
 - commit_granule_words: 8192.
 - virtual_space_node_default_size: 8388608.
 - enlarge_chunks_in_place: 1.
 - new_chunks_are_fully_committed: 0.
 - uncommit_free_chunks: 1.
 - use_allocation_guard: 0.
 - handle_deallocations: 1.


Internal statistics:

num_allocs_failed_limit: 6.
num_arena_births: 468.
num_arena_deaths: 0.
num_vsnodes_births: 2.
num_vsnodes_deaths: 0.
num_space_committed: 728.
num_space_uncommitted: 0.
num_chunks_returned_to_freelist: 6.
num_chunks_taken_from_freelist: 1862.
num_chunk_merges: 3.
num_chunk_splits: 1227.
num_chunks_enlarged: 852.
num_inconsistent_stats: 0.

CodeHeap 'non-profiled nmethods': size=120000Kb used=2160Kb max_used=2160Kb free=117839Kb
 bounds [0x000001799c0f0000, 0x000001799c360000, 0x00000179a3620000]
CodeHeap 'profiled nmethods': size=120000Kb used=7970Kb max_used=7970Kb free=112029Kb
 bounds [0x0000017994620000, 0x0000017994df0000, 0x000001799bb50000]
CodeHeap 'non-nmethods': size=5760Kb used=1591Kb max_used=1634Kb free=4168Kb
 bounds [0x000001799bb50000, 0x000001799bdc0000, 0x000001799c0f0000]
 total_blobs=4624 nmethods=3965 adapters=571
 compilation: enabled
              stopped_count=0, restarted_count=0
 full_count=0

Compilation events (20 events):
Event: 5.109 Thread 0x00000179ab12e270 3985       3       java.io.DataOutputStream::writeUTF (7 bytes)
Event: 5.109 Thread 0x00000179ab12e270 nmethod 3985 0x0000017994de3910 code [0x0000017994de3aa0, 0x0000017994de3be8]
Event: 5.110 Thread 0x00000179ab12e270 3987       3       jdk.internal.reflect.ClassFileAssembler::setStack (25 bytes)
Event: 5.110 Thread 0x00000179ab12e270 nmethod 3987 0x0000017994de3c90 code [0x0000017994de3e20, 0x0000017994de3f78]
Event: 5.111 Thread 0x00000179ab12e270 3989       3       org.gradle.internal.service.DefaultServiceRegistry$CollectingVisitor::visit (25 bytes)
Event: 5.111 Thread 0x00000179ab12e270 nmethod 3989 0x0000017994de4010 code [0x0000017994de41c0, 0x0000017994de4498]
Event: 5.111 Thread 0x00000179ab12e270 3991       3       jdk.internal.reflect.AccessorGenerator::sub (5 bytes)
Event: 5.111 Thread 0x00000179ab12e270 nmethod 3991 0x0000017994de4590 code [0x0000017994de4720, 0x0000017994de4818]
Event: 5.111 Thread 0x00000179ab12e270 3990       3       jdk.internal.reflect.ClassFileAssembler::emitConstantPoolClass (23 bytes)
Event: 5.112 Thread 0x00000179ab12e270 nmethod 3990 0x0000017994de4890 code [0x0000017994de4a80, 0x0000017994de4ec8]
Event: 5.112 Thread 0x00000179ab12e270 3992       3       java.lang.Class::methodToString (78 bytes)
Event: 5.112 Thread 0x00000179ab12e270 nmethod 3992 0x0000017994de5110 code [0x0000017994de5400, 0x0000017994de6248]
Event: 5.112 Thread 0x00000179ab12e270 3993       3       java.lang.NoSuchMethodException::<init> (6 bytes)
Event: 5.113 Thread 0x00000179ab12e270 nmethod 3993 0x0000017994de6710 code [0x0000017994de68c0, 0x0000017994de6ac8]
Event: 5.122 Thread 0x00000179ab12e270 3995       3       java.lang.Long::bitCount (61 bytes)
Event: 5.122 Thread 0x00000179ab12e270 nmethod 3995 0x0000017994de6b90 code [0x0000017994de6d20, 0x0000017994de6e98]
Event: 5.129 Thread 0x00000179ab12e270 3997       3       java.lang.Class::isLocalOrAnonymousClass (5 bytes)
Event: 5.129 Thread 0x00000179ab12e270 nmethod 3997 0x0000017994de6f10 code [0x0000017994de70c0, 0x0000017994de72d8]
Event: 5.129 Thread 0x00000179ab12e270 3998       3       java.lang.Class::hasEnclosingMethodInfo (17 bytes)
Event: 5.129 Thread 0x00000179ab12e270 nmethod 3998 0x0000017994de7390 code [0x0000017994de7540, 0x0000017994de7718]

GC Heap History (18 events):
Event: 0.695 GC heap before
{Heap before GC invocations=0 (full 0):
 garbage-first heap   total 120832K, used 26624K [0x0000000080000000, 0x0000000100000000)
  region size 1024K, 23 young (23552K), 0 survivors (0K)
 Metaspace       used 10296K, committed 10496K, reserved 1114112K
  class space    used 1060K, committed 1152K, reserved 1048576K
}
Event: 0.700 GC heap after
{Heap after GC invocations=1 (full 0):
 garbage-first heap   total 120832K, used 10400K [0x0000000080000000, 0x0000000100000000)
  region size 1024K, 3 young (3072K), 3 survivors (3072K)
 Metaspace       used 10296K, committed 10496K, reserved 1114112K
  class space    used 1060K, committed 1152K, reserved 1048576K
}
Event: 1.104 GC heap before
{Heap before GC invocations=1 (full 0):
 garbage-first heap   total 120832K, used 41120K [0x0000000080000000, 0x0000000100000000)
  region size 1024K, 32 young (32768K), 3 survivors (3072K)
 Metaspace       used 11243K, committed 11456K, reserved 1114112K
  class space    used 1163K, committed 1280K, reserved 1048576K
}
Event: 1.110 GC heap after
{Heap after GC invocations=2 (full 0):
 garbage-first heap   total 120832K, used 14256K [0x0000000080000000, 0x0000000100000000)
  region size 1024K, 4 young (4096K), 4 survivors (4096K)
 Metaspace       used 11243K, committed 11456K, reserved 1114112K
  class space    used 1163K, committed 1280K, reserved 1048576K
}
Event: 2.194 GC heap before
{Heap before GC invocations=2 (full 0):
 garbage-first heap   total 120832K, used 49072K [0x0000000080000000, 0x0000000100000000)
  region size 1024K, 39 young (39936K), 4 survivors (4096K)
 Metaspace       used 21276K, committed 21504K, reserved 1114112K
  class space    used 2541K, committed 2688K, reserved 1048576K
}
Event: 2.199 GC heap after
{Heap after GC invocations=3 (full 0):
 garbage-first heap   total 120832K, used 18805K [0x0000000080000000, 0x0000000100000000)
  region size 1024K, 9 young (9216K), 9 survivors (9216K)
 Metaspace       used 21276K, committed 21504K, reserved 1114112K
  class space    used 2541K, committed 2688K, reserved 1048576K
}
Event: 2.890 GC heap before
{Heap before GC invocations=4 (full 0):
 garbage-first heap   total 68608K, used 53621K [0x0000000080000000, 0x0000000100000000)
  region size 1024K, 44 young (45056K), 9 survivors (9216K)
 Metaspace       used 26885K, committed 27200K, reserved 1114112K
  class space    used 3518K, committed 3648K, reserved 1048576K
}
Event: 2.896 GC heap after
{Heap after GC invocations=5 (full 0):
 garbage-first heap   total 68608K, used 20845K [0x0000000080000000, 0x0000000100000000)
  region size 1024K, 7 young (7168K), 7 survivors (7168K)
 Metaspace       used 26885K, committed 27200K, reserved 1114112K
  class space    used 3518K, committed 3648K, reserved 1048576K
}
Event: 3.372 GC heap before
{Heap before GC invocations=5 (full 0):
 garbage-first heap   total 68608K, used 46445K [0x0000000080000000, 0x0000000100000000)
  region size 1024K, 32 young (32768K), 7 survivors (7168K)
 Metaspace       used 30769K, committed 31104K, reserved 1114112K
  class space    used 4147K, committed 4288K, reserved 1048576K
}
Event: 3.377 GC heap after
{Heap after GC invocations=6 (full 0):
 garbage-first heap   total 68608K, used 22715K [0x0000000080000000, 0x0000000100000000)
  region size 1024K, 3 young (3072K), 3 survivors (3072K)
 Metaspace       used 30769K, committed 31104K, reserved 1114112K
  class space    used 4147K, committed 4288K, reserved 1048576K
}
Event: 3.841 GC heap before
{Heap before GC invocations=6 (full 0):
 garbage-first heap   total 68608K, used 47291K [0x0000000080000000, 0x0000000100000000)
  region size 1024K, 28 young (28672K), 3 survivors (3072K)
 Metaspace       used 34780K, committed 35136K, reserved 1114112K
  class space    used 4748K, committed 4928K, reserved 1048576K
}
Event: 3.843 GC heap after
{Heap after GC invocations=7 (full 0):
 garbage-first heap   total 68608K, used 24061K [0x0000000080000000, 0x0000000100000000)
  region size 1024K, 4 young (4096K), 4 survivors (4096K)
 Metaspace       used 34780K, committed 35136K, reserved 1114112K
  class space    used 4748K, committed 4928K, reserved 1048576K
}
Event: 3.899 GC heap before
{Heap before GC invocations=7 (full 0):
 garbage-first heap   total 68608K, used 26109K [0x0000000080000000, 0x0000000100000000)
  region size 1024K, 7 young (7168K), 4 survivors (4096K)
 Metaspace       used 35689K, committed 35968K, reserved 1114112K
  class space    used 4802K, committed 4928K, reserved 1048576K
}
Event: 3.902 GC heap after
{Heap after GC invocations=8 (full 0):
 garbage-first heap   total 68608K, used 24188K [0x0000000080000000, 0x0000000100000000)
  region size 1024K, 3 young (3072K), 3 survivors (3072K)
 Metaspace       used 35689K, committed 35968K, reserved 1114112K
  class space    used 4802K, committed 4928K, reserved 1048576K
}
Event: 4.246 GC heap before
{Heap before GC invocations=9 (full 0):
 garbage-first heap   total 68608K, used 50812K [0x0000000080000000, 0x0000000100000000)
  region size 1024K, 30 young (30720K), 3 survivors (3072K)
 Metaspace       used 39546K, committed 39872K, reserved 1114112K
  class space    used 5218K, committed 5376K, reserved 1048576K
}
Event: 4.250 GC heap after
{Heap after GC invocations=10 (full 0):
 garbage-first heap   total 68608K, used 27143K [0x0000000080000000, 0x0000000100000000)
  region size 1024K, 4 young (4096K), 4 survivors (4096K)
 Metaspace       used 39546K, committed 39872K, reserved 1114112K
  class space    used 5218K, committed 5376K, reserved 1048576K
}
Event: 4.606 GC heap before
{Heap before GC invocations=10 (full 0):
 garbage-first heap   total 68608K, used 51719K [0x0000000080000000, 0x0000000100000000)
  region size 1024K, 28 young (28672K), 4 survivors (4096K)
 Metaspace       used 42141K, committed 42496K, reserved 1114112K
  class space    used 5539K, committed 5696K, reserved 1048576K
}
Event: 4.610 GC heap after
{Heap after GC invocations=11 (full 0):
 garbage-first heap   total 82944K, used 29051K [0x0000000080000000, 0x0000000100000000)
  region size 1024K, 2 young (2048K), 2 survivors (2048K)
 Metaspace       used 42141K, committed 42496K, reserved 1114112K
  class space    used 5539K, committed 5696K, reserved 1048576K
}

Dll operation events (2 events):
Event: 0.010 Loaded shared library C:\Program Files\Android\Android Studio\jbr\bin\java.dll
Event: 0.388 Loaded shared library C:\Program Files\Android\Android Studio\jbr\bin\verify.dll

Deoptimization events (20 events):
Event: 4.750 Thread 0x00000179b12b8e50 DEOPT PACKING pc=0x000001799c2e7db0 sp=0x000000181a7f9cc0
Event: 4.750 Thread 0x00000179b12b8e50 DEOPT UNPACKING pc=0x000001799bba69a3 sp=0x000000181a7f9c38 mode 2
Event: 4.982 Thread 0x00000179b12b8e50 Uncommon trap: trap_request=0xffffffbe fr.pc=0x000001799c2edd30 relative=0x0000000000003010
Event: 4.982 Thread 0x00000179b12b8e50 Uncommon trap: reason=profile_predicate action=maybe_recompile pc=0x000001799c2edd30 method=java.util.AbstractCollection.addAll(Ljava/util/Collection;)Z @ 15 c2
Event: 4.982 Thread 0x00000179b12b8e50 DEOPT PACKING pc=0x000001799c2edd30 sp=0x000000181a7fa7a0
Event: 4.982 Thread 0x00000179b12b8e50 DEOPT UNPACKING pc=0x000001799bba69a3 sp=0x000000181a7fa788 mode 2
Event: 4.982 Thread 0x00000179b12b8e50 Uncommon trap: trap_request=0xffffffbe fr.pc=0x000001799c2edd30 relative=0x0000000000003010
Event: 4.982 Thread 0x00000179b12b8e50 Uncommon trap: reason=profile_predicate action=maybe_recompile pc=0x000001799c2edd30 method=java.util.AbstractCollection.addAll(Ljava/util/Collection;)Z @ 15 c2
Event: 4.982 Thread 0x00000179b12b8e50 DEOPT PACKING pc=0x000001799c2edd30 sp=0x000000181a7fa7a0
Event: 4.982 Thread 0x00000179b12b8e50 DEOPT UNPACKING pc=0x000001799bba69a3 sp=0x000000181a7fa788 mode 2
Event: 4.982 Thread 0x00000179b12b8e50 Uncommon trap: trap_request=0xffffffbe fr.pc=0x000001799c2edd30 relative=0x0000000000003010
Event: 4.982 Thread 0x00000179b12b8e50 Uncommon trap: reason=profile_predicate action=maybe_recompile pc=0x000001799c2edd30 method=java.util.AbstractCollection.addAll(Ljava/util/Collection;)Z @ 15 c2
Event: 4.982 Thread 0x00000179b12b8e50 DEOPT PACKING pc=0x000001799c2edd30 sp=0x000000181a7fa7a0
Event: 4.982 Thread 0x00000179b12b8e50 DEOPT UNPACKING pc=0x000001799bba69a3 sp=0x000000181a7fa788 mode 2
Event: 4.982 Thread 0x00000179b12b8e50 Uncommon trap: trap_request=0xffffffbe fr.pc=0x000001799c2edd30 relative=0x0000000000003010
Event: 4.982 Thread 0x00000179b12b8e50 Uncommon trap: reason=profile_predicate action=maybe_recompile pc=0x000001799c2edd30 method=java.util.AbstractCollection.addAll(Ljava/util/Collection;)Z @ 15 c2
Event: 4.982 Thread 0x00000179b12b8e50 DEOPT PACKING pc=0x000001799c2edd30 sp=0x000000181a7fa7a0
Event: 4.982 Thread 0x00000179b12b8e50 DEOPT UNPACKING pc=0x000001799bba69a3 sp=0x000000181a7fa788 mode 2
Event: 5.092 Thread 0x00000179b12b8e50 DEOPT PACKING pc=0x00000179946d3a43 sp=0x000000181a7f9b00
Event: 5.092 Thread 0x00000179b12b8e50 DEOPT UNPACKING pc=0x000001799bba7143 sp=0x000000181a7f9020 mode 0

Classes unloaded (0 events):
No events

Classes redefined (0 events):
No events

Internal exceptions (20 events):
Event: 4.305 Thread 0x00000179b12b8e50 Exception <a 'java/lang/NoSuchMethodError'{0x0000000084c284f8}: 'java.lang.Object java.lang.invoke.DirectMethodHandle$Holder.invokeStatic(java.lang.Object, java.lang.Object, java.lang.Object, java.lang.Object, java.lang.Object, java.lang.Object, java.lang.Object, java.lang.Object, java.lang.Object, java.lang.Object, java.lang.Object, java.lang.Object, java.lang.Object, java.lang.Object, java.lang.Object, java.lang.Object, java.lang.Object, java.lang.Object, java.lang.Object, java.lang.Object, java.lang.Obj
Event: 4.307 Thread 0x00000179b12b8e50 Exception <a 'java/lang/NoSuchMethodError'{0x0000000084c568a8}: 'java.lang.Object java.lang.invoke.DirectMethodHandle$Holder.invokeStatic(java.lang.Object, java.lang.Object, java.lang.Object, java.lang.Object, java.lang.Object, java.lang.Object, java.lang.Object, java.lang.Object, java.lang.Object, java.lang.Object, java.lang.Object, java.lang.Object, java.lang.Object, java.lang.Object, java.lang.Object, java.lang.Object, java.lang.Object, java.lang.Object, java.lang.Object, java.lang.Object, java.lang.Obj
Event: 4.416 Thread 0x00000179b12b8e50 Exception <a 'java/lang/IncompatibleClassChangeError'{0x00000000833fe328}: Found class java.lang.Object, but interface was expected> (0x00000000833fe328) 
thrown [s\src\hotspot\share\interpreter\linkResolver.cpp, line 838]
Event: 4.429 Thread 0x00000179b12b8e50 Exception <a 'java/lang/NoSuchMethodError'{0x000000008329a3c8}: 'java.lang.Object java.lang.invoke.DirectMethodHandle$Holder.newInvokeSpecial(java.lang.Object, java.lang.Object, long)'> (0x000000008329a3c8) 
thrown [s\src\hotspot\share\interpreter\linkResolver.cpp, line 771]
Event: 4.430 Thread 0x00000179b12b8e50 Exception <a 'java/lang/NoSuchMethodError'{0x000000008329ec80}: 'java.lang.Object java.lang.invoke.Invokers$Holder.linkToTargetMethod(java.lang.Object, long, java.lang.Object)'> (0x000000008329ec80) 
thrown [s\src\hotspot\share\interpreter\linkResolver.cpp, line 771]
Event: 4.467 Thread 0x00000179b12b8e50 Exception <a 'java/lang/NoSuchMethodError'{0x0000000083002708}: 'int java.lang.invoke.DirectMethodHandle$Holder.invokeInterface(java.lang.Object, java.lang.Object)'> (0x0000000083002708) 
thrown [s\src\hotspot\share\interpreter\linkResolver.cpp, line 771]
Event: 4.588 Thread 0x00000179b12b8e50 Exception <a 'java/lang/IncompatibleClassChangeError'{0x0000000082b34260}: Found class java.lang.Object, but interface was expected> (0x0000000082b34260) 
thrown [s\src\hotspot\share\interpreter\linkResolver.cpp, line 838]
Event: 4.623 Thread 0x00000179b12b8e50 Exception <a 'java/lang/NoSuchMethodError'{0x00000000875a1dc0}: 'int java.lang.invoke.DirectMethodHandle$Holder.invokeStaticInit(java.lang.Object, java.lang.Object, java.lang.Object, java.lang.Object, java.lang.Object)'> (0x00000000875a1dc0) 
thrown [s\src\hotspot\share\interpreter\linkResolver.cpp, line 771]
Event: 4.645 Thread 0x00000179b12b8e50 Exception <a 'java/lang/NoSuchMethodError'{0x0000000084fc7798}: 'java.lang.Object java.lang.invoke.DirectMethodHandle$Holder.invokeStatic(java.lang.Object, java.lang.Object, int, java.lang.Object)'> (0x0000000084fc7798) 
thrown [s\src\hotspot\share\interpreter\linkResolver.cpp, line 771]
Event: 4.646 Thread 0x00000179b12b8e50 Exception <a 'java/lang/NoSuchMethodError'{0x0000000084fcf350}: 'java.lang.Object java.lang.invoke.DirectMethodHandle$Holder.newInvokeSpecial(java.lang.Object, java.lang.Object, int, java.lang.Object)'> (0x0000000084fcf350) 
thrown [s\src\hotspot\share\interpreter\linkResolver.cpp, line 771]
Event: 4.646 Thread 0x00000179b12b8e50 Exception <a 'java/lang/NoSuchMethodError'{0x0000000084fd3c38}: 'java.lang.Object java.lang.invoke.DirectMethodHandle$Holder.invokeSpecial(java.lang.Object, java.lang.Object, java.lang.Object, int, java.lang.Object)'> (0x0000000084fd3c38) 
thrown [s\src\hotspot\share\interpreter\linkResolver.cpp, line 771]
Event: 4.750 Thread 0x00000179b12b8e50 Implicit null exception at 0x000001799c2e7cec to 0x000001799c2e7d94
Event: 4.841 Thread 0x00000179b12b8e50 Exception <a 'java/lang/NoSuchMethodError'{0x00000000844c6c20}: 'void java.lang.invoke.DirectMethodHandle$Holder.invokeInterface(java.lang.Object, java.lang.Object)'> (0x00000000844c6c20) 
thrown [s\src\hotspot\share\interpreter\linkResolver.cpp, line 771]
Event: 4.842 Thread 0x00000179b12b8e50 Exception <a 'java/lang/IncompatibleClassChangeError'{0x00000000844d2110}: Found class java.lang.Object, but interface was expected> (0x00000000844d2110) 
thrown [s\src\hotspot\share\interpreter\linkResolver.cpp, line 838]
Event: 4.874 Thread 0x00000179b12b8e50 Exception <a 'java/lang/NoSuchMethodError'{0x00000000842b0ac0}: 'java.lang.Object java.lang.invoke.DirectMethodHandle$Holder.newInvokeSpecial(java.lang.Object, int, java.lang.Object)'> (0x00000000842b0ac0) 
thrown [s\src\hotspot\share\interpreter\linkResolver.cpp, line 771]
Event: 5.107 Thread 0x00000179b0571590 Exception <a 'java/lang/NoSuchMethodError'{0x000000008368dc50}: static Lorg/gradle/internal/build/event/types/DefaultOperationStartedProgressEvent;.<clinit>()V> (0x000000008368dc50) 
thrown [s\src\hotspot\share\prims\jni.cpp, line 1108]
Event: 5.107 Thread 0x00000179b0571590 Exception <a 'java/lang/NoSuchMethodError'{0x000000008368f2d8}: static Lorg/gradle/internal/build/event/types/AbstractProgressEvent;.<clinit>()V> (0x000000008368f2d8) 
thrown [s\src\hotspot\share\prims\jni.cpp, line 1108]
Event: 5.109 Thread 0x00000179b0571590 Exception <a 'java/lang/NoSuchMethodError'{0x000000008369fa28}: static Lorg/gradle/internal/build/event/types/DefaultProjectConfigurationDescriptor;.<clinit>()V> (0x000000008369fa28) 
thrown [s\src\hotspot\share\prims\jni.cpp, line 1108]
Event: 5.109 Thread 0x00000179b0571590 Exception <a 'java/lang/NoSuchMethodError'{0x00000000836a1fa0}: static Lorg/gradle/internal/build/event/types/DefaultOperationDescriptor;.<clinit>()V> (0x00000000836a1fa0) 
thrown [s\src\hotspot\share\prims\jni.cpp, line 1108]
Event: 5.112 Thread 0x00000179b0571590 Exception <a 'java/lang/NoSuchMethodError'{0x00000000836b7128}: static Lorg/gradle/internal/operations/OperationIdentifier;.<clinit>()V> (0x00000000836b7128) 
thrown [s\src\hotspot\share\prims\jni.cpp, line 1108]

VM Operations (20 events):
Event: 4.246 Executing VM operation: G1CollectForAllocation
Event: 4.251 Executing VM operation: G1CollectForAllocation done
Event: 4.418 Executing VM operation: HandshakeAllThreads
Event: 4.418 Executing VM operation: HandshakeAllThreads done
Event: 4.445 Executing VM operation: HandshakeAllThreads
Event: 4.445 Executing VM operation: HandshakeAllThreads done
Event: 4.446 Executing VM operation: HandshakeAllThreads
Event: 4.447 Executing VM operation: HandshakeAllThreads done
Event: 4.528 Executing VM operation: HandshakeAllThreads
Event: 4.528 Executing VM operation: HandshakeAllThreads done
Event: 4.594 Executing VM operation: HandshakeAllThreads
Event: 4.594 Executing VM operation: HandshakeAllThreads done
Event: 4.606 Executing VM operation: G1CollectForAllocation
Event: 4.610 Executing VM operation: G1CollectForAllocation done
Event: 4.719 Executing VM operation: HandshakeAllThreads
Event: 4.719 Executing VM operation: HandshakeAllThreads done
Event: 5.046 Executing VM operation: HandshakeAllThreads
Event: 5.047 Executing VM operation: HandshakeAllThreads done
Event: 5.089 Executing VM operation: HandshakeAllThreads
Event: 5.089 Executing VM operation: HandshakeAllThreads done

Events (20 events):
Event: 5.105 loading class java/io/ObjectStreamClass$FieldReflectorKey
Event: 5.105 loading class java/io/ObjectStreamClass$FieldReflectorKey done
Event: 5.105 loading class java/io/ObjectStreamClass$FieldReflector
Event: 5.105 loading class java/io/ObjectStreamClass$FieldReflector done
Event: 5.106 loading class java/io/ObjectStreamClass$1
Event: 5.106 loading class java/io/ObjectStreamClass$1 done
Event: 5.107 loading class java/io/ObjectStreamClass$MemberSignature
Event: 5.107 loading class java/io/ObjectStreamClass$MemberSignature done
Event: 5.107 loading class java/io/ObjectStreamClass$3
Event: 5.107 loading class java/io/ObjectStreamClass$3 done
Event: 5.107 loading class java/io/ObjectStreamClass$4
Event: 5.107 loading class java/io/ObjectStreamClass$4 done
Event: 5.107 loading class java/io/ObjectStreamClass$5
Event: 5.107 loading class java/io/ObjectStreamClass$5 done
Event: 5.107 loading class java/io/ObjectStreamClass$ClassDataSlot
Event: 5.107 loading class java/io/ObjectStreamClass$ClassDataSlot done
Event: 5.110 loading class jdk/internal/reflect/UnsafeQualifiedStaticLongFieldAccessorImpl
Event: 5.110 loading class jdk/internal/reflect/UnsafeQualifiedStaticLongFieldAccessorImpl done
Event: 5.113 loading class java/io/SerialCallbackContext
Event: 5.113 loading class java/io/SerialCallbackContext done


Dynamic libraries:
0x00007ff6a0f70000 - 0x00007ff6a0f7a000 	C:\Program Files\Android\Android Studio\jbr\bin\java.exe
0x00007ffb27a50000 - 0x00007ffb27c67000 	C:\WINDOWS\SYSTEM32\ntdll.dll
0x00007ffb26570000 - 0x00007ffb26634000 	C:\WINDOWS\System32\KERNEL32.DLL
0x00007ffb24ee0000 - 0x00007ffb2528d000 	C:\WINDOWS\System32\KERNELBASE.dll
0x00007ffb254e0000 - 0x00007ffb255f1000 	C:\WINDOWS\System32\ucrtbase.dll
0x00007ffaf8e00000 - 0x00007ffaf8e1b000 	C:\Program Files\Android\Android Studio\jbr\bin\VCRUNTIME140.dll
0x00007ffaff990000 - 0x00007ffaff9a7000 	C:\Program Files\Android\Android Studio\jbr\bin\jli.dll
0x00007ffb25cf0000 - 0x00007ffb25e9e000 	C:\WINDOWS\System32\USER32.dll
0x00007ffb252c0000 - 0x00007ffb252e6000 	C:\WINDOWS\System32\win32u.dll
0x00007ffb26040000 - 0x00007ffb26069000 	C:\WINDOWS\System32\GDI32.dll
0x00007ffb25600000 - 0x00007ffb25719000 	C:\WINDOWS\System32\gdi32full.dll
0x00007ffb24e40000 - 0x00007ffb24eda000 	C:\WINDOWS\System32\msvcp_win.dll
0x00007ffb17390000 - 0x00007ffb17623000 	C:\WINDOWS\WinSxS\amd64_microsoft.windows.common-controls_6595b64144ccf1df_6.0.22621.3672_none_2713b9d173822955\COMCTL32.dll
0x00007ffb26180000 - 0x00007ffb26227000 	C:\WINDOWS\System32\msvcrt.dll
0x00007ffb26d00000 - 0x00007ffb26d31000 	C:\WINDOWS\System32\IMM32.DLL
0x00007ffb1c000000 - 0x00007ffb1c00c000 	C:\Program Files\Android\Android Studio\jbr\bin\vcruntime140_1.dll
0x00007ffaec2b0000 - 0x00007ffaec33d000 	C:\Program Files\Android\Android Studio\jbr\bin\msvcp140.dll
0x00007ffab54c0000 - 0x00007ffab6143000 	C:\Program Files\Android\Android Studio\jbr\bin\server\jvm.dll
0x00007ffb26c30000 - 0x00007ffb26ce2000 	C:\WINDOWS\System32\ADVAPI32.dll
0x00007ffb26230000 - 0x00007ffb262d9000 	C:\WINDOWS\System32\sechost.dll
0x00007ffb25290000 - 0x00007ffb252b8000 	C:\WINDOWS\System32\bcrypt.dll
0x00007ffb262e0000 - 0x00007ffb263f4000 	C:\WINDOWS\System32\RPCRT4.dll
0x00007ffb08950000 - 0x00007ffb08959000 	C:\WINDOWS\SYSTEM32\WSOCK32.dll
0x00007ffb1f210000 - 0x00007ffb1f244000 	C:\WINDOWS\SYSTEM32\WINMM.dll
0x00007ffb24a90000 - 0x00007ffb24add000 	C:\WINDOWS\SYSTEM32\POWRPROF.dll
0x00007ffb228b0000 - 0x00007ffb228ba000 	C:\WINDOWS\SYSTEM32\VERSION.dll
0x00007ffb27130000 - 0x00007ffb271a1000 	C:\WINDOWS\System32\WS2_32.dll
0x00007ffb24a70000 - 0x00007ffb24a83000 	C:\WINDOWS\SYSTEM32\UMPDC.dll
0x00007ffb23db0000 - 0x00007ffb23dc8000 	C:\WINDOWS\SYSTEM32\kernel.appcore.dll
0x00007ffb20250000 - 0x00007ffb2025a000 	C:\Program Files\Android\Android Studio\jbr\bin\jimage.dll
0x00007ffb1c260000 - 0x00007ffb1c492000 	C:\WINDOWS\SYSTEM32\DBGHELP.DLL
0x00007ffb25790000 - 0x00007ffb25b18000 	C:\WINDOWS\System32\combase.dll
0x00007ffb27050000 - 0x00007ffb27127000 	C:\WINDOWS\System32\OLEAUT32.dll
0x00007ffb06950000 - 0x00007ffb06982000 	C:\WINDOWS\SYSTEM32\dbgcore.DLL
0x00007ffb252f0000 - 0x00007ffb2536b000 	C:\WINDOWS\System32\bcryptPrimitives.dll
0x00007ffb1e9d0000 - 0x00007ffb1e9f5000 	C:\Program Files\Android\Android Studio\jbr\bin\java.dll
0x00007ffb1e980000 - 0x00007ffb1e998000 	C:\Program Files\Android\Android Studio\jbr\bin\zip.dll
0x00007ffb271b0000 - 0x00007ffb27a0f000 	C:\WINDOWS\System32\SHELL32.dll
0x00007ffb22cd0000 - 0x00007ffb235cc000 	C:\WINDOWS\SYSTEM32\windows.storage.dll
0x00007ffb22b90000 - 0x00007ffb22ccf000 	C:\WINDOWS\SYSTEM32\wintypes.dll
0x00007ffb25ec0000 - 0x00007ffb25fb4000 	C:\WINDOWS\System32\SHCORE.dll
0x00007ffb26bb0000 - 0x00007ffb26c0e000 	C:\WINDOWS\System32\shlwapi.dll
0x00007ffb24cb0000 - 0x00007ffb24cd1000 	C:\WINDOWS\SYSTEM32\profapi.dll
0x00007ffb1e940000 - 0x00007ffb1e959000 	C:\Program Files\Android\Android Studio\jbr\bin\net.dll
0x00007ffb206c0000 - 0x00007ffb207f6000 	C:\WINDOWS\SYSTEM32\WINHTTP.dll
0x00007ffb24220000 - 0x00007ffb24289000 	C:\WINDOWS\system32\mswsock.dll
0x00007ffb1d230000 - 0x00007ffb1d246000 	C:\Program Files\Android\Android Studio\jbr\bin\nio.dll
0x00007ffb0e110000 - 0x00007ffb0e120000 	C:\Program Files\Android\Android Studio\jbr\bin\verify.dll
0x00007ffb0e170000 - 0x00007ffb0e197000 	C:\Users\23480\.gradle\native\68d5fa5c4cc2d200863cafc0d521ce42e7d3e7ee720ec0a83991735586a16f82\windows-amd64\native-platform.dll
0x00007ffaf9120000 - 0x00007ffaf9264000 	C:\Users\23480\.gradle\native\e376f236ea51e6404a007f0833ffe2c6e607c4080706a723a18a27aeea778392\windows-amd64\native-platform-file-events.dll
0x00007ffb17680000 - 0x00007ffb17689000 	C:\Program Files\Android\Android Studio\jbr\bin\management.dll
0x00007ffb0e120000 - 0x00007ffb0e12b000 	C:\Program Files\Android\Android Studio\jbr\bin\management_ext.dll
0x00007ffb26400000 - 0x00007ffb26408000 	C:\WINDOWS\System32\PSAPI.DLL
0x00007ffb24480000 - 0x00007ffb2449b000 	C:\WINDOWS\SYSTEM32\CRYPTSP.dll
0x00007ffb23d10000 - 0x00007ffb23d45000 	C:\WINDOWS\system32\rsaenh.dll
0x00007ffb24320000 - 0x00007ffb24348000 	C:\WINDOWS\SYSTEM32\USERENV.dll
0x00007ffb244a0000 - 0x00007ffb244ac000 	C:\WINDOWS\SYSTEM32\CRYPTBASE.dll
0x00007ffb23830000 - 0x00007ffb2385d000 	C:\WINDOWS\SYSTEM32\IPHLPAPI.DLL
0x00007ffb25ce0000 - 0x00007ffb25ce9000 	C:\WINDOWS\System32\NSI.dll
0x00007ffb20350000 - 0x00007ffb20369000 	C:\WINDOWS\SYSTEM32\dhcpcsvc6.DLL
0x00007ffb208a0000 - 0x00007ffb208bf000 	C:\WINDOWS\SYSTEM32\dhcpcsvc.DLL
0x00007ffb23860000 - 0x00007ffb23958000 	C:\WINDOWS\SYSTEM32\DNSAPI.dll
0x00007ffb1b960000 - 0x00007ffb1b969000 	C:\Program Files\Android\Android Studio\jbr\bin\extnet.dll
0x00007ffb1d220000 - 0x00007ffb1d228000 	C:\WINDOWS\system32\wshunix.dll

dbghelp: loaded successfully - version: 4.0.5 - missing functions: none
symbol engine: initialized successfully - sym options: 0x614 - pdb path: .;C:\Program Files\Android\Android Studio\jbr\bin;C:\WINDOWS\SYSTEM32;C:\WINDOWS\WinSxS\amd64_microsoft.windows.common-controls_6595b64144ccf1df_6.0.22621.3672_none_2713b9d173822955;C:\Program Files\Android\Android Studio\jbr\bin\server;C:\Users\23480\.gradle\native\68d5fa5c4cc2d200863cafc0d521ce42e7d3e7ee720ec0a83991735586a16f82\windows-amd64;C:\Users\23480\.gradle\native\e376f236ea51e6404a007f0833ffe2c6e607c4080706a723a18a27aeea778392\windows-amd64

VM Arguments:
jvm_args: --add-opens=java.base/java.util=ALL-UNNAMED --add-opens=java.base/java.lang=ALL-UNNAMED --add-opens=java.base/java.lang.invoke=ALL-UNNAMED --add-opens=java.prefs/java.util.prefs=ALL-UNNAMED --add-opens=java.base/java.nio.charset=ALL-UNNAMED --add-opens=java.base/java.net=ALL-UNNAMED --add-opens=java.base/java.util.concurrent.atomic=ALL-UNNAMED -Xmx2048m -Dfile.encoding=UTF-8 -Duser.country=US -Duser.language=en -Duser.variant 
java_command: org.gradle.launcher.daemon.bootstrap.GradleDaemon 8.0
java_class_path (initial): C:\Users\23480\.gradle\wrapper\dists\gradle-8.0-bin\ca5e32bp14vu59qr306oxotwh\gradle-8.0\lib\gradle-launcher-8.0.jar
Launcher Type: SUN_STANDARD

[Global flags]
     intx CICompilerCount                          = 4                                         {product} {ergonomic}
     uint ConcGCThreads                            = 2                                         {product} {ergonomic}
     uint G1ConcRefinementThreads                  = 8                                         {product} {ergonomic}
   size_t G1HeapRegionSize                         = 1048576                                   {product} {ergonomic}
    uintx GCDrainStackTargetSize                   = 64                                        {product} {ergonomic}
   size_t InitialHeapSize                          = 123731968                                 {product} {ergonomic}
   size_t MarkStackSize                            = 4194304                                   {product} {ergonomic}
   size_t MaxHeapSize                              = 2147483648                                {product} {command line}
   size_t MaxNewSize                               = 1287651328                                {product} {ergonomic}
   size_t MinHeapDeltaBytes                        = 1048576                                   {product} {ergonomic}
   size_t MinHeapSize                              = 8388608                                   {product} {ergonomic}
    uintx NonNMethodCodeHeapSize                   = 5839372                                {pd product} {ergonomic}
    uintx NonProfiledCodeHeapSize                  = 122909434                              {pd product} {ergonomic}
    uintx ProfiledCodeHeapSize                     = 122909434                              {pd product} {ergonomic}
    uintx ReservedCodeCacheSize                    = 251658240                              {pd product} {ergonomic}
     bool SegmentedCodeCache                       = true                                      {product} {ergonomic}
   size_t SoftMaxHeapSize                          = 2147483648                             {manageable} {ergonomic}
     bool UseCompressedClassPointers               = true                           {product lp64_product} {ergonomic}
     bool UseCompressedOops                        = true                           {product lp64_product} {ergonomic}
     bool UseG1GC                                  = true                                      {product} {ergonomic}
     bool UseLargePagesIndividualAllocation        = false                                  {pd product} {ergonomic}

Logging:
Log output configuration:
 #0: stdout all=warning uptime,level,tags
 #1: stderr all=off uptime,level,tags

Environment Variables:
PATH=C:\WINDOWS\system32;C:\WINDOWS;C:\WINDOWS\System32\Wbem;C:\WINDOWS\System32\WindowsPowerShell\v1.0\;C:\WINDOWS\System32\OpenSSH\;C:\Program Files\nodejs\;C:\Program Files\HP\HP One Agent;C:\Program Files\Git\cmd;C:\Users\23480\AppData\Local\Programs\Python\Python311\Scripts\;C:\Users\23480\AppData\Local\Programs\Python\Python311\;C:\Users\23480\AppData\Local\Microsoft\WindowsApps;C:\Users\23480\AppData\Local\atom\bin;C:\Users\23480\AppData\Local\Programs\Microsoft VS Code\bin;C:\Users\23480\AppData\Local\Microsoft\WindowsApps;;C:\Program Files\JetBrains\IntelliJ IDEA Community Edition 2023.2.1\bin;;C:\Users\23480\AppData\Roaming\npm
USERNAME=23480
OS=Windows_NT
PROCESSOR_IDENTIFIER=AMD64 Family 23 Model 104 Stepping 1, AuthenticAMD
TMP=C:\Users\23480\AppData\Local\Temp
TEMP=C:\Users\23480\AppData\Local\Temp



Periodic native trim disabled

JNI global refs:
JNI global refs: 24, weak refs: 3

JNI global refs memory usage: 843, weak refs: 841

OOME stack traces (most recent first):
Classloader memory used:
Loader org.gradle.internal.classloader.VisitableURLClassLoader                         : 2789K
Loader bootstrap                                                                       : 2331K
Loader org.gradle.initialization.MixInLegacyTypesClassLoader                           : 562K
Loader jdk.internal.loader.ClassLoaders$PlatformClassLoader                            : 65557B
Loader jdk.internal.loader.ClassLoaders$AppClassLoader                                 : 26051B
Loader jdk.internal.reflect.DelegatingClassLoader                                      : 6947B
Loader org.gradle.internal.classloader.VisitableURLClassLoader                         : 2921B

Classes loaded by more than one classloader:
Class org.gradle.internal.installation.GradleInstallation                             : loaded 2 times (x 73B)
Class org.gradle.internal.classpath.ClassPath                                         : loaded 2 times (x 68B)
Class org.gradle.api.internal.classpath.DefaultModuleRegistry                         : loaded 2 times (x 84B)
Class Settings_gradle$1$1                                                             : loaded 2 times (x 72B)
Class org.gradle.api.Action                                                           : loaded 2 times (x 68B)
Class org.gradle.api.internal.DefaultClassPathProvider                                : loaded 2 times (x 74B)
Class org.gradle.internal.installation.GradleInstallation$1                           : loaded 2 times (x 73B)
Class org.gradle.internal.classloader.FilteringClassLoader                            : loaded 2 times (x 103B)
Class org.gradle.internal.classpath.DefaultClassPath$ImmutableUniqueList$Builder      : loaded 2 times (x 73B)
Class org.gradle.internal.classloader.ClassLoaderVisitor                              : loaded 2 times (x 74B)
Class org.gradle.internal.service.DefaultServiceLocator                               : loaded 2 times (x 81B)
Class org.gradle.internal.service.UnknownServiceException                             : loaded 2 times (x 81B)
Class org.gradle.internal.classloader.DefaultClassLoaderFactory                       : loaded 2 times (x 80B)
Class org.gradle.internal.classloader.VisitableURLClassLoader$Spec                    : loaded 2 times (x 72B)
Class org.gradle.api.GradleException                                                  : loaded 2 times (x 80B)
Class org.gradle.api.internal.classpath.ModuleRegistry                                : loaded 2 times (x 68B)
Class org.gradle.api.internal.ClassPathProvider                                       : loaded 2 times (x 68B)
Class org.gradle.internal.classloader.ClasspathUtil$1                                 : loaded 2 times (x 74B)
Class org.gradle.internal.classloader.ClassLoaderFactory                              : loaded 2 times (x 68B)
Class org.gradle.api.internal.classpath.ManifestUtil                                  : loaded 2 times (x 69B)
Class org.gradle.api.specs.Spec                                                       : loaded 2 times (x 68B)
Class org.gradle.internal.IoActions                                                   : loaded 2 times (x 69B)
Class org.gradle.api.internal.classpath.EffectiveClassPath                            : loaded 2 times (x 88B)
Class org.gradle.internal.installation.CurrentGradleInstallation                      : loaded 2 times (x 71B)
Class org.gradle.internal.installation.CurrentGradleInstallationLocator               : loaded 2 times (x 69B)
Class org.gradle.api.internal.classpath.Module                                        : loaded 2 times (x 68B)
Class org.gradle.internal.service.CachingServiceLocator                               : loaded 2 times (x 80B)
Class org.gradle.internal.classpath.DefaultClassPath                                  : loaded 2 times (x 88B)
Class org.gradle.internal.classloader.SystemClassLoaderSpec                           : loaded 2 times (x 69B)
Class org.gradle.api.UncheckedIOException                                             : loaded 2 times (x 80B)
Class Program                                                                         : loaded 2 times (x 70B)
Class org.gradle.internal.classloader.ClasspathUtil                                   : loaded 2 times (x 69B)
Class org.gradle.api.internal.DefaultClassPathRegistry                                : loaded 2 times (x 74B)
Class org.gradle.api.internal.classpath.DefaultModuleRegistry$DefaultModule           : loaded 2 times (x 84B)
Class org.gradle.api.internal.classpath.UnknownModuleException                        : loaded 2 times (x 80B)
Class org.gradle.internal.service.ServiceLookupException                              : loaded 2 times (x 80B)
Class org.gradle.cache.GlobalCache                                                    : loaded 2 times (x 68B)
Class [Lorg.gradle.api.internal.ClassPathProvider;                                    : loaded 2 times (x 67B)
Class org.gradle.util.internal.GUtil                                                  : loaded 2 times (x 69B)
Class org.gradle.internal.classloader.ClassLoaderSpec                                 : loaded 2 times (x 69B)
Class org.gradle.internal.classloader.VisitableURLClassLoader                         : loaded 2 times (x 115B)
Class org.gradle.internal.Cast                                                        : loaded 2 times (x 69B)
Class org.gradle.api.internal.ClassPathRegistry                                       : loaded 2 times (x 68B)
Class org.gradle.internal.classloader.ClassLoaderHierarchy                            : loaded 2 times (x 68B)
Class org.gradle.internal.InternalTransformer                                         : loaded 2 times (x 68B)
Class org.gradle.internal.service.ServiceLocator                                      : loaded 2 times (x 68B)
Class Settings_gradle$1                                                               : loaded 2 times (x 72B)
Class org.gradle.internal.classpath.DefaultClassPath$ImmutableUniqueList              : loaded 2 times (x 159B)
Class Settings_gradle                                                                 : loaded 2 times (x 126B)


---------------  S Y S T E M  ---------------

OS:
 Windows 11 , 64 bit Build 22621 (10.0.22621.3672)
OS uptime: 0 days 0:36 hours

CPU: total 8 (initial active 8) (8 cores per cpu, 2 threads per core) family 23 model 104 stepping 1 microcode 0x0, cx8, cmov, fxsr, ht, mmx, 3dnowpref, sse, sse2, sse3, ssse3, sse4a, sse4.1, sse4.2, popcnt, lzcnt, tsc, tscinvbit, avx, avx2, aes, clmul, bmi1, bmi2, adx, sha, fma, vzeroupper, clflush, clflushopt
Processor Information for processor 0
  Max Mhz: 2600, Current Mhz: 2600, Mhz Limit: 2600
Processor Information for processor 1
  Max Mhz: 2600, Current Mhz: 2600, Mhz Limit: 2600
Processor Information for processor 2
  Max Mhz: 2600, Current Mhz: 2600, Mhz Limit: 2600
Processor Information for processor 3
  Max Mhz: 2600, Current Mhz: 2600, Mhz Limit: 2600
Processor Information for processor 4
  Max Mhz: 2600, Current Mhz: 2600, Mhz Limit: 2600
Processor Information for processor 5
  Max Mhz: 2600, Current Mhz: 2600, Mhz Limit: 2600
Processor Information for processor 6
  Max Mhz: 2600, Current Mhz: 2003, Mhz Limit: 2600
Processor Information for processor 7
  Max Mhz: 2600, Current Mhz: 2600, Mhz Limit: 2600

Memory: 4k page, system-wide physical 7502M (273M free)
TotalPageFile size 11571M (AvailPageFile size 6M)
current process WorkingSet (physical memory assigned to process): 239M, peak: 241M
current process commit charge ("private bytes"): 276M, peak: 278M

vm_info: OpenJDK 64-Bit Server VM (17.0.10+0--11609105) for windows-amd64 JRE (17.0.10+0--11609105), built on Mar 21 2024 19:10:56 by "androidbuild" with MS VC++ 16.10 / 16.11 (VS2019)

END.
