#
# There is insufficient memory for the Java Runtime Environment to continue.
# Native memory allocation (malloc) failed to allocate 2719392 bytes for Chunk::new
# Possible reasons:
#   The system is out of physical RAM or swap space
#   The process is running with CompressedOops enabled, and the Java Heap may be blocking the growth of the native heap
# Possible solutions:
#   Reduce memory load on the system
#   Increase physical memory or swap space
#   Check if swap backing store is full
#   Decrease Java heap size (-Xmx/-Xms)
#   Decrease number of Java threads
#   Decrease Java thread stack sizes (-Xss)
#   Set larger code cache with -XX:ReservedCodeCacheSize=
#   JVM is running with Unscaled Compressed Oops mode in which the Java heap is
#     placed in the first 4GB address space. The Java Heap base address is the
#     maximum limit for the native heap growth. Please use -XX:HeapBaseMinAddress
#     to set the Java Heap base and to place the Java Heap above 4GB virtual address.
# This output file may be truncated or incomplete.
#
#  Out of Memory Error (arena.cpp:191), pid=17504, tid=10772
#
# JRE version: OpenJDK Runtime Environment (17.0.10) (build 17.0.10+0--11609105)
# Java VM: OpenJDK 64-Bit Server VM (17.0.10+0--11609105, mixed mode, tiered, compressed oops, compressed class ptrs, g1 gc, windows-amd64)
# No core dump will be written. Minidumps are not enabled by default on client versions of Windows
#

---------------  S U M M A R Y ------------

Command Line: --add-opens=java.base/java.util=ALL-UNNAMED --add-opens=java.base/java.lang=ALL-UNNAMED --add-opens=java.base/java.lang.invoke=ALL-UNNAMED --add-opens=java.prefs/java.util.prefs=ALL-UNNAMED --add-opens=java.base/java.nio.charset=ALL-UNNAMED --add-opens=java.base/java.net=ALL-UNNAMED --add-opens=java.base/java.util.concurrent.atomic=ALL-UNNAMED -Xmx2048m -Dfile.encoding=UTF-8 -Duser.country=US -Duser.language=en -Duser.variant org.gradle.launcher.daemon.bootstrap.GradleDaemon 8.0

Host: AMD Ryzen 3 5300U with Radeon Graphics         , 8 cores, 7G,  Windows 11 , 64 bit Build 22621 (10.0.22621.3672)
Time: Thu Aug  8 13:24:06 2024 W. Central Africa Standard Time elapsed time: 14.599803 seconds (0d 0h 0m 14s)

---------------  T H R E A D  ---------------

Current thread (0x00000209f1fbd430):  JavaThread "C2 CompilerThread1" daemon [_thread_in_native, id=10772, stack(0x00000074fd000000,0x00000074fd100000)]


Current CompileTask:
C2:  14599 6934 %     4       org.objectweb.asm.ClassReader::readCode @ 92 (5109 bytes)

Stack: [0x00000074fd000000,0x00000074fd100000]
Native frames: (J=compiled Java code, j=interpreted, Vv=VM code, C=native code)
V  [jvm.dll+0x688de9]
V  [jvm.dll+0x8423da]
V  [jvm.dll+0x84401e]
V  [jvm.dll+0x844683]
V  [jvm.dll+0x24be0f]
V  [jvm.dll+0xac524]
V  [jvm.dll+0xacb6c]
V  [jvm.dll+0x36bd67]
V  [jvm.dll+0x33615a]
V  [jvm.dll+0x3355fa]
V  [jvm.dll+0x21daa1]
V  [jvm.dll+0x21cec1]
V  [jvm.dll+0x1a60ad]
V  [jvm.dll+0x22cd78]
V  [jvm.dll+0x22aeb0]
V  [jvm.dll+0x7f6877]
V  [jvm.dll+0x7f0c7a]
V  [jvm.dll+0x687c65]
C  [ucrtbase.dll+0x29333]
C  [KERNEL32.DLL+0x1257d]
C  [ntdll.dll+0x5af28]


---------------  P R O C E S S  ---------------

Threads class SMR info:
_java_thread_list=0x00000209f032f820, length=126, elements={
0x00000209ce6199a0, 0x00000209e8603020, 0x00000209e8603db0, 0x00000209e864c410,
0x00000209e864dfe0, 0x00000209e864eba0, 0x00000209e8651670, 0x00000209e8652410,
0x00000209e8652ec0, 0x00000209e8660de0, 0x00000209e87dbec0, 0x00000209e87dd1c0,
0x00000209eeefcf70, 0x00000209ed8fb570, 0x00000209ee759830, 0x00000209eeedae40,
0x00000209edc84b60, 0x00000209ee4cb070, 0x00000209eea12830, 0x00000209ee3568d0,
0x00000209ee3559a0, 0x00000209ee3572f0, 0x00000209ee355490, 0x00000209ee3563c0,
0x00000209ee355eb0, 0x00000209ee356de0, 0x00000209ee354560, 0x00000209ee354050,
0x00000209ee354a70, 0x00000209ee354f80, 0x00000209f10b0e70, 0x00000209f10b27c0,
0x00000209f10b3c00, 0x00000209f10afa30, 0x00000209f10ad6c0, 0x00000209f10b36f0,
0x00000209f10af010, 0x00000209f10b4110, 0x00000209f10adbd0, 0x00000209f10b31e0,
0x00000209f10b1da0, 0x00000209f10ae0e0, 0x00000209f1fbd430, 0x00000209f202b050,
0x00000209f10ae5f0, 0x00000209f10b2cd0, 0x00000209f10aeb00, 0x00000209f10b0450,
0x00000209f10ad1b0, 0x00000209f10af520, 0x00000209f10b4b30, 0x00000209f10b0960,
0x00000209f10b1890, 0x00000209f10b22b0, 0x00000209f1e485b0, 0x00000209f1e47b90,
0x00000209f1e45d30, 0x00000209f1e48ac0, 0x00000209f1e46750, 0x00000209f1e42fa0,
0x00000209f1e45820, 0x00000209f1e45310, 0x00000209f1e46240, 0x00000209f1e48fd0,
0x00000209f1e42580, 0x00000209f1e434b0, 0x00000209f1e439c0, 0x00000209f1e43ed0,
0x00000209f1e443e0, 0x00000209f1e494e0, 0x00000209f1e44e00, 0x00000209f1e46c60,
0x00000209f1e448f0, 0x00000209f1e47170, 0x00000209f1e47680, 0x00000209f1e42070,
0x00000209f1e499f0, 0x00000209f1e42a90, 0x00000209f1e89740, 0x00000209f1e8c4d0,
0x00000209f1e8bab0, 0x00000209f1e8bfc0, 0x00000209f1e8b090, 0x00000209f1e88d20,
0x00000209f1e85060, 0x00000209f1e8c9e0, 0x00000209f1e86ec0, 0x00000209f1e85570,
0x00000209f1e85a80, 0x00000209f1e878e0, 0x00000209f1e869b0, 0x00000209f1e89c50,
0x00000209f1e85f90, 0x00000209f1e89230, 0x00000209f1e8ab80, 0x00000209f1e8b5a0,
0x00000209f1e864a0, 0x00000209f1e88810, 0x00000209f1e873d0, 0x00000209f1e87df0,
0x00000209f1e8a160, 0x00000209f1e88300, 0x00000209f1e8a670, 0x00000209f0c6fdb0,
0x00000209f0c762f0, 0x00000209f0c711f0, 0x00000209f0c75de0, 0x00000209f0c71c10,
0x00000209f0c76d10, 0x00000209f0c76800, 0x00000209f0c707d0, 0x00000209f0c72120,
0x00000209f0c74490, 0x00000209f0c77220, 0x00000209f0c77730, 0x00000209f0c71700,
0x00000209f0c73050, 0x00000209f0c72630, 0x00000209f0c72b40, 0x00000209f0c702c0,
0x00000209f0c73a70, 0x00000209f0c73f80, 0x00000209f0c73560, 0x00000209f0c70ce0,
0x00000209f0c74eb0, 0x00000209f0c749a0
}

Java Threads: ( => current thread )
  0x00000209ce6199a0 JavaThread "main" [_thread_blocked, id=17592, stack(0x00000074fa900000,0x00000074faa00000)]
  0x00000209e8603020 JavaThread "Reference Handler" daemon [_thread_blocked, id=15476, stack(0x00000074fb000000,0x00000074fb100000)]
  0x00000209e8603db0 JavaThread "Finalizer" daemon [_thread_blocked, id=5356, stack(0x00000074fb100000,0x00000074fb200000)]
  0x00000209e864c410 JavaThread "Signal Dispatcher" daemon [_thread_blocked, id=16336, stack(0x00000074fb200000,0x00000074fb300000)]
  0x00000209e864dfe0 JavaThread "Attach Listener" daemon [_thread_blocked, id=2864, stack(0x00000074fb300000,0x00000074fb400000)]
  0x00000209e864eba0 JavaThread "Service Thread" daemon [_thread_blocked, id=17892, stack(0x00000074fb400000,0x00000074fb500000)]
  0x00000209e8651670 JavaThread "Monitor Deflation Thread" daemon [_thread_blocked, id=18192, stack(0x00000074fb500000,0x00000074fb600000)]
  0x00000209e8652410 JavaThread "C2 CompilerThread0" daemon [_thread_in_native, id=16736, stack(0x00000074fb600000,0x00000074fb700000)]
  0x00000209e8652ec0 JavaThread "C1 CompilerThread0" daemon [_thread_blocked, id=9184, stack(0x00000074fb700000,0x00000074fb800000)]
  0x00000209e8660de0 JavaThread "Sweeper thread" daemon [_thread_blocked, id=3904, stack(0x00000074fb800000,0x00000074fb900000)]
  0x00000209e87dbec0 JavaThread "Common-Cleaner" daemon [_thread_blocked, id=12936, stack(0x00000074fb900000,0x00000074fba00000)]
  0x00000209e87dd1c0 JavaThread "Notification Thread" daemon [_thread_blocked, id=18844, stack(0x00000074fba00000,0x00000074fbb00000)]
  0x00000209eeefcf70 JavaThread "Daemon health stats" [_thread_blocked, id=11784, stack(0x00000074fc200000,0x00000074fc300000)]
  0x00000209ed8fb570 JavaThread "Incoming local TCP Connector on port 49815" [_thread_in_native, id=16316, stack(0x00000074fbc00000,0x00000074fbd00000)]
  0x00000209ee759830 JavaThread "Daemon periodic checks" [_thread_blocked, id=3972, stack(0x00000074fc300000,0x00000074fc400000)]
  0x00000209eeedae40 JavaThread "Daemon" [_thread_blocked, id=9328, stack(0x00000074fc500000,0x00000074fc600000)]
  0x00000209edc84b60 JavaThread "Handler for socket connection from /127.0.0.1:49815 to /127.0.0.1:49816" [_thread_in_native, id=9476, stack(0x00000074fc600000,0x00000074fc700000)]
  0x00000209ee4cb070 JavaThread "Cancel handler" [_thread_blocked, id=2168, stack(0x00000074fc700000,0x00000074fc800000)]
  0x00000209eea12830 JavaThread "Daemon worker" [_thread_blocked, id=11592, stack(0x00000074fc800000,0x00000074fc900000)]
  0x00000209ee3568d0 JavaThread "Asynchronous log dispatcher for DefaultDaemonConnection: socket connection from /127.0.0.1:49815 to /127.0.0.1:49816" [_thread_blocked, id=11532, stack(0x00000074fc900000,0x00000074fca00000)]
  0x00000209ee3559a0 JavaThread "Stdin handler" [_thread_blocked, id=3160, stack(0x00000074fca00000,0x00000074fcb00000)]
  0x00000209ee3572f0 JavaThread "Daemon client event forwarder" [_thread_blocked, id=7396, stack(0x00000074fcb00000,0x00000074fcc00000)]
  0x00000209ee355490 JavaThread "Cache worker for journal cache (C:\Users\23480\.gradle\caches\journal-1)" [_thread_blocked, id=17652, stack(0x00000074fc100000,0x00000074fc200000)]
  0x00000209ee3563c0 JavaThread "File lock request listener" [_thread_in_native, id=5488, stack(0x00000074fc400000,0x00000074fc500000)]
  0x00000209ee355eb0 JavaThread "Cache worker for file hash cache (C:\Users\23480\.gradle\caches\8.0\fileHashes)" [_thread_blocked, id=4476, stack(0x00000074fd100000,0x00000074fd200000)]
  0x00000209ee356de0 JavaThread "File watcher server" daemon [_thread_in_native, id=12960, stack(0x00000074fd300000,0x00000074fd400000)]
  0x00000209ee354560 JavaThread "File watcher consumer" daemon [_thread_blocked, id=13240, stack(0x00000074fd400000,0x00000074fd500000)]
  0x00000209ee354050 JavaThread "jar transforms" [_thread_in_native, id=9796, stack(0x00000074fd500000,0x00000074fd600000)]
  0x00000209ee354a70 JavaThread "jar transforms Thread 2" [_thread_blocked, id=15272, stack(0x00000074fd600000,0x00000074fd700000)]
  0x00000209ee354f80 JavaThread "jar transforms Thread 3" [_thread_blocked, id=1736, stack(0x00000074fd700000,0x00000074fd800000)]
  0x00000209f10b0e70 JavaThread "jar transforms Thread 4" [_thread_in_Java, id=7972, stack(0x00000074fd800000,0x00000074fd900000)]
  0x00000209f10b27c0 JavaThread "jar transforms Thread 5" [_thread_blocked, id=4480, stack(0x00000074fd900000,0x00000074fda00000)]
  0x00000209f10b3c00 JavaThread "jar transforms Thread 6" [_thread_blocked, id=18752, stack(0x00000074fda00000,0x00000074fdb00000)]
  0x00000209f10afa30 JavaThread "jar transforms Thread 7" [_thread_blocked, id=13064, stack(0x00000074fdb00000,0x00000074fdc00000)]
  0x00000209f10ad6c0 JavaThread "jar transforms Thread 8" [_thread_blocked, id=19880, stack(0x00000074fdc00000,0x00000074fdd00000)]
  0x00000209f10b36f0 JavaThread "Cache worker for checksums cache (C:\Users\23480\Documents\androidproject\OpeyemisChat\.gradle\8.0\checksums)" [_thread_blocked, id=14452, stack(0x00000074fdd00000,0x00000074fde00000)]
  0x00000209f10af010 JavaThread "Cache worker for cache directory md-rule (C:\Users\23480\.gradle\caches\8.0\md-rule)" [_thread_blocked, id=5036, stack(0x00000074fde00000,0x00000074fdf00000)]
  0x00000209f10b4110 JavaThread "Cache worker for file content cache (C:\Users\23480\.gradle\caches\8.0\fileContent)" [_thread_blocked, id=16252, stack(0x00000074fdf00000,0x00000074fe000000)]
  0x00000209f10adbd0 JavaThread "Cache worker for file hash cache (C:\Users\23480\Documents\androidproject\OpeyemisChat\.gradle\8.0\fileHashes)" [_thread_blocked, id=7164, stack(0x00000074fe000000,0x00000074fe100000)]
  0x00000209f10b31e0 JavaThread "Cache worker for cache directory md-supplier (C:\Users\23480\.gradle\caches\8.0\md-supplier)" [_thread_blocked, id=16436, stack(0x00000074fe100000,0x00000074fe200000)]
  0x00000209f10b1da0 JavaThread "Cache worker for execution history cache (C:\Users\23480\.gradle\caches\8.0\executionHistory)" [_thread_blocked, id=14396, stack(0x00000074fe200000,0x00000074fe300000)]
  0x00000209f10ae0e0 JavaThread "Cache worker for kotlin-dsl (C:\Users\23480\.gradle\caches\8.0\kotlin-dsl)" [_thread_blocked, id=16816, stack(0x00000074fe300000,0x00000074fe400000)]
=>0x00000209f1fbd430 JavaThread "C2 CompilerThread1" daemon [_thread_in_native, id=10772, stack(0x00000074fd000000,0x00000074fd100000)]
  0x00000209f202b050 JavaThread "C2 CompilerThread2" daemon [_thread_in_native, id=18696, stack(0x00000074fd200000,0x00000074fd300000)]
  0x00000209f10ae5f0 JavaThread "Cache worker for dependencies-accessors (C:\Users\23480\Documents\androidproject\OpeyemisChat\.gradle\8.0\dependencies-accessors)" [_thread_blocked, id=18028, stack(0x00000074fe400000,0x00000074fe500000)]
  0x00000209f10b2cd0 JavaThread "Cache worker for Build Output Cleanup Cache (C:\Users\23480\Documents\androidproject\OpeyemisChat\.gradle\buildOutputCleanup)" [_thread_blocked, id=6176, stack(0x00000074fe500000,0x00000074fe600000)]
  0x00000209f10aeb00 JavaThread "Unconstrained build operations" [_thread_blocked, id=16544, stack(0x00000074fe600000,0x00000074fe700000)]
  0x00000209f10b0450 JavaThread "Unconstrained build operations Thread 2" [_thread_blocked, id=10028, stack(0x00000074fe700000,0x00000074fe800000)]
  0x00000209f10ad1b0 JavaThread "Unconstrained build operations Thread 3" [_thread_blocked, id=15508, stack(0x00000074fe800000,0x00000074fe900000)]
  0x00000209f10af520 JavaThread "Unconstrained build operations Thread 4" [_thread_blocked, id=16644, stack(0x00000074fe900000,0x00000074fea00000)]
  0x00000209f10b4b30 JavaThread "Unconstrained build operations Thread 5" [_thread_blocked, id=8148, stack(0x00000074fea00000,0x00000074feb00000)]
  0x00000209f10b0960 JavaThread "Unconstrained build operations Thread 6" [_thread_blocked, id=18568, stack(0x00000074feb00000,0x00000074fec00000)]
  0x00000209f10b1890 JavaThread "Unconstrained build operations Thread 7" [_thread_blocked, id=12676, stack(0x00000074fec00000,0x00000074fed00000)]
  0x00000209f10b22b0 JavaThread "Unconstrained build operations Thread 8" [_thread_blocked, id=18324, stack(0x00000074fed00000,0x00000074fee00000)]
  0x00000209f1e485b0 JavaThread "Unconstrained build operations Thread 9" [_thread_blocked, id=18580, stack(0x00000074fee00000,0x00000074fef00000)]
  0x00000209f1e47b90 JavaThread "Unconstrained build operations Thread 10" [_thread_blocked, id=4604, stack(0x00000074fef00000,0x00000074ff000000)]
  0x00000209f1e45d30 JavaThread "Unconstrained build operations Thread 11" [_thread_blocked, id=15444, stack(0x00000074ff000000,0x00000074ff100000)]
  0x00000209f1e48ac0 JavaThread "Unconstrained build operations Thread 12" [_thread_blocked, id=11180, stack(0x00000074ff100000,0x00000074ff200000)]
  0x00000209f1e46750 JavaThread "Unconstrained build operations Thread 13" [_thread_blocked, id=1168, stack(0x00000074ff200000,0x00000074ff300000)]
  0x00000209f1e42fa0 JavaThread "Unconstrained build operations Thread 14" [_thread_blocked, id=1380, stack(0x00000074ff300000,0x00000074ff400000)]
  0x00000209f1e45820 JavaThread "Unconstrained build operations Thread 15" [_thread_blocked, id=14996, stack(0x00000074ff400000,0x00000074ff500000)]
  0x00000209f1e45310 JavaThread "Unconstrained build operations Thread 16" [_thread_blocked, id=2912, stack(0x00000074ff500000,0x00000074ff600000)]
  0x00000209f1e46240 JavaThread "Unconstrained build operations Thread 17" [_thread_blocked, id=1336, stack(0x00000074ff600000,0x00000074ff700000)]
  0x00000209f1e48fd0 JavaThread "Unconstrained build operations Thread 18" [_thread_blocked, id=17208, stack(0x00000074ff700000,0x00000074ff800000)]
  0x00000209f1e42580 JavaThread "Unconstrained build operations Thread 19" [_thread_blocked, id=9280, stack(0x00000074ff800000,0x00000074ff900000)]
  0x00000209f1e434b0 JavaThread "Unconstrained build operations Thread 20" [_thread_blocked, id=5296, stack(0x00000074ff900000,0x00000074ffa00000)]
  0x00000209f1e439c0 JavaThread "Unconstrained build operations Thread 21" [_thread_blocked, id=11392, stack(0x00000074ffa00000,0x00000074ffb00000)]
  0x00000209f1e43ed0 JavaThread "Unconstrained build operations Thread 22" [_thread_blocked, id=3992, stack(0x00000074ffb00000,0x00000074ffc00000)]
  0x00000209f1e443e0 JavaThread "Unconstrained build operations Thread 23" [_thread_blocked, id=16432, stack(0x00000074ffc00000,0x00000074ffd00000)]
  0x00000209f1e494e0 JavaThread "Unconstrained build operations Thread 24" [_thread_blocked, id=14224, stack(0x00000074ffd00000,0x00000074ffe00000)]
  0x00000209f1e44e00 JavaThread "Unconstrained build operations Thread 25" [_thread_blocked, id=6256, stack(0x00000074ffe00000,0x00000074fff00000)]
  0x00000209f1e46c60 JavaThread "Unconstrained build operations Thread 26" [_thread_blocked, id=19728, stack(0x00000074fff00000,0x0000007500000000)]
  0x00000209f1e448f0 JavaThread "Unconstrained build operations Thread 27" [_thread_blocked, id=10688, stack(0x0000007480000000,0x0000007480100000)]
  0x00000209f1e47170 JavaThread "Unconstrained build operations Thread 28" [_thread_blocked, id=1436, stack(0x0000007480100000,0x0000007480200000)]
  0x00000209f1e47680 JavaThread "Unconstrained build operations Thread 29" [_thread_blocked, id=9384, stack(0x0000007480200000,0x0000007480300000)]
  0x00000209f1e42070 JavaThread "Unconstrained build operations Thread 30" [_thread_blocked, id=10712, stack(0x0000007480300000,0x0000007480400000)]
  0x00000209f1e499f0 JavaThread "Unconstrained build operations Thread 31" [_thread_blocked, id=10324, stack(0x0000007480400000,0x0000007480500000)]
  0x00000209f1e42a90 JavaThread "Unconstrained build operations Thread 32" [_thread_blocked, id=1404, stack(0x0000007480500000,0x0000007480600000)]
  0x00000209f1e89740 JavaThread "Unconstrained build operations Thread 33" [_thread_blocked, id=16572, stack(0x0000007480600000,0x0000007480700000)]
  0x00000209f1e8c4d0 JavaThread "Unconstrained build operations Thread 34" [_thread_blocked, id=20124, stack(0x0000007480700000,0x0000007480800000)]
  0x00000209f1e8bab0 JavaThread "Unconstrained build operations Thread 35" [_thread_blocked, id=14032, stack(0x0000007480800000,0x0000007480900000)]
  0x00000209f1e8bfc0 JavaThread "Unconstrained build operations Thread 36" [_thread_blocked, id=18660, stack(0x0000007480900000,0x0000007480a00000)]
  0x00000209f1e8b090 JavaThread "Unconstrained build operations Thread 37" [_thread_blocked, id=15788, stack(0x0000007480a00000,0x0000007480b00000)]
  0x00000209f1e88d20 JavaThread "Unconstrained build operations Thread 38" [_thread_blocked, id=5196, stack(0x0000007480b00000,0x0000007480c00000)]
  0x00000209f1e85060 JavaThread "Unconstrained build operations Thread 39" [_thread_blocked, id=2564, stack(0x0000007480c00000,0x0000007480d00000)]
  0x00000209f1e8c9e0 JavaThread "Unconstrained build operations Thread 40" [_thread_blocked, id=15044, stack(0x0000007480d00000,0x0000007480e00000)]
  0x00000209f1e86ec0 JavaThread "Unconstrained build operations Thread 41" [_thread_blocked, id=18888, stack(0x0000007480e00000,0x0000007480f00000)]
  0x00000209f1e85570 JavaThread "Unconstrained build operations Thread 42" [_thread_blocked, id=8768, stack(0x0000007480f00000,0x0000007481000000)]
  0x00000209f1e85a80 JavaThread "Unconstrained build operations Thread 43" [_thread_blocked, id=1696, stack(0x0000007481000000,0x0000007481100000)]
  0x00000209f1e878e0 JavaThread "Unconstrained build operations Thread 44" [_thread_blocked, id=2576, stack(0x0000007481100000,0x0000007481200000)]
  0x00000209f1e869b0 JavaThread "Unconstrained build operations Thread 45" [_thread_blocked, id=12096, stack(0x0000007481200000,0x0000007481300000)]
  0x00000209f1e89c50 JavaThread "Unconstrained build operations Thread 46" [_thread_blocked, id=15256, stack(0x0000007481300000,0x0000007481400000)]
  0x00000209f1e85f90 JavaThread "Unconstrained build operations Thread 47" [_thread_blocked, id=9604, stack(0x0000007481400000,0x0000007481500000)]
  0x00000209f1e89230 JavaThread "Unconstrained build operations Thread 48" [_thread_blocked, id=10388, stack(0x0000007481500000,0x0000007481600000)]
  0x00000209f1e8ab80 JavaThread "Unconstrained build operations Thread 49" [_thread_blocked, id=15876, stack(0x0000007481600000,0x0000007481700000)]
  0x00000209f1e8b5a0 JavaThread "Unconstrained build operations Thread 50" [_thread_blocked, id=16664, stack(0x0000007481700000,0x0000007481800000)]
  0x00000209f1e864a0 JavaThread "Unconstrained build operations Thread 51" [_thread_blocked, id=13156, stack(0x0000007481800000,0x0000007481900000)]
  0x00000209f1e88810 JavaThread "Unconstrained build operations Thread 52" [_thread_blocked, id=10260, stack(0x0000007481900000,0x0000007481a00000)]
  0x00000209f1e873d0 JavaThread "Unconstrained build operations Thread 53" [_thread_blocked, id=1796, stack(0x0000007481a00000,0x0000007481b00000)]
  0x00000209f1e87df0 JavaThread "Unconstrained build operations Thread 54" [_thread_blocked, id=4444, stack(0x0000007481b00000,0x0000007481c00000)]
  0x00000209f1e8a160 JavaThread "Unconstrained build operations Thread 55" [_thread_blocked, id=14000, stack(0x0000007481c00000,0x0000007481d00000)]
  0x00000209f1e88300 JavaThread "Unconstrained build operations Thread 56" [_thread_blocked, id=10300, stack(0x0000007481d00000,0x0000007481e00000)]
  0x00000209f1e8a670 JavaThread "Unconstrained build operations Thread 57" [_thread_blocked, id=12036, stack(0x0000007481e00000,0x0000007481f00000)]
  0x00000209f0c6fdb0 JavaThread "Unconstrained build operations Thread 58" [_thread_blocked, id=20356, stack(0x0000007481f00000,0x0000007482000000)]
  0x00000209f0c762f0 JavaThread "Unconstrained build operations Thread 59" [_thread_blocked, id=6468, stack(0x0000007482000000,0x0000007482100000)]
  0x00000209f0c711f0 JavaThread "Unconstrained build operations Thread 60" [_thread_blocked, id=12424, stack(0x0000007482100000,0x0000007482200000)]
  0x00000209f0c75de0 JavaThread "Unconstrained build operations Thread 61" [_thread_blocked, id=4364, stack(0x0000007482200000,0x0000007482300000)]
  0x00000209f0c71c10 JavaThread "Unconstrained build operations Thread 62" [_thread_blocked, id=5192, stack(0x0000007482300000,0x0000007482400000)]
  0x00000209f0c76d10 JavaThread "Unconstrained build operations Thread 63" [_thread_blocked, id=18884, stack(0x0000007482400000,0x0000007482500000)]
  0x00000209f0c76800 JavaThread "Unconstrained build operations Thread 64" [_thread_blocked, id=7756, stack(0x0000007482500000,0x0000007482600000)]
  0x00000209f0c707d0 JavaThread "Unconstrained build operations Thread 65" [_thread_blocked, id=15608, stack(0x0000007482600000,0x0000007482700000)]
  0x00000209f0c72120 JavaThread "Unconstrained build operations Thread 66" [_thread_blocked, id=19744, stack(0x0000007482700000,0x0000007482800000)]
  0x00000209f0c74490 JavaThread "Unconstrained build operations Thread 67" [_thread_blocked, id=1448, stack(0x0000007482800000,0x0000007482900000)]
  0x00000209f0c77220 JavaThread "Unconstrained build operations Thread 68" [_thread_blocked, id=20284, stack(0x0000007482900000,0x0000007482a00000)]
  0x00000209f0c77730 JavaThread "Unconstrained build operations Thread 69" [_thread_blocked, id=9504, stack(0x0000007482a00000,0x0000007482b00000)]
  0x00000209f0c71700 JavaThread "Unconstrained build operations Thread 70" [_thread_blocked, id=10464, stack(0x0000007482b00000,0x0000007482c00000)]
  0x00000209f0c73050 JavaThread "Unconstrained build operations Thread 71" [_thread_blocked, id=15772, stack(0x0000007482c00000,0x0000007482d00000)]
  0x00000209f0c72630 JavaThread "Unconstrained build operations Thread 72" [_thread_blocked, id=8136, stack(0x0000007482d00000,0x0000007482e00000)]
  0x00000209f0c72b40 JavaThread "Unconstrained build operations Thread 73" [_thread_blocked, id=16488, stack(0x0000007482e00000,0x0000007482f00000)]
  0x00000209f0c702c0 JavaThread "Unconstrained build operations Thread 74" [_thread_blocked, id=1816, stack(0x0000007482f00000,0x0000007483000000)]
  0x00000209f0c73a70 JavaThread "Unconstrained build operations Thread 75" [_thread_blocked, id=9736, stack(0x0000007483000000,0x0000007483100000)]
  0x00000209f0c73f80 JavaThread "Unconstrained build operations Thread 76" [_thread_blocked, id=14412, stack(0x0000007483100000,0x0000007483200000)]
  0x00000209f0c73560 JavaThread "Unconstrained build operations Thread 77" [_thread_blocked, id=3920, stack(0x0000007483200000,0x0000007483300000)]
  0x00000209f0c70ce0 JavaThread "Unconstrained build operations Thread 78" [_thread_blocked, id=10616, stack(0x0000007483300000,0x0000007483400000)]
  0x00000209f0c74eb0 JavaThread "Unconstrained build operations Thread 79" [_thread_blocked, id=16812, stack(0x0000007483400000,0x0000007483500000)]
  0x00000209f0c749a0 JavaThread "Unconstrained build operations Thread 80" [_thread_blocked, id=7224, stack(0x0000007483500000,0x0000007483600000)]

Other Threads:
  0x00000209e827a670 VMThread "VM Thread" [stack: 0x00000074faf00000,0x00000074fb000000] [id=8440]
  0x00000209e87f8ea0 WatcherThread [stack: 0x00000074fbb00000,0x00000074fbc00000] [id=16740]
  0x00000209ce674b40 GCTaskThread "GC Thread#0" [stack: 0x00000074faa00000,0x00000074fab00000] [id=2544]
  0x00000209edb1b890 GCTaskThread "GC Thread#1" [stack: 0x00000074fbd00000,0x00000074fbe00000] [id=8256]
  0x00000209ed128790 GCTaskThread "GC Thread#2" [stack: 0x00000074fbe00000,0x00000074fbf00000] [id=16180]
  0x00000209ed96e8d0 GCTaskThread "GC Thread#3" [stack: 0x00000074fbf00000,0x00000074fc000000] [id=16396]
  0x00000209ee200980 GCTaskThread "GC Thread#4" [stack: 0x00000074fc000000,0x00000074fc100000] [id=7448]
  0x00000209ee8dde70 GCTaskThread "GC Thread#5" [stack: 0x00000074fcc00000,0x00000074fcd00000] [id=5028]
  0x00000209ee544450 GCTaskThread "GC Thread#6" [stack: 0x00000074fcd00000,0x00000074fce00000] [id=5592]
  0x00000209ef11c030 GCTaskThread "GC Thread#7" [stack: 0x00000074fce00000,0x00000074fcf00000] [id=3984]
  0x00000209ce685a90 ConcurrentGCThread "G1 Main Marker" [stack: 0x00000074fab00000,0x00000074fac00000] [id=16452]
  0x00000209ce6864b0 ConcurrentGCThread "G1 Conc#0" [stack: 0x00000074fac00000,0x00000074fad00000] [id=17232]
  0x00000209ef170770 ConcurrentGCThread "G1 Conc#1" [stack: 0x00000074fcf00000,0x00000074fd000000] [id=7180]
  0x00000209e80fa420 ConcurrentGCThread "G1 Refine#0" [stack: 0x00000074fad00000,0x00000074fae00000] [id=19800]
  0x00000209e80fad60 ConcurrentGCThread "G1 Service" [stack: 0x00000074fae00000,0x00000074faf00000] [id=4752]

Threads with active compile tasks:
C2 CompilerThread0    14661 6857       4       org.objectweb.asm.MethodWriter::<init> (232 bytes)
C2 CompilerThread1    14661 6934 %     4       org.objectweb.asm.ClassReader::readCode @ 92 (5109 bytes)
C2 CompilerThread2    14661 6912       4       org.objectweb.asm.ClassWriter::toByteArray (1535 bytes)

VM state: not at safepoint (normal execution)

VM Mutex/Monitor currently owned by a thread: None

Heap address: 0x0000000080000000, size: 2048 MB, Compressed Oops mode: 32-bit

CDS archive(s) not mapped
Compressed class space mapped at: 0x0000000100000000-0x0000000140000000, reserved size: 1073741824
Narrow klass base: 0x0000000000000000, Narrow klass shift: 3, Narrow klass range: 0x140000000

GC Precious Log:
 CPUs: 8 total, 8 available
 Memory: 7502M
 Large Page Support: Disabled
 NUMA Support: Disabled
 Compressed Oops: Enabled (32-bit)
 Heap Region Size: 1M
 Heap Min Capacity: 8M
 Heap Initial Capacity: 118M
 Heap Max Capacity: 2G
 Pre-touch: Disabled
 Parallel Workers: 8
 Concurrent Workers: 2
 Concurrent Refinement Workers: 8
 Periodic GC: Disabled

Heap:
 garbage-first heap   total 196608K, used 166313K [0x0000000080000000, 0x0000000100000000)
  region size 1024K, 90 young (92160K), 4 survivors (4096K)
 Metaspace       used 61111K, committed 61696K, reserved 1114112K
  class space    used 8131K, committed 8384K, reserved 1048576K

Heap Regions: E=young(eden), S=young(survivor), O=old, HS=humongous(starts), HC=humongous(continues), CS=collection set, F=free, OA=open archive, CA=closed archive, TAMS=top-at-mark-start (previous, next)
|   0|0x0000000080000000, 0x0000000080100000, 0x0000000080100000|100%|HS|  |TAMS 0x0000000080100000, 0x0000000080000000| Complete 
|   1|0x0000000080100000, 0x0000000080200000, 0x0000000080200000|100%|HC|  |TAMS 0x0000000080200000, 0x0000000080100000| Complete 
|   2|0x0000000080200000, 0x0000000080300000, 0x0000000080300000|100%|HC|  |TAMS 0x0000000080300000, 0x0000000080200000| Complete 
|   3|0x0000000080300000, 0x0000000080400000, 0x0000000080400000|100%|HC|  |TAMS 0x0000000080400000, 0x0000000080300000| Complete 
|   4|0x0000000080400000, 0x0000000080500000, 0x0000000080500000|100%| O|  |TAMS 0x0000000080500000, 0x0000000080400000| Untracked 
|   5|0x0000000080500000, 0x0000000080600000, 0x0000000080600000|100%| O|  |TAMS 0x0000000080600000, 0x0000000080500000| Untracked 
|   6|0x0000000080600000, 0x0000000080700000, 0x0000000080700000|100%| O|  |TAMS 0x0000000080700000, 0x0000000080600000| Untracked 
|   7|0x0000000080700000, 0x0000000080800000, 0x0000000080800000|100%| O|  |TAMS 0x0000000080800000, 0x0000000080700000| Untracked 
|   8|0x0000000080800000, 0x0000000080900000, 0x0000000080900000|100%| O|  |TAMS 0x0000000080900000, 0x0000000080800000| Untracked 
|   9|0x0000000080900000, 0x0000000080a00000, 0x0000000080a00000|100%| O|  |TAMS 0x0000000080a00000, 0x0000000080900000| Untracked 
|  10|0x0000000080a00000, 0x0000000080b00000, 0x0000000080b00000|100%| O|  |TAMS 0x0000000080b00000, 0x0000000080a00000| Untracked 
|  11|0x0000000080b00000, 0x0000000080c00000, 0x0000000080c00000|100%| O|  |TAMS 0x0000000080c00000, 0x0000000080b00000| Untracked 
|  12|0x0000000080c00000, 0x0000000080d00000, 0x0000000080d00000|100%| O|  |TAMS 0x0000000080d00000, 0x0000000080c00000| Untracked 
|  13|0x0000000080d00000, 0x0000000080e00000, 0x0000000080e00000|100%| O|  |TAMS 0x0000000080e00000, 0x0000000080d00000| Untracked 
|  14|0x0000000080e00000, 0x0000000080f00000, 0x0000000080f00000|100%| O|  |TAMS 0x0000000080f00000, 0x0000000080e00000| Untracked 
|  15|0x0000000080f00000, 0x0000000081000000, 0x0000000081000000|100%| O|  |TAMS 0x0000000081000000, 0x0000000080f00000| Untracked 
|  16|0x0000000081000000, 0x0000000081100000, 0x0000000081100000|100%| O|  |TAMS 0x0000000081100000, 0x0000000081000000| Untracked 
|  17|0x0000000081100000, 0x0000000081200000, 0x0000000081200000|100%| O|  |TAMS 0x0000000081200000, 0x0000000081100000| Untracked 
|  18|0x0000000081200000, 0x0000000081300000, 0x0000000081300000|100%| O|  |TAMS 0x0000000081300000, 0x0000000081200000| Untracked 
|  19|0x0000000081300000, 0x0000000081400000, 0x0000000081400000|100%| O|  |TAMS 0x0000000081400000, 0x0000000081300000| Untracked 
|  20|0x0000000081400000, 0x0000000081500000, 0x0000000081500000|100%| O|  |TAMS 0x0000000081500000, 0x0000000081400000| Untracked 
|  21|0x0000000081500000, 0x0000000081600000, 0x0000000081600000|100%|HS|  |TAMS 0x0000000081600000, 0x0000000081500000| Complete 
|  22|0x0000000081600000, 0x0000000081700000, 0x0000000081700000|100%|HC|  |TAMS 0x0000000081700000, 0x0000000081600000| Complete 
|  23|0x0000000081700000, 0x0000000081800000, 0x0000000081800000|100%|HC|  |TAMS 0x0000000081800000, 0x0000000081700000| Complete 
|  24|0x0000000081800000, 0x0000000081900000, 0x0000000081900000|100%|HC|  |TAMS 0x0000000081900000, 0x0000000081800000| Complete 
|  25|0x0000000081900000, 0x0000000081a00000, 0x0000000081a00000|100%|HC|  |TAMS 0x0000000081a00000, 0x0000000081900000| Complete 
|  26|0x0000000081a00000, 0x0000000081b00000, 0x0000000081b00000|100%|HS|  |TAMS 0x0000000081b00000, 0x0000000081a00000| Complete 
|  27|0x0000000081b00000, 0x0000000081c00000, 0x0000000081c00000|100%|HC|  |TAMS 0x0000000081c00000, 0x0000000081b00000| Complete 
|  28|0x0000000081c00000, 0x0000000081d00000, 0x0000000081d00000|100%|HC|  |TAMS 0x0000000081d00000, 0x0000000081c00000| Complete 
|  29|0x0000000081d00000, 0x0000000081e00000, 0x0000000081e00000|100%|HS|  |TAMS 0x0000000081e00000, 0x0000000081d00000| Complete 
|  30|0x0000000081e00000, 0x0000000081f00000, 0x0000000081f00000|100%|HC|  |TAMS 0x0000000081f00000, 0x0000000081e00000| Complete 
|  31|0x0000000081f00000, 0x0000000082000000, 0x0000000082000000|100%|HC|  |TAMS 0x0000000082000000, 0x0000000081f00000| Complete 
|  32|0x0000000082000000, 0x0000000082100000, 0x0000000082100000|100%|HS|  |TAMS 0x0000000082100000, 0x0000000082000000| Complete 
|  33|0x0000000082100000, 0x0000000082200000, 0x0000000082200000|100%| O|  |TAMS 0x0000000082200000, 0x0000000082100000| Untracked 
|  34|0x0000000082200000, 0x0000000082300000, 0x0000000082300000|100%| O|  |TAMS 0x0000000082300000, 0x0000000082200000| Untracked 
|  35|0x0000000082300000, 0x0000000082400000, 0x0000000082400000|100%| O|  |TAMS 0x0000000082400000, 0x0000000082300000| Untracked 
|  36|0x0000000082400000, 0x0000000082500000, 0x0000000082500000|100%| O|  |TAMS 0x0000000082500000, 0x0000000082400000| Untracked 
|  37|0x0000000082500000, 0x0000000082600000, 0x0000000082600000|100%| O|  |TAMS 0x0000000082600000, 0x0000000082500000| Untracked 
|  38|0x0000000082600000, 0x0000000082700000, 0x0000000082700000|100%| O|  |TAMS 0x0000000082700000, 0x0000000082600000| Untracked 
|  39|0x0000000082700000, 0x0000000082800000, 0x0000000082800000|100%| O|  |TAMS 0x0000000082800000, 0x0000000082700000| Untracked 
|  40|0x0000000082800000, 0x0000000082900000, 0x0000000082900000|100%| O|  |TAMS 0x0000000082900000, 0x0000000082800000| Untracked 
|  41|0x0000000082900000, 0x0000000082a00000, 0x0000000082a00000|100%| O|  |TAMS 0x0000000082a00000, 0x0000000082900000| Untracked 
|  42|0x0000000082a00000, 0x0000000082b00000, 0x0000000082b00000|100%| O|  |TAMS 0x0000000082b00000, 0x0000000082a00000| Untracked 
|  43|0x0000000082b00000, 0x0000000082c00000, 0x0000000082c00000|100%| O|  |TAMS 0x0000000082c00000, 0x0000000082b00000| Untracked 
|  44|0x0000000082c00000, 0x0000000082d00000, 0x0000000082d00000|100%| O|  |TAMS 0x0000000082d00000, 0x0000000082c00000| Untracked 
|  45|0x0000000082d00000, 0x0000000082e00000, 0x0000000082e00000|100%|HS|  |TAMS 0x0000000082e00000, 0x0000000082d00000| Complete 
|  46|0x0000000082e00000, 0x0000000082f00000, 0x0000000082f00000|100%|HC|  |TAMS 0x0000000082f00000, 0x0000000082e00000| Complete 
|  47|0x0000000082f00000, 0x0000000083000000, 0x0000000083000000|100%|HC|  |TAMS 0x0000000083000000, 0x0000000082f00000| Complete 
|  48|0x0000000083000000, 0x0000000083100000, 0x0000000083100000|100%|HS|  |TAMS 0x0000000083100000, 0x0000000083000000| Complete 
|  49|0x0000000083100000, 0x0000000083200000, 0x0000000083200000|100%|HC|  |TAMS 0x0000000083200000, 0x0000000083100000| Complete 
|  50|0x0000000083200000, 0x0000000083300000, 0x0000000083300000|100%|HC|  |TAMS 0x0000000083300000, 0x0000000083200000| Complete 
|  51|0x0000000083300000, 0x0000000083400000, 0x0000000083400000|100%|HC|  |TAMS 0x0000000083400000, 0x0000000083300000| Complete 
|  52|0x0000000083400000, 0x0000000083500000, 0x0000000083500000|100%|HC|  |TAMS 0x0000000083500000, 0x0000000083400000| Complete 
|  53|0x0000000083500000, 0x0000000083600000, 0x0000000083600000|100%| O|  |TAMS 0x0000000083600000, 0x0000000083500000| Untracked 
|  54|0x0000000083600000, 0x0000000083700000, 0x0000000083700000|100%| O|  |TAMS 0x0000000083700000, 0x0000000083600000| Untracked 
|  55|0x0000000083700000, 0x0000000083800000, 0x0000000083800000|100%| O|  |TAMS 0x0000000083800000, 0x0000000083700000| Untracked 
|  56|0x0000000083800000, 0x0000000083900000, 0x0000000083900000|100%| O|  |TAMS 0x0000000083900000, 0x0000000083800000| Untracked 
|  57|0x0000000083900000, 0x0000000083a00000, 0x0000000083a00000|100%| O|  |TAMS 0x0000000083a00000, 0x0000000083900000| Untracked 
|  58|0x0000000083a00000, 0x0000000083b00000, 0x0000000083b00000|100%| O|  |TAMS 0x0000000083b00000, 0x0000000083a00000| Untracked 
|  59|0x0000000083b00000, 0x0000000083c00000, 0x0000000083c00000|100%| O|  |TAMS 0x0000000083c00000, 0x0000000083b00000| Untracked 
|  60|0x0000000083c00000, 0x0000000083d00000, 0x0000000083d00000|100%| O|  |TAMS 0x0000000083d00000, 0x0000000083c00000| Untracked 
|  61|0x0000000083d00000, 0x0000000083e00000, 0x0000000083e00000|100%| O|  |TAMS 0x0000000083e00000, 0x0000000083d00000| Untracked 
|  62|0x0000000083e00000, 0x0000000083f00000, 0x0000000083f00000|100%| O|  |TAMS 0x0000000083f00000, 0x0000000083e00000| Untracked 
|  63|0x0000000083f00000, 0x0000000084000000, 0x0000000084000000|100%| O|  |TAMS 0x0000000084000000, 0x0000000083f00000| Untracked 
|  64|0x0000000084000000, 0x0000000084100000, 0x0000000084100000|100%| O|  |TAMS 0x0000000084100000, 0x0000000084000000| Untracked 
|  65|0x0000000084100000, 0x0000000084200000, 0x0000000084200000|100%| O|  |TAMS 0x0000000084200000, 0x0000000084100000| Untracked 
|  66|0x0000000084200000, 0x0000000084200000, 0x0000000084300000|  0%| F|  |TAMS 0x0000000084200000, 0x0000000084200000| Untracked 
|  67|0x0000000084300000, 0x0000000084300000, 0x0000000084400000|  0%| F|  |TAMS 0x0000000084300000, 0x0000000084300000| Untracked 
|  68|0x0000000084400000, 0x0000000084400000, 0x0000000084500000|  0%| F|  |TAMS 0x0000000084400000, 0x0000000084400000| Untracked 
|  69|0x0000000084500000, 0x0000000084500000, 0x0000000084600000|  0%| F|  |TAMS 0x0000000084500000, 0x0000000084500000| Untracked 
|  70|0x0000000084600000, 0x0000000084600000, 0x0000000084700000|  0%| F|  |TAMS 0x0000000084600000, 0x0000000084600000| Untracked 
|  71|0x0000000084700000, 0x0000000084700000, 0x0000000084800000|  0%| F|  |TAMS 0x0000000084700000, 0x0000000084700000| Untracked 
|  72|0x0000000084800000, 0x0000000084900000, 0x0000000084900000|100%|HS|  |TAMS 0x0000000084900000, 0x0000000084800000| Complete 
|  73|0x0000000084900000, 0x0000000084a00000, 0x0000000084a00000|100%|HC|  |TAMS 0x0000000084a00000, 0x0000000084900000| Complete 
|  74|0x0000000084a00000, 0x0000000084b00000, 0x0000000084b00000|100%|HS|  |TAMS 0x0000000084b00000, 0x0000000084a00000| Complete 
|  75|0x0000000084b00000, 0x0000000084c00000, 0x0000000084c00000|100%|HC|  |TAMS 0x0000000084c00000, 0x0000000084b00000| Complete 
|  76|0x0000000084c00000, 0x0000000084d00000, 0x0000000084d00000|100%|HC|  |TAMS 0x0000000084d00000, 0x0000000084c00000| Complete 
|  77|0x0000000084d00000, 0x0000000084e00000, 0x0000000084e00000|100%|HC|  |TAMS 0x0000000084e00000, 0x0000000084d00000| Complete 
|  78|0x0000000084e00000, 0x0000000084f00000, 0x0000000084f00000|100%| O|  |TAMS 0x0000000084f00000, 0x0000000084e00000| Untracked 
|  79|0x0000000084f00000, 0x0000000085000000, 0x0000000085000000|100%| O|  |TAMS 0x0000000085000000, 0x0000000084f00000| Untracked 
|  80|0x0000000085000000, 0x000000008502de00, 0x0000000085100000| 17%| O|  |TAMS 0x000000008502de00, 0x0000000085000000| Untracked 
|  81|0x0000000085100000, 0x0000000085100000, 0x0000000085200000|  0%| F|  |TAMS 0x0000000085100000, 0x0000000085100000| Untracked 
|  82|0x0000000085200000, 0x0000000085200000, 0x0000000085300000|  0%| F|  |TAMS 0x0000000085200000, 0x0000000085200000| Untracked 
|  83|0x0000000085300000, 0x0000000085300000, 0x0000000085400000|  0%| F|  |TAMS 0x0000000085300000, 0x0000000085300000| Untracked 
|  84|0x0000000085400000, 0x0000000085400000, 0x0000000085500000|  0%| F|  |TAMS 0x0000000085400000, 0x0000000085400000| Untracked 
|  85|0x0000000085500000, 0x0000000085500000, 0x0000000085600000|  0%| F|  |TAMS 0x0000000085500000, 0x0000000085500000| Untracked 
|  86|0x0000000085600000, 0x0000000085600000, 0x0000000085700000|  0%| F|  |TAMS 0x0000000085600000, 0x0000000085600000| Untracked 
|  87|0x0000000085700000, 0x0000000085700000, 0x0000000085800000|  0%| F|  |TAMS 0x0000000085700000, 0x0000000085700000| Untracked 
|  88|0x0000000085800000, 0x0000000085800000, 0x0000000085900000|  0%| F|  |TAMS 0x0000000085800000, 0x0000000085800000| Untracked 
|  89|0x0000000085900000, 0x0000000085900000, 0x0000000085a00000|  0%| F|  |TAMS 0x0000000085900000, 0x0000000085900000| Untracked 
|  90|0x0000000085a00000, 0x0000000085a00000, 0x0000000085b00000|  0%| F|  |TAMS 0x0000000085a00000, 0x0000000085a00000| Untracked 
|  91|0x0000000085b00000, 0x0000000085b00000, 0x0000000085c00000|  0%| F|  |TAMS 0x0000000085b00000, 0x0000000085b00000| Untracked 
|  92|0x0000000085c00000, 0x0000000085c00000, 0x0000000085d00000|  0%| F|  |TAMS 0x0000000085c00000, 0x0000000085c00000| Untracked 
|  93|0x0000000085d00000, 0x0000000085d00000, 0x0000000085e00000|  0%| F|  |TAMS 0x0000000085d00000, 0x0000000085d00000| Untracked 
|  94|0x0000000085e00000, 0x0000000085e00000, 0x0000000085f00000|  0%| F|  |TAMS 0x0000000085e00000, 0x0000000085e00000| Untracked 
|  95|0x0000000085f00000, 0x0000000085f00000, 0x0000000086000000|  0%| F|  |TAMS 0x0000000085f00000, 0x0000000085f00000| Untracked 
|  96|0x0000000086000000, 0x0000000086000000, 0x0000000086100000|  0%| F|  |TAMS 0x0000000086000000, 0x0000000086000000| Untracked 
|  97|0x0000000086100000, 0x0000000086100000, 0x0000000086200000|  0%| F|  |TAMS 0x0000000086100000, 0x0000000086100000| Untracked 
|  98|0x0000000086200000, 0x0000000086200000, 0x0000000086300000|  0%| F|  |TAMS 0x0000000086200000, 0x0000000086200000| Untracked 
|  99|0x0000000086300000, 0x0000000086300000, 0x0000000086400000|  0%| F|  |TAMS 0x0000000086300000, 0x0000000086300000| Untracked 
| 100|0x0000000086400000, 0x0000000086400000, 0x0000000086500000|  0%| F|  |TAMS 0x0000000086400000, 0x0000000086400000| Untracked 
| 101|0x0000000086500000, 0x00000000865d5f00, 0x0000000086600000| 83%| S|CS|TAMS 0x0000000086500000, 0x0000000086500000| Complete 
| 102|0x0000000086600000, 0x0000000086700000, 0x0000000086700000|100%| S|CS|TAMS 0x0000000086600000, 0x0000000086600000| Complete 
| 103|0x0000000086700000, 0x0000000086800000, 0x0000000086800000|100%| S|CS|TAMS 0x0000000086700000, 0x0000000086700000| Complete 
| 104|0x0000000086800000, 0x0000000086900000, 0x0000000086900000|100%| S|CS|TAMS 0x0000000086800000, 0x0000000086800000| Complete 
| 105|0x0000000086900000, 0x0000000086900000, 0x0000000086a00000|  0%| F|  |TAMS 0x0000000086900000, 0x0000000086900000| Untracked 
| 106|0x0000000086a00000, 0x0000000086a00000, 0x0000000086b00000|  0%| F|  |TAMS 0x0000000086a00000, 0x0000000086a00000| Untracked 
| 107|0x0000000086b00000, 0x0000000086b00000, 0x0000000086c00000|  0%| F|  |TAMS 0x0000000086b00000, 0x0000000086b00000| Untracked 
| 108|0x0000000086c00000, 0x0000000086c00000, 0x0000000086d00000|  0%| F|  |TAMS 0x0000000086c00000, 0x0000000086c00000| Untracked 
| 109|0x0000000086d00000, 0x0000000086d00000, 0x0000000086e00000|  0%| F|  |TAMS 0x0000000086d00000, 0x0000000086d00000| Untracked 
| 110|0x0000000086e00000, 0x0000000086e00000, 0x0000000086f00000|  0%| F|  |TAMS 0x0000000086e00000, 0x0000000086e00000| Untracked 
| 111|0x0000000086f00000, 0x0000000086f00000, 0x0000000087000000|  0%| F|  |TAMS 0x0000000086f00000, 0x0000000086f00000| Untracked 
| 112|0x0000000087000000, 0x0000000087000000, 0x0000000087100000|  0%| F|  |TAMS 0x0000000087000000, 0x0000000087000000| Untracked 
| 113|0x0000000087100000, 0x0000000087100000, 0x0000000087200000|  0%| F|  |TAMS 0x0000000087100000, 0x0000000087100000| Untracked 
| 114|0x0000000087200000, 0x0000000087200000, 0x0000000087300000|  0%| F|  |TAMS 0x0000000087200000, 0x0000000087200000| Untracked 
| 115|0x0000000087300000, 0x0000000087300000, 0x0000000087400000|  0%| F|  |TAMS 0x0000000087300000, 0x0000000087300000| Untracked 
| 116|0x0000000087400000, 0x0000000087400000, 0x0000000087500000|  0%| F|  |TAMS 0x0000000087400000, 0x0000000087400000| Untracked 
| 117|0x0000000087500000, 0x0000000087500000, 0x0000000087600000|  0%| F|  |TAMS 0x0000000087500000, 0x0000000087500000| Untracked 
| 118|0x0000000087600000, 0x0000000087600000, 0x0000000087700000|  0%| F|  |TAMS 0x0000000087600000, 0x0000000087600000| Untracked 
| 119|0x0000000087700000, 0x0000000087700000, 0x0000000087800000|  0%| F|  |TAMS 0x0000000087700000, 0x0000000087700000| Untracked 
| 120|0x0000000087800000, 0x0000000087800000, 0x0000000087900000|  0%| F|  |TAMS 0x0000000087800000, 0x0000000087800000| Untracked 
| 121|0x0000000087900000, 0x0000000087900000, 0x0000000087a00000|  0%| F|  |TAMS 0x0000000087900000, 0x0000000087900000| Untracked 
| 122|0x0000000087a00000, 0x0000000087a00000, 0x0000000087b00000|  0%| F|  |TAMS 0x0000000087a00000, 0x0000000087a00000| Untracked 
| 123|0x0000000087b00000, 0x0000000087b00000, 0x0000000087c00000|  0%| F|  |TAMS 0x0000000087b00000, 0x0000000087b00000| Untracked 
| 124|0x0000000087c00000, 0x0000000087c00000, 0x0000000087d00000|  0%| F|  |TAMS 0x0000000087c00000, 0x0000000087c00000| Untracked 
| 125|0x0000000087d00000, 0x0000000087d00000, 0x0000000087e00000|  0%| F|  |TAMS 0x0000000087d00000, 0x0000000087d00000| Untracked 
| 126|0x0000000087e00000, 0x0000000087e00000, 0x0000000087f00000|  0%| F|  |TAMS 0x0000000087e00000, 0x0000000087e00000| Untracked 
| 127|0x0000000087f00000, 0x0000000087f00000, 0x0000000088000000|  0%| F|  |TAMS 0x0000000087f00000, 0x0000000087f00000| Untracked 
| 128|0x0000000088000000, 0x0000000088000000, 0x0000000088100000|  0%| F|  |TAMS 0x0000000088000000, 0x0000000088000000| Untracked 
| 129|0x0000000088100000, 0x0000000088100000, 0x0000000088200000|  0%| F|  |TAMS 0x0000000088100000, 0x0000000088100000| Untracked 
| 130|0x0000000088200000, 0x0000000088200000, 0x0000000088300000|  0%| F|  |TAMS 0x0000000088200000, 0x0000000088200000| Untracked 
| 131|0x0000000088300000, 0x0000000088300000, 0x0000000088400000|  0%| F|  |TAMS 0x0000000088300000, 0x0000000088300000| Untracked 
| 132|0x0000000088400000, 0x0000000088400000, 0x0000000088500000|  0%| F|  |TAMS 0x0000000088400000, 0x0000000088400000| Untracked 
| 133|0x0000000088500000, 0x0000000088500000, 0x0000000088600000|  0%| F|  |TAMS 0x0000000088500000, 0x0000000088500000| Untracked 
| 134|0x0000000088600000, 0x0000000088600000, 0x0000000088700000|  0%| F|  |TAMS 0x0000000088600000, 0x0000000088600000| Untracked 
| 135|0x0000000088700000, 0x0000000088700000, 0x0000000088800000|  0%| F|  |TAMS 0x0000000088700000, 0x0000000088700000| Untracked 
| 136|0x0000000088800000, 0x0000000088800000, 0x0000000088900000|  0%| F|  |TAMS 0x0000000088800000, 0x0000000088800000| Untracked 
| 137|0x0000000088900000, 0x0000000088900000, 0x0000000088a00000|  0%| F|  |TAMS 0x0000000088900000, 0x0000000088900000| Untracked 
| 138|0x0000000088a00000, 0x0000000088a00000, 0x0000000088b00000|  0%| F|  |TAMS 0x0000000088a00000, 0x0000000088a00000| Untracked 
| 139|0x0000000088b00000, 0x0000000088b00000, 0x0000000088c00000|  0%| F|  |TAMS 0x0000000088b00000, 0x0000000088b00000| Untracked 
| 140|0x0000000088c00000, 0x0000000088c00000, 0x0000000088d00000|  0%| F|  |TAMS 0x0000000088c00000, 0x0000000088c00000| Untracked 
| 141|0x0000000088d00000, 0x0000000088d00000, 0x0000000088e00000|  0%| F|  |TAMS 0x0000000088d00000, 0x0000000088d00000| Untracked 
| 142|0x0000000088e00000, 0x0000000088e00000, 0x0000000088f00000|  0%| F|  |TAMS 0x0000000088e00000, 0x0000000088e00000| Untracked 
| 143|0x0000000088f00000, 0x0000000088f00000, 0x0000000089000000|  0%| F|  |TAMS 0x0000000088f00000, 0x0000000088f00000| Untracked 
| 144|0x0000000089000000, 0x0000000089000000, 0x0000000089100000|  0%| F|  |TAMS 0x0000000089000000, 0x0000000089000000| Untracked 
| 145|0x0000000089100000, 0x0000000089100000, 0x0000000089200000|  0%| F|  |TAMS 0x0000000089100000, 0x0000000089100000| Untracked 
| 146|0x0000000089200000, 0x0000000089200000, 0x0000000089300000|  0%| F|  |TAMS 0x0000000089200000, 0x0000000089200000| Untracked 
| 147|0x0000000089300000, 0x0000000089300000, 0x0000000089400000|  0%| F|  |TAMS 0x0000000089300000, 0x0000000089300000| Untracked 
| 148|0x0000000089400000, 0x0000000089400000, 0x0000000089500000|  0%| F|  |TAMS 0x0000000089400000, 0x0000000089400000| Untracked 
| 149|0x0000000089500000, 0x0000000089500000, 0x0000000089600000|  0%| F|  |TAMS 0x0000000089500000, 0x0000000089500000| Untracked 
| 150|0x0000000089600000, 0x0000000089600000, 0x0000000089700000|  0%| F|  |TAMS 0x0000000089600000, 0x0000000089600000| Untracked 
| 151|0x0000000089700000, 0x0000000089700000, 0x0000000089800000|  0%| F|  |TAMS 0x0000000089700000, 0x0000000089700000| Untracked 
| 152|0x0000000089800000, 0x0000000089800000, 0x0000000089900000|  0%| F|  |TAMS 0x0000000089800000, 0x0000000089800000| Untracked 
| 153|0x0000000089900000, 0x0000000089900000, 0x0000000089a00000|  0%| F|  |TAMS 0x0000000089900000, 0x0000000089900000| Untracked 
| 154|0x0000000089a00000, 0x0000000089a00000, 0x0000000089b00000|  0%| F|  |TAMS 0x0000000089a00000, 0x0000000089a00000| Untracked 
| 155|0x0000000089b00000, 0x0000000089b00000, 0x0000000089c00000|  0%| F|  |TAMS 0x0000000089b00000, 0x0000000089b00000| Untracked 
| 156|0x0000000089c00000, 0x0000000089c00000, 0x0000000089d00000|  0%| F|  |TAMS 0x0000000089c00000, 0x0000000089c00000| Untracked 
| 157|0x0000000089d00000, 0x0000000089d00000, 0x0000000089e00000|  0%| F|  |TAMS 0x0000000089d00000, 0x0000000089d00000| Untracked 
| 158|0x0000000089e00000, 0x0000000089e00000, 0x0000000089f00000|  0%| F|  |TAMS 0x0000000089e00000, 0x0000000089e00000| Untracked 
| 159|0x0000000089f00000, 0x0000000089f00000, 0x000000008a000000|  0%| F|  |TAMS 0x0000000089f00000, 0x0000000089f00000| Untracked 
| 160|0x000000008a000000, 0x000000008a000000, 0x000000008a100000|  0%| F|  |TAMS 0x000000008a000000, 0x000000008a000000| Untracked 
| 161|0x000000008a100000, 0x000000008a100000, 0x000000008a200000|  0%| F|  |TAMS 0x000000008a100000, 0x000000008a100000| Untracked 
| 162|0x000000008a200000, 0x000000008a200000, 0x000000008a300000|  0%| F|  |TAMS 0x000000008a200000, 0x000000008a200000| Untracked 
| 163|0x000000008a300000, 0x000000008a300000, 0x000000008a400000|  0%| F|  |TAMS 0x000000008a300000, 0x000000008a300000| Untracked 
| 164|0x000000008a400000, 0x000000008a400000, 0x000000008a500000|  0%| F|  |TAMS 0x000000008a400000, 0x000000008a400000| Untracked 
| 165|0x000000008a500000, 0x000000008a500000, 0x000000008a600000|  0%| F|  |TAMS 0x000000008a500000, 0x000000008a500000| Untracked 
| 166|0x000000008a600000, 0x000000008a600000, 0x000000008a700000|  0%| F|  |TAMS 0x000000008a600000, 0x000000008a600000| Untracked 
| 167|0x000000008a700000, 0x000000008a700000, 0x000000008a800000|  0%| F|  |TAMS 0x000000008a700000, 0x000000008a700000| Untracked 
| 168|0x000000008a800000, 0x000000008a800000, 0x000000008a900000|  0%| F|  |TAMS 0x000000008a800000, 0x000000008a800000| Untracked 
| 169|0x000000008a900000, 0x000000008a900000, 0x000000008aa00000|  0%| F|  |TAMS 0x000000008a900000, 0x000000008a900000| Untracked 
| 170|0x000000008aa00000, 0x000000008aa00000, 0x000000008ab00000|  0%| F|  |TAMS 0x000000008aa00000, 0x000000008aa00000| Untracked 
| 171|0x000000008ab00000, 0x000000008ab00000, 0x000000008ac00000|  0%| F|  |TAMS 0x000000008ab00000, 0x000000008ab00000| Untracked 
| 172|0x000000008ac00000, 0x000000008ac00000, 0x000000008ad00000|  0%| F|  |TAMS 0x000000008ac00000, 0x000000008ac00000| Untracked 
| 173|0x000000008ad00000, 0x000000008ad00000, 0x000000008ae00000|  0%| F|  |TAMS 0x000000008ad00000, 0x000000008ad00000| Untracked 
| 174|0x000000008ae00000, 0x000000008ae00000, 0x000000008af00000|  0%| F|  |TAMS 0x000000008ae00000, 0x000000008ae00000| Untracked 
| 175|0x000000008af00000, 0x000000008af00000, 0x000000008b000000|  0%| F|  |TAMS 0x000000008af00000, 0x000000008af00000| Untracked 
| 176|0x000000008b000000, 0x000000008b000000, 0x000000008b100000|  0%| F|  |TAMS 0x000000008b000000, 0x000000008b000000| Untracked 
| 177|0x000000008b100000, 0x000000008b100000, 0x000000008b200000|  0%| F|  |TAMS 0x000000008b100000, 0x000000008b100000| Untracked 
| 178|0x000000008b200000, 0x000000008b200000, 0x000000008b300000|  0%| F|  |TAMS 0x000000008b200000, 0x000000008b200000| Untracked 
| 179|0x000000008b300000, 0x000000008b300000, 0x000000008b400000|  0%| F|  |TAMS 0x000000008b300000, 0x000000008b300000| Untracked 
| 180|0x000000008b400000, 0x000000008b400000, 0x000000008b500000|  0%| F|  |TAMS 0x000000008b400000, 0x000000008b400000| Untracked 
| 181|0x000000008b500000, 0x000000008b500000, 0x000000008b600000|  0%| F|  |TAMS 0x000000008b500000, 0x000000008b500000| Untracked 
| 182|0x000000008b600000, 0x000000008b600000, 0x000000008b700000|  0%| F|  |TAMS 0x000000008b600000, 0x000000008b600000| Untracked 
| 183|0x000000008b700000, 0x000000008b700000, 0x000000008b800000|  0%| F|  |TAMS 0x000000008b700000, 0x000000008b700000| Untracked 
| 184|0x000000008b800000, 0x000000008b800000, 0x000000008b900000|  0%| F|  |TAMS 0x000000008b800000, 0x000000008b800000| Untracked 
| 185|0x000000008b900000, 0x000000008b900000, 0x000000008ba00000|  0%| F|  |TAMS 0x000000008b900000, 0x000000008b900000| Untracked 
| 186|0x000000008ba00000, 0x000000008ba00000, 0x000000008bb00000|  0%| F|  |TAMS 0x000000008ba00000, 0x000000008ba00000| Untracked 
| 187|0x000000008bb00000, 0x000000008bb00000, 0x000000008bc00000|  0%| F|  |TAMS 0x000000008bb00000, 0x000000008bb00000| Untracked 
| 188|0x000000008bc00000, 0x000000008bc00000, 0x000000008bd00000|  0%| F|  |TAMS 0x000000008bc00000, 0x000000008bc00000| Untracked 
| 189|0x000000008bd00000, 0x000000008bd80800, 0x000000008be00000| 50%| E|  |TAMS 0x000000008bd00000, 0x000000008bd00000| Complete 
| 190|0x000000008be00000, 0x000000008bf00000, 0x000000008bf00000|100%| E|CS|TAMS 0x000000008be00000, 0x000000008be00000| Complete 
| 191|0x000000008bf00000, 0x000000008c000000, 0x000000008c000000|100%| E|CS|TAMS 0x000000008bf00000, 0x000000008bf00000| Complete 

Card table byte_map: [0x00000209e1220000,0x00000209e1620000] _byte_map_base: 0x00000209e0e20000

Marking Bits (Prev, Next): (CMBitMap*) 0x00000209ce675160, (CMBitMap*) 0x00000209ce6751a0
 Prev Bits: [0x00000209e1a20000, 0x00000209e3a20000)
 Next Bits: [0x00000209e3a20000, 0x00000209e5a20000)

Polling page: 0x00000209cddd0000

Metaspace:

Usage:
  Non-class:     51.74 MB used.
      Class:      7.94 MB used.
       Both:     59.68 MB used.

Virtual space:
  Non-class space:       64.00 MB reserved,      52.06 MB ( 81%) committed,  1 nodes.
      Class space:        1.00 GB reserved,       8.19 MB ( <1%) committed,  1 nodes.
             Both:        1.06 GB reserved,      60.25 MB (  6%) committed. 

Chunk freelists:
   Non-Class:  11.59 MB
       Class:  7.84 MB
        Both:  19.44 MB

MaxMetaspaceSize: unlimited
CompressedClassSpaceSize: 1.00 GB
Initial GC threshold: 21.00 MB
Current GC threshold: 100.31 MB
CDS: off
MetaspaceReclaimPolicy: balanced
 - commit_granule_bytes: 65536.
 - commit_granule_words: 8192.
 - virtual_space_node_default_size: 8388608.
 - enlarge_chunks_in_place: 1.
 - new_chunks_are_fully_committed: 0.
 - uncommit_free_chunks: 1.
 - use_allocation_guard: 0.
 - handle_deallocations: 1.


Internal statistics:

num_allocs_failed_limit: 3.
num_arena_births: 692.
num_arena_deaths: 0.
num_vsnodes_births: 2.
num_vsnodes_deaths: 0.
num_space_committed: 964.
num_space_uncommitted: 0.
num_chunks_returned_to_freelist: 3.
num_chunks_taken_from_freelist: 2661.
num_chunk_merges: 3.
num_chunk_splits: 1745.
num_chunks_enlarged: 1171.
num_inconsistent_stats: 0.

CodeHeap 'non-profiled nmethods': size=120000Kb used=3446Kb max_used=3446Kb free=116553Kb
 bounds [0x00000209d95c0000, 0x00000209d9920000, 0x00000209e0af0000]
CodeHeap 'profiled nmethods': size=120000Kb used=12013Kb max_used=12013Kb free=107986Kb
 bounds [0x00000209d1af0000, 0x00000209d26b0000, 0x00000209d9020000]
CodeHeap 'non-nmethods': size=5760Kb used=2353Kb max_used=2409Kb free=3406Kb
 bounds [0x00000209d9020000, 0x00000209d9290000, 0x00000209d95c0000]
 total_blobs=7003 nmethods=6128 adapters=787
 compilation: enabled
              stopped_count=0, restarted_count=0
 full_count=0

Compilation events (20 events):
Event: 14.150 Thread 0x00000209f1fbd430 nmethod 6860 0x00000209d9903290 code [0x00000209d99038a0, 0x00000209d990c430]
Event: 14.151 Thread 0x00000209f1fbd430 6934 %     4       org.objectweb.asm.ClassReader::readCode @ 92 (5109 bytes)
Event: 14.393 Thread 0x00000209e8652ec0 6936 %     3       org.objectweb.asm.ClassReader::readParameterAnnotations @ 54 (106 bytes)
Event: 14.394 Thread 0x00000209e8652ec0 nmethod 6936% 0x00000209d26a6c10 code [0x00000209d26a6e40, 0x00000209d26a7698]
Event: 14.394 Thread 0x00000209e8652ec0 6937       3       org.objectweb.asm.ClassReader::readParameterAnnotations (106 bytes)
Event: 14.395 Thread 0x00000209e8652ec0 nmethod 6937 0x00000209d26a7a90 code [0x00000209d26a7ca0, 0x00000209d26a8358]
Event: 14.417 Thread 0x00000209e8652ec0 6939       2       org.objectweb.asm.AnnotationWriter::visitEnum (63 bytes)
Event: 14.418 Thread 0x00000209e8652ec0 nmethod 6939 0x00000209d26a8710 code [0x00000209d26a8900, 0x00000209d26a8b58]
Event: 14.448 Thread 0x00000209e8652410 nmethod 6874 0x00000209d9910c10 code [0x00000209d9911100, 0x00000209d99173a0]
Event: 14.448 Thread 0x00000209e8652410 6932       4       org.objectweb.asm.SymbolTable::addConstantUtf8 (98 bytes)
Event: 14.512 Thread 0x00000209e8652ec0 6941       3       org.objectweb.asm.AnnotationWriter::putParameterAnnotations (173 bytes)
Event: 14.513 Thread 0x00000209e8652ec0 nmethod 6941 0x00000209d26a8d90 code [0x00000209d26a8fc0, 0x00000209d26a9668]
Event: 14.562 Thread 0x00000209e8652410 nmethod 6932 0x00000209d9919a90 code [0x00000209d9919c80, 0x00000209d991b758]
Event: 14.562 Thread 0x00000209e8652410 6940       4       org.objectweb.asm.ClassReader::getFirstAttributeOffset (136 bytes)
Event: 14.564 Thread 0x00000209e8652ec0 6943       2       org.objectweb.asm.SymbolTable::addConstantUtf8Reference (101 bytes)
Event: 14.565 Thread 0x00000209e8652ec0 nmethod 6943 0x00000209d26a9a90 code [0x00000209d26a9c80, 0x00000209d26aa038]
Event: 14.574 Thread 0x00000209e8652410 nmethod 6940 0x00000209d991c190 code [0x00000209d991c320, 0x00000209d991c7d8]
Event: 14.575 Thread 0x00000209e8652410 6872       4       java.util.StringTokenizer::skipDelimiters (116 bytes)
Event: 14.591 Thread 0x00000209e8652410 nmethod 6872 0x00000209d991cc10 code [0x00000209d991cda0, 0x00000209d991d6d8]
Event: 14.591 Thread 0x00000209e8652410 6857       4       org.objectweb.asm.MethodWriter::<init> (232 bytes)

GC Heap History (20 events):
Event: 12.292 GC heap before
{Heap before GC invocations=24 (full 0):
 garbage-first heap   total 128000K, used 97143K [0x0000000080000000, 0x0000000100000000)
  region size 1024K, 34 young (34816K), 1 survivors (1024K)
 Metaspace       used 60556K, committed 61184K, reserved 1114112K
  class space    used 8113K, committed 8384K, reserved 1048576K
}
Event: 12.301 GC heap after
{Heap after GC invocations=25 (full 0):
 garbage-first heap   total 128000K, used 67405K [0x0000000080000000, 0x0000000100000000)
  region size 1024K, 5 young (5120K), 5 survivors (5120K)
 Metaspace       used 60556K, committed 61184K, reserved 1114112K
  class space    used 8113K, committed 8384K, reserved 1048576K
}
Event: 12.531 GC heap before
{Heap before GC invocations=25 (full 0):
 garbage-first heap   total 128000K, used 79693K [0x0000000080000000, 0x0000000100000000)
  region size 1024K, 19 young (19456K), 5 survivors (5120K)
 Metaspace       used 60711K, committed 61312K, reserved 1114112K
  class space    used 8116K, committed 8384K, reserved 1048576K
}
Event: 12.537 GC heap after
{Heap after GC invocations=26 (full 0):
 garbage-first heap   total 128000K, used 69922K [0x0000000080000000, 0x0000000100000000)
  region size 1024K, 3 young (3072K), 3 survivors (3072K)
 Metaspace       used 60711K, committed 61312K, reserved 1114112K
  class space    used 8116K, committed 8384K, reserved 1048576K
}
Event: 12.724 GC heap before
{Heap before GC invocations=27 (full 0):
 garbage-first heap   total 152576K, used 110882K [0x0000000080000000, 0x0000000100000000)
  region size 1024K, 32 young (32768K), 3 survivors (3072K)
 Metaspace       used 60916K, committed 61504K, reserved 1114112K
  class space    used 8123K, committed 8384K, reserved 1048576K
}
Event: 12.728 GC heap after
{Heap after GC invocations=28 (full 0):
 garbage-first heap   total 152576K, used 77440K [0x0000000080000000, 0x0000000100000000)
  region size 1024K, 2 young (2048K), 2 survivors (2048K)
 Metaspace       used 60916K, committed 61504K, reserved 1114112K
  class space    used 8123K, committed 8384K, reserved 1048576K
}
Event: 12.890 GC heap before
{Heap before GC invocations=28 (full 0):
 garbage-first heap   total 152576K, used 118400K [0x0000000080000000, 0x0000000100000000)
  region size 1024K, 43 young (44032K), 2 survivors (2048K)
 Metaspace       used 61040K, committed 61632K, reserved 1114112K
  class space    used 8124K, committed 8384K, reserved 1048576K
}
Event: 12.893 GC heap after
{Heap after GC invocations=29 (full 0):
 garbage-first heap   total 152576K, used 77399K [0x0000000080000000, 0x0000000100000000)
  region size 1024K, 2 young (2048K), 2 survivors (2048K)
 Metaspace       used 61040K, committed 61632K, reserved 1114112K
  class space    used 8124K, committed 8384K, reserved 1048576K
}
Event: 13.048 GC heap before
{Heap before GC invocations=30 (full 0):
 garbage-first heap   total 160768K, used 123479K [0x0000000080000000, 0x0000000100000000)
  region size 1024K, 48 young (49152K), 2 survivors (2048K)
 Metaspace       used 61052K, committed 61632K, reserved 1114112K
  class space    used 8124K, committed 8384K, reserved 1048576K
}
Event: 13.051 GC heap after
{Heap after GC invocations=31 (full 0):
 garbage-first heap   total 160768K, used 77841K [0x0000000080000000, 0x0000000100000000)
  region size 1024K, 2 young (2048K), 2 survivors (2048K)
 Metaspace       used 61052K, committed 61632K, reserved 1114112K
  class space    used 8124K, committed 8384K, reserved 1048576K
}
Event: 13.190 GC heap before
{Heap before GC invocations=31 (full 0):
 garbage-first heap   total 160768K, used 133137K [0x0000000080000000, 0x0000000100000000)
  region size 1024K, 56 young (57344K), 2 survivors (2048K)
 Metaspace       used 61058K, committed 61632K, reserved 1114112K
  class space    used 8124K, committed 8384K, reserved 1048576K
}
Event: 13.193 GC heap after
{Heap after GC invocations=32 (full 0):
 garbage-first heap   total 160768K, used 78077K [0x0000000080000000, 0x0000000100000000)
  region size 1024K, 3 young (3072K), 3 survivors (3072K)
 Metaspace       used 61058K, committed 61632K, reserved 1114112K
  class space    used 8124K, committed 8384K, reserved 1048576K
}
Event: 13.425 GC heap before
{Heap before GC invocations=33 (full 0):
 garbage-first heap   total 160768K, used 133373K [0x0000000080000000, 0x0000000100000000)
  region size 1024K, 58 young (59392K), 3 survivors (3072K)
 Metaspace       used 61060K, committed 61632K, reserved 1114112K
  class space    used 8124K, committed 8384K, reserved 1048576K
}
Event: 13.428 GC heap after
{Heap after GC invocations=34 (full 0):
 garbage-first heap   total 160768K, used 78415K [0x0000000080000000, 0x0000000100000000)
  region size 1024K, 3 young (3072K), 3 survivors (3072K)
 Metaspace       used 61060K, committed 61632K, reserved 1114112K
  class space    used 8124K, committed 8384K, reserved 1048576K
}
Event: 13.608 GC heap before
{Heap before GC invocations=34 (full 0):
 garbage-first heap   total 160768K, used 134735K [0x0000000080000000, 0x0000000100000000)
  region size 1024K, 59 young (60416K), 3 survivors (3072K)
 Metaspace       used 61092K, committed 61696K, reserved 1114112K
  class space    used 8131K, committed 8384K, reserved 1048576K
}
Event: 13.611 GC heap after
{Heap after GC invocations=35 (full 0):
 garbage-first heap   total 160768K, used 78905K [0x0000000080000000, 0x0000000100000000)
  region size 1024K, 3 young (3072K), 3 survivors (3072K)
 Metaspace       used 61092K, committed 61696K, reserved 1114112K
  class space    used 8131K, committed 8384K, reserved 1048576K
}
Event: 13.903 GC heap before
{Heap before GC invocations=36 (full 0):
 garbage-first heap   total 160768K, used 137273K [0x0000000080000000, 0x0000000100000000)
  region size 1024K, 60 young (61440K), 3 survivors (3072K)
 Metaspace       used 61110K, committed 61696K, reserved 1114112K
  class space    used 8131K, committed 8384K, reserved 1048576K
}
Event: 13.906 GC heap after
{Heap after GC invocations=37 (full 0):
 garbage-first heap   total 160768K, used 78622K [0x0000000080000000, 0x0000000100000000)
  region size 1024K, 3 young (3072K), 3 survivors (3072K)
 Metaspace       used 61110K, committed 61696K, reserved 1114112K
  class space    used 8131K, committed 8384K, reserved 1048576K
}
Event: 14.220 GC heap before
{Heap before GC invocations=37 (full 0):
 garbage-first heap   total 160768K, used 138014K [0x0000000080000000, 0x0000000100000000)
  region size 1024K, 61 young (62464K), 3 survivors (3072K)
 Metaspace       used 61111K, committed 61696K, reserved 1114112K
  class space    used 8131K, committed 8384K, reserved 1048576K
}
Event: 14.224 GC heap after
{Heap after GC invocations=38 (full 0):
 garbage-first heap   total 196608K, used 79273K [0x0000000080000000, 0x0000000100000000)
  region size 1024K, 4 young (4096K), 4 survivors (4096K)
 Metaspace       used 61111K, committed 61696K, reserved 1114112K
  class space    used 8131K, committed 8384K, reserved 1048576K
}

Dll operation events (2 events):
Event: 0.016 Loaded shared library C:\Program Files\Android\Android Studio\jbr\bin\java.dll
Event: 0.791 Loaded shared library C:\Program Files\Android\Android Studio\jbr\bin\verify.dll

Deoptimization events (20 events):
Event: 14.050 Thread 0x00000209ee354050 Uncommon trap: trap_request=0xffffffbe fr.pc=0x00000209d990241c relative=0x000000000000161c
Event: 14.050 Thread 0x00000209ee354050 Uncommon trap: reason=profile_predicate action=maybe_recompile pc=0x00000209d990241c method=org.objectweb.asm.ByteVector.putUTF8(Ljava/lang/String;)Lorg/objectweb/asm/ByteVector; @ 79 c2
Event: 14.050 Thread 0x00000209f10b0e70 DEOPT PACKING pc=0x00000209d990241c sp=0x00000074fd8fdfd0
Event: 14.050 Thread 0x00000209f10b0e70 DEOPT UNPACKING pc=0x00000209d90769a3 sp=0x00000074fd8fdf38 mode 2
Event: 14.051 Thread 0x00000209f10b0e70 Uncommon trap: trap_request=0xffffffbe fr.pc=0x00000209d990241c relative=0x000000000000161c
Event: 14.051 Thread 0x00000209f10b0e70 Uncommon trap: reason=profile_predicate action=maybe_recompile pc=0x00000209d990241c method=org.objectweb.asm.ByteVector.putUTF8(Ljava/lang/String;)Lorg/objectweb/asm/ByteVector; @ 79 c2
Event: 14.051 Thread 0x00000209f10b0e70 DEOPT PACKING pc=0x00000209d990241c sp=0x00000074fd8fdda0
Event: 14.051 Thread 0x00000209f10b0e70 DEOPT UNPACKING pc=0x00000209d90769a3 sp=0x00000074fd8fdd08 mode 2
Event: 14.051 Thread 0x00000209f10b0e70 Uncommon trap: trap_request=0xffffffbe fr.pc=0x00000209d990241c relative=0x000000000000161c
Event: 14.051 Thread 0x00000209f10b0e70 Uncommon trap: reason=profile_predicate action=maybe_recompile pc=0x00000209d990241c method=org.objectweb.asm.ByteVector.putUTF8(Ljava/lang/String;)Lorg/objectweb/asm/ByteVector; @ 79 c2
Event: 14.051 Thread 0x00000209f10b0e70 DEOPT PACKING pc=0x00000209d990241c sp=0x00000074fd8fdf70
Event: 14.051 Thread 0x00000209f10b0e70 DEOPT UNPACKING pc=0x00000209d90769a3 sp=0x00000074fd8fded8 mode 2
Event: 14.056 Thread 0x00000209ee354050 DEOPT PACKING pc=0x00000209d990241c sp=0x00000074fd5fdcb0
Event: 14.056 Thread 0x00000209ee354050 DEOPT UNPACKING pc=0x00000209d90769a3 sp=0x00000074fd5fdc18 mode 2
Event: 14.394 Thread 0x00000209ee354050 DEOPT PACKING pc=0x00000209d263e8cf sp=0x00000074fd5fe090
Event: 14.394 Thread 0x00000209ee354050 DEOPT UNPACKING pc=0x00000209d9077143 sp=0x00000074fd5fd550 mode 0
Event: 14.564 Thread 0x00000209ee354050 Uncommon trap: trap_request=0xffffff45 fr.pc=0x00000209d9770b48 relative=0x0000000000000d68
Event: 14.564 Thread 0x00000209ee354050 Uncommon trap: reason=unstable_if action=reinterpret pc=0x00000209d9770b48 method=org.objectweb.asm.SymbolTable.addConstantUtf8Reference(ILjava/lang/String;)Lorg/objectweb/asm/Symbol; @ 45 c2
Event: 14.564 Thread 0x00000209ee354050 DEOPT PACKING pc=0x00000209d9770b48 sp=0x00000074fd5fda00
Event: 14.564 Thread 0x00000209ee354050 DEOPT UNPACKING pc=0x00000209d90769a3 sp=0x00000074fd5fd9c8 mode 2

Classes unloaded (0 events):
No events

Classes redefined (0 events):
No events

Internal exceptions (20 events):
Event: 10.331 Thread 0x00000209eea12830 Exception <a 'java/lang/ClassNotFoundException'{0x0000000086139f30}: java/lang/StringBeanInfo> (0x0000000086139f30) 
thrown [s\src\hotspot\share\classfile\systemDictionary.cpp, line 256]
Event: 10.332 Thread 0x00000209eea12830 Exception <a 'java/lang/ClassNotFoundException'{0x000000008613e470}: java/lang/StringCustomizer> (0x000000008613e470) 
thrown [s\src\hotspot\share\classfile\systemDictionary.cpp, line 256]
Event: 10.533 Thread 0x00000209eea12830 Exception <a 'java/lang/ClassNotFoundException'{0x0000000085add858}: org/gradle/api/internal/project/DefaultProject_DecoratedBeanInfo> (0x0000000085add858) 
thrown [s\src\hotspot\share\classfile\systemDictionary.cpp, line 256]
Event: 10.533 Thread 0x00000209eea12830 Exception <a 'java/lang/ClassNotFoundException'{0x0000000085aeb3a0}: org/gradle/api/internal/project/DefaultProjectBeanInfo> (0x0000000085aeb3a0) 
thrown [s\src\hotspot\share\classfile\systemDictionary.cpp, line 256]
Event: 10.534 Thread 0x00000209eea12830 Exception <a 'java/lang/ClassNotFoundException'{0x0000000085af9198}: org/gradle/api/internal/project/DefaultProjectCustomizer> (0x0000000085af9198) 
thrown [s\src\hotspot\share\classfile\systemDictionary.cpp, line 256]
Event: 10.541 Thread 0x00000209eea12830 Exception <a 'java/lang/ClassNotFoundException'{0x00000000859a39b8}: org/gradle/api/internal/project/DefaultProject_DecoratedCustomizer> (0x00000000859a39b8) 
thrown [s\src\hotspot\share\classfile\systemDictionary.cpp, line 256]
Event: 11.238 Thread 0x00000209eea12830 Exception <a 'java/lang/NoSuchMethodError'{0x0000000087c82558}: 'java.lang.Object java.lang.invoke.DirectMethodHandle$Holder.newInvokeSpecial(java.lang.Object, java.lang.Object, java.lang.Object, java.lang.Object, java.lang.Object, int)'> (0x0000000087c82558) 
thrown [s\src\hotspot\share\interpreter\linkResolver.cpp, line 771]
Event: 11.239 Thread 0x00000209eea12830 Exception <a 'java/lang/NoSuchMethodError'{0x0000000087c88888}: 'java.lang.Object java.lang.invoke.DirectMethodHandle$Holder.invokeSpecial(java.lang.Object, java.lang.Object, java.lang.Object, java.lang.Object, java.lang.Object, java.lang.Object, int)'> (0x0000000087c88888) 
thrown [s\src\hotspot\share\interpreter\linkResolver.cpp, line 771]
Event: 11.261 Thread 0x00000209eea12830 Exception <a 'java/lang/NoSuchMethodError'{0x0000000087b28408}: 'void java.lang.invoke.DirectMethodHandle$Holder.invokeStatic(java.lang.Object, java.lang.Object, java.lang.Object, int, java.lang.Object)'> (0x0000000087b28408) 
thrown [s\src\hotspot\share\interpreter\linkResolver.cpp, line 771]
Event: 11.739 Thread 0x00000209eea12830 Implicit null exception at 0x00000209d96378ef to 0x00000209d9637b30
Event: 11.747 Thread 0x00000209eea12830 Implicit null exception at 0x00000209d960e2f2 to 0x00000209d960e8cc
Event: 11.794 Thread 0x00000209eea12830 Exception <a 'sun/nio/fs/WindowsException'{0x0000000086efc380}> (0x0000000086efc380) 
thrown [s\src\hotspot\share\prims\jni.cpp, line 517]
Event: 12.258 Thread 0x00000209eea12830 Exception <a 'java/net/UnknownHostException'{0x0000000085eca248}> (0x0000000085eca248) 
thrown [s\src\hotspot\share\prims\jni.cpp, line 517]
Event: 12.264 Thread 0x00000209eea12830 Exception <a 'java/lang/ClassNotFoundException'{0x0000000085eee9f0}: sun/misc/SharedSecrets> (0x0000000085eee9f0) 
thrown [s\src\hotspot\share\classfile\systemDictionary.cpp, line 256]
Event: 12.267 Thread 0x00000209eea12830 Exception <a 'java/net/UnknownHostException'{0x0000000085d049c0}> (0x0000000085d049c0) 
thrown [s\src\hotspot\share\prims\jni.cpp, line 517]
Event: 12.552 Thread 0x00000209f10ad6c0 Exception <a 'sun/nio/fs/WindowsException'{0x0000000087ce08c8}> (0x0000000087ce08c8) 
thrown [s\src\hotspot\share\prims\jni.cpp, line 517]
Event: 12.573 Thread 0x00000209f10b0e70 Exception <a 'sun/nio/fs/WindowsException'{0x0000000087681530}> (0x0000000087681530) 
thrown [s\src\hotspot\share\prims\jni.cpp, line 517]
Event: 12.615 Thread 0x00000209ee354050 Exception <a 'sun/nio/fs/WindowsException'{0x00000000871e0f30}> (0x00000000871e0f30) 
thrown [s\src\hotspot\share\prims\jni.cpp, line 517]
Event: 13.769 Thread 0x00000209f10ad6c0 Exception <a 'sun/nio/fs/WindowsException'{0x00000000882364e8}> (0x00000000882364e8) 
thrown [s\src\hotspot\share\prims\jni.cpp, line 517]
Event: 13.773 Thread 0x00000209f10ad6c0 Exception <a 'sun/nio/fs/WindowsException'{0x00000000882366d8}> (0x00000000882366d8) 
thrown [s\src\hotspot\share\prims\jni.cpp, line 517]

VM Operations (20 events):
Event: 13.425 Executing VM operation: G1CollectForAllocation
Event: 13.425 Executing VM operation: G1CollectForAllocation done
Event: 13.425 Executing VM operation: G1CollectForAllocation
Event: 13.428 Executing VM operation: G1CollectForAllocation done
Event: 13.564 Executing VM operation: HandshakeAllThreads
Event: 13.566 Executing VM operation: HandshakeAllThreads done
Event: 13.607 Executing VM operation: G1CollectForAllocation
Event: 13.613 Executing VM operation: G1CollectForAllocation done
Event: 13.683 Executing VM operation: G1PauseRemark
Event: 13.689 Executing VM operation: G1PauseRemark done
Event: 13.716 Executing VM operation: G1PauseCleanup
Event: 13.717 Executing VM operation: G1PauseCleanup done
Event: 13.902 Executing VM operation: G1CollectForAllocation
Event: 13.906 Executing VM operation: G1CollectForAllocation done
Event: 14.220 Executing VM operation: G1CollectForAllocation
Event: 14.224 Executing VM operation: G1CollectForAllocation done
Event: 14.292 Executing VM operation: G1PauseRemark
Event: 14.305 Executing VM operation: G1PauseRemark done
Event: 14.335 Executing VM operation: G1PauseCleanup
Event: 14.336 Executing VM operation: G1PauseCleanup done

Events (20 events):
Event: 12.339 Thread 0x00000209f0c74490 Thread added: 0x00000209f0c74490
Event: 12.340 Thread 0x00000209f0c77220 Thread added: 0x00000209f0c77220
Event: 12.340 Thread 0x00000209f0c77730 Thread added: 0x00000209f0c77730
Event: 12.340 Thread 0x00000209f0c71700 Thread added: 0x00000209f0c71700
Event: 12.341 Thread 0x00000209f0c73050 Thread added: 0x00000209f0c73050
Event: 12.341 Thread 0x00000209f0c72630 Thread added: 0x00000209f0c72630
Event: 12.343 Thread 0x00000209f0c72b40 Thread added: 0x00000209f0c72b40
Event: 12.344 Thread 0x00000209f0c702c0 Thread added: 0x00000209f0c702c0
Event: 12.344 Thread 0x00000209f0c73a70 Thread added: 0x00000209f0c73a70
Event: 12.348 Thread 0x00000209f0c73f80 Thread added: 0x00000209f0c73f80
Event: 12.348 Thread 0x00000209f0c73560 Thread added: 0x00000209f0c73560
Event: 12.350 Thread 0x00000209f0c70ce0 Thread added: 0x00000209f0c70ce0
Event: 12.351 Thread 0x00000209f0c74eb0 Thread added: 0x00000209f0c74eb0
Event: 12.351 Thread 0x00000209f0c749a0 Thread added: 0x00000209f0c749a0
Event: 13.537 loading class java/util/concurrent/LinkedBlockingDeque$Itr
Event: 13.537 loading class java/util/concurrent/LinkedBlockingDeque$AbstractItr
Event: 13.537 loading class java/util/concurrent/LinkedBlockingDeque$AbstractItr done
Event: 13.537 loading class java/util/concurrent/LinkedBlockingDeque$Itr done
Event: 13.763 loading class jdk/internal/access/foreign/MemorySegmentProxy
Event: 13.763 loading class jdk/internal/access/foreign/MemorySegmentProxy done


Dynamic libraries:
0x00007ff742340000 - 0x00007ff74234a000 	C:\Program Files\Android\Android Studio\jbr\bin\java.exe
0x00007ff833cf0000 - 0x00007ff833f07000 	C:\WINDOWS\SYSTEM32\ntdll.dll
0x00007ff832900000 - 0x00007ff8329c4000 	C:\WINDOWS\System32\KERNEL32.DLL
0x00007ff831330000 - 0x00007ff8316dd000 	C:\WINDOWS\System32\KERNELBASE.dll
0x00007ff831190000 - 0x00007ff8312a1000 	C:\WINDOWS\System32\ucrtbase.dll
0x00007ff829440000 - 0x00007ff82945b000 	C:\Program Files\Android\Android Studio\jbr\bin\VCRUNTIME140.dll
0x00007ffffd250000 - 0x00007ffffd267000 	C:\Program Files\Android\Android Studio\jbr\bin\jli.dll
0x00007ff8329d0000 - 0x00007ff832b7e000 	C:\WINDOWS\System32\USER32.dll
0x00007ff831940000 - 0x00007ff831966000 	C:\WINDOWS\System32\win32u.dll
0x00007ff832b80000 - 0x00007ff832ba9000 	C:\WINDOWS\System32\GDI32.dll
0x00007ff81a450000 - 0x00007ff81a6e3000 	C:\WINDOWS\WinSxS\amd64_microsoft.windows.common-controls_6595b64144ccf1df_6.0.22621.3672_none_2713b9d173822955\COMCTL32.dll
0x00007ff831710000 - 0x00007ff831829000 	C:\WINDOWS\System32\gdi32full.dll
0x00007ff833b40000 - 0x00007ff833be7000 	C:\WINDOWS\System32\msvcrt.dll
0x00007ff8318a0000 - 0x00007ff83193a000 	C:\WINDOWS\System32\msvcp_win.dll
0x00007ff833bf0000 - 0x00007ff833c21000 	C:\WINDOWS\System32\IMM32.DLL
0x00007ff82b860000 - 0x00007ff82b86c000 	C:\Program Files\Android\Android Studio\jbr\bin\vcruntime140_1.dll
0x00007ff810220000 - 0x00007ff8102ad000 	C:\Program Files\Android\Android Studio\jbr\bin\msvcp140.dll
0x00007fff75020000 - 0x00007fff75ca3000 	C:\Program Files\Android\Android Studio\jbr\bin\server\jvm.dll
0x00007ff833430000 - 0x00007ff8334e2000 	C:\WINDOWS\System32\ADVAPI32.dll
0x00007ff8336a0000 - 0x00007ff833749000 	C:\WINDOWS\System32\sechost.dll
0x00007ff8316e0000 - 0x00007ff831708000 	C:\WINDOWS\System32\bcrypt.dll
0x00007ff832770000 - 0x00007ff832884000 	C:\WINDOWS\System32\RPCRT4.dll
0x00007ff815540000 - 0x00007ff815549000 	C:\WINDOWS\SYSTEM32\WSOCK32.dll
0x00007ff82b710000 - 0x00007ff82b744000 	C:\WINDOWS\SYSTEM32\WINMM.dll
0x00007ff830d30000 - 0x00007ff830d7d000 	C:\WINDOWS\SYSTEM32\POWRPROF.dll
0x00007ff8262b0000 - 0x00007ff8262ba000 	C:\WINDOWS\SYSTEM32\VERSION.dll
0x00007ff833c30000 - 0x00007ff833ca1000 	C:\WINDOWS\System32\WS2_32.dll
0x00007ff830d10000 - 0x00007ff830d23000 	C:\WINDOWS\SYSTEM32\UMPDC.dll
0x00007ff830050000 - 0x00007ff830068000 	C:\WINDOWS\SYSTEM32\kernel.appcore.dll
0x00007ff82b010000 - 0x00007ff82b01a000 	C:\Program Files\Android\Android Studio\jbr\bin\jimage.dll
0x00007ff8285f0000 - 0x00007ff828822000 	C:\WINDOWS\SYSTEM32\DBGHELP.DLL
0x00007ff832190000 - 0x00007ff832518000 	C:\WINDOWS\System32\combase.dll
0x00007ff833970000 - 0x00007ff833a47000 	C:\WINDOWS\System32\OLEAUT32.dll
0x00007ff8130e0000 - 0x00007ff813112000 	C:\WINDOWS\SYSTEM32\dbgcore.DLL
0x00007ff8312b0000 - 0x00007ff83132b000 	C:\WINDOWS\System32\bcryptPrimitives.dll
0x00007ff826ce0000 - 0x00007ff826d05000 	C:\Program Files\Android\Android Studio\jbr\bin\java.dll
0x00007ff801870000 - 0x00007ff801888000 	C:\Program Files\Android\Android Studio\jbr\bin\zip.dll
0x00007ff832bd0000 - 0x00007ff83342f000 	C:\WINDOWS\System32\SHELL32.dll
0x00007ff82ef70000 - 0x00007ff82f86c000 	C:\WINDOWS\SYSTEM32\windows.storage.dll
0x00007ff82ee30000 - 0x00007ff82ef6f000 	C:\WINDOWS\SYSTEM32\wintypes.dll
0x00007ff832670000 - 0x00007ff832764000 	C:\WINDOWS\System32\SHCORE.dll
0x00007ff831fc0000 - 0x00007ff83201e000 	C:\WINDOWS\System32\shlwapi.dll
0x00007ff830f50000 - 0x00007ff830f71000 	C:\WINDOWS\SYSTEM32\profapi.dll
0x00007ffffe4e0000 - 0x00007ffffe4f9000 	C:\Program Files\Android\Android Studio\jbr\bin\net.dll
0x00007ff82cc00000 - 0x00007ff82cd36000 	C:\WINDOWS\SYSTEM32\WINHTTP.dll
0x00007ff8304c0000 - 0x00007ff830529000 	C:\WINDOWS\system32\mswsock.dll
0x00007ffffd7c0000 - 0x00007ffffd7d6000 	C:\Program Files\Android\Android Studio\jbr\bin\nio.dll
0x00007ff827a30000 - 0x00007ff827a40000 	C:\Program Files\Android\Android Studio\jbr\bin\verify.dll
0x00007ff812d40000 - 0x00007ff812d67000 	C:\Users\23480\.gradle\native\68d5fa5c4cc2d200863cafc0d521ce42e7d3e7ee720ec0a83991735586a16f82\windows-amd64\native-platform.dll
0x00007ffff3bd0000 - 0x00007ffff3d14000 	C:\Users\23480\.gradle\native\e376f236ea51e6404a007f0833ffe2c6e607c4080706a723a18a27aeea778392\windows-amd64\native-platform-file-events.dll
0x00007ff82b280000 - 0x00007ff82b289000 	C:\Program Files\Android\Android Studio\jbr\bin\management.dll
0x00007ff82b270000 - 0x00007ff82b27b000 	C:\Program Files\Android\Android Studio\jbr\bin\management_ext.dll
0x00007ff8325e0000 - 0x00007ff8325e8000 	C:\WINDOWS\System32\PSAPI.DLL
0x00007ff830720000 - 0x00007ff83073b000 	C:\WINDOWS\SYSTEM32\CRYPTSP.dll
0x00007ff82ffb0000 - 0x00007ff82ffe5000 	C:\WINDOWS\system32\rsaenh.dll
0x00007ff8305c0000 - 0x00007ff8305e8000 	C:\WINDOWS\SYSTEM32\USERENV.dll
0x00007ff830740000 - 0x00007ff83074c000 	C:\WINDOWS\SYSTEM32\CRYPTBASE.dll
0x00007ff82fad0000 - 0x00007ff82fafd000 	C:\WINDOWS\SYSTEM32\IPHLPAPI.DLL
0x00007ff8325d0000 - 0x00007ff8325d9000 	C:\WINDOWS\System32\NSI.dll
0x00007ff82cd40000 - 0x00007ff82cd59000 	C:\WINDOWS\SYSTEM32\dhcpcsvc6.DLL
0x00007ff82cbc0000 - 0x00007ff82cbdf000 	C:\WINDOWS\SYSTEM32\dhcpcsvc.DLL
0x00007ff82fb00000 - 0x00007ff82fbf8000 	C:\WINDOWS\SYSTEM32\DNSAPI.dll
0x00007ff82b290000 - 0x00007ff82b299000 	C:\Program Files\Android\Android Studio\jbr\bin\extnet.dll
0x00007fffb2d20000 - 0x00007fffb2d28000 	C:\WINDOWS\system32\wshunix.dll
0x000000005d1b0000 - 0x000000005d1d6000 	C:\Program Files\Bonjour\mdnsNSP.dll
0x00007ff829370000 - 0x00007ff82937a000 	C:\Windows\System32\rasadhlp.dll

dbghelp: loaded successfully - version: 4.0.5 - missing functions: none
symbol engine: initialized successfully - sym options: 0x614 - pdb path: .;C:\Program Files\Android\Android Studio\jbr\bin;C:\WINDOWS\SYSTEM32;C:\WINDOWS\WinSxS\amd64_microsoft.windows.common-controls_6595b64144ccf1df_6.0.22621.3672_none_2713b9d173822955;C:\Program Files\Android\Android Studio\jbr\bin\server;C:\Users\23480\.gradle\native\68d5fa5c4cc2d200863cafc0d521ce42e7d3e7ee720ec0a83991735586a16f82\windows-amd64;C:\Users\23480\.gradle\native\e376f236ea51e6404a007f0833ffe2c6e607c4080706a723a18a27aeea778392\windows-amd64;C:\Program Files\Bonjour

VM Arguments:
jvm_args: --add-opens=java.base/java.util=ALL-UNNAMED --add-opens=java.base/java.lang=ALL-UNNAMED --add-opens=java.base/java.lang.invoke=ALL-UNNAMED --add-opens=java.prefs/java.util.prefs=ALL-UNNAMED --add-opens=java.base/java.nio.charset=ALL-UNNAMED --add-opens=java.base/java.net=ALL-UNNAMED --add-opens=java.base/java.util.concurrent.atomic=ALL-UNNAMED -Xmx2048m -Dfile.encoding=UTF-8 -Duser.country=US -Duser.language=en -Duser.variant 
java_command: org.gradle.launcher.daemon.bootstrap.GradleDaemon 8.0
java_class_path (initial): C:\Users\23480\.gradle\wrapper\dists\gradle-8.0-bin\ca5e32bp14vu59qr306oxotwh\gradle-8.0\lib\gradle-launcher-8.0.jar
Launcher Type: SUN_STANDARD

[Global flags]
     intx CICompilerCount                          = 4                                         {product} {ergonomic}
     uint ConcGCThreads                            = 2                                         {product} {ergonomic}
     uint G1ConcRefinementThreads                  = 8                                         {product} {ergonomic}
   size_t G1HeapRegionSize                         = 1048576                                   {product} {ergonomic}
    uintx GCDrainStackTargetSize                   = 64                                        {product} {ergonomic}
   size_t InitialHeapSize                          = 123731968                                 {product} {ergonomic}
   size_t MarkStackSize                            = 4194304                                   {product} {ergonomic}
   size_t MaxHeapSize                              = 2147483648                                {product} {command line}
   size_t MaxNewSize                               = 1287651328                                {product} {ergonomic}
   size_t MinHeapDeltaBytes                        = 1048576                                   {product} {ergonomic}
   size_t MinHeapSize                              = 8388608                                   {product} {ergonomic}
    uintx NonNMethodCodeHeapSize                   = 5839372                                {pd product} {ergonomic}
    uintx NonProfiledCodeHeapSize                  = 122909434                              {pd product} {ergonomic}
    uintx ProfiledCodeHeapSize                     = 122909434                              {pd product} {ergonomic}
    uintx ReservedCodeCacheSize                    = 251658240                              {pd product} {ergonomic}
     bool SegmentedCodeCache                       = true                                      {product} {ergonomic}
   size_t SoftMaxHeapSize                          = 2147483648                             {manageable} {ergonomic}
     bool UseCompressedClassPointers               = true                           {product lp64_product} {ergonomic}
     bool UseCompressedOops                        = true                           {product lp64_product} {ergonomic}
     bool UseG1GC                                  = true                                      {product} {ergonomic}
     bool UseLargePagesIndividualAllocation        = false                                  {pd product} {ergonomic}

Logging:
Log output configuration:
 #0: stdout all=warning uptime,level,tags
 #1: stderr all=off uptime,level,tags

Environment Variables:
PATH=C:\WINDOWS\system32;C:\WINDOWS;C:\WINDOWS\System32\Wbem;C:\WINDOWS\System32\WindowsPowerShell\v1.0\;C:\WINDOWS\System32\OpenSSH\;C:\Program Files\nodejs\;C:\Program Files\HP\HP One Agent;C:\Program Files\Git\cmd;C:\Users\23480\AppData\Local\Programs\Python\Python311\Scripts\;C:\Users\23480\AppData\Local\Programs\Python\Python311\;C:\Users\23480\AppData\Local\Microsoft\WindowsApps;C:\Users\23480\AppData\Local\atom\bin;C:\Users\23480\AppData\Local\Programs\Microsoft VS Code\bin;C:\Users\23480\AppData\Local\Microsoft\WindowsApps;;C:\Program Files\JetBrains\IntelliJ IDEA Community Edition 2023.2.1\bin;;C:\Users\23480\AppData\Roaming\npm
USERNAME=23480
OS=Windows_NT
PROCESSOR_IDENTIFIER=AMD64 Family 23 Model 104 Stepping 1, AuthenticAMD
TMP=C:\Users\23480\AppData\Local\Temp
TEMP=C:\Users\23480\AppData\Local\Temp



Periodic native trim disabled

JNI global refs:
JNI global refs: 27, weak refs: 65

JNI global refs memory usage: 843, weak refs: 1473

OOME stack traces (most recent first):
Classloader memory used:
Loader org.gradle.internal.classloader.VisitableURLClassLoader                         : 3375K
Loader bootstrap                                                                       : 2799K
Loader org.gradle.initialization.MixInLegacyTypesClassLoader                           : 1120K
Loader org.gradle.internal.classloader.VisitableURLClassLoader                         : 192K
Loader jdk.internal.loader.ClassLoaders$PlatformClassLoader                            : 83060B
Loader jdk.internal.reflect.DelegatingClassLoader                                      : 29256B
Loader jdk.internal.loader.ClassLoaders$AppClassLoader                                 : 26051B
Loader org.gradle.groovy.scripts.internal.DefaultScriptCompilationHandler$ScriptClassLoader: 9786B
Loader org.codehaus.groovy.runtime.callsite.CallSiteClassLoader                        : 6077B

Classes loaded by more than one classloader:
Class org.gradle.internal.Cast                                                        : loaded 3 times (x 69B)
Class Program                                                                         : loaded 3 times (x 70B)
Class org.gradle.api.GradleException                                                  : loaded 3 times (x 80B)
Class org.gradle.internal.classpath.ClassPath                                         : loaded 2 times (x 68B)
Class org.gradle.api.internal.classpath.DefaultModuleRegistry                         : loaded 2 times (x 84B)
Class Settings_gradle$1$1                                                             : loaded 2 times (x 72B)
Class org.gradle.api.Action                                                           : loaded 2 times (x 68B)
Class org.jetbrains.kotlin.idea.gradleTooling.model.samWithReceiver.SamWithReceiverModel: loaded 2 times (x 68B)
Class org.jetbrains.plugins.gradle.model.ExternalProject                              : loaded 2 times (x 68B)
Class org.jetbrains.plugins.gradle.model.IntelliJSettings                             : loaded 2 times (x 68B)
Class org.jetbrains.kotlin.idea.gradleTooling.KotlinMPPGradleModel                    : loaded 2 times (x 68B)
Class org.gradle.api.internal.DefaultClassPathProvider                                : loaded 2 times (x 74B)
Class org.gradle.internal.installation.GradleInstallation$1                           : loaded 2 times (x 73B)
Class org.gradle.internal.exceptions.DefaultMultiCauseException                       : loaded 2 times (x 93B)
Class org.gradle.tooling.model.UnsupportedMethodException                             : loaded 2 times (x 80B)
Class org.gradle.internal.time.MonotonicClock                                         : loaded 2 times (x 75B)
Class org.gradle.internal.classloader.FilteringClassLoader                            : loaded 2 times (x 103B)
Class org.gradle.tooling.model.Model                                                  : loaded 2 times (x 68B)
Class org.gradle.internal.classpath.DefaultClassPath$ImmutableUniqueList$Builder      : loaded 2 times (x 73B)
Class org.jetbrains.kotlin.idea.gradleTooling.KotlinSourceSetContainer                : loaded 2 times (x 68B)
Class org.gradle.internal.classloader.ClassLoaderVisitor                              : loaded 2 times (x 74B)
Class org.gradle.internal.time.DefaultCountdownTimer                                  : loaded 2 times (x 86B)
Class sync_studio_tooling2_bywb1hjdoka6p4mjxieu60ma5$_run_closure1                    : loaded 2 times (x 134B)
Class org.gradle.internal.service.DefaultServiceLocator                               : loaded 2 times (x 81B)
Class org.jetbrains.plugins.gradle.model.jar.JarTaskManifestConfiguration             : loaded 2 times (x 68B)
Class org.gradle.internal.service.UnknownServiceException                             : loaded 2 times (x 81B)
Class org.jetbrains.plugins.gradle.model.DependencyAccessorsModel                     : loaded 2 times (x 68B)
Class org.gradle.internal.classloader.DefaultClassLoaderFactory                       : loaded 2 times (x 80B)
Class org.jetbrains.plugins.gradle.model.GradleExtensions                             : loaded 2 times (x 68B)
Class org.jetbrains.plugins.gradle.model.VersionCatalogsModel                         : loaded 2 times (x 68B)
Class org.gradle.internal.classloader.VisitableURLClassLoader$Spec                    : loaded 2 times (x 72B)
Class org.gradle.tooling.model.ProjectModel                                           : loaded 2 times (x 68B)
Class org.jetbrains.plugins.gradle.model.MavenRepositoryModel                         : loaded 2 times (x 68B)
Class org.gradle.util.GradleVersion                                                   : loaded 2 times (x 81B)
Class org.gradle.api.internal.classpath.ModuleRegistry                                : loaded 2 times (x 68B)
Class org.jetbrains.plugins.gradle.model.RepositoriesModel                            : loaded 2 times (x 68B)
Class kotlin.jvm.internal.markers.KMappedMarker                                       : loaded 2 times (x 68B)
Class org.gradle.api.internal.ClassPathProvider                                       : loaded 2 times (x 68B)
Class org.gradle.internal.classloader.ClasspathUtil$1                                 : loaded 2 times (x 74B)
Class org.gradle.internal.classloader.ClassLoaderFactory                              : loaded 2 times (x 68B)
Class org.gradle.api.internal.classpath.ManifestUtil                                  : loaded 2 times (x 69B)
Class org.gradle.api.specs.Spec                                                       : loaded 2 times (x 68B)
Class org.gradle.tooling.internal.gradle.GradleBuildIdentity                          : loaded 2 times (x 68B)
Class org.gradle.internal.IoActions                                                   : loaded 2 times (x 69B)
Class org.gradle.api.internal.classpath.EffectiveClassPath                            : loaded 2 times (x 88B)
Class kotlin.jvm.internal.DefaultConstructorMarker                                    : loaded 2 times (x 69B)
Class org.jetbrains.kotlin.idea.gradleTooling.model.annotation.AnnotationBasedPluginModel: loaded 2 times (x 68B)
Class org.jetbrains.kotlin.idea.gradleTooling.model.assignment.AssignmentModel        : loaded 2 times (x 68B)
Class org.gradle.internal.installation.CurrentGradleInstallation                      : loaded 2 times (x 71B)
Class org.gradle.internal.installation.CurrentGradleInstallationLocator               : loaded 2 times (x 69B)
Class org.gradle.api.internal.classpath.Module                                        : loaded 2 times (x 68B)
Class org.gradle.internal.service.CachingServiceLocator                               : loaded 2 times (x 80B)
Class org.gradle.internal.time.Timer                                                  : loaded 2 times (x 68B)
Class org.jetbrains.plugins.gradle.model.tests.ExternalTestsModel                     : loaded 2 times (x 68B)
Class org.jetbrains.kotlin.idea.gradleTooling.KotlinDslScriptAdditionalTask           : loaded 2 times (x 68B)
Class org.gradle.internal.classpath.DefaultClassPath                                  : loaded 2 times (x 88B)
Class com.intellij.openapi.externalSystem.model.project.dependencies.ProjectDependencies: loaded 2 times (x 68B)
Class org.jetbrains.kotlin.idea.gradleTooling.PrepareKotlinIdeImportTaskModel         : loaded 2 times (x 68B)
Class org.gradle.internal.impldep.com.google.common.base.Preconditions                : loaded 2 times (x 69B)
Class kotlin.jvm.functions.Function1                                                  : loaded 2 times (x 68B)
Class org.gradle.internal.time.Time                                                   : loaded 2 times (x 69B)
Class org.gradle.internal.time.TimeSource$1                                           : loaded 2 times (x 75B)
Class org.gradle.internal.classloader.SystemClassLoaderSpec                           : loaded 2 times (x 69B)
Class sync_studio_tooling2_bywb1hjdoka6p4mjxieu60ma5                                  : loaded 2 times (x 177B)
Class kotlin.Function                                                                 : loaded 2 times (x 68B)
Class org.gradle.api.UncheckedIOException                                             : loaded 2 times (x 80B)
Class org.gradle.tooling.internal.gradle.DefaultProjectIdentifier                     : loaded 2 times (x 84B)
Class org.gradle.tooling.internal.gradle.GradleProjectIdentity                        : loaded 2 times (x 68B)
Class org.gradle.internal.time.Clock                                                  : loaded 2 times (x 68B)
Class org.gradle.internal.time.CountdownTimer                                         : loaded 2 times (x 68B)
Class org.gradle.internal.classloader.ClasspathUtil                                   : loaded 2 times (x 69B)
Class org.gradle.tooling.model.BuildIdentifier                                        : loaded 2 times (x 68B)
Class org.gradle.api.internal.DefaultClassPathRegistry                                : loaded 2 times (x 74B)
Class org.gradle.api.internal.classpath.DefaultModuleRegistry$DefaultModule           : loaded 2 times (x 84B)
Class org.gradle.internal.time.TimeSource                                             : loaded 2 times (x 68B)
Class org.jetbrains.kotlin.android.synthetic.idea.AndroidExtensionsGradleModel        : loaded 2 times (x 68B)
Class org.gradle.api.internal.classpath.UnknownModuleException                        : loaded 2 times (x 80B)
Class org.jetbrains.plugins.gradle.model.IntelliJProjectSettings                      : loaded 2 times (x 68B)
Class org.gradle.internal.service.ServiceLookupException                              : loaded 2 times (x 80B)
Class org.gradle.cache.GlobalCache                                                    : loaded 2 times (x 68B)
Class org.jetbrains.kotlin.idea.gradleTooling.model.lombok.LombokModel                : loaded 2 times (x 68B)
Class org.gradle.tooling.model.ProjectIdentifier                                      : loaded 2 times (x 68B)
Class [Lorg.gradle.api.internal.ClassPathProvider;                                    : loaded 2 times (x 67B)
Class org.gradle.internal.operations.MultipleBuildOperationFailures                   : loaded 2 times (x 93B)
Class org.gradle.util.internal.GUtil                                                  : loaded 2 times (x 69B)
Class org.jetbrains.plugins.gradle.model.AnnotationProcessingModel                    : loaded 2 times (x 68B)
Class org.gradle.internal.classloader.ClassLoaderSpec                                 : loaded 2 times (x 69B)
Class ijInit1_7hjbmxr7g71jnfwomne6jl5ud                                               : loaded 2 times (x 177B)
Class org.gradle.internal.classloader.VisitableURLClassLoader                         : loaded 2 times (x 115B)
Class org.gradle.internal.installation.GradleInstallation                             : loaded 2 times (x 73B)
Class org.gradle.api.internal.ClassPathRegistry                                       : loaded 2 times (x 68B)
Class org.gradle.internal.classloader.ClassLoaderHierarchy                            : loaded 2 times (x 68B)
Class org.gradle.internal.exceptions.MultiCauseException                              : loaded 2 times (x 68B)
Class org.jetbrains.kotlin.idea.gradleTooling.model.parcelize.ParcelizeGradleModel    : loaded 2 times (x 68B)
Class org.gradle.internal.InternalTransformer                                         : loaded 2 times (x 68B)
Class org.jetbrains.kotlin.idea.gradleTooling.model.noarg.NoArgModel                  : loaded 2 times (x 68B)
Class org.jetbrains.kotlin.idea.gradleTooling.KotlinGradleModel                       : loaded 2 times (x 68B)
Class org.gradle.tooling.internal.gradle.DefaultBuildIdentifier                       : loaded 2 times (x 77B)
Class org.gradle.internal.service.ServiceLocator                                      : loaded 2 times (x 68B)
Class Settings_gradle$1                                                               : loaded 2 times (x 72B)
Class org.jetbrains.kotlin.idea.gradleTooling.model.allopen.AllOpenModel              : loaded 2 times (x 68B)
Class org.gradle.internal.classpath.DefaultClassPath$ImmutableUniqueList              : loaded 2 times (x 159B)
Class org.gradle.internal.time.DefaultTimer                                           : loaded 2 times (x 78B)
Class Settings_gradle                                                                 : loaded 2 times (x 126B)


---------------  S Y S T E M  ---------------

OS:
 Windows 11 , 64 bit Build 22621 (10.0.22621.3672)
OS uptime: 0 days 3:20 hours

CPU: total 8 (initial active 8) (8 cores per cpu, 2 threads per core) family 23 model 104 stepping 1 microcode 0x0, cx8, cmov, fxsr, ht, mmx, 3dnowpref, sse, sse2, sse3, ssse3, sse4a, sse4.1, sse4.2, popcnt, lzcnt, tsc, tscinvbit, avx, avx2, aes, clmul, bmi1, bmi2, adx, sha, fma, vzeroupper, clflush, clflushopt
Processor Information for all 8 processors :
  Max Mhz: 2600, Current Mhz: 1896, Mhz Limit: 2600

Memory: 4k page, system-wide physical 7502M (626M free)
TotalPageFile size 11571M (AvailPageFile size 6M)
current process WorkingSet (physical memory assigned to process): 413M, peak: 413M
current process commit charge ("private bytes"): 454M, peak: 457M

vm_info: OpenJDK 64-Bit Server VM (17.0.10+0--11609105) for windows-amd64 JRE (17.0.10+0--11609105), built on Mar 21 2024 19:10:56 by "androidbuild" with MS VC++ 16.10 / 16.11 (VS2019)

END.
