#
# There is insufficient memory for the Java Runtime Environment to continue.
# Native memory allocation (malloc) failed to allocate 1277952 bytes for Chunk::new
# Possible reasons:
#   The system is out of physical RAM or swap space
#   The process is running with CompressedOops enabled, and the Java Heap may be blocking the growth of the native heap
# Possible solutions:
#   Reduce memory load on the system
#   Increase physical memory or swap space
#   Check if swap backing store is full
#   Decrease Java heap size (-Xmx/-Xms)
#   Decrease number of Java threads
#   Decrease Java thread stack sizes (-Xss)
#   Set larger code cache with -XX:ReservedCodeCacheSize=
#   JVM is running with Unscaled Compressed Oops mode in which the Java heap is
#     placed in the first 4GB address space. The Java Heap base address is the
#     maximum limit for the native heap growth. Please use -XX:HeapBaseMinAddress
#     to set the Java Heap base and to place the Java Heap above 4GB virtual address.
# This output file may be truncated or incomplete.
#
#  Out of Memory Error (arena.cpp:191), pid=12940, tid=16888
#
# JRE version: OpenJDK Runtime Environment (17.0.10) (build 17.0.10+0--11609105)
# Java VM: OpenJDK 64-Bit Server VM (17.0.10+0--11609105, mixed mode, tiered, compressed oops, compressed class ptrs, g1 gc, windows-amd64)
# No core dump will be written. Minidumps are not enabled by default on client versions of Windows
#

---------------  S U M M A R Y ------------

Command Line: --add-opens=java.base/java.util=ALL-UNNAMED --add-opens=java.base/java.lang=ALL-UNNAMED --add-opens=java.base/java.lang.invoke=ALL-UNNAMED --add-opens=java.prefs/java.util.prefs=ALL-UNNAMED --add-opens=java.base/java.nio.charset=ALL-UNNAMED --add-opens=java.base/java.net=ALL-UNNAMED --add-opens=java.base/java.util.concurrent.atomic=ALL-UNNAMED -Xmx2048m -Dfile.encoding=UTF-8 -Duser.country=US -Duser.language=en -Duser.variant org.gradle.launcher.daemon.bootstrap.GradleDaemon 8.0

Host: AMD Ryzen 3 5300U with Radeon Graphics         , 8 cores, 7G,  Windows 11 , 64 bit Build 22621 (10.0.22621.3672)
Time: Thu Aug  8 13:21:36 2024 W. Central Africa Standard Time elapsed time: 33.771655 seconds (0d 0h 0m 33s)

---------------  T H R E A D  ---------------

Current thread (0x0000019857333290):  JavaThread "C2 CompilerThread0" daemon [_thread_in_native, id=16888, stack(0x0000007b4ba00000,0x0000007b4bb00000)]


Current CompileTask:
C2:  33771 8451   !   4       org.jetbrains.kotlin.metadata.ProtoBuf$Function::<init> (1410 bytes)

Stack: [0x0000007b4ba00000,0x0000007b4bb00000]
Native frames: (J=compiled Java code, j=interpreted, Vv=VM code, C=native code)
V  [jvm.dll+0x688de9]
V  [jvm.dll+0x8423da]
V  [jvm.dll+0x84401e]
V  [jvm.dll+0x844683]
V  [jvm.dll+0x24be0f]
V  [jvm.dll+0xac524]
V  [jvm.dll+0xacb6c]
V  [jvm.dll+0x36bd67]
V  [jvm.dll+0x1bde16]
V  [jvm.dll+0x21dbf9]
V  [jvm.dll+0x21cec1]
V  [jvm.dll+0x1a60ad]
V  [jvm.dll+0x22cd78]
V  [jvm.dll+0x22aeb0]
V  [jvm.dll+0x7f6877]
V  [jvm.dll+0x7f0c7a]
V  [jvm.dll+0x687c65]
C  [ucrtbase.dll+0x29333]
C  [KERNEL32.DLL+0x1257d]
C  [ntdll.dll+0x5af28]


---------------  P R O C E S S  ---------------

Threads class SMR info:
_java_thread_list=0x000001985f7d0a70, length=42, elements={
0x000001983b389a40, 0x0000019857303260, 0x00000198573040e0, 0x00000198571c2d20,
0x00000198571c38e0, 0x0000019857324510, 0x0000019857326fe0, 0x0000019857333290,
0x0000019857333d40, 0x0000019857336f30, 0x00000198574abcc0, 0x00000198574af3f0,
0x000001985d08a4d0, 0x000001985d75f380, 0x000001985ca27d40, 0x000001985cca8680,
0x000001985cca8b60, 0x000001985cff9a80, 0x000001985cff8640, 0x000001985cff9060,
0x000001985cff8130, 0x000001985cffb3d0, 0x000001985cff9570, 0x000001985cffa9b0,
0x000001985cffb8e0, 0x000001985cff9f90, 0x000001985cffa4a0, 0x000001985cffaec0,
0x000001985e65c550, 0x000001985e658da0, 0x000001985e657e70, 0x000001985e65ac00,
0x000001985e658890, 0x000001985e657960, 0x000001985e65ca60, 0x000001985e65c040,
0x000001985e65b110, 0x000001985e65d990, 0x000001985e658380, 0x000001985e65b620,
0x000001985e65bb30, 0x000001985e6597c0
}

Java Threads: ( => current thread )
  0x000001983b389a40 JavaThread "main" [_thread_blocked, id=1932, stack(0x0000007b4ad00000,0x0000007b4ae00000)]
  0x0000019857303260 JavaThread "Reference Handler" daemon [_thread_blocked, id=8784, stack(0x0000007b4b400000,0x0000007b4b500000)]
  0x00000198573040e0 JavaThread "Finalizer" daemon [_thread_blocked, id=9488, stack(0x0000007b4b500000,0x0000007b4b600000)]
  0x00000198571c2d20 JavaThread "Signal Dispatcher" daemon [_thread_blocked, id=11212, stack(0x0000007b4b600000,0x0000007b4b700000)]
  0x00000198571c38e0 JavaThread "Attach Listener" daemon [_thread_blocked, id=13916, stack(0x0000007b4b700000,0x0000007b4b800000)]
  0x0000019857324510 JavaThread "Service Thread" daemon [_thread_blocked, id=10876, stack(0x0000007b4b800000,0x0000007b4b900000)]
  0x0000019857326fe0 JavaThread "Monitor Deflation Thread" daemon [_thread_blocked, id=15188, stack(0x0000007b4b900000,0x0000007b4ba00000)]
=>0x0000019857333290 JavaThread "C2 CompilerThread0" daemon [_thread_in_native, id=16888, stack(0x0000007b4ba00000,0x0000007b4bb00000)]
  0x0000019857333d40 JavaThread "C1 CompilerThread0" daemon [_thread_blocked, id=14612, stack(0x0000007b4bb00000,0x0000007b4bc00000)]
  0x0000019857336f30 JavaThread "Sweeper thread" daemon [_thread_blocked, id=10656, stack(0x0000007b4bc00000,0x0000007b4bd00000)]
  0x00000198574abcc0 JavaThread "Common-Cleaner" daemon [_thread_blocked, id=5452, stack(0x0000007b4bd00000,0x0000007b4be00000)]
  0x00000198574af3f0 JavaThread "Notification Thread" daemon [_thread_blocked, id=19848, stack(0x0000007b4be00000,0x0000007b4bf00000)]
  0x000001985d08a4d0 JavaThread "Daemon health stats" [_thread_blocked, id=11072, stack(0x0000007b4c500000,0x0000007b4c600000)]
  0x000001985d75f380 JavaThread "Incoming local TCP Connector on port 49802" [_thread_in_native, id=17500, stack(0x0000007b4c600000,0x0000007b4c700000)]
  0x000001985ca27d40 JavaThread "Daemon periodic checks" [_thread_blocked, id=9748, stack(0x0000007b4c700000,0x0000007b4c800000)]
  0x000001985cca8680 JavaThread "Daemon" [_thread_blocked, id=14800, stack(0x0000007b4c800000,0x0000007b4c900000)]
  0x000001985cca8b60 JavaThread "Handler for socket connection from /127.0.0.1:49802 to /127.0.0.1:49803" [_thread_in_native, id=16132, stack(0x0000007b4c900000,0x0000007b4ca00000)]
  0x000001985cff9a80 JavaThread "Cancel handler" [_thread_blocked, id=10236, stack(0x0000007b4ca00000,0x0000007b4cb00000)]
  0x000001985cff8640 JavaThread "Daemon worker" [_thread_in_native, id=5424, stack(0x0000007b4cb00000,0x0000007b4cc00000)]
  0x000001985cff9060 JavaThread "Asynchronous log dispatcher for DefaultDaemonConnection: socket connection from /127.0.0.1:49802 to /127.0.0.1:49803" [_thread_blocked, id=8020, stack(0x0000007b4cc00000,0x0000007b4cd00000)]
  0x000001985cff8130 JavaThread "Stdin handler" [_thread_blocked, id=13932, stack(0x0000007b4cd00000,0x0000007b4ce00000)]
  0x000001985cffb3d0 JavaThread "Daemon client event forwarder" [_thread_blocked, id=15488, stack(0x0000007b4ce00000,0x0000007b4cf00000)]
  0x000001985cff9570 JavaThread "Cache worker for journal cache (C:\Users\23480\.gradle\caches\journal-1)" [_thread_blocked, id=11756, stack(0x0000007b4c000000,0x0000007b4c100000)]
  0x000001985cffa9b0 JavaThread "File lock request listener" [_thread_in_native, id=2328, stack(0x0000007b4d300000,0x0000007b4d400000)]
  0x000001985cffb8e0 JavaThread "Cache worker for file hash cache (C:\Users\23480\.gradle\caches\8.0\fileHashes)" [_thread_blocked, id=9300, stack(0x0000007b4d400000,0x0000007b4d500000)]
  0x000001985cff9f90 JavaThread "File watcher server" daemon [_thread_in_native, id=15248, stack(0x0000007b4d500000,0x0000007b4d600000)]
  0x000001985cffa4a0 JavaThread "File watcher consumer" daemon [_thread_blocked, id=13912, stack(0x0000007b4d600000,0x0000007b4d700000)]
  0x000001985cffaec0 JavaThread "jar transforms" [_thread_blocked, id=15396, stack(0x0000007b4d800000,0x0000007b4d900000)]
  0x000001985e65c550 JavaThread "jar transforms Thread 2" [_thread_blocked, id=7108, stack(0x0000007b4d900000,0x0000007b4da00000)]
  0x000001985e658da0 JavaThread "jar transforms Thread 3" [_thread_blocked, id=9836, stack(0x0000007b4da00000,0x0000007b4db00000)]
  0x000001985e657e70 JavaThread "jar transforms Thread 4" [_thread_blocked, id=17532, stack(0x0000007b4db00000,0x0000007b4dc00000)]
  0x000001985e65ac00 JavaThread "jar transforms Thread 5" [_thread_blocked, id=7556, stack(0x0000007b4dc00000,0x0000007b4dd00000)]
  0x000001985e658890 JavaThread "jar transforms Thread 6" [_thread_blocked, id=9296, stack(0x0000007b4dd00000,0x0000007b4de00000)]
  0x000001985e657960 JavaThread "jar transforms Thread 7" [_thread_blocked, id=18796, stack(0x0000007b4de00000,0x0000007b4df00000)]
  0x000001985e65ca60 JavaThread "jar transforms Thread 8" [_thread_blocked, id=4272, stack(0x0000007b4df00000,0x0000007b4e000000)]
  0x000001985e65c040 JavaThread "Cache worker for checksums cache (C:\Users\23480\Documents\androidproject\OpeyemisChat\.gradle\8.0\checksums)" [_thread_blocked, id=3164, stack(0x0000007b4e000000,0x0000007b4e100000)]
  0x000001985e65b110 JavaThread "Cache worker for cache directory md-rule (C:\Users\23480\.gradle\caches\8.0\md-rule)" [_thread_blocked, id=15960, stack(0x0000007b4e100000,0x0000007b4e200000)]
  0x000001985e65d990 JavaThread "Cache worker for file content cache (C:\Users\23480\.gradle\caches\8.0\fileContent)" [_thread_blocked, id=16508, stack(0x0000007b4e200000,0x0000007b4e300000)]
  0x000001985e658380 JavaThread "Cache worker for file hash cache (C:\Users\23480\Documents\androidproject\OpeyemisChat\.gradle\8.0\fileHashes)" [_thread_blocked, id=5804, stack(0x0000007b4e300000,0x0000007b4e400000)]
  0x000001985e65b620 JavaThread "Cache worker for cache directory md-supplier (C:\Users\23480\.gradle\caches\8.0\md-supplier)" [_thread_blocked, id=6544, stack(0x0000007b4e400000,0x0000007b4e500000)]
  0x000001985e65bb30 JavaThread "Cache worker for execution history cache (C:\Users\23480\.gradle\caches\8.0\executionHistory)" [_thread_blocked, id=2256, stack(0x0000007b4d700000,0x0000007b4d800000)]
  0x000001985e6597c0 JavaThread "Cache worker for kotlin-dsl (C:\Users\23480\.gradle\caches\8.0\kotlin-dsl)" [_thread_blocked, id=19796, stack(0x0000007b4e500000,0x0000007b4e600000)]

Other Threads:
  0x00000198571aba30 VMThread "VM Thread" [stack: 0x0000007b4b300000,0x0000007b4b400000] [id=11488]
  0x00000198574b28f0 WatcherThread [stack: 0x0000007b4bf00000,0x0000007b4c000000] [id=19852]
  0x000001983b3e4be0 GCTaskThread "GC Thread#0" [stack: 0x0000007b4ae00000,0x0000007b4af00000] [id=18620]
  0x000001985c260590 GCTaskThread "GC Thread#1" [stack: 0x0000007b4c100000,0x0000007b4c200000] [id=19924]
  0x000001985c22dcd0 GCTaskThread "GC Thread#2" [stack: 0x0000007b4c200000,0x0000007b4c300000] [id=20228]
  0x00000198579f0860 GCTaskThread "GC Thread#3" [stack: 0x0000007b4c300000,0x0000007b4c400000] [id=20264]
  0x000001985d08bb30 GCTaskThread "GC Thread#4" [stack: 0x0000007b4c400000,0x0000007b4c500000] [id=20108]
  0x000001985cf0b220 GCTaskThread "GC Thread#5" [stack: 0x0000007b4cf00000,0x0000007b4d000000] [id=13712]
  0x000001985cb436a0 GCTaskThread "GC Thread#6" [stack: 0x0000007b4d000000,0x0000007b4d100000] [id=4996]
  0x000001985c95b6c0 GCTaskThread "GC Thread#7" [stack: 0x0000007b4d100000,0x0000007b4d200000] [id=19752]
  0x000001983b3f5b30 ConcurrentGCThread "G1 Main Marker" [stack: 0x0000007b4af00000,0x0000007b4b000000] [id=17680]
  0x000001983b3f6550 ConcurrentGCThread "G1 Conc#0" [stack: 0x0000007b4b000000,0x0000007b4b100000] [id=9512]
  0x000001985cbc5300 ConcurrentGCThread "G1 Conc#1" [stack: 0x0000007b4d200000,0x0000007b4d300000] [id=1604]
  0x00000198570064e0 ConcurrentGCThread "G1 Refine#0" [stack: 0x0000007b4b100000,0x0000007b4b200000] [id=19152]
  0x000001985edb2340 ConcurrentGCThread "G1 Refine#1" [stack: 0x0000007b4e600000,0x0000007b4e700000] [id=17936]
  0x000001985da16950 ConcurrentGCThread "G1 Refine#2" [stack: 0x0000007b4e700000,0x0000007b4e800000] [id=3524]
  0x000001985f6ecdd0 ConcurrentGCThread "G1 Refine#3" [stack: 0x0000007b4e800000,0x0000007b4e900000] [id=13480]
  0x000001985f6eb650 ConcurrentGCThread "G1 Refine#4" [stack: 0x0000007b4e900000,0x0000007b4ea00000] [id=16032]
  0x000001983b43d660 ConcurrentGCThread "G1 Service" [stack: 0x0000007b4b200000,0x0000007b4b300000] [id=3168]

Threads with active compile tasks:
C2 CompilerThread0    33833 8451   !   4       org.jetbrains.kotlin.metadata.ProtoBuf$Function::<init> (1410 bytes)

VM state: not at safepoint (normal execution)

VM Mutex/Monitor currently owned by a thread: None

Heap address: 0x0000000080000000, size: 2048 MB, Compressed Oops mode: 32-bit

CDS archive(s) not mapped
Compressed class space mapped at: 0x0000000100000000-0x0000000140000000, reserved size: 1073741824
Narrow klass base: 0x0000000000000000, Narrow klass shift: 3, Narrow klass range: 0x140000000

GC Precious Log:
 CPUs: 8 total, 8 available
 Memory: 7502M
 Large Page Support: Disabled
 NUMA Support: Disabled
 Compressed Oops: Enabled (32-bit)
 Heap Region Size: 1M
 Heap Min Capacity: 8M
 Heap Initial Capacity: 118M
 Heap Max Capacity: 2G
 Pre-touch: Disabled
 Parallel Workers: 8
 Concurrent Workers: 2
 Concurrent Refinement Workers: 8
 Periodic GC: Disabled

Heap:
 garbage-first heap   total 286720K, used 134329K [0x0000000080000000, 0x0000000100000000)
  region size 1024K, 30 young (30720K), 7 survivors (7168K)
 Metaspace       used 98054K, committed 98752K, reserved 1179648K
  class space    used 12768K, committed 13056K, reserved 1048576K

Heap Regions: E=young(eden), S=young(survivor), O=old, HS=humongous(starts), HC=humongous(continues), CS=collection set, F=free, OA=open archive, CA=closed archive, TAMS=top-at-mark-start (previous, next)
|   0|0x0000000080000000, 0x0000000080100000, 0x0000000080100000|100%|HS|  |TAMS 0x0000000080100000, 0x0000000080000000| Complete 
|   1|0x0000000080100000, 0x0000000080200000, 0x0000000080200000|100%|HC|  |TAMS 0x0000000080200000, 0x0000000080100000| Complete 
|   2|0x0000000080200000, 0x0000000080300000, 0x0000000080300000|100%|HC|  |TAMS 0x0000000080300000, 0x0000000080200000| Complete 
|   3|0x0000000080300000, 0x0000000080400000, 0x0000000080400000|100%|HC|  |TAMS 0x0000000080400000, 0x0000000080300000| Complete 
|   4|0x0000000080400000, 0x0000000080500000, 0x0000000080500000|100%| O|  |TAMS 0x0000000080500000, 0x0000000080400000| Untracked 
|   5|0x0000000080500000, 0x0000000080600000, 0x0000000080600000|100%| O|  |TAMS 0x0000000080600000, 0x0000000080500000| Untracked 
|   6|0x0000000080600000, 0x0000000080700000, 0x0000000080700000|100%| O|  |TAMS 0x0000000080700000, 0x0000000080600000| Untracked 
|   7|0x0000000080700000, 0x0000000080800000, 0x0000000080800000|100%| O|  |TAMS 0x0000000080800000, 0x0000000080700000| Untracked 
|   8|0x0000000080800000, 0x0000000080900000, 0x0000000080900000|100%| O|  |TAMS 0x0000000080900000, 0x0000000080800000| Untracked 
|   9|0x0000000080900000, 0x0000000080a00000, 0x0000000080a00000|100%| O|  |TAMS 0x0000000080a00000, 0x0000000080900000| Untracked 
|  10|0x0000000080a00000, 0x0000000080b00000, 0x0000000080b00000|100%| O|  |TAMS 0x0000000080b00000, 0x0000000080a00000| Untracked 
|  11|0x0000000080b00000, 0x0000000080c00000, 0x0000000080c00000|100%| O|  |TAMS 0x0000000080c00000, 0x0000000080b00000| Untracked 
|  12|0x0000000080c00000, 0x0000000080d00000, 0x0000000080d00000|100%| O|  |TAMS 0x0000000080d00000, 0x0000000080c00000| Untracked 
|  13|0x0000000080d00000, 0x0000000080e00000, 0x0000000080e00000|100%| O|  |TAMS 0x0000000080e00000, 0x0000000080d00000| Untracked 
|  14|0x0000000080e00000, 0x0000000080f00000, 0x0000000080f00000|100%| O|  |TAMS 0x0000000080f00000, 0x0000000080e00000| Untracked 
|  15|0x0000000080f00000, 0x0000000081000000, 0x0000000081000000|100%| O|  |TAMS 0x0000000081000000, 0x0000000080f00000| Untracked 
|  16|0x0000000081000000, 0x0000000081100000, 0x0000000081100000|100%| O|  |TAMS 0x0000000081100000, 0x0000000081000000| Untracked 
|  17|0x0000000081100000, 0x0000000081200000, 0x0000000081200000|100%| O|  |TAMS 0x0000000081200000, 0x0000000081100000| Untracked 
|  18|0x0000000081200000, 0x0000000081300000, 0x0000000081300000|100%| O|  |TAMS 0x0000000081300000, 0x0000000081200000| Untracked 
|  19|0x0000000081300000, 0x0000000081400000, 0x0000000081400000|100%| O|  |TAMS 0x0000000081400000, 0x0000000081300000| Untracked 
|  20|0x0000000081400000, 0x0000000081500000, 0x0000000081500000|100%| O|  |TAMS 0x0000000081500000, 0x0000000081400000| Untracked 
|  21|0x0000000081500000, 0x0000000081600000, 0x0000000081600000|100%| O|  |TAMS 0x0000000081600000, 0x0000000081500000| Untracked 
|  22|0x0000000081600000, 0x0000000081700000, 0x0000000081700000|100%|HS|  |TAMS 0x0000000081700000, 0x0000000081600000| Complete 
|  23|0x0000000081700000, 0x0000000081800000, 0x0000000081800000|100%|HC|  |TAMS 0x0000000081800000, 0x0000000081700000| Complete 
|  24|0x0000000081800000, 0x0000000081900000, 0x0000000081900000|100%|HC|  |TAMS 0x0000000081900000, 0x0000000081800000| Complete 
|  25|0x0000000081900000, 0x0000000081a00000, 0x0000000081a00000|100%|HC|  |TAMS 0x0000000081a00000, 0x0000000081900000| Complete 
|  26|0x0000000081a00000, 0x0000000081b00000, 0x0000000081b00000|100%|HC|  |TAMS 0x0000000081b00000, 0x0000000081a00000| Complete 
|  27|0x0000000081b00000, 0x0000000081c00000, 0x0000000081c00000|100%|HS|  |TAMS 0x0000000081c00000, 0x0000000081b00000| Complete 
|  28|0x0000000081c00000, 0x0000000081d00000, 0x0000000081d00000|100%|HC|  |TAMS 0x0000000081d00000, 0x0000000081c00000| Complete 
|  29|0x0000000081d00000, 0x0000000081e00000, 0x0000000081e00000|100%|HC|  |TAMS 0x0000000081e00000, 0x0000000081d00000| Complete 
|  30|0x0000000081e00000, 0x0000000081f00000, 0x0000000081f00000|100%|HS|  |TAMS 0x0000000081f00000, 0x0000000081e00000| Complete 
|  31|0x0000000081f00000, 0x0000000082000000, 0x0000000082000000|100%|HC|  |TAMS 0x0000000082000000, 0x0000000081f00000| Complete 
|  32|0x0000000082000000, 0x0000000082100000, 0x0000000082100000|100%|HC|  |TAMS 0x0000000082100000, 0x0000000082000000| Complete 
|  33|0x0000000082100000, 0x0000000082200000, 0x0000000082200000|100%| O|  |TAMS 0x0000000082200000, 0x0000000082100000| Untracked 
|  34|0x0000000082200000, 0x0000000082300000, 0x0000000082300000|100%| O|  |TAMS 0x0000000082300000, 0x0000000082200000| Untracked 
|  35|0x0000000082300000, 0x0000000082400000, 0x0000000082400000|100%| O|  |TAMS 0x0000000082400000, 0x0000000082300000| Untracked 
|  36|0x0000000082400000, 0x0000000082500000, 0x0000000082500000|100%|HS|  |TAMS 0x0000000082500000, 0x0000000082400000| Complete 
|  37|0x0000000082500000, 0x0000000082600000, 0x0000000082600000|100%| O|  |TAMS 0x0000000082600000, 0x0000000082500000| Untracked 
|  38|0x0000000082600000, 0x0000000082700000, 0x0000000082700000|100%| O|  |TAMS 0x0000000082700000, 0x0000000082600000| Untracked 
|  39|0x0000000082700000, 0x0000000082800000, 0x0000000082800000|100%| O|  |TAMS 0x0000000082800000, 0x0000000082700000| Untracked 
|  40|0x0000000082800000, 0x0000000082900000, 0x0000000082900000|100%| O|  |TAMS 0x0000000082900000, 0x0000000082800000| Untracked 
|  41|0x0000000082900000, 0x0000000082a00000, 0x0000000082a00000|100%| O|  |TAMS 0x0000000082a00000, 0x0000000082900000| Untracked 
|  42|0x0000000082a00000, 0x0000000082b00000, 0x0000000082b00000|100%| O|  |TAMS 0x0000000082b00000, 0x0000000082a00000| Untracked 
|  43|0x0000000082b00000, 0x0000000082c00000, 0x0000000082c00000|100%| O|  |TAMS 0x0000000082c00000, 0x0000000082b00000| Untracked 
|  44|0x0000000082c00000, 0x0000000082d00000, 0x0000000082d00000|100%| O|  |TAMS 0x0000000082d00000, 0x0000000082c00000| Untracked 
|  45|0x0000000082d00000, 0x0000000082e00000, 0x0000000082e00000|100%| O|  |TAMS 0x0000000082e00000, 0x0000000082d00000| Untracked 
|  46|0x0000000082e00000, 0x0000000082e00000, 0x0000000082f00000|  0%| F|  |TAMS 0x0000000082e00000, 0x0000000082e00000| Untracked 
|  47|0x0000000082f00000, 0x0000000083000000, 0x0000000083000000|100%| O|  |TAMS 0x0000000083000000, 0x0000000082f00000| Untracked 
|  48|0x0000000083000000, 0x0000000083100000, 0x0000000083100000|100%| O|  |TAMS 0x0000000083100000, 0x0000000083000000| Untracked 
|  49|0x0000000083100000, 0x0000000083200000, 0x0000000083200000|100%| O|  |TAMS 0x0000000083200000, 0x0000000083100000| Untracked 
|  50|0x0000000083200000, 0x0000000083300000, 0x0000000083300000|100%| O|  |TAMS 0x0000000083300000, 0x0000000083200000| Untracked 
|  51|0x0000000083300000, 0x0000000083400000, 0x0000000083400000|100%| O|  |TAMS 0x0000000083400000, 0x0000000083300000| Untracked 
|  52|0x0000000083400000, 0x0000000083500000, 0x0000000083500000|100%| O|  |TAMS 0x0000000083500000, 0x0000000083400000| Untracked 
|  53|0x0000000083500000, 0x0000000083600000, 0x0000000083600000|100%| O|  |TAMS 0x0000000083600000, 0x0000000083500000| Untracked 
|  54|0x0000000083600000, 0x0000000083600000, 0x0000000083700000|  0%| F|  |TAMS 0x0000000083600000, 0x0000000083600000| Untracked 
|  55|0x0000000083700000, 0x0000000083700000, 0x0000000083800000|  0%| F|  |TAMS 0x0000000083700000, 0x0000000083700000| Untracked 
|  56|0x0000000083800000, 0x0000000083800000, 0x0000000083900000|  0%| F|  |TAMS 0x0000000083800000, 0x0000000083800000| Untracked 
|  57|0x0000000083900000, 0x0000000083a00000, 0x0000000083a00000|100%| O|  |TAMS 0x0000000083a00000, 0x0000000083900000| Complete 
|  58|0x0000000083a00000, 0x0000000083b00000, 0x0000000083b00000|100%| O|  |TAMS 0x0000000083b00000, 0x0000000083a00000| Complete 
|  59|0x0000000083b00000, 0x0000000083b00000, 0x0000000083c00000|  0%| F|  |TAMS 0x0000000083b00000, 0x0000000083b00000| Untracked 
|  60|0x0000000083c00000, 0x0000000083c00000, 0x0000000083d00000|  0%| F|  |TAMS 0x0000000083c00000, 0x0000000083c00000| Untracked 
|  61|0x0000000083d00000, 0x0000000083e00000, 0x0000000083e00000|100%|HS|  |TAMS 0x0000000083e00000, 0x0000000083d00000| Complete 
|  62|0x0000000083e00000, 0x0000000083f00000, 0x0000000083f00000|100%|HC|  |TAMS 0x0000000083f00000, 0x0000000083e00000| Complete 
|  63|0x0000000083f00000, 0x0000000084000000, 0x0000000084000000|100%|HC|  |TAMS 0x0000000084000000, 0x0000000083f00000| Complete 
|  64|0x0000000084000000, 0x0000000084100000, 0x0000000084100000|100%|HC|  |TAMS 0x0000000084100000, 0x0000000084000000| Complete 
|  65|0x0000000084100000, 0x0000000084200000, 0x0000000084200000|100%| O|  |TAMS 0x0000000084200000, 0x0000000084100000| Untracked 
|  66|0x0000000084200000, 0x0000000084300000, 0x0000000084300000|100%| O|  |TAMS 0x0000000084300000, 0x0000000084200000| Untracked 
|  67|0x0000000084300000, 0x0000000084400000, 0x0000000084400000|100%| O|  |TAMS 0x0000000084400000, 0x0000000084300000| Untracked 
|  68|0x0000000084400000, 0x0000000084500000, 0x0000000084500000|100%| O|  |TAMS 0x0000000084500000, 0x0000000084400000| Untracked 
|  69|0x0000000084500000, 0x0000000084600000, 0x0000000084600000|100%| O|  |TAMS 0x0000000084600000, 0x0000000084500000| Untracked 
|  70|0x0000000084600000, 0x0000000084700000, 0x0000000084700000|100%| O|  |TAMS 0x0000000084700000, 0x0000000084600000| Untracked 
|  71|0x0000000084700000, 0x0000000084800000, 0x0000000084800000|100%|HS|  |TAMS 0x0000000084800000, 0x0000000084700000| Complete 
|  72|0x0000000084800000, 0x0000000084900000, 0x0000000084900000|100%|HC|  |TAMS 0x0000000084900000, 0x0000000084800000| Complete 
|  73|0x0000000084900000, 0x0000000084a00000, 0x0000000084a00000|100%|HC|  |TAMS 0x0000000084a00000, 0x0000000084900000| Complete 
|  74|0x0000000084a00000, 0x0000000084b00000, 0x0000000084b00000|100%|HS|  |TAMS 0x0000000084b00000, 0x0000000084a00000| Complete 
|  75|0x0000000084b00000, 0x0000000084c00000, 0x0000000084c00000|100%|HC|  |TAMS 0x0000000084c00000, 0x0000000084b00000| Complete 
|  76|0x0000000084c00000, 0x0000000084d00000, 0x0000000084d00000|100%|HC|  |TAMS 0x0000000084d00000, 0x0000000084c00000| Complete 
|  77|0x0000000084d00000, 0x0000000084e00000, 0x0000000084e00000|100%|HC|  |TAMS 0x0000000084e00000, 0x0000000084d00000| Complete 
|  78|0x0000000084e00000, 0x0000000084f00000, 0x0000000084f00000|100%|HC|  |TAMS 0x0000000084f00000, 0x0000000084e00000| Complete 
|  79|0x0000000084f00000, 0x0000000085000000, 0x0000000085000000|100%| O|  |TAMS 0x0000000085000000, 0x0000000084f00000| Untracked 
|  80|0x0000000085000000, 0x0000000085100000, 0x0000000085100000|100%|HS|  |TAMS 0x0000000085100000, 0x0000000085000000| Complete 
|  81|0x0000000085100000, 0x0000000085200000, 0x0000000085200000|100%|HC|  |TAMS 0x0000000085200000, 0x0000000085100000| Complete 
|  82|0x0000000085200000, 0x0000000085300000, 0x0000000085300000|100%|HC|  |TAMS 0x0000000085300000, 0x0000000085200000| Complete 
|  83|0x0000000085300000, 0x0000000085400000, 0x0000000085400000|100%|HC|  |TAMS 0x0000000085400000, 0x0000000085300000| Complete 
|  84|0x0000000085400000, 0x0000000085500000, 0x0000000085500000|100%|HC|  |TAMS 0x0000000085500000, 0x0000000085400000| Complete 
|  85|0x0000000085500000, 0x0000000085600000, 0x0000000085600000|100%|HC|  |TAMS 0x0000000085600000, 0x0000000085500000| Complete 
|  86|0x0000000085600000, 0x0000000085700000, 0x0000000085700000|100%| O|  |TAMS 0x0000000085700000, 0x0000000085600000| Untracked 
|  87|0x0000000085700000, 0x0000000085800000, 0x0000000085800000|100%| O|  |TAMS 0x0000000085800000, 0x0000000085700000| Untracked 
|  88|0x0000000085800000, 0x0000000085900000, 0x0000000085900000|100%| O|  |TAMS 0x0000000085900000, 0x0000000085800000| Untracked 
|  89|0x0000000085900000, 0x0000000085a00000, 0x0000000085a00000|100%| O|  |TAMS 0x0000000085a00000, 0x0000000085900000| Untracked 
|  90|0x0000000085a00000, 0x0000000085b00000, 0x0000000085b00000|100%| O|  |TAMS 0x0000000085b00000, 0x0000000085a00000| Untracked 
|  91|0x0000000085b00000, 0x0000000085c00000, 0x0000000085c00000|100%| O|  |TAMS 0x0000000085c00000, 0x0000000085b00000| Untracked 
|  92|0x0000000085c00000, 0x0000000085d00000, 0x0000000085d00000|100%| O|  |TAMS 0x0000000085d00000, 0x0000000085c00000| Untracked 
|  93|0x0000000085d00000, 0x0000000085e00000, 0x0000000085e00000|100%| O|  |TAMS 0x0000000085e00000, 0x0000000085d00000| Untracked 
|  94|0x0000000085e00000, 0x0000000085f00000, 0x0000000085f00000|100%| O|  |TAMS 0x0000000085f00000, 0x0000000085e00000| Untracked 
|  95|0x0000000085f00000, 0x0000000086000000, 0x0000000086000000|100%| O|  |TAMS 0x0000000086000000, 0x0000000085f00000| Untracked 
|  96|0x0000000086000000, 0x0000000086100000, 0x0000000086100000|100%| O|  |TAMS 0x0000000086100000, 0x0000000086000000| Untracked 
|  97|0x0000000086100000, 0x0000000086200000, 0x0000000086200000|100%| O|  |TAMS 0x0000000086200000, 0x0000000086100000| Untracked 
|  98|0x0000000086200000, 0x0000000086300000, 0x0000000086300000|100%| O|  |TAMS 0x0000000086300000, 0x0000000086200000| Untracked 
|  99|0x0000000086300000, 0x0000000086400000, 0x0000000086400000|100%| O|  |TAMS 0x0000000086400000, 0x0000000086300000| Untracked 
| 100|0x0000000086400000, 0x0000000086500000, 0x0000000086500000|100%| O|  |TAMS 0x0000000086500000, 0x0000000086400000| Untracked 
| 101|0x0000000086500000, 0x0000000086600000, 0x0000000086600000|100%| O|  |TAMS 0x0000000086600000, 0x0000000086500000| Untracked 
| 102|0x0000000086600000, 0x0000000086700000, 0x0000000086700000|100%| O|  |TAMS 0x0000000086700000, 0x0000000086600000| Untracked 
| 103|0x0000000086700000, 0x0000000086800000, 0x0000000086800000|100%| O|  |TAMS 0x0000000086800000, 0x0000000086700000| Untracked 
| 104|0x0000000086800000, 0x0000000086900000, 0x0000000086900000|100%| O|  |TAMS 0x0000000086900000, 0x0000000086800000| Untracked 
| 105|0x0000000086900000, 0x0000000086a00000, 0x0000000086a00000|100%| O|  |TAMS 0x0000000086a00000, 0x0000000086900000| Untracked 
| 106|0x0000000086a00000, 0x0000000086b00000, 0x0000000086b00000|100%| O|  |TAMS 0x0000000086b00000, 0x0000000086a00000| Untracked 
| 107|0x0000000086b00000, 0x0000000086c00000, 0x0000000086c00000|100%| O|  |TAMS 0x0000000086c00000, 0x0000000086b00000| Untracked 
| 108|0x0000000086c00000, 0x0000000086d00000, 0x0000000086d00000|100%| O|  |TAMS 0x0000000086d00000, 0x0000000086c00000| Untracked 
| 109|0x0000000086d00000, 0x0000000086d00000, 0x0000000086e00000|  0%| F|  |TAMS 0x0000000086d00000, 0x0000000086d00000| Untracked 
| 110|0x0000000086e00000, 0x0000000086e00000, 0x0000000086f00000|  0%| F|  |TAMS 0x0000000086e00000, 0x0000000086e00000| Untracked 
| 111|0x0000000086f00000, 0x0000000086f00000, 0x0000000087000000|  0%| F|  |TAMS 0x0000000086f00000, 0x0000000086f00000| Untracked 
| 112|0x0000000087000000, 0x0000000087000000, 0x0000000087100000|  0%| F|  |TAMS 0x0000000087000000, 0x0000000087000000| Untracked 
| 113|0x0000000087100000, 0x0000000087100000, 0x0000000087200000|  0%| F|  |TAMS 0x0000000087100000, 0x0000000087100000| Untracked 
| 114|0x0000000087200000, 0x0000000087200000, 0x0000000087300000|  0%| F|  |TAMS 0x0000000087200000, 0x0000000087200000| Untracked 
| 115|0x0000000087300000, 0x0000000087300000, 0x0000000087400000|  0%| F|  |TAMS 0x0000000087300000, 0x0000000087300000| Untracked 
| 116|0x0000000087400000, 0x0000000087400000, 0x0000000087500000|  0%| F|  |TAMS 0x0000000087400000, 0x0000000087400000| Untracked 
| 117|0x0000000087500000, 0x0000000087500000, 0x0000000087600000|  0%| F|  |TAMS 0x0000000087500000, 0x0000000087500000| Untracked 
| 118|0x0000000087600000, 0x0000000087600000, 0x0000000087700000|  0%| F|  |TAMS 0x0000000087600000, 0x0000000087600000| Untracked 
| 119|0x0000000087700000, 0x0000000087700000, 0x0000000087800000|  0%| F|  |TAMS 0x0000000087700000, 0x0000000087700000| Untracked 
| 120|0x0000000087800000, 0x0000000087800000, 0x0000000087900000|  0%| F|  |TAMS 0x0000000087800000, 0x0000000087800000| Untracked 
| 121|0x0000000087900000, 0x0000000087900000, 0x0000000087a00000|  0%| F|  |TAMS 0x0000000087900000, 0x0000000087900000| Untracked 
| 122|0x0000000087a00000, 0x0000000087a00000, 0x0000000087b00000|  0%| F|  |TAMS 0x0000000087a00000, 0x0000000087a00000| Untracked 
| 123|0x0000000087b00000, 0x0000000087b00000, 0x0000000087c00000|  0%| F|  |TAMS 0x0000000087b00000, 0x0000000087b00000| Untracked 
| 124|0x0000000087c00000, 0x0000000087c00000, 0x0000000087d00000|  0%| F|  |TAMS 0x0000000087c00000, 0x0000000087c00000| Untracked 
| 125|0x0000000087d00000, 0x0000000087d00000, 0x0000000087e00000|  0%| F|  |TAMS 0x0000000087d00000, 0x0000000087d00000| Untracked 
| 126|0x0000000087e00000, 0x0000000087e00000, 0x0000000087f00000|  0%| F|  |TAMS 0x0000000087e00000, 0x0000000087e00000| Untracked 
| 127|0x0000000087f00000, 0x0000000087f00000, 0x0000000088000000|  0%| F|  |TAMS 0x0000000087f00000, 0x0000000087f00000| Untracked 
| 128|0x0000000088000000, 0x0000000088000000, 0x0000000088100000|  0%| F|  |TAMS 0x0000000088000000, 0x0000000088000000| Untracked 
| 129|0x0000000088100000, 0x0000000088100000, 0x0000000088200000|  0%| F|  |TAMS 0x0000000088100000, 0x0000000088100000| Untracked 
| 130|0x0000000088200000, 0x0000000088200000, 0x0000000088300000|  0%| F|  |TAMS 0x0000000088200000, 0x0000000088200000| Untracked 
| 131|0x0000000088300000, 0x0000000088300000, 0x0000000088400000|  0%| F|  |TAMS 0x0000000088300000, 0x0000000088300000| Untracked 
| 132|0x0000000088400000, 0x0000000088400000, 0x0000000088500000|  0%| F|  |TAMS 0x0000000088400000, 0x0000000088400000| Untracked 
| 133|0x0000000088500000, 0x0000000088500000, 0x0000000088600000|  0%| F|  |TAMS 0x0000000088500000, 0x0000000088500000| Untracked 
| 134|0x0000000088600000, 0x0000000088600000, 0x0000000088700000|  0%| F|  |TAMS 0x0000000088600000, 0x0000000088600000| Untracked 
| 135|0x0000000088700000, 0x0000000088700000, 0x0000000088800000|  0%| F|  |TAMS 0x0000000088700000, 0x0000000088700000| Untracked 
| 136|0x0000000088800000, 0x0000000088800000, 0x0000000088900000|  0%| F|  |TAMS 0x0000000088800000, 0x0000000088800000| Untracked 
| 137|0x0000000088900000, 0x0000000088900000, 0x0000000088a00000|  0%| F|  |TAMS 0x0000000088900000, 0x0000000088900000| Untracked 
| 138|0x0000000088a00000, 0x0000000088a00000, 0x0000000088b00000|  0%| F|  |TAMS 0x0000000088a00000, 0x0000000088a00000| Untracked 
| 139|0x0000000088b00000, 0x0000000088b00000, 0x0000000088c00000|  0%| F|  |TAMS 0x0000000088b00000, 0x0000000088b00000| Untracked 
| 140|0x0000000088c00000, 0x0000000088c2e440, 0x0000000088d00000| 18%| S|CS|TAMS 0x0000000088c00000, 0x0000000088c00000| Complete 
| 141|0x0000000088d00000, 0x0000000088e00000, 0x0000000088e00000|100%| S|CS|TAMS 0x0000000088d00000, 0x0000000088d00000| Complete 
| 142|0x0000000088e00000, 0x0000000088f00000, 0x0000000088f00000|100%| S|CS|TAMS 0x0000000088e00000, 0x0000000088e00000| Complete 
| 143|0x0000000088f00000, 0x0000000089000000, 0x0000000089000000|100%| S|CS|TAMS 0x0000000088f00000, 0x0000000088f00000| Complete 
| 144|0x0000000089000000, 0x0000000089100000, 0x0000000089100000|100%| S|CS|TAMS 0x0000000089000000, 0x0000000089000000| Complete 
| 145|0x0000000089100000, 0x0000000089200000, 0x0000000089200000|100%| S|CS|TAMS 0x0000000089100000, 0x0000000089100000| Complete 
| 146|0x0000000089200000, 0x0000000089300000, 0x0000000089300000|100%| S|CS|TAMS 0x0000000089200000, 0x0000000089200000| Complete 
| 147|0x0000000089300000, 0x0000000089300000, 0x0000000089400000|  0%| F|  |TAMS 0x0000000089300000, 0x0000000089300000| Untracked 
| 148|0x0000000089400000, 0x0000000089400000, 0x0000000089500000|  0%| F|  |TAMS 0x0000000089400000, 0x0000000089400000| Untracked 
| 149|0x0000000089500000, 0x0000000089500000, 0x0000000089600000|  0%| F|  |TAMS 0x0000000089500000, 0x0000000089500000| Untracked 
| 150|0x0000000089600000, 0x0000000089600000, 0x0000000089700000|  0%| F|  |TAMS 0x0000000089600000, 0x0000000089600000| Untracked 
| 151|0x0000000089700000, 0x0000000089700000, 0x0000000089800000|  0%| F|  |TAMS 0x0000000089700000, 0x0000000089700000| Untracked 
| 152|0x0000000089800000, 0x0000000089800000, 0x0000000089900000|  0%| F|  |TAMS 0x0000000089800000, 0x0000000089800000| Untracked 
| 153|0x0000000089900000, 0x0000000089900000, 0x0000000089a00000|  0%| F|  |TAMS 0x0000000089900000, 0x0000000089900000| Untracked 
| 154|0x0000000089a00000, 0x0000000089a00000, 0x0000000089b00000|  0%| F|  |TAMS 0x0000000089a00000, 0x0000000089a00000| Untracked 
| 155|0x0000000089b00000, 0x0000000089b00000, 0x0000000089c00000|  0%| F|  |TAMS 0x0000000089b00000, 0x0000000089b00000| Untracked 
| 156|0x0000000089c00000, 0x0000000089c00000, 0x0000000089d00000|  0%| F|  |TAMS 0x0000000089c00000, 0x0000000089c00000| Untracked 
| 157|0x0000000089d00000, 0x0000000089d00000, 0x0000000089e00000|  0%| F|  |TAMS 0x0000000089d00000, 0x0000000089d00000| Untracked 
| 158|0x0000000089e00000, 0x0000000089e00000, 0x0000000089f00000|  0%| F|  |TAMS 0x0000000089e00000, 0x0000000089e00000| Untracked 
| 159|0x0000000089f00000, 0x0000000089f00000, 0x000000008a000000|  0%| F|  |TAMS 0x0000000089f00000, 0x0000000089f00000| Untracked 
| 160|0x000000008a000000, 0x000000008a000000, 0x000000008a100000|  0%| F|  |TAMS 0x000000008a000000, 0x000000008a000000| Untracked 
| 161|0x000000008a100000, 0x000000008a100000, 0x000000008a200000|  0%| F|  |TAMS 0x000000008a100000, 0x000000008a100000| Untracked 
| 162|0x000000008a200000, 0x000000008a200000, 0x000000008a300000|  0%| F|  |TAMS 0x000000008a200000, 0x000000008a200000| Untracked 
| 163|0x000000008a300000, 0x000000008a300000, 0x000000008a400000|  0%| F|  |TAMS 0x000000008a300000, 0x000000008a300000| Untracked 
| 164|0x000000008a400000, 0x000000008a400000, 0x000000008a500000|  0%| F|  |TAMS 0x000000008a400000, 0x000000008a400000| Untracked 
| 165|0x000000008a500000, 0x000000008a500000, 0x000000008a600000|  0%| F|  |TAMS 0x000000008a500000, 0x000000008a500000| Untracked 
| 166|0x000000008a600000, 0x000000008a600000, 0x000000008a700000|  0%| F|  |TAMS 0x000000008a600000, 0x000000008a600000| Untracked 
| 167|0x000000008a700000, 0x000000008a700000, 0x000000008a800000|  0%| F|  |TAMS 0x000000008a700000, 0x000000008a700000| Untracked 
| 168|0x000000008a800000, 0x000000008a800000, 0x000000008a900000|  0%| F|  |TAMS 0x000000008a800000, 0x000000008a800000| Untracked 
| 169|0x000000008a900000, 0x000000008a900000, 0x000000008aa00000|  0%| F|  |TAMS 0x000000008a900000, 0x000000008a900000| Untracked 
| 170|0x000000008aa00000, 0x000000008aa00000, 0x000000008ab00000|  0%| F|  |TAMS 0x000000008aa00000, 0x000000008aa00000| Untracked 
| 171|0x000000008ab00000, 0x000000008ab00000, 0x000000008ac00000|  0%| F|  |TAMS 0x000000008ab00000, 0x000000008ab00000| Untracked 
| 172|0x000000008ac00000, 0x000000008ac00000, 0x000000008ad00000|  0%| F|  |TAMS 0x000000008ac00000, 0x000000008ac00000| Untracked 
| 173|0x000000008ad00000, 0x000000008ad00000, 0x000000008ae00000|  0%| F|  |TAMS 0x000000008ad00000, 0x000000008ad00000| Untracked 
| 174|0x000000008ae00000, 0x000000008ae00000, 0x000000008af00000|  0%| F|  |TAMS 0x000000008ae00000, 0x000000008ae00000| Untracked 
| 175|0x000000008af00000, 0x000000008af00000, 0x000000008b000000|  0%| F|  |TAMS 0x000000008af00000, 0x000000008af00000| Untracked 
| 176|0x000000008b000000, 0x000000008b000000, 0x000000008b100000|  0%| F|  |TAMS 0x000000008b000000, 0x000000008b000000| Untracked 
| 177|0x000000008b100000, 0x000000008b100000, 0x000000008b200000|  0%| F|  |TAMS 0x000000008b100000, 0x000000008b100000| Untracked 
| 178|0x000000008b200000, 0x000000008b200000, 0x000000008b300000|  0%| F|  |TAMS 0x000000008b200000, 0x000000008b200000| Untracked 
| 179|0x000000008b300000, 0x000000008b300000, 0x000000008b400000|  0%| F|  |TAMS 0x000000008b300000, 0x000000008b300000| Untracked 
| 180|0x000000008b400000, 0x000000008b400000, 0x000000008b500000|  0%| F|  |TAMS 0x000000008b400000, 0x000000008b400000| Untracked 
| 181|0x000000008b500000, 0x000000008b500000, 0x000000008b600000|  0%| F|  |TAMS 0x000000008b500000, 0x000000008b500000| Untracked 
| 182|0x000000008b600000, 0x000000008b600000, 0x000000008b700000|  0%| F|  |TAMS 0x000000008b600000, 0x000000008b600000| Untracked 
| 183|0x000000008b700000, 0x000000008b700000, 0x000000008b800000|  0%| F|  |TAMS 0x000000008b700000, 0x000000008b700000| Untracked 
| 184|0x000000008b800000, 0x000000008b800000, 0x000000008b900000|  0%| F|  |TAMS 0x000000008b800000, 0x000000008b800000| Untracked 
| 185|0x000000008b900000, 0x000000008b900000, 0x000000008ba00000|  0%| F|  |TAMS 0x000000008b900000, 0x000000008b900000| Untracked 
| 186|0x000000008ba00000, 0x000000008ba00000, 0x000000008bb00000|  0%| F|  |TAMS 0x000000008ba00000, 0x000000008ba00000| Untracked 
| 187|0x000000008bb00000, 0x000000008bb00000, 0x000000008bc00000|  0%| F|  |TAMS 0x000000008bb00000, 0x000000008bb00000| Untracked 
| 188|0x000000008bc00000, 0x000000008bc00000, 0x000000008bd00000|  0%| F|  |TAMS 0x000000008bc00000, 0x000000008bc00000| Untracked 
| 189|0x000000008bd00000, 0x000000008bd00000, 0x000000008be00000|  0%| F|  |TAMS 0x000000008bd00000, 0x000000008bd00000| Untracked 
| 190|0x000000008be00000, 0x000000008be00000, 0x000000008bf00000|  0%| F|  |TAMS 0x000000008be00000, 0x000000008be00000| Untracked 
| 191|0x000000008bf00000, 0x000000008bf00000, 0x000000008c000000|  0%| F|  |TAMS 0x000000008bf00000, 0x000000008bf00000| Untracked 
| 192|0x000000008c000000, 0x000000008c000000, 0x000000008c100000|  0%| F|  |TAMS 0x000000008c000000, 0x000000008c000000| Untracked 
| 193|0x000000008c100000, 0x000000008c100000, 0x000000008c200000|  0%| F|  |TAMS 0x000000008c100000, 0x000000008c100000| Untracked 
| 194|0x000000008c200000, 0x000000008c200000, 0x000000008c300000|  0%| F|  |TAMS 0x000000008c200000, 0x000000008c200000| Untracked 
| 195|0x000000008c300000, 0x000000008c300000, 0x000000008c400000|  0%| F|  |TAMS 0x000000008c300000, 0x000000008c300000| Untracked 
| 196|0x000000008c400000, 0x000000008c400000, 0x000000008c500000|  0%| F|  |TAMS 0x000000008c400000, 0x000000008c400000| Untracked 
| 197|0x000000008c500000, 0x000000008c500000, 0x000000008c600000|  0%| F|  |TAMS 0x000000008c500000, 0x000000008c500000| Untracked 
| 198|0x000000008c600000, 0x000000008c600000, 0x000000008c700000|  0%| F|  |TAMS 0x000000008c600000, 0x000000008c600000| Untracked 
| 199|0x000000008c700000, 0x000000008c700000, 0x000000008c800000|  0%| F|  |TAMS 0x000000008c700000, 0x000000008c700000| Untracked 
| 200|0x000000008c800000, 0x000000008c800000, 0x000000008c900000|  0%| F|  |TAMS 0x000000008c800000, 0x000000008c800000| Untracked 
| 201|0x000000008c900000, 0x000000008c900000, 0x000000008ca00000|  0%| F|  |TAMS 0x000000008c900000, 0x000000008c900000| Untracked 
| 202|0x000000008ca00000, 0x000000008ca00000, 0x000000008cb00000|  0%| F|  |TAMS 0x000000008ca00000, 0x000000008ca00000| Untracked 
| 203|0x000000008cb00000, 0x000000008cb00000, 0x000000008cc00000|  0%| F|  |TAMS 0x000000008cb00000, 0x000000008cb00000| Untracked 
| 204|0x000000008cc00000, 0x000000008cc00000, 0x000000008cd00000|  0%| F|  |TAMS 0x000000008cc00000, 0x000000008cc00000| Untracked 
| 205|0x000000008cd00000, 0x000000008cd00000, 0x000000008ce00000|  0%| F|  |TAMS 0x000000008cd00000, 0x000000008cd00000| Untracked 
| 206|0x000000008ce00000, 0x000000008ce00000, 0x000000008cf00000|  0%| F|  |TAMS 0x000000008ce00000, 0x000000008ce00000| Untracked 
| 207|0x000000008cf00000, 0x000000008cf00000, 0x000000008d000000|  0%| F|  |TAMS 0x000000008cf00000, 0x000000008cf00000| Untracked 
| 208|0x000000008d000000, 0x000000008d000000, 0x000000008d100000|  0%| F|  |TAMS 0x000000008d000000, 0x000000008d000000| Untracked 
| 209|0x000000008d100000, 0x000000008d100000, 0x000000008d200000|  0%| F|  |TAMS 0x000000008d100000, 0x000000008d100000| Untracked 
| 210|0x000000008d200000, 0x000000008d200000, 0x000000008d300000|  0%| F|  |TAMS 0x000000008d200000, 0x000000008d200000| Untracked 
| 211|0x000000008d300000, 0x000000008d300000, 0x000000008d400000|  0%| F|  |TAMS 0x000000008d300000, 0x000000008d300000| Untracked 
| 212|0x000000008d400000, 0x000000008d400000, 0x000000008d500000|  0%| F|  |TAMS 0x000000008d400000, 0x000000008d400000| Untracked 
| 213|0x000000008d500000, 0x000000008d500000, 0x000000008d600000|  0%| F|  |TAMS 0x000000008d500000, 0x000000008d500000| Untracked 
| 214|0x000000008d600000, 0x000000008d600000, 0x000000008d700000|  0%| F|  |TAMS 0x000000008d600000, 0x000000008d600000| Untracked 
| 215|0x000000008d700000, 0x000000008d700000, 0x000000008d800000|  0%| F|  |TAMS 0x000000008d700000, 0x000000008d700000| Untracked 
| 216|0x000000008d800000, 0x000000008d800000, 0x000000008d900000|  0%| F|  |TAMS 0x000000008d800000, 0x000000008d800000| Untracked 
| 217|0x000000008d900000, 0x000000008d900000, 0x000000008da00000|  0%| F|  |TAMS 0x000000008d900000, 0x000000008d900000| Untracked 
| 218|0x000000008da00000, 0x000000008da00000, 0x000000008db00000|  0%| F|  |TAMS 0x000000008da00000, 0x000000008da00000| Untracked 
| 219|0x000000008db00000, 0x000000008db00000, 0x000000008dc00000|  0%| F|  |TAMS 0x000000008db00000, 0x000000008db00000| Untracked 
| 220|0x000000008dc00000, 0x000000008dc00000, 0x000000008dd00000|  0%| F|  |TAMS 0x000000008dc00000, 0x000000008dc00000| Untracked 
| 221|0x000000008dd00000, 0x000000008dd00000, 0x000000008de00000|  0%| F|  |TAMS 0x000000008dd00000, 0x000000008dd00000| Untracked 
| 222|0x000000008de00000, 0x000000008de00000, 0x000000008df00000|  0%| F|  |TAMS 0x000000008de00000, 0x000000008de00000| Untracked 
| 223|0x000000008df00000, 0x000000008df00000, 0x000000008e000000|  0%| F|  |TAMS 0x000000008df00000, 0x000000008df00000| Untracked 
| 224|0x000000008e000000, 0x000000008e000000, 0x000000008e100000|  0%| F|  |TAMS 0x000000008e000000, 0x000000008e000000| Untracked 
| 225|0x000000008e100000, 0x000000008e100000, 0x000000008e200000|  0%| F|  |TAMS 0x000000008e100000, 0x000000008e100000| Untracked 
| 226|0x000000008e200000, 0x000000008e200000, 0x000000008e300000|  0%| F|  |TAMS 0x000000008e200000, 0x000000008e200000| Untracked 
| 227|0x000000008e300000, 0x000000008e300000, 0x000000008e400000|  0%| F|  |TAMS 0x000000008e300000, 0x000000008e300000| Untracked 
| 228|0x000000008e400000, 0x000000008e400000, 0x000000008e500000|  0%| F|  |TAMS 0x000000008e400000, 0x000000008e400000| Untracked 
| 229|0x000000008e500000, 0x000000008e500000, 0x000000008e600000|  0%| F|  |TAMS 0x000000008e500000, 0x000000008e500000| Untracked 
| 230|0x000000008e600000, 0x000000008e600000, 0x000000008e700000|  0%| F|  |TAMS 0x000000008e600000, 0x000000008e600000| Untracked 
| 231|0x000000008e700000, 0x000000008e700000, 0x000000008e800000|  0%| F|  |TAMS 0x000000008e700000, 0x000000008e700000| Untracked 
| 232|0x000000008e800000, 0x000000008e800000, 0x000000008e900000|  0%| F|  |TAMS 0x000000008e800000, 0x000000008e800000| Untracked 
| 233|0x000000008e900000, 0x000000008e900000, 0x000000008ea00000|  0%| F|  |TAMS 0x000000008e900000, 0x000000008e900000| Untracked 
| 234|0x000000008ea00000, 0x000000008ea00000, 0x000000008eb00000|  0%| F|  |TAMS 0x000000008ea00000, 0x000000008ea00000| Untracked 
| 235|0x000000008eb00000, 0x000000008eb00000, 0x000000008ec00000|  0%| F|  |TAMS 0x000000008eb00000, 0x000000008eb00000| Untracked 
| 236|0x000000008ec00000, 0x000000008ec00000, 0x000000008ed00000|  0%| F|  |TAMS 0x000000008ec00000, 0x000000008ec00000| Untracked 
| 237|0x000000008ed00000, 0x000000008ed00000, 0x000000008ee00000|  0%| F|  |TAMS 0x000000008ed00000, 0x000000008ed00000| Untracked 
| 238|0x000000008ee00000, 0x000000008ee00000, 0x000000008ef00000|  0%| F|  |TAMS 0x000000008ee00000, 0x000000008ee00000| Untracked 
| 239|0x000000008ef00000, 0x000000008ef00000, 0x000000008f000000|  0%| F|  |TAMS 0x000000008ef00000, 0x000000008ef00000| Untracked 
| 240|0x000000008f000000, 0x000000008f000000, 0x000000008f100000|  0%| F|  |TAMS 0x000000008f000000, 0x000000008f000000| Untracked 
| 241|0x000000008f100000, 0x000000008f100000, 0x000000008f200000|  0%| F|  |TAMS 0x000000008f100000, 0x000000008f100000| Untracked 
| 242|0x000000008f200000, 0x000000008f200000, 0x000000008f300000|  0%| F|  |TAMS 0x000000008f200000, 0x000000008f200000| Untracked 
| 243|0x000000008f300000, 0x000000008f300000, 0x000000008f400000|  0%| F|  |TAMS 0x000000008f300000, 0x000000008f300000| Untracked 
| 244|0x000000008f400000, 0x000000008f400000, 0x000000008f500000|  0%| F|  |TAMS 0x000000008f400000, 0x000000008f400000| Untracked 
| 245|0x000000008f500000, 0x000000008f500000, 0x000000008f600000|  0%| F|  |TAMS 0x000000008f500000, 0x000000008f500000| Untracked 
| 246|0x000000008f600000, 0x000000008f600000, 0x000000008f700000|  0%| F|  |TAMS 0x000000008f600000, 0x000000008f600000| Untracked 
| 247|0x000000008f700000, 0x000000008f700000, 0x000000008f800000|  0%| F|  |TAMS 0x000000008f700000, 0x000000008f700000| Untracked 
| 248|0x000000008f800000, 0x000000008f800000, 0x000000008f900000|  0%| F|  |TAMS 0x000000008f800000, 0x000000008f800000| Untracked 
| 249|0x000000008f900000, 0x000000008f900000, 0x000000008fa00000|  0%| F|  |TAMS 0x000000008f900000, 0x000000008f900000| Untracked 
| 250|0x000000008fa00000, 0x000000008fa00000, 0x000000008fb00000|  0%| F|  |TAMS 0x000000008fa00000, 0x000000008fa00000| Untracked 
| 251|0x000000008fb00000, 0x000000008fb00000, 0x000000008fc00000|  0%| F|  |TAMS 0x000000008fb00000, 0x000000008fb00000| Untracked 
| 252|0x000000008fc00000, 0x000000008fc00000, 0x000000008fd00000|  0%| F|  |TAMS 0x000000008fc00000, 0x000000008fc00000| Untracked 
| 253|0x000000008fd00000, 0x000000008fd00000, 0x000000008fe00000|  0%| F|  |TAMS 0x000000008fd00000, 0x000000008fd00000| Untracked 
| 254|0x000000008fe00000, 0x000000008fe00000, 0x000000008ff00000|  0%| F|  |TAMS 0x000000008fe00000, 0x000000008fe00000| Untracked 
| 255|0x000000008ff00000, 0x000000008ff00000, 0x0000000090000000|  0%| F|  |TAMS 0x000000008ff00000, 0x000000008ff00000| Untracked 
| 256|0x0000000090000000, 0x0000000090097308, 0x0000000090100000| 59%| E|  |TAMS 0x0000000090000000, 0x0000000090000000| Complete 
| 257|0x0000000090100000, 0x0000000090200000, 0x0000000090200000|100%| E|CS|TAMS 0x0000000090100000, 0x0000000090100000| Complete 
| 258|0x0000000090200000, 0x0000000090300000, 0x0000000090300000|100%| E|CS|TAMS 0x0000000090200000, 0x0000000090200000| Complete 
| 259|0x0000000090300000, 0x0000000090400000, 0x0000000090400000|100%| E|CS|TAMS 0x0000000090300000, 0x0000000090300000| Complete 
| 260|0x0000000090400000, 0x0000000090500000, 0x0000000090500000|100%| E|CS|TAMS 0x0000000090400000, 0x0000000090400000| Complete 
| 261|0x0000000090500000, 0x0000000090600000, 0x0000000090600000|100%| E|CS|TAMS 0x0000000090500000, 0x0000000090500000| Complete 
| 262|0x0000000090600000, 0x0000000090700000, 0x0000000090700000|100%| E|CS|TAMS 0x0000000090600000, 0x0000000090600000| Complete 
| 263|0x0000000090700000, 0x0000000090800000, 0x0000000090800000|100%| E|CS|TAMS 0x0000000090700000, 0x0000000090700000| Complete 
| 264|0x0000000090800000, 0x0000000090900000, 0x0000000090900000|100%| E|CS|TAMS 0x0000000090800000, 0x0000000090800000| Complete 
| 265|0x0000000090900000, 0x0000000090a00000, 0x0000000090a00000|100%| E|CS|TAMS 0x0000000090900000, 0x0000000090900000| Complete 
| 266|0x0000000090a00000, 0x0000000090b00000, 0x0000000090b00000|100%| E|CS|TAMS 0x0000000090a00000, 0x0000000090a00000| Complete 
| 267|0x0000000090b00000, 0x0000000090c00000, 0x0000000090c00000|100%| E|CS|TAMS 0x0000000090b00000, 0x0000000090b00000| Complete 
| 268|0x0000000090c00000, 0x0000000090d00000, 0x0000000090d00000|100%| E|CS|TAMS 0x0000000090c00000, 0x0000000090c00000| Complete 
| 269|0x0000000090d00000, 0x0000000090e00000, 0x0000000090e00000|100%| E|CS|TAMS 0x0000000090d00000, 0x0000000090d00000| Complete 
| 270|0x0000000090e00000, 0x0000000090f00000, 0x0000000090f00000|100%| E|CS|TAMS 0x0000000090e00000, 0x0000000090e00000| Complete 
| 271|0x0000000090f00000, 0x0000000091000000, 0x0000000091000000|100%| E|CS|TAMS 0x0000000090f00000, 0x0000000090f00000| Complete 
| 272|0x0000000091000000, 0x0000000091100000, 0x0000000091100000|100%| E|CS|TAMS 0x0000000091000000, 0x0000000091000000| Complete 
| 273|0x0000000091100000, 0x0000000091200000, 0x0000000091200000|100%| E|CS|TAMS 0x0000000091100000, 0x0000000091100000| Complete 
| 274|0x0000000091200000, 0x0000000091300000, 0x0000000091300000|100%| E|CS|TAMS 0x0000000091200000, 0x0000000091200000| Complete 
| 275|0x0000000091300000, 0x0000000091400000, 0x0000000091400000|100%| E|CS|TAMS 0x0000000091300000, 0x0000000091300000| Complete 
| 276|0x0000000091400000, 0x0000000091500000, 0x0000000091500000|100%| E|CS|TAMS 0x0000000091400000, 0x0000000091400000| Complete 
| 277|0x0000000091500000, 0x0000000091600000, 0x0000000091600000|100%| E|CS|TAMS 0x0000000091500000, 0x0000000091500000| Complete 
| 278|0x0000000091600000, 0x0000000091700000, 0x0000000091700000|100%| E|CS|TAMS 0x0000000091600000, 0x0000000091600000| Complete 
| 279|0x0000000091700000, 0x0000000091800000, 0x0000000091800000|100%| E|CS|TAMS 0x0000000091700000, 0x0000000091700000| Complete 

Card table byte_map: [0x000001984feb0000,0x00000198502b0000] _byte_map_base: 0x000001984fab0000

Marking Bits (Prev, Next): (CMBitMap*) 0x000001983b3e5200, (CMBitMap*) 0x000001983b3e5240
 Prev Bits: [0x00000198506b0000, 0x00000198526b0000)
 Next Bits: [0x00000198526b0000, 0x00000198546b0000)

Polling page: 0x0000019840010000

Metaspace:

Usage:
  Non-class:     83.38 MB used.
      Class:     12.48 MB used.
       Both:     95.87 MB used.

Virtual space:
  Non-class space:      128.00 MB reserved,      83.75 MB ( 65%) committed,  2 nodes.
      Class space:        1.00 GB reserved,      12.75 MB (  1%) committed,  1 nodes.
             Both:        1.12 GB reserved,      96.50 MB (  8%) committed. 

Chunk freelists:
   Non-Class:  11.52 MB
       Class:  3.20 MB
        Both:  14.70 MB

MaxMetaspaceSize: unlimited
CompressedClassSpaceSize: 1.00 GB
Initial GC threshold: 21.00 MB
Current GC threshold: 155.94 MB
CDS: off
MetaspaceReclaimPolicy: balanced
 - commit_granule_bytes: 65536.
 - commit_granule_words: 8192.
 - virtual_space_node_default_size: 8388608.
 - enlarge_chunks_in_place: 1.
 - new_chunks_are_fully_committed: 0.
 - uncommit_free_chunks: 1.
 - use_allocation_guard: 0.
 - handle_deallocations: 1.


Internal statistics:

num_allocs_failed_limit: 9.
num_arena_births: 730.
num_arena_deaths: 0.
num_vsnodes_births: 3.
num_vsnodes_deaths: 0.
num_space_committed: 1542.
num_space_uncommitted: 0.
num_chunks_returned_to_freelist: 9.
num_chunks_taken_from_freelist: 3899.
num_chunk_merges: 9.
num_chunk_splits: 2992.
num_chunks_enlarged: 2429.
num_inconsistent_stats: 0.

CodeHeap 'non-profiled nmethods': size=120000Kb used=5145Kb max_used=5145Kb free=114854Kb
 bounds [0x0000019847b00000, 0x0000019848010000, 0x000001984f030000]
CodeHeap 'profiled nmethods': size=120000Kb used=14301Kb max_used=14301Kb free=105698Kb
 bounds [0x0000019840030000, 0x0000019840e30000, 0x0000019847560000]
CodeHeap 'non-nmethods': size=5760Kb used=2445Kb max_used=2458Kb free=3314Kb
 bounds [0x0000019847560000, 0x00000198477d0000, 0x0000019847b00000]
 total_blobs=8231 nmethods=7235 adapters=908
 compilation: enabled
              stopped_count=0, restarted_count=0
 full_count=0

Compilation events (20 events):
Event: 33.643 Thread 0x0000019857333d40 8593       2       javax.management.ObjectName::<init> (15 bytes)
Event: 33.643 Thread 0x0000019857333d40 nmethod 8593 0x0000019840e21990 code [0x0000019840e21b20, 0x0000019840e21c48]
Event: 33.643 Thread 0x0000019857333d40 8594       2       java.util.ComparableTimSort::reverseRange (32 bytes)
Event: 33.643 Thread 0x0000019857333d40 nmethod 8594 0x0000019840e21d10 code [0x0000019840e21ec0, 0x0000019840e221d8]
Event: 33.643 Thread 0x0000019857333d40 8595       2       sun.management.Util::newObjectName (11 bytes)
Event: 33.645 Thread 0x0000019857333d40 nmethod 8595 0x0000019840e22390 code [0x0000019840e225c0, 0x0000019840e22af8]
Event: 33.645 Thread 0x0000019857333d40 8596       2       sun.management.spi.PlatformMBeanProvider$PlatformComponent$$Lambda$62/0x000000010016f178::test (9 bytes)
Event: 33.646 Thread 0x0000019857333d40 nmethod 8596 0x0000019840e23010 code [0x0000019840e231a0, 0x0000019840e232b8]
Event: 33.670 Thread 0x0000019857333d40 8597       2       org.jetbrains.kotlin.ir.util.SymbolTable$SymbolTableBase::access$signature (6 bytes)
Event: 33.670 Thread 0x0000019857333d40 nmethod 8597 0x0000019840e23390 code [0x0000019840e23520, 0x0000019840e23628]
Event: 33.670 Thread 0x0000019857333d40 8598       2       org.jetbrains.kotlin.backend.jvm.serialization.DisabledIdSignatureDescriptor::composeSignature (8 bytes)
Event: 33.671 Thread 0x0000019857333d40 nmethod 8598 0x0000019840e23710 code [0x0000019840e238e0, 0x0000019840e23b78]
Event: 33.671 Thread 0x0000019857333d40 8599       2       org.jetbrains.kotlin.ir.util.SymbolTable$FlatSymbolTable::signature (20 bytes)
Event: 33.672 Thread 0x0000019857333d40 nmethod 8599 0x0000019840e23d10 code [0x0000019840e23f00, 0x0000019840e241e8]
Event: 33.672 Thread 0x0000019857333d40 8600       2       org.jetbrains.kotlin.ir.util.SymbolTable$FlatSymbolTable::get (36 bytes)
Event: 33.673 Thread 0x0000019857333d40 nmethod 8600 0x0000019840e24410 code [0x0000019840e24600, 0x0000019840e249b8]
Event: 33.673 Thread 0x0000019857333d40 8602       1       org.jetbrains.kotlin.ir.declarations.lazy.IrLazyFunction::getStubGenerator (5 bytes)
Event: 33.673 Thread 0x0000019857333d40 nmethod 8602 0x0000019848005f90 code [0x0000019848006120, 0x00000198480061f8]
Event: 33.673 Thread 0x0000019857333d40 8601       1       org.jetbrains.kotlin.descriptors.impl.FunctionDescriptorImpl::isSuspend (5 bytes)
Event: 33.673 Thread 0x0000019857333d40 nmethod 8601 0x0000019848006290 code [0x0000019848006420, 0x00000198480064f8]

GC Heap History (20 events):
Event: 21.339 GC heap before
{Heap before GC invocations=54 (full 0):
 garbage-first heap   total 238592K, used 203469K [0x0000000080000000, 0x0000000100000000)
  region size 1024K, 138 young (141312K), 10 survivors (10240K)
 Metaspace       used 47496K, committed 47936K, reserved 1114112K
  class space    used 6266K, committed 6464K, reserved 1048576K
}
Event: 21.347 GC heap after
{Heap after GC invocations=55 (full 0):
 garbage-first heap   total 238592K, used 73580K [0x0000000080000000, 0x0000000100000000)
  region size 1024K, 10 young (10240K), 10 survivors (10240K)
 Metaspace       used 47496K, committed 47936K, reserved 1114112K
  class space    used 6266K, committed 6464K, reserved 1048576K
}
Event: 21.741 GC heap before
{Heap before GC invocations=55 (full 0):
 garbage-first heap   total 238592K, used 204652K [0x0000000080000000, 0x0000000100000000)
  region size 1024K, 137 young (140288K), 10 survivors (10240K)
 Metaspace       used 47497K, committed 47936K, reserved 1114112K
  class space    used 6266K, committed 6464K, reserved 1048576K
}
Event: 21.750 GC heap after
{Heap after GC invocations=56 (full 0):
 garbage-first heap   total 238592K, used 74818K [0x0000000080000000, 0x0000000100000000)
  region size 1024K, 10 young (10240K), 10 survivors (10240K)
 Metaspace       used 47497K, committed 47936K, reserved 1114112K
  class space    used 6266K, committed 6464K, reserved 1048576K
}
Event: 22.363 GC heap before
{Heap before GC invocations=56 (full 0):
 garbage-first heap   total 238592K, used 202818K [0x0000000080000000, 0x0000000100000000)
  region size 1024K, 135 young (138240K), 10 survivors (10240K)
 Metaspace       used 47499K, committed 47936K, reserved 1114112K
  class space    used 6266K, committed 6464K, reserved 1048576K
}
Event: 22.372 GC heap after
{Heap after GC invocations=57 (full 0):
 garbage-first heap   total 238592K, used 76642K [0x0000000080000000, 0x0000000100000000)
  region size 1024K, 11 young (11264K), 11 survivors (11264K)
 Metaspace       used 47499K, committed 47936K, reserved 1114112K
  class space    used 6266K, committed 6464K, reserved 1048576K
}
Event: 22.929 GC heap before
{Heap before GC invocations=57 (full 0):
 garbage-first heap   total 238592K, used 201570K [0x0000000080000000, 0x0000000100000000)
  region size 1024K, 133 young (136192K), 11 survivors (11264K)
 Metaspace       used 47500K, committed 47936K, reserved 1114112K
  class space    used 6266K, committed 6464K, reserved 1048576K
}
Event: 22.939 GC heap after
{Heap after GC invocations=58 (full 0):
 garbage-first heap   total 238592K, used 77730K [0x0000000080000000, 0x0000000100000000)
  region size 1024K, 10 young (10240K), 10 survivors (10240K)
 Metaspace       used 47500K, committed 47936K, reserved 1114112K
  class space    used 6266K, committed 6464K, reserved 1048576K
}
Event: 24.915 GC heap before
{Heap before GC invocations=58 (full 0):
 garbage-first heap   total 238592K, used 216994K [0x0000000080000000, 0x0000000100000000)
  region size 1024K, 133 young (136192K), 10 survivors (10240K)
 Metaspace       used 51511K, committed 52096K, reserved 1114112K
  class space    used 6764K, committed 7040K, reserved 1048576K
}
Event: 24.921 GC heap after
{Heap after GC invocations=59 (full 0):
 garbage-first heap   total 238592K, used 78404K [0x0000000080000000, 0x0000000100000000)
  region size 1024K, 8 young (8192K), 8 survivors (8192K)
 Metaspace       used 51511K, committed 52096K, reserved 1114112K
  class space    used 6764K, committed 7040K, reserved 1048576K
}
Event: 28.048 GC heap before
{Heap before GC invocations=59 (full 0):
 garbage-first heap   total 238592K, used 213572K [0x0000000080000000, 0x0000000100000000)
  region size 1024K, 131 young (134144K), 8 survivors (8192K)
 Metaspace       used 69682K, committed 70336K, reserved 1114112K
  class space    used 9564K, committed 9856K, reserved 1048576K
}
Event: 28.063 GC heap after
{Heap after GC invocations=60 (full 0):
 garbage-first heap   total 238592K, used 96026K [0x0000000080000000, 0x0000000100000000)
  region size 1024K, 15 young (15360K), 15 survivors (15360K)
 Metaspace       used 69682K, committed 70336K, reserved 1114112K
  class space    used 9564K, committed 9856K, reserved 1048576K
}
Event: 29.875 GC heap before
{Heap before GC invocations=60 (full 0):
 garbage-first heap   total 238592K, used 194330K [0x0000000080000000, 0x0000000100000000)
  region size 1024K, 106 young (108544K), 15 survivors (15360K)
 Metaspace       used 78566K, committed 79168K, reserved 1179648K
  class space    used 10489K, committed 10752K, reserved 1048576K
}
Event: 29.896 GC heap after
{Heap after GC invocations=61 (full 0):
 garbage-first heap   total 238592K, used 105989K [0x0000000080000000, 0x0000000100000000)
  region size 1024K, 15 young (15360K), 15 survivors (15360K)
 Metaspace       used 78566K, committed 79168K, reserved 1179648K
  class space    used 10489K, committed 10752K, reserved 1048576K
}
Event: 31.642 GC heap before
{Heap before GC invocations=62 (full 0):
 garbage-first heap   total 238592K, used 194053K [0x0000000080000000, 0x0000000100000000)
  region size 1024K, 101 young (103424K), 15 survivors (15360K)
 Metaspace       used 88059K, committed 88704K, reserved 1179648K
  class space    used 11639K, committed 11904K, reserved 1048576K
}
Event: 31.661 GC heap after
{Heap after GC invocations=63 (full 0):
 garbage-first heap   total 238592K, used 111946K [0x0000000080000000, 0x0000000100000000)
  region size 1024K, 7 young (7168K), 7 survivors (7168K)
 Metaspace       used 88059K, committed 88704K, reserved 1179648K
  class space    used 11639K, committed 11904K, reserved 1048576K
}
Event: 31.701 GC heap before
{Heap before GC invocations=63 (full 0):
 garbage-first heap   total 238592K, used 116042K [0x0000000080000000, 0x0000000100000000)
  region size 1024K, 11 young (11264K), 7 survivors (7168K)
 Metaspace       used 88069K, committed 88704K, reserved 1179648K
  class space    used 11639K, committed 11904K, reserved 1048576K
}
Event: 31.707 GC heap after
{Heap after GC invocations=64 (full 0):
 garbage-first heap   total 238592K, used 108722K [0x0000000080000000, 0x0000000100000000)
  region size 1024K, 2 young (2048K), 2 survivors (2048K)
 Metaspace       used 88069K, committed 88704K, reserved 1179648K
  class space    used 11639K, committed 11904K, reserved 1048576K
}
Event: 33.194 GC heap before
{Heap before GC invocations=64 (full 0):
 garbage-first heap   total 238592K, used 194738K [0x0000000080000000, 0x0000000100000000)
  region size 1024K, 86 young (88064K), 2 survivors (2048K)
 Metaspace       used 94918K, committed 95488K, reserved 1179648K
  class space    used 12417K, committed 12672K, reserved 1048576K
}
Event: 33.210 GC heap after
{Heap after GC invocations=65 (full 0):
 garbage-first heap   total 286720K, used 113849K [0x0000000080000000, 0x0000000100000000)
  region size 1024K, 7 young (7168K), 7 survivors (7168K)
 Metaspace       used 94918K, committed 95488K, reserved 1179648K
  class space    used 12417K, committed 12672K, reserved 1048576K
}

Dll operation events (2 events):
Event: 0.017 Loaded shared library C:\Program Files\Android\Android Studio\jbr\bin\java.dll
Event: 0.754 Loaded shared library C:\Program Files\Android\Android Studio\jbr\bin\verify.dll

Deoptimization events (20 events):
Event: 33.178 Thread 0x000001985cff8640 Uncommon trap: trap_request=0xffffffde fr.pc=0x0000019847feb6d4 relative=0x0000000000000554
Event: 33.178 Thread 0x000001985cff8640 Uncommon trap: reason=class_check action=maybe_recompile pc=0x0000019847feb6d4 method=org.jetbrains.kotlin.storage.LockBasedStorageManager$LockBasedLazyValue.invoke()Ljava/lang/Object; @ 24 c2
Event: 33.178 Thread 0x000001985cff8640 DEOPT PACKING pc=0x0000019847feb6d4 sp=0x0000007b4cbf4710
Event: 33.178 Thread 0x000001985cff8640 DEOPT UNPACKING pc=0x00000198475b69a3 sp=0x0000007b4cbf4660 mode 2
Event: 33.178 Thread 0x000001985cff8640 Uncommon trap: trap_request=0xffffffde fr.pc=0x0000019847feb6d4 relative=0x0000000000000554
Event: 33.178 Thread 0x000001985cff8640 Uncommon trap: reason=class_check action=maybe_recompile pc=0x0000019847feb6d4 method=org.jetbrains.kotlin.storage.LockBasedStorageManager$LockBasedLazyValue.invoke()Ljava/lang/Object; @ 24 c2
Event: 33.178 Thread 0x000001985cff8640 DEOPT PACKING pc=0x0000019847feb6d4 sp=0x0000007b4cbf4770
Event: 33.178 Thread 0x000001985cff8640 DEOPT UNPACKING pc=0x00000198475b69a3 sp=0x0000007b4cbf46c0 mode 2
Event: 33.178 Thread 0x000001985cff8640 Uncommon trap: trap_request=0xffffffde fr.pc=0x0000019847feb6d4 relative=0x0000000000000554
Event: 33.178 Thread 0x000001985cff8640 Uncommon trap: reason=class_check action=maybe_recompile pc=0x0000019847feb6d4 method=org.jetbrains.kotlin.storage.LockBasedStorageManager$LockBasedLazyValue.invoke()Ljava/lang/Object; @ 24 c2
Event: 33.178 Thread 0x000001985cff8640 DEOPT PACKING pc=0x0000019847feb6d4 sp=0x0000007b4cbf4770
Event: 33.178 Thread 0x000001985cff8640 DEOPT UNPACKING pc=0x00000198475b69a3 sp=0x0000007b4cbf46c0 mode 2
Event: 33.182 Thread 0x000001985cff8640 Uncommon trap: trap_request=0xffffffde fr.pc=0x0000019847fd88e4 relative=0x0000000000000564
Event: 33.182 Thread 0x000001985cff8640 Uncommon trap: reason=class_check action=maybe_recompile pc=0x0000019847fd88e4 method=org.jetbrains.kotlin.storage.LockBasedStorageManager$LockBasedLazyValue.invoke()Ljava/lang/Object; @ 24 c2
Event: 33.182 Thread 0x000001985cff8640 DEOPT PACKING pc=0x0000019847fd88e4 sp=0x0000007b4cbf4470
Event: 33.182 Thread 0x000001985cff8640 DEOPT UNPACKING pc=0x00000198475b69a3 sp=0x0000007b4cbf4430 mode 2
Event: 33.617 Thread 0x000001985cff8640 Uncommon trap: trap_request=0xfffffff4 fr.pc=0x0000019848001944 relative=0x0000000000000844
Event: 33.617 Thread 0x000001985cff8640 Uncommon trap: reason=null_check action=make_not_entrant pc=0x0000019848001944 method=org.jetbrains.kotlin.utils.WrappedValues.unescapeThrowable(Ljava/lang/Object;)Ljava/lang/Object; @ 1 c2
Event: 33.618 Thread 0x000001985cff8640 DEOPT PACKING pc=0x0000019848001944 sp=0x0000007b4cbf50c0
Event: 33.618 Thread 0x000001985cff8640 DEOPT UNPACKING pc=0x00000198475b69a3 sp=0x0000007b4cbf5018 mode 2

Classes unloaded (0 events):
No events

Classes redefined (0 events):
No events

Internal exceptions (20 events):
Event: 24.933 Thread 0x000001985cff8640 Exception <a 'java/lang/NoSuchMethodError'{0x000000008e87f6f8}: 'void java.lang.invoke.DelegatingMethodHandle$Holder.reinvoke_L(java.lang.Object, java.lang.Object, java.lang.Object, long, java.lang.Object)'> (0x000000008e87f6f8) 
thrown [s\src\hotspot\share\interpreter\linkResolver.cpp, line 771]
Event: 24.933 Thread 0x000001985cff8640 Exception <a 'java/lang/NoSuchMethodError'{0x000000008e887fe8}: 'java.lang.Object java.lang.invoke.DirectMethodHandle$Holder.invokeSpecial(java.lang.Object, java.lang.Object, java.lang.Object, java.lang.Object, long)'> (0x000000008e887fe8) 
thrown [s\src\hotspot\share\interpreter\linkResolver.cpp, line 771]
Event: 24.937 Thread 0x000001985cff8640 Exception <a 'java/lang/NoSuchMethodError'{0x000000008e8aca68}: 'long java.lang.invoke.Invokers$Holder.invoke_MT(java.lang.Object, java.lang.Object, java.lang.Object, java.lang.Object)'> (0x000000008e8aca68) 
thrown [s\src\hotspot\share\interpreter\linkResolver.cpp, line 771]
Event: 24.938 Thread 0x000001985cff8640 Exception <a 'java/lang/NoSuchMethodError'{0x000000008e8b5b68}: 'int java.lang.invoke.Invokers$Holder.invoke_MT(java.lang.Object, java.lang.Object, java.lang.Object, java.lang.Object)'> (0x000000008e8b5b68) 
thrown [s\src\hotspot\share\interpreter\linkResolver.cpp, line 771]
Event: 24.939 Thread 0x000001985cff8640 Exception <a 'java/lang/NoSuchMethodError'{0x000000008e8c6bb0}: 'int java.lang.invoke.DelegatingMethodHandle$Holder.reinvoke_L(java.lang.Object, java.lang.Object, java.lang.Object, long, int)'> (0x000000008e8c6bb0) 
thrown [s\src\hotspot\share\interpreter\linkResolver.cpp, line 771]
Event: 24.941 Thread 0x000001985cff8640 Exception <a 'java/lang/NoSuchMethodError'{0x000000008e8d9fb8}: 'java.lang.Object java.lang.invoke.Invokers$Holder.invokeExact_MT(java.lang.Object, java.lang.Object, long, java.lang.Object)'> (0x000000008e8d9fb8) 
thrown [s\src\hotspot\share\interpreter\linkResolver.cpp, line 771]
Event: 25.102 Thread 0x000001985cff8640 Implicit null exception at 0x0000019847d0ad13 to 0x0000019847d0ae58
Event: 26.695 Thread 0x000001985cff8640 Exception <a 'java/lang/NoSuchMethodError'{0x000000008abfe5f0}: 'long java.lang.invoke.DirectMethodHandle$Holder.invokeStatic(java.lang.Object)'> (0x000000008abfe5f0) 
thrown [s\src\hotspot\share\interpreter\linkResolver.cpp, line 771]
Event: 26.696 Thread 0x000001985cff8640 Exception <a 'java/lang/NoSuchMethodError'{0x000000008aa03a40}: 'long java.lang.invoke.DirectMethodHandle$Holder.invokeStaticInit(java.lang.Object)'> (0x000000008aa03a40) 
thrown [s\src\hotspot\share\interpreter\linkResolver.cpp, line 771]
Event: 26.981 Thread 0x000001985cff8640 Implicit null exception at 0x0000019847ce8b0c to 0x0000019847ce8c42
Event: 27.535 Thread 0x000001985cff8640 Exception <a 'java/lang/NoSuchMethodError'{0x0000000088a907d0}: 'void java.lang.invoke.DirectMethodHandle$Holder.invokeVirtual(java.lang.Object, java.lang.Object)'> (0x0000000088a907d0) 
thrown [s\src\hotspot\share\interpreter\linkResolver.cpp, line 771]
Event: 27.909 Thread 0x000001985cff8640 Exception <a 'java/lang/NoSuchMethodError'{0x0000000087b11440}: 'java.lang.Object java.lang.invoke.Invokers$Holder.invoke_MT(java.lang.Object, java.lang.Object, java.lang.Object)'> (0x0000000087b11440) 
thrown [s\src\hotspot\share\interpreter\linkResolver.cpp, line 771]
Event: 28.210 Thread 0x000001985cff8640 Implicit null exception at 0x0000019847e2a4b6 to 0x0000019847e2b304
Event: 31.239 Thread 0x000001985cff8640 Exception <a 'java/lang/NoSuchMethodError'{0x000000008b18f260}: 'java.lang.Object java.lang.invoke.DirectMethodHandle$Holder.invokeStatic(java.lang.Object, java.lang.Object, java.lang.Object, java.lang.Object, int)'> (0x000000008b18f260) 
thrown [s\src\hotspot\share\interpreter\linkResolver.cpp, line 771]
Event: 31.240 Thread 0x000001985cff8640 Exception <a 'java/lang/NoSuchMethodError'{0x000000008b19a390}: 'java.lang.Object java.lang.invoke.DirectMethodHandle$Holder.newInvokeSpecial(java.lang.Object, java.lang.Object, java.lang.Object, java.lang.Object, int)'> (0x000000008b19a390) 
thrown [s\src\hotspot\share\interpreter\linkResolver.cpp, line 771]
Event: 31.240 Thread 0x000001985cff8640 Exception <a 'java/lang/NoSuchMethodError'{0x000000008b1a0400}: 'java.lang.Object java.lang.invoke.DirectMethodHandle$Holder.invokeSpecial(java.lang.Object, java.lang.Object, java.lang.Object, java.lang.Object, java.lang.Object, int)'> (0x000000008b1a0400) 
thrown [s\src\hotspot\share\interpreter\linkResolver.cpp, line 771]
Event: 31.241 Thread 0x000001985cff8640 Exception <a 'java/lang/NoSuchMethodError'{0x000000008b1a5e20}: 'java.lang.Object java.lang.invoke.Invokers$Holder.linkToTargetMethod(java.lang.Object, java.lang.Object, java.lang.Object, int, java.lang.Object)'> (0x000000008b1a5e20) 
thrown [s\src\hotspot\share\interpreter\linkResolver.cpp, line 771]
Event: 32.801 Thread 0x000001985cff8640 Implicit null exception at 0x0000019847b54311 to 0x0000019847b54478
Event: 33.497 Thread 0x000001985cff8640 Exception <a 'java/lang/NoSuchMethodError'{0x0000000090ba3648}: 'java.lang.Object java.lang.invoke.DirectMethodHandle$Holder.newInvokeSpecial(java.lang.Object, java.lang.Object, java.lang.Object, int, int, java.lang.Object, java.lang.Object)'> (0x0000000090ba3648) 
thrown [s\src\hotspot\share\interpreter\linkResolver.cpp, line 771]
Event: 33.617 Thread 0x000001985cff8640 Implicit null exception at 0x0000019848001426 to 0x0000019848001938

VM Operations (20 events):
Event: 31.211 Executing VM operation: HandshakeAllThreads
Event: 31.211 Executing VM operation: HandshakeAllThreads done
Event: 31.642 Executing VM operation: G1CollectForAllocation
Event: 31.661 Executing VM operation: G1CollectForAllocation done
Event: 31.701 Executing VM operation: G1CollectForAllocation
Event: 31.707 Executing VM operation: G1CollectForAllocation done
Event: 32.350 Executing VM operation: ICBufferFull
Event: 32.350 Executing VM operation: ICBufferFull done
Event: 32.807 Executing VM operation: ICBufferFull
Event: 32.807 Executing VM operation: ICBufferFull done
Event: 33.061 Executing VM operation: HandshakeAllThreads
Event: 33.061 Executing VM operation: HandshakeAllThreads done
Event: 33.194 Executing VM operation: G1CollectForAllocation
Event: 33.210 Executing VM operation: G1CollectForAllocation done
Event: 33.291 Executing VM operation: G1PauseRemark
Event: 33.298 Executing VM operation: G1PauseRemark done
Event: 33.331 Executing VM operation: G1PauseCleanup
Event: 33.331 Executing VM operation: G1PauseCleanup done
Event: 33.721 Executing VM operation: HandshakeAllThreads
Event: 33.721 Executing VM operation: HandshakeAllThreads done

Events (20 events):
Event: 28.298 loading class java/nio/channels/NonWritableChannelException done
Event: 30.314 Thread 0x0000019857336f30 flushing nmethod 0x0000019840203190
Event: 30.444 loading class java/util/ArrayList$ListItr
Event: 30.444 loading class java/util/ArrayList$ListItr done
Event: 30.811 loading class java/text/StringCharacterIterator
Event: 30.811 loading class java/text/CharacterIterator
Event: 30.812 loading class java/text/CharacterIterator done
Event: 30.812 loading class java/text/StringCharacterIterator done
Event: 30.872 loading class java/io/NotSerializableException
Event: 30.872 loading class java/io/NotSerializableException done
Event: 31.148 loading class java/util/function/IntUnaryOperator
Event: 31.148 loading class java/util/function/IntUnaryOperator done
Event: 31.209 loading class java/util/AbstractList$SubList
Event: 31.210 loading class java/util/AbstractList$SubList done
Event: 31.210 loading class java/util/AbstractList$SubList$1
Event: 31.210 loading class java/util/AbstractList$SubList$1 done
Event: 31.210 loading class java/util/AbstractList$ListItr
Event: 31.210 loading class java/util/AbstractList$ListItr done
Event: 32.430 loading class java/util/AbstractList$RandomAccessSubList
Event: 32.430 loading class java/util/AbstractList$RandomAccessSubList done


Dynamic libraries:
0x00007ff742340000 - 0x00007ff74234a000 	C:\Program Files\Android\Android Studio\jbr\bin\java.exe
0x00007ff833cf0000 - 0x00007ff833f07000 	C:\WINDOWS\SYSTEM32\ntdll.dll
0x00007ff832900000 - 0x00007ff8329c4000 	C:\WINDOWS\System32\KERNEL32.DLL
0x00007ff831330000 - 0x00007ff8316dd000 	C:\WINDOWS\System32\KERNELBASE.dll
0x00007ff831190000 - 0x00007ff8312a1000 	C:\WINDOWS\System32\ucrtbase.dll
0x00007ff829440000 - 0x00007ff82945b000 	C:\Program Files\Android\Android Studio\jbr\bin\VCRUNTIME140.dll
0x00007ffffd250000 - 0x00007ffffd267000 	C:\Program Files\Android\Android Studio\jbr\bin\jli.dll
0x00007ff8329d0000 - 0x00007ff832b7e000 	C:\WINDOWS\System32\USER32.dll
0x00007ff831940000 - 0x00007ff831966000 	C:\WINDOWS\System32\win32u.dll
0x00007ff832b80000 - 0x00007ff832ba9000 	C:\WINDOWS\System32\GDI32.dll
0x00007ff81a450000 - 0x00007ff81a6e3000 	C:\WINDOWS\WinSxS\amd64_microsoft.windows.common-controls_6595b64144ccf1df_6.0.22621.3672_none_2713b9d173822955\COMCTL32.dll
0x00007ff831710000 - 0x00007ff831829000 	C:\WINDOWS\System32\gdi32full.dll
0x00007ff833b40000 - 0x00007ff833be7000 	C:\WINDOWS\System32\msvcrt.dll
0x00007ff8318a0000 - 0x00007ff83193a000 	C:\WINDOWS\System32\msvcp_win.dll
0x00007ff833bf0000 - 0x00007ff833c21000 	C:\WINDOWS\System32\IMM32.DLL
0x00007ff82b860000 - 0x00007ff82b86c000 	C:\Program Files\Android\Android Studio\jbr\bin\vcruntime140_1.dll
0x00007ff810220000 - 0x00007ff8102ad000 	C:\Program Files\Android\Android Studio\jbr\bin\msvcp140.dll
0x00007fff75020000 - 0x00007fff75ca3000 	C:\Program Files\Android\Android Studio\jbr\bin\server\jvm.dll
0x00007ff833430000 - 0x00007ff8334e2000 	C:\WINDOWS\System32\ADVAPI32.dll
0x00007ff8336a0000 - 0x00007ff833749000 	C:\WINDOWS\System32\sechost.dll
0x00007ff8316e0000 - 0x00007ff831708000 	C:\WINDOWS\System32\bcrypt.dll
0x00007ff832770000 - 0x00007ff832884000 	C:\WINDOWS\System32\RPCRT4.dll
0x00007ff8262b0000 - 0x00007ff8262ba000 	C:\WINDOWS\SYSTEM32\VERSION.dll
0x00007ff82b710000 - 0x00007ff82b744000 	C:\WINDOWS\SYSTEM32\WINMM.dll
0x00007ff815540000 - 0x00007ff815549000 	C:\WINDOWS\SYSTEM32\WSOCK32.dll
0x00007ff830d30000 - 0x00007ff830d7d000 	C:\WINDOWS\SYSTEM32\POWRPROF.dll
0x00007ff833c30000 - 0x00007ff833ca1000 	C:\WINDOWS\System32\WS2_32.dll
0x00007ff830d10000 - 0x00007ff830d23000 	C:\WINDOWS\SYSTEM32\UMPDC.dll
0x00007ff830050000 - 0x00007ff830068000 	C:\WINDOWS\SYSTEM32\kernel.appcore.dll
0x00007ff82b010000 - 0x00007ff82b01a000 	C:\Program Files\Android\Android Studio\jbr\bin\jimage.dll
0x00007ff8285f0000 - 0x00007ff828822000 	C:\WINDOWS\SYSTEM32\DBGHELP.DLL
0x00007ff832190000 - 0x00007ff832518000 	C:\WINDOWS\System32\combase.dll
0x00007ff833970000 - 0x00007ff833a47000 	C:\WINDOWS\System32\OLEAUT32.dll
0x00007ff8130e0000 - 0x00007ff813112000 	C:\WINDOWS\SYSTEM32\dbgcore.DLL
0x00007ff8312b0000 - 0x00007ff83132b000 	C:\WINDOWS\System32\bcryptPrimitives.dll
0x00007ff826ce0000 - 0x00007ff826d05000 	C:\Program Files\Android\Android Studio\jbr\bin\java.dll
0x00007ff801870000 - 0x00007ff801888000 	C:\Program Files\Android\Android Studio\jbr\bin\zip.dll
0x00007ff832bd0000 - 0x00007ff83342f000 	C:\WINDOWS\System32\SHELL32.dll
0x00007ff82ef70000 - 0x00007ff82f86c000 	C:\WINDOWS\SYSTEM32\windows.storage.dll
0x00007ff82ee30000 - 0x00007ff82ef6f000 	C:\WINDOWS\SYSTEM32\wintypes.dll
0x00007ff832670000 - 0x00007ff832764000 	C:\WINDOWS\System32\SHCORE.dll
0x00007ff831fc0000 - 0x00007ff83201e000 	C:\WINDOWS\System32\shlwapi.dll
0x00007ff830f50000 - 0x00007ff830f71000 	C:\WINDOWS\SYSTEM32\profapi.dll
0x00007ffffe4e0000 - 0x00007ffffe4f9000 	C:\Program Files\Android\Android Studio\jbr\bin\net.dll
0x00007ff82cc00000 - 0x00007ff82cd36000 	C:\WINDOWS\SYSTEM32\WINHTTP.dll
0x00007ff8304c0000 - 0x00007ff830529000 	C:\WINDOWS\system32\mswsock.dll
0x00007ffffd7c0000 - 0x00007ffffd7d6000 	C:\Program Files\Android\Android Studio\jbr\bin\nio.dll
0x00007ff827a30000 - 0x00007ff827a40000 	C:\Program Files\Android\Android Studio\jbr\bin\verify.dll
0x00007ff812d40000 - 0x00007ff812d67000 	C:\Users\23480\.gradle\native\68d5fa5c4cc2d200863cafc0d521ce42e7d3e7ee720ec0a83991735586a16f82\windows-amd64\native-platform.dll
0x00007ffff89e0000 - 0x00007ffff8b24000 	C:\Users\23480\.gradle\native\e376f236ea51e6404a007f0833ffe2c6e607c4080706a723a18a27aeea778392\windows-amd64\native-platform-file-events.dll
0x00007ff82b280000 - 0x00007ff82b289000 	C:\Program Files\Android\Android Studio\jbr\bin\management.dll
0x00007ff82b270000 - 0x00007ff82b27b000 	C:\Program Files\Android\Android Studio\jbr\bin\management_ext.dll
0x00007ff8325e0000 - 0x00007ff8325e8000 	C:\WINDOWS\System32\PSAPI.DLL
0x00007ff830720000 - 0x00007ff83073b000 	C:\WINDOWS\SYSTEM32\CRYPTSP.dll
0x00007ff82ffb0000 - 0x00007ff82ffe5000 	C:\WINDOWS\system32\rsaenh.dll
0x00007ff8305c0000 - 0x00007ff8305e8000 	C:\WINDOWS\SYSTEM32\USERENV.dll
0x00007ff830740000 - 0x00007ff83074c000 	C:\WINDOWS\SYSTEM32\CRYPTBASE.dll
0x00007ff82fad0000 - 0x00007ff82fafd000 	C:\WINDOWS\SYSTEM32\IPHLPAPI.DLL
0x00007ff8325d0000 - 0x00007ff8325d9000 	C:\WINDOWS\System32\NSI.dll
0x00007ff82cd40000 - 0x00007ff82cd59000 	C:\WINDOWS\SYSTEM32\dhcpcsvc6.DLL
0x00007ff82cbc0000 - 0x00007ff82cbdf000 	C:\WINDOWS\SYSTEM32\dhcpcsvc.DLL
0x00007ff82fb00000 - 0x00007ff82fbf8000 	C:\WINDOWS\SYSTEM32\DNSAPI.dll
0x00007ff82b290000 - 0x00007ff82b299000 	C:\Program Files\Android\Android Studio\jbr\bin\extnet.dll
0x00007fffb2d20000 - 0x00007fffb2d28000 	C:\WINDOWS\system32\wshunix.dll

dbghelp: loaded successfully - version: 4.0.5 - missing functions: none
symbol engine: initialized successfully - sym options: 0x614 - pdb path: .;C:\Program Files\Android\Android Studio\jbr\bin;C:\WINDOWS\SYSTEM32;C:\WINDOWS\WinSxS\amd64_microsoft.windows.common-controls_6595b64144ccf1df_6.0.22621.3672_none_2713b9d173822955;C:\Program Files\Android\Android Studio\jbr\bin\server;C:\Users\23480\.gradle\native\68d5fa5c4cc2d200863cafc0d521ce42e7d3e7ee720ec0a83991735586a16f82\windows-amd64;C:\Users\23480\.gradle\native\e376f236ea51e6404a007f0833ffe2c6e607c4080706a723a18a27aeea778392\windows-amd64

VM Arguments:
jvm_args: --add-opens=java.base/java.util=ALL-UNNAMED --add-opens=java.base/java.lang=ALL-UNNAMED --add-opens=java.base/java.lang.invoke=ALL-UNNAMED --add-opens=java.prefs/java.util.prefs=ALL-UNNAMED --add-opens=java.base/java.nio.charset=ALL-UNNAMED --add-opens=java.base/java.net=ALL-UNNAMED --add-opens=java.base/java.util.concurrent.atomic=ALL-UNNAMED -Xmx2048m -Dfile.encoding=UTF-8 -Duser.country=US -Duser.language=en -Duser.variant 
java_command: org.gradle.launcher.daemon.bootstrap.GradleDaemon 8.0
java_class_path (initial): C:\Users\23480\.gradle\wrapper\dists\gradle-8.0-bin\ca5e32bp14vu59qr306oxotwh\gradle-8.0\lib\gradle-launcher-8.0.jar
Launcher Type: SUN_STANDARD

[Global flags]
     intx CICompilerCount                          = 4                                         {product} {ergonomic}
     uint ConcGCThreads                            = 2                                         {product} {ergonomic}
     uint G1ConcRefinementThreads                  = 8                                         {product} {ergonomic}
   size_t G1HeapRegionSize                         = 1048576                                   {product} {ergonomic}
    uintx GCDrainStackTargetSize                   = 64                                        {product} {ergonomic}
   size_t InitialHeapSize                          = 123731968                                 {product} {ergonomic}
   size_t MarkStackSize                            = 4194304                                   {product} {ergonomic}
   size_t MaxHeapSize                              = 2147483648                                {product} {command line}
   size_t MaxNewSize                               = 1287651328                                {product} {ergonomic}
   size_t MinHeapDeltaBytes                        = 1048576                                   {product} {ergonomic}
   size_t MinHeapSize                              = 8388608                                   {product} {ergonomic}
    uintx NonNMethodCodeHeapSize                   = 5839372                                {pd product} {ergonomic}
    uintx NonProfiledCodeHeapSize                  = 122909434                              {pd product} {ergonomic}
    uintx ProfiledCodeHeapSize                     = 122909434                              {pd product} {ergonomic}
    uintx ReservedCodeCacheSize                    = 251658240                              {pd product} {ergonomic}
     bool SegmentedCodeCache                       = true                                      {product} {ergonomic}
   size_t SoftMaxHeapSize                          = 2147483648                             {manageable} {ergonomic}
     bool UseCompressedClassPointers               = true                           {product lp64_product} {ergonomic}
     bool UseCompressedOops                        = true                           {product lp64_product} {ergonomic}
     bool UseG1GC                                  = true                                      {product} {ergonomic}
     bool UseLargePagesIndividualAllocation        = false                                  {pd product} {ergonomic}

Logging:
Log output configuration:
 #0: stdout all=warning uptime,level,tags
 #1: stderr all=off uptime,level,tags

Environment Variables:
PATH=C:\WINDOWS\system32;C:\WINDOWS;C:\WINDOWS\System32\Wbem;C:\WINDOWS\System32\WindowsPowerShell\v1.0\;C:\WINDOWS\System32\OpenSSH\;C:\Program Files\nodejs\;C:\Program Files\HP\HP One Agent;C:\Program Files\Git\cmd;C:\Users\23480\AppData\Local\Programs\Python\Python311\Scripts\;C:\Users\23480\AppData\Local\Programs\Python\Python311\;C:\Users\23480\AppData\Local\Microsoft\WindowsApps;C:\Users\23480\AppData\Local\atom\bin;C:\Users\23480\AppData\Local\Programs\Microsoft VS Code\bin;C:\Users\23480\AppData\Local\Microsoft\WindowsApps;;C:\Program Files\JetBrains\IntelliJ IDEA Community Edition 2023.2.1\bin;;C:\Users\23480\AppData\Roaming\npm
USERNAME=23480
OS=Windows_NT
PROCESSOR_IDENTIFIER=AMD64 Family 23 Model 104 Stepping 1, AuthenticAMD
TMP=C:\Users\23480\AppData\Local\Temp
TEMP=C:\Users\23480\AppData\Local\Temp



Periodic native trim disabled

JNI global refs:
JNI global refs: 26, weak refs: 19

JNI global refs memory usage: 843, weak refs: 841

OOME stack traces (most recent first):
Classloader memory used:
Loader org.gradle.internal.classloader.VisitableURLClassLoader                         : 8732K
Loader bootstrap                                                                       : 2558K
Loader org.gradle.initialization.MixInLegacyTypesClassLoader                           : 669K
Loader org.gradle.internal.classloader.VisitableURLClassLoader                         : 151K
Loader jdk.internal.loader.ClassLoaders$PlatformClassLoader                            : 65585B
Loader jdk.internal.jrtfs.JrtFileSystemProvider$JrtFsLoader                            : 42430B
Loader jdk.internal.reflect.DelegatingClassLoader                                      : 26357B
Loader jdk.internal.loader.ClassLoaders$AppClassLoader                                 : 26058B
Loader org.gradle.groovy.scripts.internal.DefaultScriptCompilationHandler$ScriptClassLoader: 9692B
Loader org.codehaus.groovy.runtime.callsite.CallSiteClassLoader                        : 5965B

Classes loaded by more than one classloader:
Class org.gradle.api.GradleException                                                  : loaded 3 times (x 80B)
Class org.gradle.util.GradleVersion                                                   : loaded 2 times (x 81B)
Class org.jetbrains.plugins.gradle.model.MavenRepositoryModel                         : loaded 2 times (x 68B)
Class org.gradle.internal.classpath.ClassPath                                         : loaded 2 times (x 68B)
Class org.gradle.api.internal.classpath.DefaultModuleRegistry                         : loaded 2 times (x 84B)
Class jdk.internal.jimage.BasicImageReader$1                                          : loaded 2 times (x 75B)
Class org.gradle.api.Action                                                           : loaded 2 times (x 68B)
Class jdk.internal.jimage.ImageBufferCache$1                                          : loaded 2 times (x 78B)
Class jdk.internal.jimage.ImageBufferCache$2                                          : loaded 2 times (x 89B)
Class org.gradle.api.internal.DefaultClassPathProvider                                : loaded 2 times (x 74B)
Class org.gradle.internal.installation.GradleInstallation$1                           : loaded 2 times (x 73B)
Class jdk.internal.jrtfs.SystemImage$1                                                : loaded 2 times (x 76B)
Class jdk.internal.jrtfs.SystemImage$2                                                : loaded 2 times (x 74B)
Class org.gradle.internal.exceptions.DefaultMultiCauseException                       : loaded 2 times (x 93B)
Class org.gradle.internal.time.MonotonicClock                                         : loaded 2 times (x 75B)
Class org.gradle.internal.classloader.FilteringClassLoader                            : loaded 2 times (x 103B)
Class jdk.internal.jimage.ImageReader$Resource                                        : loaded 2 times (x 82B)
Class jdk.internal.jrtfs.SystemImage                                                  : loaded 2 times (x 72B)
Class org.gradle.internal.classpath.DefaultClassPath$ImmutableUniqueList$Builder      : loaded 2 times (x 73B)
Class jdk.internal.jrtfs.JrtDirectoryStream$1                                         : loaded 2 times (x 81B)
Class org.gradle.internal.classloader.ClassLoaderVisitor                              : loaded 2 times (x 74B)
Class org.gradle.internal.time.DefaultCountdownTimer                                  : loaded 2 times (x 86B)
Class org.gradle.internal.service.DefaultServiceLocator                               : loaded 2 times (x 81B)
Class org.gradle.internal.service.UnknownServiceException                             : loaded 2 times (x 81B)
Class org.gradle.internal.classloader.DefaultClassLoaderFactory                       : loaded 2 times (x 80B)
Class jdk.internal.jimage.ImageReader$SharedImageReader                               : loaded 2 times (x 93B)
Class jdk.internal.jimage.decompressor.ZipDecompressorFactory                         : loaded 2 times (x 72B)
Class org.gradle.internal.classloader.VisitableURLClassLoader$Spec                    : loaded 2 times (x 72B)
Class org.gradle.tooling.model.ProjectModel                                           : loaded 2 times (x 68B)
Class org.gradle.internal.installation.GradleInstallation                             : loaded 2 times (x 73B)
Class org.gradle.api.internal.classpath.ModuleRegistry                                : loaded 2 times (x 68B)
Class org.jetbrains.plugins.gradle.model.RepositoriesModel                            : loaded 2 times (x 68B)
Class kotlin.jvm.internal.markers.KMappedMarker                                       : loaded 2 times (x 68B)
Class org.gradle.api.internal.ClassPathProvider                                       : loaded 2 times (x 68B)
Class org.gradle.internal.classloader.ClasspathUtil$1                                 : loaded 2 times (x 74B)
Class org.gradle.internal.classloader.ClassLoaderFactory                              : loaded 2 times (x 68B)
Class jdk.internal.jimage.ImageHeader                                                 : loaded 2 times (x 69B)
Class org.gradle.api.internal.classpath.ManifestUtil                                  : loaded 2 times (x 69B)
Class org.gradle.api.specs.Spec                                                       : loaded 2 times (x 68B)
Class org.gradle.internal.IoActions                                                   : loaded 2 times (x 69B)
Class jdk.internal.jimage.decompressor.StringSharingDecompressorFactory               : loaded 2 times (x 72B)
Class org.gradle.api.internal.classpath.EffectiveClassPath                            : loaded 2 times (x 88B)
Class kotlin.jvm.internal.DefaultConstructorMarker                                    : loaded 2 times (x 69B)
Class org.gradle.internal.installation.CurrentGradleInstallation                      : loaded 2 times (x 71B)
Class org.gradle.internal.installation.CurrentGradleInstallationLocator               : loaded 2 times (x 69B)
Class org.gradle.api.internal.classpath.Module                                        : loaded 2 times (x 68B)
Class org.gradle.internal.service.CachingServiceLocator                               : loaded 2 times (x 80B)
Class org.gradle.internal.time.Timer                                                  : loaded 2 times (x 68B)
Class sync_studio_tooling_4n29ve55sx2yvmkcs7h9fkjtb                                   : loaded 2 times (x 177B)
Class org.gradle.internal.classpath.DefaultClassPath                                  : loaded 2 times (x 88B)
Class jdk.internal.jimage.BasicImageReader                                            : loaded 2 times (x 93B)
Class jdk.internal.jimage.ImageLocation                                               : loaded 2 times (x 88B)
Class kotlin.jvm.functions.Function1                                                  : loaded 2 times (x 68B)
Class jdk.internal.jimage.ImageReader$Node                                            : loaded 2 times (x 82B)
Class org.gradle.internal.time.Time                                                   : loaded 2 times (x 69B)
Class jdk.internal.jimage.decompressor.CompressedResourceHeader                       : loaded 2 times (x 69B)
Class org.gradle.internal.time.TimeSource$1                                           : loaded 2 times (x 75B)
Class jdk.internal.jrtfs.JrtPath                                                      : loaded 2 times (x 116B)
Class jdk.internal.jimage.ImageStrings                                                : loaded 2 times (x 68B)
Class jdk.internal.jrtfs.JrtFileAttributes                                            : loaded 2 times (x 81B)
Class org.gradle.internal.classloader.SystemClassLoaderSpec                           : loaded 2 times (x 69B)
Class jdk.internal.jimage.decompressor.ResourceDecompressorRepository                 : loaded 2 times (x 69B)
Class kotlin.Function                                                                 : loaded 2 times (x 68B)
Class org.gradle.api.UncheckedIOException                                             : loaded 2 times (x 80B)
Class jdk.internal.jimage.decompressor.ResourceDecompressor$StringsProvider           : loaded 2 times (x 68B)
Class jdk.internal.jimage.decompressor.Decompressor                                   : loaded 2 times (x 70B)
Class jdk.internal.jrtfs.JrtFileSystem                                                : loaded 2 times (x 100B)
Class jdk.internal.jrtfs.JrtFileSystemProvider                                        : loaded 2 times (x 97B)
Class org.gradle.internal.time.CountdownTimer                                         : loaded 2 times (x 68B)
Class org.gradle.internal.time.Clock                                                  : loaded 2 times (x 68B)
Class org.gradle.internal.classloader.ClasspathUtil                                   : loaded 2 times (x 69B)
Class jdk.internal.jrtfs.JrtDirectoryStream                                           : loaded 2 times (x 87B)
Class jdk.internal.jimage.decompressor.ResourceDecompressor                           : loaded 2 times (x 68B)
Class org.gradle.api.internal.DefaultClassPathRegistry                                : loaded 2 times (x 74B)
Class org.gradle.api.internal.classpath.DefaultModuleRegistry$DefaultModule           : loaded 2 times (x 84B)
Class org.gradle.internal.time.TimeSource                                             : loaded 2 times (x 68B)
Class sync_studio_tooling_4n29ve55sx2yvmkcs7h9fkjtb$_run_closure1                     : loaded 2 times (x 134B)
Class org.gradle.api.internal.classpath.UnknownModuleException                        : loaded 2 times (x 80B)
Class org.gradle.internal.service.ServiceLookupException                              : loaded 2 times (x 80B)
Class jdk.internal.jimage.ImageStringsReader                                          : loaded 2 times (x 78B)
Class org.gradle.cache.GlobalCache                                                    : loaded 2 times (x 68B)
Class jdk.internal.jimage.decompressor.ResourceDecompressorFactory                    : loaded 2 times (x 72B)
Class [Lorg.gradle.api.internal.ClassPathProvider;                                    : loaded 2 times (x 67B)
Class jdk.internal.jimage.ImageReader$SharedImageReader$LocationVisitor               : loaded 2 times (x 68B)
Class org.gradle.internal.operations.MultipleBuildOperationFailures                   : loaded 2 times (x 93B)
Class org.gradle.util.internal.GUtil                                                  : loaded 2 times (x 69B)
Class jdk.internal.jimage.decompressor.ZipDecompressor                                : loaded 2 times (x 73B)
Class org.gradle.internal.classloader.ClassLoaderSpec                                 : loaded 2 times (x 69B)
Class ijInit1_7hjbmxr7g71jnfwomne6jl5ud                                               : loaded 2 times (x 177B)
Class org.gradle.internal.classloader.VisitableURLClassLoader                         : loaded 2 times (x 115B)
Class org.gradle.internal.Cast                                                        : loaded 2 times (x 69B)
Class org.gradle.api.internal.ClassPathRegistry                                       : loaded 2 times (x 68B)
Class org.gradle.internal.classloader.ClassLoaderHierarchy                            : loaded 2 times (x 68B)
Class org.gradle.internal.exceptions.MultiCauseException                              : loaded 2 times (x 68B)
Class jdk.internal.jimage.ImageReader                                                 : loaded 2 times (x 73B)
Class org.gradle.internal.InternalTransformer                                         : loaded 2 times (x 68B)
Class org.gradle.internal.service.ServiceLocator                                      : loaded 2 times (x 68B)
Class org.gradle.internal.classpath.DefaultClassPath$ImmutableUniqueList              : loaded 2 times (x 159B)
Class jdk.internal.jimage.ImageBufferCache                                            : loaded 2 times (x 69B)
Class org.gradle.internal.time.DefaultTimer                                           : loaded 2 times (x 78B)
Class jdk.internal.jimage.ImageReader$Directory                                       : loaded 2 times (x 82B)


---------------  S Y S T E M  ---------------

OS:
 Windows 11 , 64 bit Build 22621 (10.0.22621.3672)
OS uptime: 0 days 3:17 hours

CPU: total 8 (initial active 8) (8 cores per cpu, 2 threads per core) family 23 model 104 stepping 1 microcode 0x0, cx8, cmov, fxsr, ht, mmx, 3dnowpref, sse, sse2, sse3, ssse3, sse4a, sse4.1, sse4.2, popcnt, lzcnt, tsc, tscinvbit, avx, avx2, aes, clmul, bmi1, bmi2, adx, sha, fma, vzeroupper, clflush, clflushopt
Processor Information for processor 0
  Max Mhz: 2600, Current Mhz: 1896, Mhz Limit: 2600
Processor Information for processor 1
  Max Mhz: 2600, Current Mhz: 1789, Mhz Limit: 2600
Processor Information for processor 2
  Max Mhz: 2600, Current Mhz: 1896, Mhz Limit: 2600
Processor Information for processor 3
  Max Mhz: 2600, Current Mhz: 1789, Mhz Limit: 2600
Processor Information for processor 4
  Max Mhz: 2600, Current Mhz: 1896, Mhz Limit: 2600
Processor Information for processor 5
  Max Mhz: 2600, Current Mhz: 1789, Mhz Limit: 2600
Processor Information for processor 6
  Max Mhz: 2600, Current Mhz: 1789, Mhz Limit: 2600
Processor Information for processor 7
  Max Mhz: 2600, Current Mhz: 1789, Mhz Limit: 2600

Memory: 4k page, system-wide physical 7502M (341M free)
TotalPageFile size 11571M (AvailPageFile size 5M)
current process WorkingSet (physical memory assigned to process): 471M, peak: 502M
current process commit charge ("private bytes"): 567M, peak: 570M

vm_info: OpenJDK 64-Bit Server VM (17.0.10+0--11609105) for windows-amd64 JRE (17.0.10+0--11609105), built on Mar 21 2024 19:10:56 by "androidbuild" with MS VC++ 16.10 / 16.11 (VS2019)

END.
